[info] [2021-12-27T01:17:46.496Z] : Service start.
[warn] [2021-12-27T01:17:46.502Z] : Service start warn.
[error] [2021-12-27T01:17:46.504Z] : Service start error.
[info] [2021-12-27T01:17:46.565Z] : Initializing smap...
[info] [2021-12-27T01:17:47.561Z] : Check new transport orders periodically...
[info] [2021-12-27T01:17:47.563Z] : Check the transport order to dispatchable: 
[info] [2021-12-27T06:40:51.031Z] : Service start.
[warn] [2021-12-27T06:40:51.037Z] : Service start warn.
[error] [2021-12-27T06:40:51.038Z] : Service start error.
[info] [2021-12-27T06:40:51.137Z] : Initializing smap...
[info] [2021-12-27T06:40:52.130Z] : Check new transport orders periodically...
[info] [2021-12-27T06:40:52.132Z] : Check the transport order to dispatchable: 
[info] [2021-12-27T07:10:16.375Z] : Service start.
[warn] [2021-12-27T07:10:16.381Z] : Service start warn.
[error] [2021-12-27T07:10:16.382Z] : Service start error.
[info] [2021-12-27T07:10:16.427Z] : Initializing smap...
[info] [2021-12-27T07:10:17.430Z] : Check new transport orders periodically...
[info] [2021-12-27T07:10:17.432Z] : Check the transport order to dispatchable: 
[info] [2021-12-27T07:11:38.952Z] : Service start.
[warn] [2021-12-27T07:11:38.957Z] : Service start warn.
[error] [2021-12-27T07:11:38.958Z] : Service start error.
[info] [2021-12-27T07:11:39.049Z] : Initializing smap...
[info] [2021-12-27T07:11:40.035Z] : Check new transport orders periodically...
[info] [2021-12-27T07:11:40.037Z] : Check the transport order to dispatchable: 
[info] [2021-12-27T07:14:04.098Z] : Service start.
[warn] [2021-12-27T07:14:04.102Z] : Service start warn.
[error] [2021-12-27T07:14:04.103Z] : Service start error.
[info] [2021-12-27T07:14:04.153Z] : Initializing smap...
[info] [2021-12-27T07:14:05.153Z] : Check new transport orders periodically...
[info] [2021-12-27T07:14:05.155Z] : Check the transport order to dispatchable: 
[info] [2021-12-27T08:28:53.167Z] : Service start.
[warn] [2021-12-27T08:28:53.172Z] : Service start warn.
[error] [2021-12-27T08:28:53.173Z] : Service start error.
[info] [2021-12-27T08:28:53.217Z] : Initializing smap...
[info] [2021-12-27T08:28:54.214Z] : Check new transport orders periodically...
[info] [2021-12-27T08:28:54.215Z] : Check the transport order to dispatchable: 
