[info] [2022-01-11T05:16:40.681Z] : Service start.
[warn] [2022-01-11T05:16:40.684Z] : Service start warn.
[error] [2022-01-11T05:16:40.684Z] : Service start error.
[info] [2022-01-11T05:16:40.719Z] : Initializing smap...
[info] [2022-01-11T05:16:40.865Z] : TCP connecting...
[info] [2022-01-11T05:16:41.037Z] : TCP connecting...
[info] [2022-01-11T05:16:41.726Z] : Check new transport orders periodically...
[info] [2022-01-11T05:16:41.728Z] : Check the transport order to dispatchable: 
[info] [2022-01-11T05:21:36.494Z] : Service start.
[warn] [2022-01-11T05:21:36.499Z] : Service start warn.
[error] [2022-01-11T05:21:36.500Z] : Service start error.
[info] [2022-01-11T05:21:36.606Z] : Initializing smap...
[info] [2022-01-11T05:21:36.928Z] : TCP connecting...
[info] [2022-01-11T05:21:37.072Z] : TCP connecting...
[info] [2022-01-11T05:21:37.577Z] : Check new transport orders periodically...
[info] [2022-01-11T05:21:37.579Z] : Check the transport order to dispatchable: 
[info] [2022-01-11T05:49:56.122Z] : TCP disconnecting...
[info] [2022-01-11T05:49:56.129Z] : TCP disconnecting...
[info] [2022-01-11T05:58:06.045Z] : TCP connecting...
[info] [2022-01-11T05:58:06.059Z] : TCP connecting...
