::1 - - [14/Jan/2022:00:57:15 +0000] "GET /loginPage HTTP/1.1" 200 714 "-" "Mozilla/5.0 (Windows NT 10.0; Win64; x64) AppleWebKit/537.36 (KHTML, like Gecko) Chrome/97.0.4692.71 Safari/537.36 Edg/97.0.1072.55"

::1 - - [14/Jan/2022:00:57:16 +0000] "GET /css/app.59c94d79.css HTTP/1.1" 304 - "http://localhost:30001/loginPage" "Mozilla/5.0 (Windows NT 10.0; Win64; x64) AppleWebKit/537.36 (KHTML, like Gecko) Chrome/97.0.4692.71 Safari/537.36 Edg/97.0.1072.55"

::1 - - [14/Jan/2022:00:57:16 +0000] "GET /css/chunk-vendors.37b3d8f8.css HTTP/1.1" 304 - "http://localhost:30001/loginPage" "Mozilla/5.0 (Windows NT 10.0; Win64; x64) AppleWebKit/537.36 (KHTML, like Gecko) Chrome/97.0.4692.71 Safari/537.36 Edg/97.0.1072.55"

::1 - - [14/Jan/2022:00:57:16 +0000] "GET /js/app.7b90fbab.js HTTP/1.1" 304 - "http://localhost:30001/loginPage" "Mozilla/5.0 (Windows NT 10.0; Win64; x64) AppleWebKit/537.36 (KHTML, like Gecko) Chrome/97.0.4692.71 Safari/537.36 Edg/97.0.1072.55"

::1 - - [14/Jan/2022:00:57:16 +0000] "GET /js/chunk-vendors.2b493695.js HTTP/1.1" 304 - "http://localhost:30001/loginPage" "Mozilla/5.0 (Windows NT 10.0; Win64; x64) AppleWebKit/537.36 (KHTML, like Gecko) Chrome/97.0.4692.71 Safari/537.36 Edg/97.0.1072.55"

::1 - - [14/Jan/2022:00:57:17 +0000] "GET /favicon.ico HTTP/1.1" 302 32 "http://localhost:30001/loginPage" "Mozilla/5.0 (Windows NT 10.0; Win64; x64) AppleWebKit/537.36 (KHTML, like Gecko) Chrome/97.0.4692.71 Safari/537.36 Edg/97.0.1072.55"

::1 - - [14/Jan/2022:00:57:17 +0000] "GET /loginPage HTTP/1.1" 404 34 "http://localhost:30001/loginPage" "Mozilla/5.0 (Windows NT 10.0; Win64; x64) AppleWebKit/537.36 (KHTML, like Gecko) Chrome/97.0.4692.71 Safari/537.36 Edg/97.0.1072.55"

::1 - - [14/Jan/2022:00:57:18 +0000] "GET /fonts/element-icons.535877f5.woff HTTP/1.1" 304 - "http://localhost:30001/css/chunk-vendors.37b3d8f8.css" "Mozilla/5.0 (Windows NT 10.0; Win64; x64) AppleWebKit/537.36 (KHTML, like Gecko) Chrome/97.0.4692.71 Safari/537.36 Edg/97.0.1072.55"

::1 - - [14/Jan/2022:00:57:18 +0000] "POST /api/route/users/login HTTP/1.1" 200 35 "http://localhost:30001/loginPage" "Mozilla/5.0 (Windows NT 10.0; Win64; x64) AppleWebKit/537.36 (KHTML, like Gecko) Chrome/97.0.4692.71 Safari/537.36 Edg/97.0.1072.55"

::1 - - [14/Jan/2022:00:57:18 +0000] "GET /api/route/vehicles HTTP/1.1" 200 860 "http://localhost:30001/vehicles" "Mozilla/5.0 (Windows NT 10.0; Win64; x64) AppleWebKit/537.36 (KHTML, like Gecko) Chrome/97.0.4692.71 Safari/537.36 Edg/97.0.1072.55"

::1 - - [14/Jan/2022:00:57:20 +0000] "GET /api/route/vehicles HTTP/1.1" 304 - "http://localhost:30001/vehicles" "Mozilla/5.0 (Windows NT 10.0; Win64; x64) AppleWebKit/537.36 (KHTML, like Gecko) Chrome/97.0.4692.71 Safari/537.36 Edg/97.0.1072.55"

::1 - - [14/Jan/2022:00:57:23 +0000] "GET /api/route/vehicles HTTP/1.1" 304 - "http://localhost:30001/vehicles" "Mozilla/5.0 (Windows NT 10.0; Win64; x64) AppleWebKit/537.36 (KHTML, like Gecko) Chrome/97.0.4692.71 Safari/537.36 Edg/97.0.1072.55"

::1 - - [14/Jan/2022:00:57:26 +0000] "GET /api/route/vehicles HTTP/1.1" 304 - "http://localhost:30001/vehicles" "Mozilla/5.0 (Windows NT 10.0; Win64; x64) AppleWebKit/537.36 (KHTML, like Gecko) Chrome/97.0.4692.71 Safari/537.36 Edg/97.0.1072.55"

::1 - - [14/Jan/2022:00:57:29 +0000] "GET /api/route/vehicles HTTP/1.1" 304 - "http://localhost:30001/vehicles" "Mozilla/5.0 (Windows NT 10.0; Win64; x64) AppleWebKit/537.36 (KHTML, like Gecko) Chrome/97.0.4692.71 Safari/537.36 Edg/97.0.1072.55"

::1 - - [14/Jan/2022:00:57:32 +0000] "GET /api/route/vehicles HTTP/1.1" 304 - "http://localhost:30001/vehicles" "Mozilla/5.0 (Windows NT 10.0; Win64; x64) AppleWebKit/537.36 (KHTML, like Gecko) Chrome/97.0.4692.71 Safari/537.36 Edg/97.0.1072.55"

::1 - - [14/Jan/2022:00:57:35 +0000] "GET /api/route/vehicles HTTP/1.1" 304 - "http://localhost:30001/vehicles" "Mozilla/5.0 (Windows NT 10.0; Win64; x64) AppleWebKit/537.36 (KHTML, like Gecko) Chrome/97.0.4692.71 Safari/537.36 Edg/97.0.1072.55"

::1 - - [14/Jan/2022:00:57:38 +0000] "GET /api/route/vehicles HTTP/1.1" 304 - "http://localhost:30001/vehicles" "Mozilla/5.0 (Windows NT 10.0; Win64; x64) AppleWebKit/537.36 (KHTML, like Gecko) Chrome/97.0.4692.71 Safari/537.36 Edg/97.0.1072.55"

::1 - - [14/Jan/2022:00:57:48 +0000] "GET /api/route/vehicles HTTP/1.1" 500 1104 "http://localhost:30001/vehicles" "Mozilla/5.0 (Windows NT 10.0; Win64; x64) AppleWebKit/537.36 (KHTML, like Gecko) Chrome/97.0.4692.71 Safari/537.36 Edg/97.0.1072.55"

::1 - - [14/Jan/2022:00:57:51 +0000] "GET /api/route/vehicles HTTP/1.1" 200 860 "http://localhost:30001/vehicles" "Mozilla/5.0 (Windows NT 10.0; Win64; x64) AppleWebKit/537.36 (KHTML, like Gecko) Chrome/97.0.4692.71 Safari/537.36 Edg/97.0.1072.55"

::1 - - [14/Jan/2022:00:57:53 +0000] "GET /api/route/vehicles HTTP/1.1" 304 - "http://localhost:30001/vehicles" "Mozilla/5.0 (Windows NT 10.0; Win64; x64) AppleWebKit/537.36 (KHTML, like Gecko) Chrome/97.0.4692.71 Safari/537.36 Edg/97.0.1072.55"

::1 - - [14/Jan/2022:00:57:56 +0000] "GET /api/route/vehicles HTTP/1.1" 304 - "http://localhost:30001/vehicles" "Mozilla/5.0 (Windows NT 10.0; Win64; x64) AppleWebKit/537.36 (KHTML, like Gecko) Chrome/97.0.4692.71 Safari/537.36 Edg/97.0.1072.55"

::1 - - [14/Jan/2022:00:57:59 +0000] "GET /api/route/vehicles HTTP/1.1" 304 - "http://localhost:30001/vehicles" "Mozilla/5.0 (Windows NT 10.0; Win64; x64) AppleWebKit/537.36 (KHTML, like Gecko) Chrome/97.0.4692.71 Safari/537.36 Edg/97.0.1072.55"

::1 - - [14/Jan/2022:00:58:02 +0000] "GET /api/route/vehicles HTTP/1.1" 304 - "http://localhost:30001/vehicles" "Mozilla/5.0 (Windows NT 10.0; Win64; x64) AppleWebKit/537.36 (KHTML, like Gecko) Chrome/97.0.4692.71 Safari/537.36 Edg/97.0.1072.55"

::1 - - [14/Jan/2022:00:58:05 +0000] "GET /api/route/vehicles HTTP/1.1" 304 - "http://localhost:30001/vehicles" "Mozilla/5.0 (Windows NT 10.0; Win64; x64) AppleWebKit/537.36 (KHTML, like Gecko) Chrome/97.0.4692.71 Safari/537.36 Edg/97.0.1072.55"

::1 - - [14/Jan/2022:00:58:08 +0000] "GET /api/route/vehicles HTTP/1.1" 304 - "http://localhost:30001/vehicles" "Mozilla/5.0 (Windows NT 10.0; Win64; x64) AppleWebKit/537.36 (KHTML, like Gecko) Chrome/97.0.4692.71 Safari/537.36 Edg/97.0.1072.55"

::1 - - [14/Jan/2022:00:58:11 +0000] "GET /api/route/vehicles HTTP/1.1" 304 - "http://localhost:30001/vehicles" "Mozilla/5.0 (Windows NT 10.0; Win64; x64) AppleWebKit/537.36 (KHTML, like Gecko) Chrome/97.0.4692.71 Safari/537.36 Edg/97.0.1072.55"

::1 - - [14/Jan/2022:00:58:14 +0000] "GET /api/route/vehicles HTTP/1.1" 304 - "http://localhost:30001/vehicles" "Mozilla/5.0 (Windows NT 10.0; Win64; x64) AppleWebKit/537.36 (KHTML, like Gecko) Chrome/97.0.4692.71 Safari/537.36 Edg/97.0.1072.55"

::1 - - [14/Jan/2022:00:58:17 +0000] "GET /api/route/vehicles HTTP/1.1" 304 - "http://localhost:30001/vehicles" "Mozilla/5.0 (Windows NT 10.0; Win64; x64) AppleWebKit/537.36 (KHTML, like Gecko) Chrome/97.0.4692.71 Safari/537.36 Edg/97.0.1072.55"

::1 - - [14/Jan/2022:00:58:20 +0000] "GET /api/route/vehicles HTTP/1.1" 304 - "http://localhost:30001/vehicles" "Mozilla/5.0 (Windows NT 10.0; Win64; x64) AppleWebKit/537.36 (KHTML, like Gecko) Chrome/97.0.4692.71 Safari/537.36 Edg/97.0.1072.55"

::ffff:127.0.0.1 - - [14/Jan/2022:01:35:09 +0000] "GET /api/route/vehicles HTTP/1.1" 304 - "http://localhost:30001/map" "Mozilla/5.0 (Windows NT 10.0; Win64; x64) AppleWebKit/537.36 (KHTML, like Gecko) Chrome/97.0.4692.71 Safari/537.36 Edg/97.0.1072.55"

::ffff:127.0.0.1 - - [14/Jan/2022:01:35:09 +0000] "GET /api/route/vehicles HTTP/1.1" 304 - "http://localhost:30001/map" "Mozilla/5.0 (Windows NT 10.0; Win64; x64) AppleWebKit/537.36 (KHTML, like Gecko) Chrome/97.0.4692.71 Safari/537.36 Edg/97.0.1072.55"

::ffff:127.0.0.1 - - [14/Jan/2022:01:35:09 +0000] "GET /api/route/vehicles HTTP/1.1" 304 - "http://localhost:30001/map" "Mozilla/5.0 (Windows NT 10.0; Win64; x64) AppleWebKit/537.36 (KHTML, like Gecko) Chrome/97.0.4692.71 Safari/537.36 Edg/97.0.1072.55"

::ffff:127.0.0.1 - - [14/Jan/2022:01:35:09 +0000] "GET /api/route/maps/currentDriveOrder HTTP/1.1" 304 - "http://localhost:30001/map" "Mozilla/5.0 (Windows NT 10.0; Win64; x64) AppleWebKit/537.36 (KHTML, like Gecko) Chrome/97.0.4692.71 Safari/537.36 Edg/97.0.1072.55"

::ffff:127.0.0.1 - - [14/Jan/2022:01:35:09 +0000] "GET /api/route/vehicles HTTP/1.1" 304 - "http://localhost:30001/map" "Mozilla/5.0 (Windows NT 10.0; Win64; x64) AppleWebKit/537.36 (KHTML, like Gecko) Chrome/97.0.4692.71 Safari/537.36 Edg/97.0.1072.55"

::ffff:127.0.0.1 - - [14/Jan/2022:01:35:09 +0000] "GET /api/route/vehicles HTTP/1.1" 304 - "http://localhost:30001/map" "Mozilla/5.0 (Windows NT 10.0; Win64; x64) AppleWebKit/537.36 (KHTML, like Gecko) Chrome/97.0.4692.71 Safari/537.36 Edg/97.0.1072.55"

::ffff:127.0.0.1 - - [14/Jan/2022:01:35:09 +0000] "GET /api/route/maps/currentDriveOrder HTTP/1.1" 304 - "http://localhost:30001/map" "Mozilla/5.0 (Windows NT 10.0; Win64; x64) AppleWebKit/537.36 (KHTML, like Gecko) Chrome/97.0.4692.71 Safari/537.36 Edg/97.0.1072.55"

::ffff:127.0.0.1 - - [14/Jan/2022:01:35:09 +0000] "GET /api/route/vehicles HTTP/1.1" 304 - "http://localhost:30001/map" "Mozilla/5.0 (Windows NT 10.0; Win64; x64) AppleWebKit/537.36 (KHTML, like Gecko) Chrome/97.0.4692.71 Safari/537.36 Edg/97.0.1072.55"

::ffff:127.0.0.1 - - [14/Jan/2022:01:35:09 +0000] "GET /api/route/maps/currentDriveOrder HTTP/1.1" 304 - "http://localhost:30001/map" "Mozilla/5.0 (Windows NT 10.0; Win64; x64) AppleWebKit/537.36 (KHTML, like Gecko) Chrome/97.0.4692.71 Safari/537.36 Edg/97.0.1072.55"

::ffff:127.0.0.1 - - [14/Jan/2022:01:35:09 +0000] "GET /api/route/vehicles HTTP/1.1" 304 - "http://localhost:30001/map" "Mozilla/5.0 (Windows NT 10.0; Win64; x64) AppleWebKit/537.36 (KHTML, like Gecko) Chrome/97.0.4692.71 Safari/537.36 Edg/97.0.1072.55"

::ffff:127.0.0.1 - - [14/Jan/2022:01:35:09 +0000] "GET /api/route/maps/currentDriveOrder HTTP/1.1" 304 - "http://localhost:30001/map" "Mozilla/5.0 (Windows NT 10.0; Win64; x64) AppleWebKit/537.36 (KHTML, like Gecko) Chrome/97.0.4692.71 Safari/537.36 Edg/97.0.1072.55"

::ffff:127.0.0.1 - - [14/Jan/2022:01:35:09 +0000] "GET /api/route/vehicles HTTP/1.1" 304 - "http://localhost:30001/map" "Mozilla/5.0 (Windows NT 10.0; Win64; x64) AppleWebKit/537.36 (KHTML, like Gecko) Chrome/97.0.4692.71 Safari/537.36 Edg/97.0.1072.55"

::ffff:127.0.0.1 - - [14/Jan/2022:01:35:09 +0000] "GET /api/route/maps/currentDriveOrder HTTP/1.1" 304 - "http://localhost:30001/map" "Mozilla/5.0 (Windows NT 10.0; Win64; x64) AppleWebKit/537.36 (KHTML, like Gecko) Chrome/97.0.4692.71 Safari/537.36 Edg/97.0.1072.55"

::ffff:127.0.0.1 - - [14/Jan/2022:01:35:09 +0000] "GET /api/route/vehicles HTTP/1.1" 304 - "http://localhost:30001/map" "Mozilla/5.0 (Windows NT 10.0; Win64; x64) AppleWebKit/537.36 (KHTML, like Gecko) Chrome/97.0.4692.71 Safari/537.36 Edg/97.0.1072.55"

::ffff:127.0.0.1 - - [14/Jan/2022:01:35:09 +0000] "GET /api/route/maps/currentDriveOrder HTTP/1.1" 304 - "http://localhost:30001/map" "Mozilla/5.0 (Windows NT 10.0; Win64; x64) AppleWebKit/537.36 (KHTML, like Gecko) Chrome/97.0.4692.71 Safari/537.36 Edg/97.0.1072.55"

::ffff:127.0.0.1 - - [14/Jan/2022:01:35:09 +0000] "GET /api/route/vehicles HTTP/1.1" 304 - "http://localhost:30001/map" "Mozilla/5.0 (Windows NT 10.0; Win64; x64) AppleWebKit/537.36 (KHTML, like Gecko) Chrome/97.0.4692.71 Safari/537.36 Edg/97.0.1072.55"

::ffff:127.0.0.1 - - [14/Jan/2022:01:35:09 +0000] "GET /api/route/maps/currentDriveOrder HTTP/1.1" 304 - "http://localhost:30001/map" "Mozilla/5.0 (Windows NT 10.0; Win64; x64) AppleWebKit/537.36 (KHTML, like Gecko) Chrome/97.0.4692.71 Safari/537.36 Edg/97.0.1072.55"

::ffff:127.0.0.1 - - [14/Jan/2022:01:35:09 +0000] "GET /api/route/maps/currentDriveOrder HTTP/1.1" 304 - "http://localhost:30001/map" "Mozilla/5.0 (Windows NT 10.0; Win64; x64) AppleWebKit/537.36 (KHTML, like Gecko) Chrome/97.0.4692.71 Safari/537.36 Edg/97.0.1072.55"

::ffff:127.0.0.1 - - [14/Jan/2022:01:35:09 +0000] "GET /api/route/vehicles HTTP/1.1" 304 - "http://localhost:30001/map" "Mozilla/5.0 (Windows NT 10.0; Win64; x64) AppleWebKit/537.36 (KHTML, like Gecko) Chrome/97.0.4692.71 Safari/537.36 Edg/97.0.1072.55"

::ffff:127.0.0.1 - - [14/Jan/2022:01:35:09 +0000] "GET /api/route/maps/currentDriveOrder HTTP/1.1" 304 - "http://localhost:30001/map" "Mozilla/5.0 (Windows NT 10.0; Win64; x64) AppleWebKit/537.36 (KHTML, like Gecko) Chrome/97.0.4692.71 Safari/537.36 Edg/97.0.1072.55"

::ffff:127.0.0.1 - - [14/Jan/2022:01:35:09 +0000] "GET /api/route/maps/currentDriveOrder HTTP/1.1" 304 - "http://localhost:30001/map" "Mozilla/5.0 (Windows NT 10.0; Win64; x64) AppleWebKit/537.36 (KHTML, like Gecko) Chrome/97.0.4692.71 Safari/537.36 Edg/97.0.1072.55"

::ffff:127.0.0.1 - - [14/Jan/2022:01:35:09 +0000] "GET /api/route/maps/currentDriveOrder HTTP/1.1" 304 - "http://localhost:30001/map" "Mozilla/5.0 (Windows NT 10.0; Win64; x64) AppleWebKit/537.36 (KHTML, like Gecko) Chrome/97.0.4692.71 Safari/537.36 Edg/97.0.1072.55"

::ffff:127.0.0.1 - - [14/Jan/2022:01:35:09 +0000] "GET /api/route/vehicles HTTP/1.1" 304 - "http://localhost:30001/map" "Mozilla/5.0 (Windows NT 10.0; Win64; x64) AppleWebKit/537.36 (KHTML, like Gecko) Chrome/97.0.4692.71 Safari/537.36 Edg/97.0.1072.55"

::ffff:127.0.0.1 - - [14/Jan/2022:01:35:09 +0000] "GET /api/route/maps/currentDriveOrder HTTP/1.1" 304 - "http://localhost:30001/map" "Mozilla/5.0 (Windows NT 10.0; Win64; x64) AppleWebKit/537.36 (KHTML, like Gecko) Chrome/97.0.4692.71 Safari/537.36 Edg/97.0.1072.55"

::ffff:127.0.0.1 - - [14/Jan/2022:01:35:11 +0000] "GET /api/route/vehicles HTTP/1.1" 304 - "http://localhost:30001/map" "Mozilla/5.0 (Windows NT 10.0; Win64; x64) AppleWebKit/537.36 (KHTML, like Gecko) Chrome/97.0.4692.71 Safari/537.36 Edg/97.0.1072.55"

::ffff:127.0.0.1 - - [14/Jan/2022:01:35:11 +0000] "GET /api/route/maps/currentDriveOrder HTTP/1.1" 304 - "http://localhost:30001/map" "Mozilla/5.0 (Windows NT 10.0; Win64; x64) AppleWebKit/537.36 (KHTML, like Gecko) Chrome/97.0.4692.71 Safari/537.36 Edg/97.0.1072.55"

::ffff:127.0.0.1 - - [14/Jan/2022:01:35:13 +0000] "GET /api/route/vehicles HTTP/1.1" 304 - "http://localhost:30001/map" "Mozilla/5.0 (Windows NT 10.0; Win64; x64) AppleWebKit/537.36 (KHTML, like Gecko) Chrome/97.0.4692.71 Safari/537.36 Edg/97.0.1072.55"

::ffff:127.0.0.1 - - [14/Jan/2022:01:35:13 +0000] "GET /api/route/maps/currentDriveOrder HTTP/1.1" 304 - "http://localhost:30001/map" "Mozilla/5.0 (Windows NT 10.0; Win64; x64) AppleWebKit/537.36 (KHTML, like Gecko) Chrome/97.0.4692.71 Safari/537.36 Edg/97.0.1072.55"

::ffff:127.0.0.1 - - [14/Jan/2022:01:35:14 +0000] "GET /api/route/vehicles HTTP/1.1" 304 - "http://localhost:30001/map" "Mozilla/5.0 (Windows NT 10.0; Win64; x64) AppleWebKit/537.36 (KHTML, like Gecko) Chrome/97.0.4692.71 Safari/537.36 Edg/97.0.1072.55"

::ffff:127.0.0.1 - - [14/Jan/2022:01:35:14 +0000] "GET /api/route/maps/currentDriveOrder HTTP/1.1" 304 - "http://localhost:30001/map" "Mozilla/5.0 (Windows NT 10.0; Win64; x64) AppleWebKit/537.36 (KHTML, like Gecko) Chrome/97.0.4692.71 Safari/537.36 Edg/97.0.1072.55"

::ffff:127.0.0.1 - - [14/Jan/2022:01:35:15 +0000] "GET /api/route/vehicles HTTP/1.1" 304 - "http://localhost:30001/vehicles" "Mozilla/5.0 (Windows NT 10.0; Win64; x64) AppleWebKit/537.36 (KHTML, like Gecko) Chrome/97.0.4692.71 Safari/537.36 Edg/97.0.1072.55"

::ffff:127.0.0.1 - - [14/Jan/2022:01:35:15 +0000] "GET /api/route/maps/current HTTP/1.1" 304 - "http://localhost:30001/map" "Mozilla/5.0 (Windows NT 10.0; Win64; x64) AppleWebKit/537.36 (KHTML, like Gecko) Chrome/97.0.4692.71 Safari/537.36 Edg/97.0.1072.55"

::ffff:127.0.0.1 - - [14/Jan/2022:01:35:16 +0000] "GET /api/route/maps/currentDriveOrder HTTP/1.1" 304 - "http://localhost:30001/map" "Mozilla/5.0 (Windows NT 10.0; Win64; x64) AppleWebKit/537.36 (KHTML, like Gecko) Chrome/97.0.4692.71 Safari/537.36 Edg/97.0.1072.55"

::ffff:127.0.0.1 - - [14/Jan/2022:01:35:16 +0000] "GET /api/route/vehicles HTTP/1.1" 304 - "http://localhost:30001/map" "Mozilla/5.0 (Windows NT 10.0; Win64; x64) AppleWebKit/537.36 (KHTML, like Gecko) Chrome/97.0.4692.71 Safari/537.36 Edg/97.0.1072.55"

::ffff:127.0.0.1 - - [14/Jan/2022:01:35:17 +0000] "GET /api/route/vehicles HTTP/1.1" 304 - "http://localhost:30001/map" "Mozilla/5.0 (Windows NT 10.0; Win64; x64) AppleWebKit/537.36 (KHTML, like Gecko) Chrome/97.0.4692.71 Safari/537.36 Edg/97.0.1072.55"

::ffff:127.0.0.1 - - [14/Jan/2022:01:35:17 +0000] "GET /api/route/maps/currentDriveOrder HTTP/1.1" 304 - "http://localhost:30001/map" "Mozilla/5.0 (Windows NT 10.0; Win64; x64) AppleWebKit/537.36 (KHTML, like Gecko) Chrome/97.0.4692.71 Safari/537.36 Edg/97.0.1072.55"

::ffff:127.0.0.1 - - [14/Jan/2022:01:35:18 +0000] "GET /api/route/vehicles HTTP/1.1" 304 - "http://localhost:30001/map" "Mozilla/5.0 (Windows NT 10.0; Win64; x64) AppleWebKit/537.36 (KHTML, like Gecko) Chrome/97.0.4692.71 Safari/537.36 Edg/97.0.1072.55"

::ffff:127.0.0.1 - - [14/Jan/2022:01:35:18 +0000] "GET /api/route/maps/currentDriveOrder HTTP/1.1" 304 - "http://localhost:30001/map" "Mozilla/5.0 (Windows NT 10.0; Win64; x64) AppleWebKit/537.36 (KHTML, like Gecko) Chrome/97.0.4692.71 Safari/537.36 Edg/97.0.1072.55"

::ffff:127.0.0.1 - - [14/Jan/2022:01:35:19 +0000] "GET /api/route/vehicles HTTP/1.1" 304 - "http://localhost:30001/map" "Mozilla/5.0 (Windows NT 10.0; Win64; x64) AppleWebKit/537.36 (KHTML, like Gecko) Chrome/97.0.4692.71 Safari/537.36 Edg/97.0.1072.55"

::ffff:127.0.0.1 - - [14/Jan/2022:01:35:19 +0000] "GET /api/route/maps/currentDriveOrder HTTP/1.1" 304 - "http://localhost:30001/map" "Mozilla/5.0 (Windows NT 10.0; Win64; x64) AppleWebKit/537.36 (KHTML, like Gecko) Chrome/97.0.4692.71 Safari/537.36 Edg/97.0.1072.55"

::ffff:127.0.0.1 - - [14/Jan/2022:01:35:20 +0000] "GET /api/route/vehicles HTTP/1.1" 304 - "http://localhost:30001/map" "Mozilla/5.0 (Windows NT 10.0; Win64; x64) AppleWebKit/537.36 (KHTML, like Gecko) Chrome/97.0.4692.71 Safari/537.36 Edg/97.0.1072.55"

::ffff:127.0.0.1 - - [14/Jan/2022:01:35:20 +0000] "GET /api/route/maps/currentDriveOrder HTTP/1.1" 304 - "http://localhost:30001/map" "Mozilla/5.0 (Windows NT 10.0; Win64; x64) AppleWebKit/537.36 (KHTML, like Gecko) Chrome/97.0.4692.71 Safari/537.36 Edg/97.0.1072.55"

::ffff:127.0.0.1 - - [14/Jan/2022:01:35:21 +0000] "GET /api/route/vehicles HTTP/1.1" 304 - "http://localhost:30001/map" "Mozilla/5.0 (Windows NT 10.0; Win64; x64) AppleWebKit/537.36 (KHTML, like Gecko) Chrome/97.0.4692.71 Safari/537.36 Edg/97.0.1072.55"

::ffff:127.0.0.1 - - [14/Jan/2022:01:35:21 +0000] "GET /api/route/maps/currentDriveOrder HTTP/1.1" 304 - "http://localhost:30001/map" "Mozilla/5.0 (Windows NT 10.0; Win64; x64) AppleWebKit/537.36 (KHTML, like Gecko) Chrome/97.0.4692.71 Safari/537.36 Edg/97.0.1072.55"

::ffff:127.0.0.1 - - [14/Jan/2022:01:35:21 +0000] "GET /map HTTP/1.1" 302 64 "-" "Mozilla/5.0 (Windows NT 10.0; Win64; x64) AppleWebKit/537.36 (KHTML, like Gecko) Chrome/97.0.4692.71 Safari/537.36 Edg/97.0.1072.55"

::ffff:127.0.0.1 - - [14/Jan/2022:01:35:21 +0000] "GET /loginPage HTTP/1.1" 200 714 "-" "Mozilla/5.0 (Windows NT 10.0; Win64; x64) AppleWebKit/537.36 (KHTML, like Gecko) Chrome/97.0.4692.71 Safari/537.36 Edg/97.0.1072.55"

::ffff:127.0.0.1 - - [14/Jan/2022:01:35:21 +0000] "GET /css/app.9675e101.css HTTP/1.1" 200 5093 "http://localhost:30001/loginPage" "Mozilla/5.0 (Windows NT 10.0; Win64; x64) AppleWebKit/537.36 (KHTML, like Gecko) Chrome/97.0.4692.71 Safari/537.36 Edg/97.0.1072.55"

::1 - - [14/Jan/2022:01:35:21 +0000] "GET /js/app.b60bea03.js HTTP/1.1" 200 44280 "http://localhost:30001/loginPage" "Mozilla/5.0 (Windows NT 10.0; Win64; x64) AppleWebKit/537.36 (KHTML, like Gecko) Chrome/97.0.4692.71 Safari/537.36 Edg/97.0.1072.55"

::ffff:127.0.0.1 - - [14/Jan/2022:01:35:21 +0000] "GET /css/chunk-vendors.a16c4353.css HTTP/1.1" 200 214577 "http://localhost:30001/loginPage" "Mozilla/5.0 (Windows NT 10.0; Win64; x64) AppleWebKit/537.36 (KHTML, like Gecko) Chrome/97.0.4692.71 Safari/537.36 Edg/97.0.1072.55"

::1 - - [14/Jan/2022:01:35:21 +0000] "GET /js/chunk-vendors.14ce27f2.js HTTP/1.1" 200 1057081 "http://localhost:30001/loginPage" "Mozilla/5.0 (Windows NT 10.0; Win64; x64) AppleWebKit/537.36 (KHTML, like Gecko) Chrome/97.0.4692.71 Safari/537.36 Edg/97.0.1072.55"

::1 - - [14/Jan/2022:01:35:22 +0000] "GET /api/route/utils/wshost HTTP/1.1" 200 25 "http://localhost:30001/loginPage" "Mozilla/5.0 (Windows NT 10.0; Win64; x64) AppleWebKit/537.36 (KHTML, like Gecko) Chrome/97.0.4692.71 Safari/537.36 Edg/97.0.1072.55"

::1 - - [14/Jan/2022:01:35:23 +0000] "GET /fonts/element-icons.535877f5.woff HTTP/1.1" 200 28200 "http://localhost:30001/css/chunk-vendors.a16c4353.css" "Mozilla/5.0 (Windows NT 10.0; Win64; x64) AppleWebKit/537.36 (KHTML, like Gecko) Chrome/97.0.4692.71 Safari/537.36 Edg/97.0.1072.55"

::1 - - [14/Jan/2022:01:35:23 +0000] "POST /api/route/users/login HTTP/1.1" 200 35 "http://localhost:30001/loginPage" "Mozilla/5.0 (Windows NT 10.0; Win64; x64) AppleWebKit/537.36 (KHTML, like Gecko) Chrome/97.0.4692.71 Safari/537.36 Edg/97.0.1072.55"

::1 - - [14/Jan/2022:01:35:25 +0000] "GET /api/route/maps/current HTTP/1.1" 304 - "http://localhost:30001/map" "Mozilla/5.0 (Windows NT 10.0; Win64; x64) AppleWebKit/537.36 (KHTML, like Gecko) Chrome/97.0.4692.71 Safari/537.36 Edg/97.0.1072.55"

::1 - - [14/Jan/2022:01:35:44 +0000] "GET /api/route/transportOrders?pageNo=1&pageSize=20 HTTP/1.1" 200 21 "http://localhost:30001/transportOrders" "Mozilla/5.0 (Windows NT 10.0; Win64; x64) AppleWebKit/537.36 (KHTML, like Gecko) Chrome/97.0.4692.71 Safari/537.36 Edg/97.0.1072.55"

::1 - - [14/Jan/2022:01:35:48 +0000] "GET /api/route/maps/current HTTP/1.1" 304 - "http://localhost:30001/map" "Mozilla/5.0 (Windows NT 10.0; Win64; x64) AppleWebKit/537.36 (KHTML, like Gecko) Chrome/97.0.4692.71 Safari/537.36 Edg/97.0.1072.55"

::1 - - [14/Jan/2022:01:38:21 +0000] "GET /api/route/transportOrders?pageNo=1&pageSize=20 HTTP/1.1" 304 - "http://localhost:30001/transportOrders" "Mozilla/5.0 (Windows NT 10.0; Win64; x64) AppleWebKit/537.36 (KHTML, like Gecko) Chrome/97.0.4692.71 Safari/537.36 Edg/97.0.1072.55"

::1 - - [14/Jan/2022:01:44:50 +0000] "GET /api/route/maps/current HTTP/1.1" 304 - "http://localhost:30001/map" "Mozilla/5.0 (Windows NT 10.0; Win64; x64) AppleWebKit/537.36 (KHTML, like Gecko) Chrome/97.0.4692.71 Safari/537.36 Edg/97.0.1072.55"

::1 - - [14/Jan/2022:01:44:55 +0000] "GET /api/route/transportOrders?pageNo=1&pageSize=20 HTTP/1.1" 304 - "http://localhost:30001/transportOrders" "Mozilla/5.0 (Windows NT 10.0; Win64; x64) AppleWebKit/537.36 (KHTML, like Gecko) Chrome/97.0.4692.71 Safari/537.36 Edg/97.0.1072.55"

::1 - - [14/Jan/2022:01:44:56 +0000] "GET /api/route/maps/current HTTP/1.1" 304 - "http://localhost:30001/map" "Mozilla/5.0 (Windows NT 10.0; Win64; x64) AppleWebKit/537.36 (KHTML, like Gecko) Chrome/97.0.4692.71 Safari/537.36 Edg/97.0.1072.55"

::1 - - [14/Jan/2022:01:45:08 +0000] "POST /api/route/transportOrders/20220114094508 HTTP/1.1" 200 2 "-" "python-requests/2.15.1"

::1 - - [14/Jan/2022:01:45:27 +0000] "GET /map HTTP/1.1" 302 64 "-" "Mozilla/5.0 (Windows NT 10.0; Win64; x64) AppleWebKit/537.36 (KHTML, like Gecko) Chrome/97.0.4692.71 Safari/537.36 Edg/97.0.1072.55"

::1 - - [14/Jan/2022:01:45:27 +0000] "GET /loginPage HTTP/1.1" 304 - "-" "Mozilla/5.0 (Windows NT 10.0; Win64; x64) AppleWebKit/537.36 (KHTML, like Gecko) Chrome/97.0.4692.71 Safari/537.36 Edg/97.0.1072.55"

::1 - - [14/Jan/2022:01:45:27 +0000] "GET /css/app.9675e101.css HTTP/1.1" 304 - "http://localhost:30001/loginPage" "Mozilla/5.0 (Windows NT 10.0; Win64; x64) AppleWebKit/537.36 (KHTML, like Gecko) Chrome/97.0.4692.71 Safari/537.36 Edg/97.0.1072.55"

::1 - - [14/Jan/2022:01:45:27 +0000] "GET /css/chunk-vendors.a16c4353.css HTTP/1.1" 304 - "http://localhost:30001/loginPage" "Mozilla/5.0 (Windows NT 10.0; Win64; x64) AppleWebKit/537.36 (KHTML, like Gecko) Chrome/97.0.4692.71 Safari/537.36 Edg/97.0.1072.55"

::1 - - [14/Jan/2022:01:45:27 +0000] "GET /js/app.b60bea03.js HTTP/1.1" 304 - "http://localhost:30001/loginPage" "Mozilla/5.0 (Windows NT 10.0; Win64; x64) AppleWebKit/537.36 (KHTML, like Gecko) Chrome/97.0.4692.71 Safari/537.36 Edg/97.0.1072.55"

::1 - - [14/Jan/2022:01:45:27 +0000] "GET /js/chunk-vendors.14ce27f2.js HTTP/1.1" 304 - "http://localhost:30001/loginPage" "Mozilla/5.0 (Windows NT 10.0; Win64; x64) AppleWebKit/537.36 (KHTML, like Gecko) Chrome/97.0.4692.71 Safari/537.36 Edg/97.0.1072.55"

::1 - - [14/Jan/2022:01:45:27 +0000] "GET /api/route/utils/wshost HTTP/1.1" 200 25 "http://localhost:30001/loginPage" "Mozilla/5.0 (Windows NT 10.0; Win64; x64) AppleWebKit/537.36 (KHTML, like Gecko) Chrome/97.0.4692.71 Safari/537.36 Edg/97.0.1072.55"

::1 - - [14/Jan/2022:01:45:28 +0000] "GET /fonts/element-icons.535877f5.woff HTTP/1.1" 304 - "http://localhost:30001/css/chunk-vendors.a16c4353.css" "Mozilla/5.0 (Windows NT 10.0; Win64; x64) AppleWebKit/537.36 (KHTML, like Gecko) Chrome/97.0.4692.71 Safari/537.36 Edg/97.0.1072.55"

::1 - - [14/Jan/2022:01:45:28 +0000] "POST /api/route/users/login HTTP/1.1" 200 35 "http://localhost:30001/loginPage" "Mozilla/5.0 (Windows NT 10.0; Win64; x64) AppleWebKit/537.36 (KHTML, like Gecko) Chrome/97.0.4692.71 Safari/537.36 Edg/97.0.1072.55"

::1 - - [14/Jan/2022:01:45:29 +0000] "GET /api/route/maps/current HTTP/1.1" 304 - "http://localhost:30001/map" "Mozilla/5.0 (Windows NT 10.0; Win64; x64) AppleWebKit/537.36 (KHTML, like Gecko) Chrome/97.0.4692.71 Safari/537.36 Edg/97.0.1072.55"

::1 - - [14/Jan/2022:01:46:05 +0000] "GET /api/route/transportOrders?pageNo=1&pageSize=20 HTTP/1.1" 200 581 "http://localhost:30001/transportOrders" "Mozilla/5.0 (Windows NT 10.0; Win64; x64) AppleWebKit/537.36 (KHTML, like Gecko) Chrome/97.0.4692.71 Safari/537.36 Edg/97.0.1072.55"

::1 - - [14/Jan/2022:01:46:16 +0000] "GET /api/route/maps/current HTTP/1.1" 304 - "http://localhost:30001/map" "Mozilla/5.0 (Windows NT 10.0; Win64; x64) AppleWebKit/537.36 (KHTML, like Gecko) Chrome/97.0.4692.71 Safari/537.36 Edg/97.0.1072.55"

::1 - - [14/Jan/2022:01:47:04 +0000] "GET /api/route/transportOrders?pageNo=1&pageSize=20 HTTP/1.1" 304 - "http://localhost:30001/transportOrders" "Mozilla/5.0 (Windows NT 10.0; Win64; x64) AppleWebKit/537.36 (KHTML, like Gecko) Chrome/97.0.4692.71 Safari/537.36 Edg/97.0.1072.55"

::1 - - [14/Jan/2022:01:47:07 +0000] "POST /api/route/transportOrders/20220114094508/withdrawal HTTP/1.1" 200 2 "http://localhost:30001/transportOrders" "Mozilla/5.0 (Windows NT 10.0; Win64; x64) AppleWebKit/537.36 (KHTML, like Gecko) Chrome/97.0.4692.71 Safari/537.36 Edg/97.0.1072.55"

::1 - - [14/Jan/2022:01:47:07 +0000] "GET /api/route/transportOrders?pageNo=1&pageSize=20 HTTP/1.1" 200 776 "http://localhost:30001/transportOrders" "Mozilla/5.0 (Windows NT 10.0; Win64; x64) AppleWebKit/537.36 (KHTML, like Gecko) Chrome/97.0.4692.71 Safari/537.36 Edg/97.0.1072.55"

::1 - - [14/Jan/2022:01:47:11 +0000] "POST /api/route/transportOrders/Park-1642124827237/withdrawal HTTP/1.1" 200 2 "http://localhost:30001/transportOrders" "Mozilla/5.0 (Windows NT 10.0; Win64; x64) AppleWebKit/537.36 (KHTML, like Gecko) Chrome/97.0.4692.71 Safari/537.36 Edg/97.0.1072.55"

::1 - - [14/Jan/2022:01:47:11 +0000] "GET /api/route/transportOrders?pageNo=1&pageSize=20 HTTP/1.1" 200 773 "http://localhost:30001/transportOrders" "Mozilla/5.0 (Windows NT 10.0; Win64; x64) AppleWebKit/537.36 (KHTML, like Gecko) Chrome/97.0.4692.71 Safari/537.36 Edg/97.0.1072.55"

::1 - - [14/Jan/2022:01:48:02 +0000] "GET /api/route/maps/current HTTP/1.1" 304 - "http://localhost:30001/map" "Mozilla/5.0 (Windows NT 10.0; Win64; x64) AppleWebKit/537.36 (KHTML, like Gecko) Chrome/97.0.4692.71 Safari/537.36 Edg/97.0.1072.55"

::1 - - [14/Jan/2022:01:48:29 +0000] "GET /api/route/maps/current HTTP/1.1" 304 - "http://localhost:30001/map" "Mozilla/5.0 (Windows NT 10.0; Win64; x64) AppleWebKit/537.36 (KHTML, like Gecko) Chrome/97.0.4692.71 Safari/537.36 Edg/97.0.1072.55"

::1 - - [14/Jan/2022:01:54:00 +0000] "POST /api/route/transportOrders/20220114095400 HTTP/1.1" 200 2 "-" "python-requests/2.15.1"

::1 - - [14/Jan/2022:01:55:11 +0000] "GET /api/route/transportOrders?pageNo=1&pageSize=20 HTTP/1.1" 200 1334 "http://localhost:30001/transportOrders" "Mozilla/5.0 (Windows NT 10.0; Win64; x64) AppleWebKit/537.36 (KHTML, like Gecko) Chrome/97.0.4692.71 Safari/537.36 Edg/97.0.1072.55"

::1 - - [14/Jan/2022:01:55:15 +0000] "POST /api/route/transportOrders/20220114095400/withdrawal HTTP/1.1" 200 2 "http://localhost:30001/transportOrders" "Mozilla/5.0 (Windows NT 10.0; Win64; x64) AppleWebKit/537.36 (KHTML, like Gecko) Chrome/97.0.4692.71 Safari/537.36 Edg/97.0.1072.55"

::1 - - [14/Jan/2022:01:55:15 +0000] "GET /api/route/transportOrders?pageNo=1&pageSize=20 HTTP/1.1" 200 1529 "http://localhost:30001/transportOrders" "Mozilla/5.0 (Windows NT 10.0; Win64; x64) AppleWebKit/537.36 (KHTML, like Gecko) Chrome/97.0.4692.71 Safari/537.36 Edg/97.0.1072.55"

::1 - - [14/Jan/2022:01:55:18 +0000] "POST /api/route/transportOrders/Park-1642125315028/withdrawal HTTP/1.1" 200 2 "http://localhost:30001/transportOrders" "Mozilla/5.0 (Windows NT 10.0; Win64; x64) AppleWebKit/537.36 (KHTML, like Gecko) Chrome/97.0.4692.71 Safari/537.36 Edg/97.0.1072.55"

::1 - - [14/Jan/2022:01:55:18 +0000] "GET /api/route/transportOrders?pageNo=1&pageSize=20 HTTP/1.1" 200 1526 "http://localhost:30001/transportOrders" "Mozilla/5.0 (Windows NT 10.0; Win64; x64) AppleWebKit/537.36 (KHTML, like Gecko) Chrome/97.0.4692.71 Safari/537.36 Edg/97.0.1072.55"

::1 - - [14/Jan/2022:02:08:43 +0000] "POST /api/route/transportOrders/20220114100843 HTTP/1.1" 200 2 "-" "python-requests/2.15.1"

::1 - - [14/Jan/2022:02:08:48 +0000] "GET /api/route/maps/current HTTP/1.1" 304 - "http://localhost:30001/map" "Mozilla/5.0 (Windows NT 10.0; Win64; x64) AppleWebKit/537.36 (KHTML, like Gecko) Chrome/97.0.4692.71 Safari/537.36 Edg/97.0.1072.55"

::1 - - [14/Jan/2022:02:14:18 +0000] "GET /api/route/transportOrders?pageNo=1&pageSize=20 HTTP/1.1" 200 2087 "http://localhost:30001/transportOrders" "Mozilla/5.0 (Windows NT 10.0; Win64; x64) AppleWebKit/537.36 (KHTML, like Gecko) Chrome/97.0.4692.71 Safari/537.36 Edg/97.0.1072.55"

::1 - - [14/Jan/2022:02:14:22 +0000] "POST /api/route/transportOrders/20220114100843/withdrawal HTTP/1.1" 200 2 "http://localhost:30001/transportOrders" "Mozilla/5.0 (Windows NT 10.0; Win64; x64) AppleWebKit/537.36 (KHTML, like Gecko) Chrome/97.0.4692.71 Safari/537.36 Edg/97.0.1072.55"

::1 - - [14/Jan/2022:02:14:22 +0000] "GET /api/route/transportOrders?pageNo=1&pageSize=20 HTTP/1.1" 200 2316 "http://localhost:30001/transportOrders" "Mozilla/5.0 (Windows NT 10.0; Win64; x64) AppleWebKit/537.36 (KHTML, like Gecko) Chrome/97.0.4692.71 Safari/537.36 Edg/97.0.1072.55"

::1 - - [14/Jan/2022:02:16:31 +0000] "GET /api/route/maps/current HTTP/1.1" 304 - "http://localhost:30001/map" "Mozilla/5.0 (Windows NT 10.0; Win64; x64) AppleWebKit/537.36 (KHTML, like Gecko) Chrome/97.0.4692.71 Safari/537.36 Edg/97.0.1072.55"

::1 - - [14/Jan/2022:02:16:32 +0000] "GET /api/route/transportOrders?pageNo=1&pageSize=20 HTTP/1.1" 200 2338 "http://localhost:30001/transportOrders" "Mozilla/5.0 (Windows NT 10.0; Win64; x64) AppleWebKit/537.36 (KHTML, like Gecko) Chrome/97.0.4692.71 Safari/537.36 Edg/97.0.1072.55"

::1 - - [14/Jan/2022:02:18:41 +0000] "GET /api/route/maps/current HTTP/1.1" 304 - "http://localhost:30001/map" "Mozilla/5.0 (Windows NT 10.0; Win64; x64) AppleWebKit/537.36 (KHTML, like Gecko) Chrome/97.0.4692.71 Safari/537.36 Edg/97.0.1072.55"

::1 - - [14/Jan/2022:02:20:30 +0000] "POST /api/route/transportOrders/20220114102030 HTTP/1.1" 200 2 "-" "python-requests/2.15.1"

::1 - - [14/Jan/2022:02:21:23 +0000] "GET /api/route/maps/current HTTP/1.1" 304 - "http://localhost:30001/map" "Mozilla/5.0 (Windows NT 10.0; Win64; x64) AppleWebKit/537.36 (KHTML, like Gecko) Chrome/97.0.4692.71 Safari/537.36 Edg/97.0.1072.55"

::1 - - [14/Jan/2022:02:22:35 +0000] "GET /api/route/transportOrders?pageNo=1&pageSize=20 HTTP/1.1" 200 3178 "http://localhost:30001/transportOrders" "Mozilla/5.0 (Windows NT 10.0; Win64; x64) AppleWebKit/537.36 (KHTML, like Gecko) Chrome/97.0.4692.71 Safari/537.36 Edg/97.0.1072.55"

::1 - - [14/Jan/2022:02:29:44 +0000] "POST /api/route/transportOrders/20220114102944 HTTP/1.1" 200 2 "-" "python-requests/2.15.1"

::1 - - [14/Jan/2022:02:29:48 +0000] "GET /api/route/maps/current HTTP/1.1" 304 - "http://localhost:30001/map" "Mozilla/5.0 (Windows NT 10.0; Win64; x64) AppleWebKit/537.36 (KHTML, like Gecko) Chrome/97.0.4692.71 Safari/537.36 Edg/97.0.1072.55"

::1 - - [14/Jan/2022:02:32:04 +0000] "GET /api/route/transportOrders?pageNo=1&pageSize=20 HTTP/1.1" 200 4018 "http://localhost:30001/transportOrders" "Mozilla/5.0 (Windows NT 10.0; Win64; x64) AppleWebKit/537.36 (KHTML, like Gecko) Chrome/97.0.4692.71 Safari/537.36 Edg/97.0.1072.55"

::1 - - [14/Jan/2022:02:32:16 +0000] "GET /api/route/maps/current HTTP/1.1" 304 - "http://localhost:30001/map" "Mozilla/5.0 (Windows NT 10.0; Win64; x64) AppleWebKit/537.36 (KHTML, like Gecko) Chrome/97.0.4692.71 Safari/537.36 Edg/97.0.1072.55"

::1 - - [14/Jan/2022:02:32:36 +0000] "POST /api/route/transportOrders/20220114103236 HTTP/1.1" 200 2 "-" "python-requests/2.15.1"

::1 - - [14/Jan/2022:02:37:38 +0000] "POST /api/route/transportOrders/20220114103738 HTTP/1.1" 200 2 "-" "python-requests/2.15.1"

::1 - - [14/Jan/2022:02:38:08 +0000] "GET /api/route/maps/current HTTP/1.1" 304 - "http://localhost:30001/map" "Mozilla/5.0 (Windows NT 10.0; Win64; x64) AppleWebKit/537.36 (KHTML, like Gecko) Chrome/97.0.4692.71 Safari/537.36 Edg/97.0.1072.55"

::1 - - [14/Jan/2022:02:40:56 +0000] "POST /api/route/transportOrders/20220114104056 HTTP/1.1" 200 2 "-" "python-requests/2.15.1"

::1 - - [14/Jan/2022:02:43:36 +0000] "POST /api/route/transportOrders/20220114104336 HTTP/1.1" 200 2 "-" "python-requests/2.15.1"

::1 - - [14/Jan/2022:02:47:10 +0000] "POST /api/route/transportOrders/20220114104710 HTTP/1.1" 200 2 "-" "python-requests/2.15.1"

::1 - - [14/Jan/2022:02:49:40 +0000] "POST /api/route/transportOrders/20220114104940 HTTP/1.1" 200 2 "-" "python-requests/2.15.1"

::1 - - [14/Jan/2022:02:52:09 +0000] "POST /api/route/transportOrders/20220114105209 HTTP/1.1" 200 2 "-" "python-requests/2.15.1"

::1 - - [14/Jan/2022:02:55:39 +0000] "POST /api/route/transportOrders/20220114105539 HTTP/1.1" 200 2 "-" "python-requests/2.15.1"

::1 - - [14/Jan/2022:03:06:00 +0000] "POST /api/route/transportOrders/20220114110600 HTTP/1.1" 200 2 "-" "python-requests/2.15.1"

::1 - - [14/Jan/2022:03:08:26 +0000] "POST /api/route/transportOrders/20220114110826 HTTP/1.1" 200 2 "-" "python-requests/2.15.1"

::1 - - [14/Jan/2022:03:10:48 +0000] "POST /api/route/transportOrders/20220114111048 HTTP/1.1" 200 2 "-" "python-requests/2.15.1"

::1 - - [14/Jan/2022:03:13:05 +0000] "POST /api/route/transportOrders/20220114111304 HTTP/1.1" 200 2 "-" "python-requests/2.15.1"

::1 - - [14/Jan/2022:03:15:26 +0000] "POST /api/route/transportOrders/20220114111526 HTTP/1.1" 200 2 "-" "python-requests/2.15.1"

::1 - - [14/Jan/2022:03:22:42 +0000] "GET /api/route/transportOrders?pageNo=1&pageSize=20 HTTP/1.1" 200 8420 "http://localhost:30001/transportOrders" "Mozilla/5.0 (Windows NT 10.0; Win64; x64) AppleWebKit/537.36 (KHTML, like Gecko) Chrome/97.0.4692.71 Safari/537.36 Edg/97.0.1072.55"

::1 - - [14/Jan/2022:03:22:46 +0000] "GET /api/route/maps/current HTTP/1.1" 304 - "http://localhost:30001/map" "Mozilla/5.0 (Windows NT 10.0; Win64; x64) AppleWebKit/537.36 (KHTML, like Gecko) Chrome/97.0.4692.71 Safari/537.36 Edg/97.0.1072.55"

::1 - - [14/Jan/2022:06:59:39 +0000] "GET /loginPage HTTP/1.1" 304 - "-" "Mozilla/5.0 (Windows NT 10.0; Win64; x64) AppleWebKit/537.36 (KHTML, like Gecko) Chrome/97.0.4692.71 Safari/537.36 Edg/97.0.1072.55"

::1 - - [14/Jan/2022:06:59:39 +0000] "GET /css/app.9675e101.css HTTP/1.1" 304 - "http://localhost:30001/loginPage" "Mozilla/5.0 (Windows NT 10.0; Win64; x64) AppleWebKit/537.36 (KHTML, like Gecko) Chrome/97.0.4692.71 Safari/537.36 Edg/97.0.1072.55"

::1 - - [14/Jan/2022:06:59:39 +0000] "GET /css/chunk-vendors.a16c4353.css HTTP/1.1" 304 - "http://localhost:30001/loginPage" "Mozilla/5.0 (Windows NT 10.0; Win64; x64) AppleWebKit/537.36 (KHTML, like Gecko) Chrome/97.0.4692.71 Safari/537.36 Edg/97.0.1072.55"

::1 - - [14/Jan/2022:06:59:39 +0000] "GET /js/app.b60bea03.js HTTP/1.1" 304 - "http://localhost:30001/loginPage" "Mozilla/5.0 (Windows NT 10.0; Win64; x64) AppleWebKit/537.36 (KHTML, like Gecko) Chrome/97.0.4692.71 Safari/537.36 Edg/97.0.1072.55"

::1 - - [14/Jan/2022:06:59:39 +0000] "GET /js/chunk-vendors.14ce27f2.js HTTP/1.1" 304 - "http://localhost:30001/loginPage" "Mozilla/5.0 (Windows NT 10.0; Win64; x64) AppleWebKit/537.36 (KHTML, like Gecko) Chrome/97.0.4692.71 Safari/537.36 Edg/97.0.1072.55"

::1 - - [14/Jan/2022:06:59:39 +0000] "GET /api/route/utils/wshost HTTP/1.1" 304 - "http://localhost:30001/loginPage" "Mozilla/5.0 (Windows NT 10.0; Win64; x64) AppleWebKit/537.36 (KHTML, like Gecko) Chrome/97.0.4692.71 Safari/537.36 Edg/97.0.1072.55"

::1 - - [14/Jan/2022:06:59:39 +0000] "GET /favicon.ico HTTP/1.1" 302 32 "http://localhost:30001/loginPage" "Mozilla/5.0 (Windows NT 10.0; Win64; x64) AppleWebKit/537.36 (KHTML, like Gecko) Chrome/97.0.4692.71 Safari/537.36 Edg/97.0.1072.55"

::1 - - [14/Jan/2022:06:59:39 +0000] "GET /loginPage HTTP/1.1" 404 34 "http://localhost:30001/loginPage" "Mozilla/5.0 (Windows NT 10.0; Win64; x64) AppleWebKit/537.36 (KHTML, like Gecko) Chrome/97.0.4692.71 Safari/537.36 Edg/97.0.1072.55"

::1 - - [14/Jan/2022:06:59:40 +0000] "GET /fonts/element-icons.535877f5.woff HTTP/1.1" 304 - "http://localhost:30001/css/chunk-vendors.a16c4353.css" "Mozilla/5.0 (Windows NT 10.0; Win64; x64) AppleWebKit/537.36 (KHTML, like Gecko) Chrome/97.0.4692.71 Safari/537.36 Edg/97.0.1072.55"

::1 - - [14/Jan/2022:06:59:40 +0000] "POST /api/route/users/login HTTP/1.1" 200 35 "http://localhost:30001/loginPage" "Mozilla/5.0 (Windows NT 10.0; Win64; x64) AppleWebKit/537.36 (KHTML, like Gecko) Chrome/97.0.4692.71 Safari/537.36 Edg/97.0.1072.55"

::1 - - [14/Jan/2022:06:59:41 +0000] "GET /api/route/maps/current HTTP/1.1" 304 - "http://localhost:30001/map" "Mozilla/5.0 (Windows NT 10.0; Win64; x64) AppleWebKit/537.36 (KHTML, like Gecko) Chrome/97.0.4692.71 Safari/537.36 Edg/97.0.1072.55"

::1 - - [14/Jan/2022:07:05:33 +0000] "POST /api/route/transportOrders/20220114150533 HTTP/1.1" 200 2 "-" "python-requests/2.15.1"

::1 - - [14/Jan/2022:07:07:41 +0000] "GET /api/route/transportOrders?pageNo=1&pageSize=20 HTTP/1.1" 200 8245 "http://localhost:30001/transportOrders" "Mozilla/5.0 (Windows NT 10.0; Win64; x64) AppleWebKit/537.36 (KHTML, like Gecko) Chrome/97.0.4692.71 Safari/537.36 Edg/97.0.1072.55"

::1 - - [14/Jan/2022:07:34:52 +0000] "POST /api/route/transportOrders/20220114150533/withdrawal HTTP/1.1" 200 2 "http://localhost:30001/transportOrders" "Mozilla/5.0 (Windows NT 10.0; Win64; x64) AppleWebKit/537.36 (KHTML, like Gecko) Chrome/97.0.4692.71 Safari/537.36 Edg/97.0.1072.55"

::1 - - [14/Jan/2022:07:34:52 +0000] "GET /api/route/transportOrders?pageNo=1&pageSize=20 HTTP/1.1" 200 8183 "http://localhost:30001/transportOrders" "Mozilla/5.0 (Windows NT 10.0; Win64; x64) AppleWebKit/537.36 (KHTML, like Gecko) Chrome/97.0.4692.71 Safari/537.36 Edg/97.0.1072.55"

::1 - - [14/Jan/2022:07:34:57 +0000] "POST /api/route/transportOrders/Park-1642145692863/withdrawal HTTP/1.1" 200 2 "http://localhost:30001/transportOrders" "Mozilla/5.0 (Windows NT 10.0; Win64; x64) AppleWebKit/537.36 (KHTML, like Gecko) Chrome/97.0.4692.71 Safari/537.36 Edg/97.0.1072.55"

::1 - - [14/Jan/2022:07:34:57 +0000] "GET /api/route/transportOrders?pageNo=1&pageSize=20 HTTP/1.1" 200 8180 "http://localhost:30001/transportOrders" "Mozilla/5.0 (Windows NT 10.0; Win64; x64) AppleWebKit/537.36 (KHTML, like Gecko) Chrome/97.0.4692.71 Safari/537.36 Edg/97.0.1072.55"

::1 - - [14/Jan/2022:07:36:11 +0000] "POST /api/route/transportOrders/20220114153611 HTTP/1.1" 200 2 "-" "python-requests/2.15.1"

::1 - - [14/Jan/2022:07:36:14 +0000] "GET /api/route/maps/current HTTP/1.1" 304 - "http://localhost:30001/map" "Mozilla/5.0 (Windows NT 10.0; Win64; x64) AppleWebKit/537.36 (KHTML, like Gecko) Chrome/97.0.4692.71 Safari/537.36 Edg/97.0.1072.55"

::1 - - [14/Jan/2022:07:39:19 +0000] "POST /api/route/transportOrders/20220114153919 HTTP/1.1" 200 2 "-" "python-requests/2.15.1"

::1 - - [14/Jan/2022:07:42:32 +0000] "POST /api/route/transportOrders/20220114154232 HTTP/1.1" 200 2 "-" "python-requests/2.15.1"

::1 - - [14/Jan/2022:07:44:18 +0000] "GET /api/route/transportOrders?pageNo=1&pageSize=20 HTTP/1.1" 200 7784 "http://localhost:30001/transportOrders" "Mozilla/5.0 (Windows NT 10.0; Win64; x64) AppleWebKit/537.36 (KHTML, like Gecko) Chrome/97.0.4692.71 Safari/537.36 Edg/97.0.1072.55"

::1 - - [14/Jan/2022:07:51:10 +0000] "POST /api/route/transportOrders/20220114155110 HTTP/1.1" 200 2 "-" "python-requests/2.15.1"

::1 - - [14/Jan/2022:07:51:13 +0000] "GET /api/route/maps/current HTTP/1.1" 304 - "http://localhost:30001/map" "Mozilla/5.0 (Windows NT 10.0; Win64; x64) AppleWebKit/537.36 (KHTML, like Gecko) Chrome/97.0.4692.71 Safari/537.36 Edg/97.0.1072.55"

::1 - - [14/Jan/2022:07:56:02 +0000] "POST /api/route/transportOrders/20220114155602 HTTP/1.1" 200 2 "-" "python-requests/2.15.1"

::1 - - [14/Jan/2022:07:58:11 +0000] "POST /api/route/transportOrders/20220114155811 HTTP/1.1" 200 2 "-" "python-requests/2.15.1"

::1 - - [14/Jan/2022:08:00:46 +0000] "POST /api/route/transportOrders/20220114160046 HTTP/1.1" 200 2 "-" "python-requests/2.15.1"

::1 - - [14/Jan/2022:08:03:00 +0000] "POST /api/route/transportOrders/20220114160300 HTTP/1.1" 200 2 "-" "python-requests/2.15.1"

::1 - - [14/Jan/2022:08:05:28 +0000] "POST /api/route/transportOrders/20220114160528 HTTP/1.1" 200 2 "-" "python-requests/2.15.1"

