::1 - - [21/Jul/2022:03:09:19 +0000] "GET /loginPage HTTP/1.1" 200 714 "-" "Mozilla/5.0 (Windows NT 10.0; Win64; x64) AppleWebKit/537.36 (KHTML, like Gecko) Chrome/103.0.5060.114 Safari/537.36 Edg/103.0.1264.62"

::1 - - [21/Jul/2022:03:09:19 +0000] "GET /css/app.9675e101.css HTTP/1.1" 200 5093 "http://localhost:30001/loginPage" "Mozilla/5.0 (Windows NT 10.0; Win64; x64) AppleWebKit/537.36 (KHTML, like Gecko) Chrome/103.0.5060.114 Safari/537.36 Edg/103.0.1264.62"

::1 - - [21/Jul/2022:03:09:19 +0000] "GET /js/app.b60bea03.js HTTP/1.1" 200 44280 "http://localhost:30001/loginPage" "Mozilla/5.0 (Windows NT 10.0; Win64; x64) AppleWebKit/537.36 (KHTML, like Gecko) Chrome/103.0.5060.114 Safari/537.36 Edg/103.0.1264.62"

::1 - - [21/Jul/2022:03:09:19 +0000] "GET /css/chunk-vendors.a16c4353.css HTTP/1.1" 200 214577 "http://localhost:30001/loginPage" "Mozilla/5.0 (Windows NT 10.0; Win64; x64) AppleWebKit/537.36 (KHTML, like Gecko) Chrome/103.0.5060.114 Safari/537.36 Edg/103.0.1264.62"

::1 - - [21/Jul/2022:03:09:19 +0000] "GET /js/chunk-vendors.14ce27f2.js HTTP/1.1" 200 1057081 "http://localhost:30001/loginPage" "Mozilla/5.0 (Windows NT 10.0; Win64; x64) AppleWebKit/537.36 (KHTML, like Gecko) Chrome/103.0.5060.114 Safari/537.36 Edg/103.0.1264.62"

::1 - - [21/Jul/2022:03:09:19 +0000] "GET /api/route/utils/wshost HTTP/1.1" 200 20 "http://localhost:30001/loginPage" "Mozilla/5.0 (Windows NT 10.0; Win64; x64) AppleWebKit/537.36 (KHTML, like Gecko) Chrome/103.0.5060.114 Safari/537.36 Edg/103.0.1264.62"

::1 - - [21/Jul/2022:03:09:19 +0000] "GET /favicon.ico HTTP/1.1" 302 32 "http://localhost:30001/loginPage" "Mozilla/5.0 (Windows NT 10.0; Win64; x64) AppleWebKit/537.36 (KHTML, like Gecko) Chrome/103.0.5060.114 Safari/537.36 Edg/103.0.1264.62"

::1 - - [21/Jul/2022:03:09:19 +0000] "GET /loginPage HTTP/1.1" 404 34 "http://localhost:30001/loginPage" "Mozilla/5.0 (Windows NT 10.0; Win64; x64) AppleWebKit/537.36 (KHTML, like Gecko) Chrome/103.0.5060.114 Safari/537.36 Edg/103.0.1264.62"

::1 - - [21/Jul/2022:03:09:24 +0000] "GET /fonts/element-icons.535877f5.woff HTTP/1.1" 200 28200 "http://localhost:30001/css/chunk-vendors.a16c4353.css" "Mozilla/5.0 (Windows NT 10.0; Win64; x64) AppleWebKit/537.36 (KHTML, like Gecko) Chrome/103.0.5060.114 Safari/537.36 Edg/103.0.1264.62"

::1 - - [21/Jul/2022:03:09:28 +0000] "POST /api/route/users/login HTTP/1.1" 200 44 "http://localhost:30001/loginPage" "Mozilla/5.0 (Windows NT 10.0; Win64; x64) AppleWebKit/537.36 (KHTML, like Gecko) Chrome/103.0.5060.114 Safari/537.36 Edg/103.0.1264.62"

::1 - - [21/Jul/2022:03:09:53 +0000] "POST /api/route/users/login HTTP/1.1" 200 44 "http://localhost:30001/loginPage" "Mozilla/5.0 (Windows NT 10.0; Win64; x64) AppleWebKit/537.36 (KHTML, like Gecko) Chrome/103.0.5060.114 Safari/537.36 Edg/103.0.1264.62"

::1 - - [21/Jul/2022:03:10:36 +0000] "POST /api/route/users/login HTTP/1.1" 200 35 "http://localhost:30001/loginPage" "Mozilla/5.0 (Windows NT 10.0; Win64; x64) AppleWebKit/537.36 (KHTML, like Gecko) Chrome/103.0.5060.114 Safari/537.36 Edg/103.0.1264.62"

::1 - - [21/Jul/2022:03:10:51 +0000] "GET /api/route/maps/current HTTP/1.1" 200 4832 "http://localhost:30001/map" "Mozilla/5.0 (Windows NT 10.0; Win64; x64) AppleWebKit/537.36 (KHTML, like Gecko) Chrome/103.0.5060.114 Safari/537.36 Edg/103.0.1264.62"

::1 - - [21/Jul/2022:03:11:47 +0000] "POST /api/route/maps/test HTTP/1.1" 200 2 "http://localhost:30001/map" "Mozilla/5.0 (Windows NT 10.0; Win64; x64) AppleWebKit/537.36 (KHTML, like Gecko) Chrome/103.0.5060.114 Safari/537.36 Edg/103.0.1264.62"

::1 - - [21/Jul/2022:03:11:51 +0000] "GET /api/route/maps/current/filename HTTP/1.1" 200 30 "http://localhost:30001/map" "Mozilla/5.0 (Windows NT 10.0; Win64; x64) AppleWebKit/537.36 (KHTML, like Gecko) Chrome/103.0.5060.114 Safari/537.36 Edg/103.0.1264.62"

::1 - - [21/Jul/2022:03:11:51 +0000] "GET /api/route/maps HTTP/1.1" 200 633 "http://localhost:30001/map" "Mozilla/5.0 (Windows NT 10.0; Win64; x64) AppleWebKit/537.36 (KHTML, like Gecko) Chrome/103.0.5060.114 Safari/537.36 Edg/103.0.1264.62"

::1 - - [21/Jul/2022:03:11:57 +0000] "GET /api/route/maps/current HTTP/1.1" 304 - "http://localhost:30001/map" "Mozilla/5.0 (Windows NT 10.0; Win64; x64) AppleWebKit/537.36 (KHTML, like Gecko) Chrome/103.0.5060.114 Safari/537.36 Edg/103.0.1264.62"

::1 - - [21/Jul/2022:03:11:59 +0000] "GET /map HTTP/1.1" 302 64 "-" "Mozilla/5.0 (Windows NT 10.0; Win64; x64) AppleWebKit/537.36 (KHTML, like Gecko) Chrome/103.0.5060.114 Safari/537.36 Edg/103.0.1264.62"

::1 - - [21/Jul/2022:03:11:59 +0000] "GET /loginPage HTTP/1.1" 200 714 "-" "Mozilla/5.0 (Windows NT 10.0; Win64; x64) AppleWebKit/537.36 (KHTML, like Gecko) Chrome/103.0.5060.114 Safari/537.36 Edg/103.0.1264.62"

::1 - - [21/Jul/2022:03:11:59 +0000] "GET /css/app.9675e101.css HTTP/1.1" 304 - "http://localhost:30001/loginPage" "Mozilla/5.0 (Windows NT 10.0; Win64; x64) AppleWebKit/537.36 (KHTML, like Gecko) Chrome/103.0.5060.114 Safari/537.36 Edg/103.0.1264.62"

::1 - - [21/Jul/2022:03:11:59 +0000] "GET /css/chunk-vendors.a16c4353.css HTTP/1.1" 304 - "http://localhost:30001/loginPage" "Mozilla/5.0 (Windows NT 10.0; Win64; x64) AppleWebKit/537.36 (KHTML, like Gecko) Chrome/103.0.5060.114 Safari/537.36 Edg/103.0.1264.62"

::1 - - [21/Jul/2022:03:11:59 +0000] "GET /js/app.b60bea03.js HTTP/1.1" 304 - "http://localhost:30001/loginPage" "Mozilla/5.0 (Windows NT 10.0; Win64; x64) AppleWebKit/537.36 (KHTML, like Gecko) Chrome/103.0.5060.114 Safari/537.36 Edg/103.0.1264.62"

::1 - - [21/Jul/2022:03:11:59 +0000] "GET /js/chunk-vendors.14ce27f2.js HTTP/1.1" 304 - "http://localhost:30001/loginPage" "Mozilla/5.0 (Windows NT 10.0; Win64; x64) AppleWebKit/537.36 (KHTML, like Gecko) Chrome/103.0.5060.114 Safari/537.36 Edg/103.0.1264.62"

::1 - - [21/Jul/2022:03:11:59 +0000] "GET /api/route/utils/wshost HTTP/1.1" 304 - "http://localhost:30001/loginPage" "Mozilla/5.0 (Windows NT 10.0; Win64; x64) AppleWebKit/537.36 (KHTML, like Gecko) Chrome/103.0.5060.114 Safari/537.36 Edg/103.0.1264.62"

::1 - - [21/Jul/2022:03:12:01 +0000] "GET /fonts/element-icons.535877f5.woff HTTP/1.1" 304 - "http://localhost:30001/css/chunk-vendors.a16c4353.css" "Mozilla/5.0 (Windows NT 10.0; Win64; x64) AppleWebKit/537.36 (KHTML, like Gecko) Chrome/103.0.5060.114 Safari/537.36 Edg/103.0.1264.62"

::1 - - [21/Jul/2022:03:12:01 +0000] "POST /api/route/users/login HTTP/1.1" 200 35 "http://localhost:30001/loginPage" "Mozilla/5.0 (Windows NT 10.0; Win64; x64) AppleWebKit/537.36 (KHTML, like Gecko) Chrome/103.0.5060.114 Safari/537.36 Edg/103.0.1264.62"

::1 - - [21/Jul/2022:03:12:02 +0000] "GET /api/route/maps/current HTTP/1.1" 304 - "http://localhost:30001/map" "Mozilla/5.0 (Windows NT 10.0; Win64; x64) AppleWebKit/537.36 (KHTML, like Gecko) Chrome/103.0.5060.114 Safari/537.36 Edg/103.0.1264.62"

::1 - - [21/Jul/2022:03:12:42 +0000] "GET /api/route/transportOrders?pageNo=1&pageSize=20 HTTP/1.1" 200 2384 "http://localhost:30001/transportOrders" "Mozilla/5.0 (Windows NT 10.0; Win64; x64) AppleWebKit/537.36 (KHTML, like Gecko) Chrome/103.0.5060.114 Safari/537.36 Edg/103.0.1264.62"

::1 - - [21/Jul/2022:03:12:43 +0000] "GET /api/route/maps/current HTTP/1.1" 304 - "http://localhost:30001/map" "Mozilla/5.0 (Windows NT 10.0; Win64; x64) AppleWebKit/537.36 (KHTML, like Gecko) Chrome/103.0.5060.114 Safari/537.36 Edg/103.0.1264.62"

::1 - - [21/Jul/2022:03:12:45 +0000] "GET /api/route/maps/current/filename HTTP/1.1" 304 - "http://localhost:30001/map" "Mozilla/5.0 (Windows NT 10.0; Win64; x64) AppleWebKit/537.36 (KHTML, like Gecko) Chrome/103.0.5060.114 Safari/537.36 Edg/103.0.1264.62"

::1 - - [21/Jul/2022:03:12:45 +0000] "GET /api/route/maps HTTP/1.1" 304 - "http://localhost:30001/map" "Mozilla/5.0 (Windows NT 10.0; Win64; x64) AppleWebKit/537.36 (KHTML, like Gecko) Chrome/103.0.5060.114 Safari/537.36 Edg/103.0.1264.62"

::1 - - [21/Jul/2022:03:12:49 +0000] "PUT /api/route/maps/current HTTP/1.1" 200 2 "http://localhost:30001/map" "Mozilla/5.0 (Windows NT 10.0; Win64; x64) AppleWebKit/537.36 (KHTML, like Gecko) Chrome/103.0.5060.114 Safari/537.36 Edg/103.0.1264.62"

::1 - - [21/Jul/2022:03:12:49 +0000] "GET /api/route/maps/current/filename HTTP/1.1" 200 25 "http://localhost:30001/map" "Mozilla/5.0 (Windows NT 10.0; Win64; x64) AppleWebKit/537.36 (KHTML, like Gecko) Chrome/103.0.5060.114 Safari/537.36 Edg/103.0.1264.62"

::1 - - [21/Jul/2022:03:12:49 +0000] "GET /api/route/maps/current HTTP/1.1" 200 19583 "http://localhost:30001/map" "Mozilla/5.0 (Windows NT 10.0; Win64; x64) AppleWebKit/537.36 (KHTML, like Gecko) Chrome/103.0.5060.114 Safari/537.36 Edg/103.0.1264.62"

::1 - - [21/Jul/2022:03:12:49 +0000] "GET /api/route/maps HTTP/1.1" 304 - "http://localhost:30001/map" "Mozilla/5.0 (Windows NT 10.0; Win64; x64) AppleWebKit/537.36 (KHTML, like Gecko) Chrome/103.0.5060.114 Safari/537.36 Edg/103.0.1264.62"

::1 - - [21/Jul/2022:03:28:55 +0000] "GET /api/route/transportOrders?pageNo=1&pageSize=20 HTTP/1.1" 304 - "http://localhost:30001/transportOrders" "Mozilla/5.0 (Windows NT 10.0; Win64; x64) AppleWebKit/537.36 (KHTML, like Gecko) Chrome/103.0.5060.114 Safari/537.36 Edg/103.0.1264.62"

::1 - - [21/Jul/2022:03:28:56 +0000] "GET /api/route/maps/current HTTP/1.1" 304 - "http://localhost:30001/map" "Mozilla/5.0 (Windows NT 10.0; Win64; x64) AppleWebKit/537.36 (KHTML, like Gecko) Chrome/103.0.5060.114 Safari/537.36 Edg/103.0.1264.62"

::1 - - [21/Jul/2022:03:33:51 +0000] "GET /map HTTP/1.1" 302 64 "-" "Mozilla/5.0 (Windows NT 10.0; Win64; x64) AppleWebKit/537.36 (KHTML, like Gecko) Chrome/103.0.5060.114 Safari/537.36 Edg/103.0.1264.62"

::1 - - [21/Jul/2022:03:33:51 +0000] "GET /loginPage HTTP/1.1" 304 - "-" "Mozilla/5.0 (Windows NT 10.0; Win64; x64) AppleWebKit/537.36 (KHTML, like Gecko) Chrome/103.0.5060.114 Safari/537.36 Edg/103.0.1264.62"

::1 - - [21/Jul/2022:03:33:52 +0000] "GET /css/app.9675e101.css HTTP/1.1" 304 - "http://localhost:30001/loginPage" "Mozilla/5.0 (Windows NT 10.0; Win64; x64) AppleWebKit/537.36 (KHTML, like Gecko) Chrome/103.0.5060.114 Safari/537.36 Edg/103.0.1264.62"

::1 - - [21/Jul/2022:03:33:52 +0000] "GET /css/chunk-vendors.a16c4353.css HTTP/1.1" 304 - "http://localhost:30001/loginPage" "Mozilla/5.0 (Windows NT 10.0; Win64; x64) AppleWebKit/537.36 (KHTML, like Gecko) Chrome/103.0.5060.114 Safari/537.36 Edg/103.0.1264.62"

::1 - - [21/Jul/2022:03:33:52 +0000] "GET /js/app.b60bea03.js HTTP/1.1" 304 - "http://localhost:30001/loginPage" "Mozilla/5.0 (Windows NT 10.0; Win64; x64) AppleWebKit/537.36 (KHTML, like Gecko) Chrome/103.0.5060.114 Safari/537.36 Edg/103.0.1264.62"

::1 - - [21/Jul/2022:03:33:52 +0000] "GET /js/chunk-vendors.14ce27f2.js HTTP/1.1" 304 - "http://localhost:30001/loginPage" "Mozilla/5.0 (Windows NT 10.0; Win64; x64) AppleWebKit/537.36 (KHTML, like Gecko) Chrome/103.0.5060.114 Safari/537.36 Edg/103.0.1264.62"

::1 - - [21/Jul/2022:03:33:52 +0000] "GET /api/route/utils/wshost HTTP/1.1" 304 - "http://localhost:30001/loginPage" "Mozilla/5.0 (Windows NT 10.0; Win64; x64) AppleWebKit/537.36 (KHTML, like Gecko) Chrome/103.0.5060.114 Safari/537.36 Edg/103.0.1264.62"

::1 - - [21/Jul/2022:03:33:53 +0000] "GET /fonts/element-icons.535877f5.woff HTTP/1.1" 304 - "http://localhost:30001/css/chunk-vendors.a16c4353.css" "Mozilla/5.0 (Windows NT 10.0; Win64; x64) AppleWebKit/537.36 (KHTML, like Gecko) Chrome/103.0.5060.114 Safari/537.36 Edg/103.0.1264.62"

::1 - - [21/Jul/2022:03:33:53 +0000] "POST /api/route/users/login HTTP/1.1" 200 35 "http://localhost:30001/loginPage" "Mozilla/5.0 (Windows NT 10.0; Win64; x64) AppleWebKit/537.36 (KHTML, like Gecko) Chrome/103.0.5060.114 Safari/537.36 Edg/103.0.1264.62"

::1 - - [21/Jul/2022:03:33:58 +0000] "GET /api/route/maps/current HTTP/1.1" 304 - "http://localhost:30001/map" "Mozilla/5.0 (Windows NT 10.0; Win64; x64) AppleWebKit/537.36 (KHTML, like Gecko) Chrome/103.0.5060.114 Safari/537.36 Edg/103.0.1264.62"

::1 - - [21/Jul/2022:03:34:02 +0000] "GET /api/route/maps/current HTTP/1.1" 304 - "http://localhost:30001/map" "Mozilla/5.0 (Windows NT 10.0; Win64; x64) AppleWebKit/537.36 (KHTML, like Gecko) Chrome/103.0.5060.114 Safari/537.36 Edg/103.0.1264.62"

::1 - - [21/Jul/2022:03:35:28 +0000] "GET /api/route/transportOrders?pageNo=1&pageSize=20 HTTP/1.1" 304 - "http://localhost:30001/transportOrders" "Mozilla/5.0 (Windows NT 10.0; Win64; x64) AppleWebKit/537.36 (KHTML, like Gecko) Chrome/103.0.5060.114 Safari/537.36 Edg/103.0.1264.62"

::1 - - [21/Jul/2022:05:29:22 +0000] "GET /api/route/maps/current HTTP/1.1" 304 - "http://localhost:30001/map" "Mozilla/5.0 (Windows NT 10.0; Win64; x64) AppleWebKit/537.36 (KHTML, like Gecko) Chrome/103.0.5060.114 Safari/537.36 Edg/103.0.1264.62"

::1 - - [21/Jul/2022:05:46:41 +0000] "POST /api/route/transportOrders/TOrder-01 HTTP/1.1" 409 43 "-" "PostmanRuntime/7.28.4"

::1 - - [21/Jul/2022:05:46:51 +0000] "POST /api/route/transportOrders/TOrder-10 HTTP/1.1" 200 2 "-" "PostmanRuntime/7.28.4"

::1 - - [21/Jul/2022:05:47:09 +0000] "GET /api/route/transportOrders?pageNo=1&pageSize=20 HTTP/1.1" 200 2659 "http://localhost:30001/transportOrders" "Mozilla/5.0 (Windows NT 10.0; Win64; x64) AppleWebKit/537.36 (KHTML, like Gecko) Chrome/103.0.5060.114 Safari/537.36 Edg/103.0.1264.62"

::1 - - [21/Jul/2022:05:47:15 +0000] "GET /api/route/maps/current HTTP/1.1" 304 - "http://localhost:30001/map" "Mozilla/5.0 (Windows NT 10.0; Win64; x64) AppleWebKit/537.36 (KHTML, like Gecko) Chrome/103.0.5060.114 Safari/537.36 Edg/103.0.1264.62"

::1 - - [21/Jul/2022:05:47:33 +0000] "GET /api/route/maps/current HTTP/1.1" 304 - "http://localhost:30001/map" "Mozilla/5.0 (Windows NT 10.0; Win64; x64) AppleWebKit/537.36 (KHTML, like Gecko) Chrome/103.0.5060.114 Safari/537.36 Edg/103.0.1264.62"

::1 - - [21/Jul/2022:05:47:50 +0000] "POST /api/route/transportOrders/TOrder-11 HTTP/1.1" 200 2 "-" "PostmanRuntime/7.28.4"

::1 - - [21/Jul/2022:05:47:55 +0000] "GET /api/route/transportOrders?pageNo=1&pageSize=20 HTTP/1.1" 200 2934 "http://localhost:30001/transportOrders" "Mozilla/5.0 (Windows NT 10.0; Win64; x64) AppleWebKit/537.36 (KHTML, like Gecko) Chrome/103.0.5060.114 Safari/537.36 Edg/103.0.1264.62"

::1 - - [21/Jul/2022:05:48:49 +0000] "POST /api/route/transportOrders/TOrder-11/withdrawal HTTP/1.1" 200 2 "http://localhost:30001/transportOrders" "Mozilla/5.0 (Windows NT 10.0; Win64; x64) AppleWebKit/537.36 (KHTML, like Gecko) Chrome/103.0.5060.114 Safari/537.36 Edg/103.0.1264.62"

::1 - - [21/Jul/2022:05:48:49 +0000] "POST /api/route/transportOrders/TOrder-10/withdrawal HTTP/1.1" 200 2 "http://localhost:30001/transportOrders" "Mozilla/5.0 (Windows NT 10.0; Win64; x64) AppleWebKit/537.36 (KHTML, like Gecko) Chrome/103.0.5060.114 Safari/537.36 Edg/103.0.1264.62"

::1 - - [21/Jul/2022:05:48:49 +0000] "POST /api/route/transportOrders/TOrder-01/withdrawal HTTP/1.1" 200 2 "http://localhost:30001/transportOrders" "Mozilla/5.0 (Windows NT 10.0; Win64; x64) AppleWebKit/537.36 (KHTML, like Gecko) Chrome/103.0.5060.114 Safari/537.36 Edg/103.0.1264.62"

::1 - - [21/Jul/2022:05:48:49 +0000] "POST /api/route/transportOrders/TOrder-06/withdrawal HTTP/1.1" 200 2 "http://localhost:30001/transportOrders" "Mozilla/5.0 (Windows NT 10.0; Win64; x64) AppleWebKit/537.36 (KHTML, like Gecko) Chrome/103.0.5060.114 Safari/537.36 Edg/103.0.1264.62"

::1 - - [21/Jul/2022:05:48:49 +0000] "POST /api/route/transportOrders/TOrder-07/withdrawal HTTP/1.1" 200 2 "http://localhost:30001/transportOrders" "Mozilla/5.0 (Windows NT 10.0; Win64; x64) AppleWebKit/537.36 (KHTML, like Gecko) Chrome/103.0.5060.114 Safari/537.36 Edg/103.0.1264.62"

::1 - - [21/Jul/2022:05:48:49 +0000] "POST /api/route/transportOrders/TOrder-08/withdrawal HTTP/1.1" 200 2 "http://localhost:30001/transportOrders" "Mozilla/5.0 (Windows NT 10.0; Win64; x64) AppleWebKit/537.36 (KHTML, like Gecko) Chrome/103.0.5060.114 Safari/537.36 Edg/103.0.1264.62"

::1 - - [21/Jul/2022:05:48:49 +0000] "POST /api/route/transportOrders/Park-1656898743431/withdrawal HTTP/1.1" 200 2 "http://localhost:30001/transportOrders" "Mozilla/5.0 (Windows NT 10.0; Win64; x64) AppleWebKit/537.36 (KHTML, like Gecko) Chrome/103.0.5060.114 Safari/537.36 Edg/103.0.1264.62"

::1 - - [21/Jul/2022:05:48:49 +0000] "POST /api/route/transportOrders/Park-1656898811448/withdrawal HTTP/1.1" 200 2 "http://localhost:30001/transportOrders" "Mozilla/5.0 (Windows NT 10.0; Win64; x64) AppleWebKit/537.36 (KHTML, like Gecko) Chrome/103.0.5060.114 Safari/537.36 Edg/103.0.1264.62"

::1 - - [21/Jul/2022:05:48:49 +0000] "POST /api/route/transportOrders/Park-1656898847210/withdrawal HTTP/1.1" 200 2 "http://localhost:30001/transportOrders" "Mozilla/5.0 (Windows NT 10.0; Win64; x64) AppleWebKit/537.36 (KHTML, like Gecko) Chrome/103.0.5060.114 Safari/537.36 Edg/103.0.1264.62"

::1 - - [21/Jul/2022:05:48:49 +0000] "POST /api/route/transportOrders/Park-1656898882187/withdrawal HTTP/1.1" 200 2 "http://localhost:30001/transportOrders" "Mozilla/5.0 (Windows NT 10.0; Win64; x64) AppleWebKit/537.36 (KHTML, like Gecko) Chrome/103.0.5060.114 Safari/537.36 Edg/103.0.1264.62"

::1 - - [21/Jul/2022:05:48:49 +0000] "GET /api/route/transportOrders?pageNo=1&pageSize=20 HTTP/1.1" 200 2928 "http://localhost:30001/transportOrders" "Mozilla/5.0 (Windows NT 10.0; Win64; x64) AppleWebKit/537.36 (KHTML, like Gecko) Chrome/103.0.5060.114 Safari/537.36 Edg/103.0.1264.62"

::1 - - [21/Jul/2022:05:48:57 +0000] "POST /api/route/transportOrders/TOrder-11/withdrawal HTTP/1.1" 200 2 "http://localhost:30001/transportOrders" "Mozilla/5.0 (Windows NT 10.0; Win64; x64) AppleWebKit/537.36 (KHTML, like Gecko) Chrome/103.0.5060.114 Safari/537.36 Edg/103.0.1264.62"

::1 - - [21/Jul/2022:05:48:57 +0000] "POST /api/route/transportOrders/TOrder-10/withdrawal HTTP/1.1" 200 2 "http://localhost:30001/transportOrders" "Mozilla/5.0 (Windows NT 10.0; Win64; x64) AppleWebKit/537.36 (KHTML, like Gecko) Chrome/103.0.5060.114 Safari/537.36 Edg/103.0.1264.62"

::1 - - [21/Jul/2022:05:48:57 +0000] "POST /api/route/transportOrders/Park-1656898882187/withdrawal HTTP/1.1" 200 2 "http://localhost:30001/transportOrders" "Mozilla/5.0 (Windows NT 10.0; Win64; x64) AppleWebKit/537.36 (KHTML, like Gecko) Chrome/103.0.5060.114 Safari/537.36 Edg/103.0.1264.62"

::1 - - [21/Jul/2022:05:48:57 +0000] "POST /api/route/transportOrders/Park-1656898847210/withdrawal HTTP/1.1" 200 2 "http://localhost:30001/transportOrders" "Mozilla/5.0 (Windows NT 10.0; Win64; x64) AppleWebKit/537.36 (KHTML, like Gecko) Chrome/103.0.5060.114 Safari/537.36 Edg/103.0.1264.62"

::1 - - [21/Jul/2022:05:48:57 +0000] "POST /api/route/transportOrders/Park-1656898811448/withdrawal HTTP/1.1" 200 2 "http://localhost:30001/transportOrders" "Mozilla/5.0 (Windows NT 10.0; Win64; x64) AppleWebKit/537.36 (KHTML, like Gecko) Chrome/103.0.5060.114 Safari/537.36 Edg/103.0.1264.62"

::1 - - [21/Jul/2022:05:48:57 +0000] "POST /api/route/transportOrders/Park-1656898743431/withdrawal HTTP/1.1" 200 2 "http://localhost:30001/transportOrders" "Mozilla/5.0 (Windows NT 10.0; Win64; x64) AppleWebKit/537.36 (KHTML, like Gecko) Chrome/103.0.5060.114 Safari/537.36 Edg/103.0.1264.62"

::1 - - [21/Jul/2022:05:48:57 +0000] "POST /api/route/transportOrders/TOrder-08/withdrawal HTTP/1.1" 200 2 "http://localhost:30001/transportOrders" "Mozilla/5.0 (Windows NT 10.0; Win64; x64) AppleWebKit/537.36 (KHTML, like Gecko) Chrome/103.0.5060.114 Safari/537.36 Edg/103.0.1264.62"

::1 - - [21/Jul/2022:05:48:57 +0000] "POST /api/route/transportOrders/TOrder-07/withdrawal HTTP/1.1" 200 2 "http://localhost:30001/transportOrders" "Mozilla/5.0 (Windows NT 10.0; Win64; x64) AppleWebKit/537.36 (KHTML, like Gecko) Chrome/103.0.5060.114 Safari/537.36 Edg/103.0.1264.62"

::1 - - [21/Jul/2022:05:48:57 +0000] "POST /api/route/transportOrders/TOrder-06/withdrawal HTTP/1.1" 200 2 "http://localhost:30001/transportOrders" "Mozilla/5.0 (Windows NT 10.0; Win64; x64) AppleWebKit/537.36 (KHTML, like Gecko) Chrome/103.0.5060.114 Safari/537.36 Edg/103.0.1264.62"

::1 - - [21/Jul/2022:05:48:57 +0000] "POST /api/route/transportOrders/TOrder-01/withdrawal HTTP/1.1" 200 2 "http://localhost:30001/transportOrders" "Mozilla/5.0 (Windows NT 10.0; Win64; x64) AppleWebKit/537.36 (KHTML, like Gecko) Chrome/103.0.5060.114 Safari/537.36 Edg/103.0.1264.62"

::1 - - [21/Jul/2022:05:48:57 +0000] "GET /api/route/transportOrders?pageNo=1&pageSize=20 HTTP/1.1" 304 - "http://localhost:30001/transportOrders" "Mozilla/5.0 (Windows NT 10.0; Win64; x64) AppleWebKit/537.36 (KHTML, like Gecko) Chrome/103.0.5060.114 Safari/537.36 Edg/103.0.1264.62"

::1 - - [21/Jul/2022:05:49:02 +0000] "POST /api/route/transportOrders/TOrder-11/withdrawal HTTP/1.1" 200 2 "http://localhost:30001/transportOrders" "Mozilla/5.0 (Windows NT 10.0; Win64; x64) AppleWebKit/537.36 (KHTML, like Gecko) Chrome/103.0.5060.114 Safari/537.36 Edg/103.0.1264.62"

::1 - - [21/Jul/2022:05:49:02 +0000] "POST /api/route/transportOrders/TOrder-10/withdrawal HTTP/1.1" 200 2 "http://localhost:30001/transportOrders" "Mozilla/5.0 (Windows NT 10.0; Win64; x64) AppleWebKit/537.36 (KHTML, like Gecko) Chrome/103.0.5060.114 Safari/537.36 Edg/103.0.1264.62"

::1 - - [21/Jul/2022:05:49:02 +0000] "POST /api/route/transportOrders/Park-1656898882187/withdrawal HTTP/1.1" 200 2 "http://localhost:30001/transportOrders" "Mozilla/5.0 (Windows NT 10.0; Win64; x64) AppleWebKit/537.36 (KHTML, like Gecko) Chrome/103.0.5060.114 Safari/537.36 Edg/103.0.1264.62"

::1 - - [21/Jul/2022:05:49:02 +0000] "POST /api/route/transportOrders/Park-1656898847210/withdrawal HTTP/1.1" 200 2 "http://localhost:30001/transportOrders" "Mozilla/5.0 (Windows NT 10.0; Win64; x64) AppleWebKit/537.36 (KHTML, like Gecko) Chrome/103.0.5060.114 Safari/537.36 Edg/103.0.1264.62"

::1 - - [21/Jul/2022:05:49:02 +0000] "POST /api/route/transportOrders/Park-1656898811448/withdrawal HTTP/1.1" 200 2 "http://localhost:30001/transportOrders" "Mozilla/5.0 (Windows NT 10.0; Win64; x64) AppleWebKit/537.36 (KHTML, like Gecko) Chrome/103.0.5060.114 Safari/537.36 Edg/103.0.1264.62"

::1 - - [21/Jul/2022:05:49:02 +0000] "POST /api/route/transportOrders/Park-1656898743431/withdrawal HTTP/1.1" 200 2 "http://localhost:30001/transportOrders" "Mozilla/5.0 (Windows NT 10.0; Win64; x64) AppleWebKit/537.36 (KHTML, like Gecko) Chrome/103.0.5060.114 Safari/537.36 Edg/103.0.1264.62"

::1 - - [21/Jul/2022:05:49:02 +0000] "POST /api/route/transportOrders/TOrder-07/withdrawal HTTP/1.1" 200 2 "http://localhost:30001/transportOrders" "Mozilla/5.0 (Windows NT 10.0; Win64; x64) AppleWebKit/537.36 (KHTML, like Gecko) Chrome/103.0.5060.114 Safari/537.36 Edg/103.0.1264.62"

::1 - - [21/Jul/2022:05:49:02 +0000] "POST /api/route/transportOrders/TOrder-08/withdrawal HTTP/1.1" 200 2 "http://localhost:30001/transportOrders" "Mozilla/5.0 (Windows NT 10.0; Win64; x64) AppleWebKit/537.36 (KHTML, like Gecko) Chrome/103.0.5060.114 Safari/537.36 Edg/103.0.1264.62"

::1 - - [21/Jul/2022:05:49:02 +0000] "POST /api/route/transportOrders/TOrder-06/withdrawal HTTP/1.1" 200 2 "http://localhost:30001/transportOrders" "Mozilla/5.0 (Windows NT 10.0; Win64; x64) AppleWebKit/537.36 (KHTML, like Gecko) Chrome/103.0.5060.114 Safari/537.36 Edg/103.0.1264.62"

::1 - - [21/Jul/2022:05:49:02 +0000] "POST /api/route/transportOrders/TOrder-01/withdrawal HTTP/1.1" 200 2 "http://localhost:30001/transportOrders" "Mozilla/5.0 (Windows NT 10.0; Win64; x64) AppleWebKit/537.36 (KHTML, like Gecko) Chrome/103.0.5060.114 Safari/537.36 Edg/103.0.1264.62"

::1 - - [21/Jul/2022:05:49:02 +0000] "GET /api/route/transportOrders?pageNo=1&pageSize=20 HTTP/1.1" 304 - "http://localhost:30001/transportOrders" "Mozilla/5.0 (Windows NT 10.0; Win64; x64) AppleWebKit/537.36 (KHTML, like Gecko) Chrome/103.0.5060.114 Safari/537.36 Edg/103.0.1264.62"

::1 - - [21/Jul/2022:05:49:04 +0000] "GET /api/route/maps/current HTTP/1.1" 304 - "http://localhost:30001/map" "Mozilla/5.0 (Windows NT 10.0; Win64; x64) AppleWebKit/537.36 (KHTML, like Gecko) Chrome/103.0.5060.114 Safari/537.36 Edg/103.0.1264.62"

::1 - - [21/Jul/2022:05:50:06 +0000] "POST /api/route/transportOrders/TOrder-01 HTTP/1.1" 409 43 "-" "PostmanRuntime/7.28.4"

::1 - - [21/Jul/2022:05:50:12 +0000] "POST /api/route/transportOrders/TOrder-11 HTTP/1.1" 409 43 "-" "PostmanRuntime/7.28.4"

::1 - - [21/Jul/2022:05:50:15 +0000] "POST /api/route/transportOrders/TOrder-13 HTTP/1.1" 200 2 "-" "PostmanRuntime/7.28.4"

::1 - - [21/Jul/2022:05:50:19 +0000] "GET /api/route/maps/current HTTP/1.1" 304 - "http://localhost:30001/map" "Mozilla/5.0 (Windows NT 10.0; Win64; x64) AppleWebKit/537.36 (KHTML, like Gecko) Chrome/103.0.5060.114 Safari/537.36 Edg/103.0.1264.62"

::1 - - [21/Jul/2022:05:54:13 +0000] "GET /api/route/transportOrders?pageNo=1&pageSize=20 HTTP/1.1" 200 3238 "http://localhost:30001/transportOrders" "Mozilla/5.0 (Windows NT 10.0; Win64; x64) AppleWebKit/537.36 (KHTML, like Gecko) Chrome/103.0.5060.114 Safari/537.36 Edg/103.0.1264.62"

::1 - - [21/Jul/2022:05:54:15 +0000] "GET /api/route/maps/current HTTP/1.1" 304 - "http://localhost:30001/map" "Mozilla/5.0 (Windows NT 10.0; Win64; x64) AppleWebKit/537.36 (KHTML, like Gecko) Chrome/103.0.5060.114 Safari/537.36 Edg/103.0.1264.62"

::1 - - [21/Jul/2022:05:54:43 +0000] "POST /api/route/transportOrders/TOrder-14 HTTP/1.1" 200 2 "-" "PostmanRuntime/7.28.4"

::1 - - [21/Jul/2022:05:54:49 +0000] "POST /api/route/transportOrders/TOrder-15 HTTP/1.1" 200 2 "-" "PostmanRuntime/7.28.4"

::1 - - [21/Jul/2022:05:54:56 +0000] "GET /api/route/transportOrders?pageNo=1&pageSize=20 HTTP/1.1" 200 3788 "http://localhost:30001/transportOrders" "Mozilla/5.0 (Windows NT 10.0; Win64; x64) AppleWebKit/537.36 (KHTML, like Gecko) Chrome/103.0.5060.114 Safari/537.36 Edg/103.0.1264.62"

::1 - - [21/Jul/2022:05:55:00 +0000] "GET /api/route/maps/current HTTP/1.1" 304 - "http://localhost:30001/map" "Mozilla/5.0 (Windows NT 10.0; Win64; x64) AppleWebKit/537.36 (KHTML, like Gecko) Chrome/103.0.5060.114 Safari/537.36 Edg/103.0.1264.62"

::1 - - [21/Jul/2022:05:55:22 +0000] "POST /api/route/transportOrders/TOrder-16 HTTP/1.1" 200 2 "-" "PostmanRuntime/7.28.4"

::1 - - [21/Jul/2022:05:55:29 +0000] "GET /api/route/transportOrders?pageNo=1&pageSize=20 HTTP/1.1" 200 4085 "http://localhost:30001/transportOrders" "Mozilla/5.0 (Windows NT 10.0; Win64; x64) AppleWebKit/537.36 (KHTML, like Gecko) Chrome/103.0.5060.114 Safari/537.36 Edg/103.0.1264.62"

::1 - - [21/Jul/2022:05:55:39 +0000] "GET /api/route/maps/current HTTP/1.1" 304 - "http://localhost:30001/map" "Mozilla/5.0 (Windows NT 10.0; Win64; x64) AppleWebKit/537.36 (KHTML, like Gecko) Chrome/103.0.5060.114 Safari/537.36 Edg/103.0.1264.62"

::1 - - [21/Jul/2022:05:57:39 +0000] "GET /api/route/maps/current HTTP/1.1" 304 - "http://localhost:30001/map" "Mozilla/5.0 (Windows NT 10.0; Win64; x64) AppleWebKit/537.36 (KHTML, like Gecko) Chrome/103.0.5060.114 Safari/537.36 Edg/103.0.1264.62"

::1 - - [21/Jul/2022:05:57:43 +0000] "GET /api/route/transportOrders?pageNo=1&pageSize=20 HTTP/1.1" 200 4120 "http://localhost:30001/transportOrders" "Mozilla/5.0 (Windows NT 10.0; Win64; x64) AppleWebKit/537.36 (KHTML, like Gecko) Chrome/103.0.5060.114 Safari/537.36 Edg/103.0.1264.62"

::1 - - [21/Jul/2022:05:57:46 +0000] "GET /api/route/maps/current HTTP/1.1" 304 - "http://localhost:30001/map" "Mozilla/5.0 (Windows NT 10.0; Win64; x64) AppleWebKit/537.36 (KHTML, like Gecko) Chrome/103.0.5060.114 Safari/537.36 Edg/103.0.1264.62"

::1 - - [21/Jul/2022:05:58:35 +0000] "GET /api/route/transportOrders?pageNo=1&pageSize=20 HTTP/1.1" 200 4190 "http://localhost:30001/transportOrders" "Mozilla/5.0 (Windows NT 10.0; Win64; x64) AppleWebKit/537.36 (KHTML, like Gecko) Chrome/103.0.5060.114 Safari/537.36 Edg/103.0.1264.62"

::1 - - [21/Jul/2022:05:58:38 +0000] "GET /api/route/maps/current HTTP/1.1" 304 - "http://localhost:30001/map" "Mozilla/5.0 (Windows NT 10.0; Win64; x64) AppleWebKit/537.36 (KHTML, like Gecko) Chrome/103.0.5060.114 Safari/537.36 Edg/103.0.1264.62"

::1 - - [21/Jul/2022:05:59:02 +0000] "POST /api/route/transportOrders/TOrder-17 HTTP/1.1" 200 2 "-" "PostmanRuntime/7.28.4"

::1 - - [21/Jul/2022:05:59:27 +0000] "POST /api/route/transportOrders/TOrder-18 HTTP/1.1" 200 2 "-" "PostmanRuntime/7.28.4"

::1 - - [21/Jul/2022:06:00:13 +0000] "POST /api/route/transportOrders/TOrder-18 HTTP/1.1" 409 43 "-" "PostmanRuntime/7.28.4"

::1 - - [21/Jul/2022:06:00:17 +0000] "POST /api/route/transportOrders/TOrder-19 HTTP/1.1" 200 2 "-" "PostmanRuntime/7.28.4"

::1 - - [21/Jul/2022:06:00:44 +0000] "POST /api/route/transportOrders/TOrder-20 HTTP/1.1" 200 2 "-" "PostmanRuntime/7.28.4"

::1 - - [21/Jul/2022:06:01:50 +0000] "GET /api/route/maps/current HTTP/1.1" 304 - "http://localhost:30001/map" "Mozilla/5.0 (Windows NT 10.0; Win64; x64) AppleWebKit/537.36 (KHTML, like Gecko) Chrome/103.0.5060.114 Safari/537.36 Edg/103.0.1264.62"

