[info] [2021-12-17T02:26:10.572Z] : Service start.
[warn] [2021-12-17T02:26:10.576Z] : Service start warn.
[error] [2021-12-17T02:26:10.576Z] : Service start error.
[info] [2021-12-17T02:29:12.547Z] : Service start.
[warn] [2021-12-17T02:29:12.551Z] : Service start warn.
[error] [2021-12-17T02:29:12.551Z] : Service start error.
[info] [2021-12-17T02:30:36.191Z] : neworder : {"category":"Park","intendedVehicle":"ch_agv_1","destinations":[{"locationName":"PP6","operation":"park"}]}
[info] [2021-12-17T02:34:03.455Z] : neworder : {"category":"Normal","destinations":[{"locationName":"AP1","operation":"sound"}]}
[info] [2021-12-17T02:35:27.415Z] : neworder : {"category":"Park","intendedVehicle":"ch_agv_1","destinations":[{"locationName":"PP6","operation":"park"}]}
[info] [2021-12-17T02:35:36.122Z] : neworder : {"category":"Normal","destinations":[{"locationName":"AP1","operation":"sound"}]}
[info] [2021-12-17T02:53:57.549Z] : neworder : {"category":"Park","intendedVehicle":"ch_agv_1","destinations":[{"locationName":"PP6","operation":"park"}]}
[info] [2021-12-17T02:55:14.961Z] : neworder : {"category":"Normal","destinations":[{"locationName":"AP1","operation":"sound"}]}
[info] [2021-12-17T02:56:38.013Z] : neworder : {"category":"Park","intendedVehicle":"ch_agv_1","destinations":[{"locationName":"PP6","operation":"park"}]}
[info] [2021-12-17T02:56:42.339Z] : neworder : {"category":"Normal","destinations":[{"locationName":"AP1","operation":"sound"}]}
[info] [2021-12-17T02:56:59.744Z] : neworder : {"category":"Normal","destinations":[{"locationName":"AP1","operation":"sound"}]}
[info] [2021-12-17T02:58:00.649Z] : neworder : {"category":"Park","intendedVehicle":"ch_agv_1","destinations":[{"locationName":"PP6","operation":"park"}]}
[info] [2021-12-17T02:58:37.454Z] : neworder : {"category":"Normal","destinations":[{"locationName":"AP1","operation":"sound"}]}
[info] [2021-12-17T03:00:01.241Z] : neworder : {"category":"Park","intendedVehicle":"ch_agv_1","destinations":[{"locationName":"PP6","operation":"park"}]}
[info] [2021-12-17T03:00:30.477Z] : neworder : {"category":"Normal","destinations":[{"locationName":"AP1","operation":"sound"}]}
[info] [2021-12-17T03:01:29.010Z] : neworder : {"category":"Normal","destinations":[{"locationName":"AP1","operation":"sound"}]}
[info] [2021-12-17T03:02:00.751Z] : neworder : {"category":"Park","intendedVehicle":"ch_agv_1","destinations":[{"locationName":"PP6","operation":"park"}]}
[info] [2021-12-17T03:05:10.323Z] : neworder : {"category":"Normal","destinations":[{"locationName":"AP1","operation":"sound"}]}
[info] [2021-12-17T03:06:32.527Z] : neworder : {"category":"Park","intendedVehicle":"ch_agv_1","destinations":[{"locationName":"PP6","operation":"park"}]}
[info] [2021-12-17T03:09:11.411Z] : neworder : {"category":"Normal","destinations":[{"locationName":"AP1","operation":"sound"}]}
[info] [2021-12-17T03:10:39.261Z] : neworder : {"category":"Park","intendedVehicle":"ch_agv_1","destinations":[{"locationName":"PP6","operation":"park"}]}
[info] [2021-12-17T03:11:23.481Z] : neworder : {"category":"Normal","destinations":[{"locationName":"AP1","operation":"sound"}]}
[info] [2021-12-17T03:13:26.703Z] : neworder : {"category":"Park","intendedVehicle":"ch_agv_1","destinations":[{"locationName":"PP6","operation":"park"}]}
[info] [2021-12-17T04:01:16.010Z] : neworder : {"category":"Normal","destinations":[{"locationName":"AP1","operation":"sound"}]}
[info] [2021-12-17T04:02:45.261Z] : neworder : {"category":"Park","intendedVehicle":"ch_agv_1","destinations":[{"locationName":"PP6","operation":"park"}]}
[info] [2021-12-17T04:04:48.294Z] : neworder : {"category":"Normal","destinations":[{"locationName":"AP1","operation":"sound"}]}
[info] [2021-12-17T04:06:16.680Z] : neworder : {"category":"Park","intendedVehicle":"ch_agv_1","destinations":[{"locationName":"PP6","operation":"park"}]}
[info] [2021-12-17T04:18:24.944Z] : neworder : {"category":"Normal","destinations":[{"locationName":"AP1","operation":"sound"}]}
[info] [2021-12-17T04:19:53.021Z] : neworder : {"category":"Park","intendedVehicle":"ch_agv_1","destinations":[{"locationName":"PP6","operation":"park"}]}
[info] [2021-12-17T04:19:56.246Z] : neworder : {"category":"Normal","destinations":[{"locationName":"AP1","operation":"sound"}]}
[info] [2021-12-17T04:21:15.186Z] : neworder : {"category":"Park","intendedVehicle":"ch_agv_1","destinations":[{"locationName":"PP6","operation":"park"}]}
[info] [2021-12-17T04:23:37.892Z] : neworder : {"category":"Normal","destinations":[{"locationName":"AP1","operation":"sound"}]}
[info] [2021-12-17T04:25:05.803Z] : neworder : {"category":"Park","intendedVehicle":"ch_agv_1","destinations":[{"locationName":"PP6","operation":"park"}]}
[info] [2021-12-17T04:26:49.916Z] : neworder : {"category":"Normal","destinations":[{"locationName":"AP1","operation":"sound"}]}
[info] [2021-12-17T04:28:18.371Z] : neworder : {"category":"Park","intendedVehicle":"ch_agv_1","destinations":[{"locationName":"PP6","operation":"park"}]}
[info] [2021-12-17T04:31:44.457Z] : neworder : {"category":"Normal","destinations":[{"locationName":"AP1","operation":"sound"}]}
[info] [2021-12-17T04:33:12.304Z] : neworder : {"category":"Park","intendedVehicle":"ch_agv_1","destinations":[{"locationName":"PP6","operation":"park"}]}
[info] [2021-12-17T04:34:47.478Z] : neworder : {"category":"Normal","destinations":[{"locationName":"AP1","operation":"sound"}]}
[info] [2021-12-17T04:36:15.729Z] : neworder : {"category":"Park","intendedVehicle":"ch_agv_1","destinations":[{"locationName":"PP6","operation":"park"}]}
[info] [2021-12-17T04:36:38.514Z] : neworder : {"category":"Normal","destinations":[{"locationName":"AP1","operation":"sound"}]}
[info] [2021-12-17T04:38:22.016Z] : neworder : {"category":"Park","intendedVehicle":"ch_agv_1","destinations":[{"locationName":"PP6","operation":"park"}]}
[info] [2021-12-17T04:39:01.544Z] : neworder : {"category":"Normal","destinations":[{"locationName":"AP1","operation":"sound"}]}
[info] [2021-12-17T04:40:28.457Z] : neworder : {"category":"Park","intendedVehicle":"ch_agv_1","destinations":[{"locationName":"PP6","operation":"park"}]}
[info] [2021-12-17T04:41:34.572Z] : neworder : {"category":"Normal","destinations":[{"locationName":"AP1","operation":"sound"}]}
[info] [2021-12-17T04:43:22.092Z] : neworder : {"category":"Park","intendedVehicle":"ch_agv_1","destinations":[{"locationName":"PP6","operation":"park"}]}
[info] [2021-12-17T04:43:40.611Z] : neworder : {"category":"Normal","destinations":[{"locationName":"AP1","operation":"sound"}]}
[info] [2021-12-17T04:44:44.262Z] : neworder : {"category":"Park","intendedVehicle":"ch_agv_1","destinations":[{"locationName":"PP6","operation":"park"}]}
[info] [2021-12-17T04:46:24.648Z] : neworder : {"category":"Normal","destinations":[{"locationName":"AP1","operation":"sound"}]}
[info] [2021-12-17T04:47:52.300Z] : neworder : {"category":"Park","intendedVehicle":"ch_agv_1","destinations":[{"locationName":"PP6","operation":"park"}]}
[info] [2021-12-17T04:48:21.682Z] : neworder : {"category":"Normal","destinations":[{"locationName":"AP1","operation":"sound"}]}
[info] [2021-12-17T04:49:58.856Z] : neworder : {"category":"Park","intendedVehicle":"ch_agv_1","destinations":[{"locationName":"PP6","operation":"park"}]}
[info] [2021-12-17T04:51:20.719Z] : neworder : {"category":"Normal","destinations":[{"locationName":"AP1","operation":"sound"}]}
[info] [2021-12-17T04:52:49.070Z] : neworder : {"category":"Park","intendedVehicle":"ch_agv_1","destinations":[{"locationName":"PP6","operation":"park"}]}
[info] [2021-12-17T04:54:10.755Z] : neworder : {"category":"Normal","destinations":[{"locationName":"AP1","operation":"sound"}]}
[info] [2021-12-17T04:55:39.683Z] : neworder : {"category":"Park","intendedVehicle":"ch_agv_1","destinations":[{"locationName":"PP6","operation":"park"}]}
[info] [2021-12-17T04:56:37.783Z] : neworder : {"category":"Normal","destinations":[{"locationName":"AP1","operation":"sound"}]}
[info] [2021-12-17T04:58:26.956Z] : neworder : {"category":"Park","intendedVehicle":"ch_agv_1","destinations":[{"locationName":"PP6","operation":"park"}]}
[info] [2021-12-17T04:59:30.818Z] : neworder : {"category":"Normal","destinations":[{"locationName":"AP1","operation":"sound"}]}
[info] [2021-12-17T05:01:40.306Z] : neworder : {"category":"Park","intendedVehicle":"ch_agv_1","destinations":[{"locationName":"PP6","operation":"park"}]}
