::1 - - [09/Jan/2022:04:24:53 +0000] "GET / HTTP/1.1" 302 64 "-" "Mozilla/5.0 (Windows NT 10.0; Win64; x64) AppleWebKit/537.36 (KHTML, like Gecko) Chrome/96.0.4664.110 Safari/537.36"

::1 - - [09/Jan/2022:04:24:53 +0000] "GET /loginPage HTTP/1.1" 304 - "-" "Mozilla/5.0 (Windows NT 10.0; Win64; x64) AppleWebKit/537.36 (KHTML, like Gecko) Chrome/96.0.4664.110 Safari/537.36"

::1 - - [09/Jan/2022:04:24:53 +0000] "GET /css/chunk-vendors.37b3d8f8.css HTTP/1.1" 304 - "http://localhost:30001/loginPage" "Mozilla/5.0 (Windows NT 10.0; Win64; x64) AppleWebKit/537.36 (KHTML, like Gecko) Chrome/96.0.4664.110 Safari/537.36"

::1 - - [09/Jan/2022:04:24:53 +0000] "GET /css/app.b2b4e189.css HTTP/1.1" 304 - "http://localhost:30001/loginPage" "Mozilla/5.0 (Windows NT 10.0; Win64; x64) AppleWebKit/537.36 (KHTML, like Gecko) Chrome/96.0.4664.110 Safari/537.36"

::1 - - [09/Jan/2022:04:24:53 +0000] "GET /js/app.8bedbecc.js HTTP/1.1" 304 - "http://localhost:30001/loginPage" "Mozilla/5.0 (Windows NT 10.0; Win64; x64) AppleWebKit/537.36 (KHTML, like Gecko) Chrome/96.0.4664.110 Safari/537.36"

::1 - - [09/Jan/2022:04:24:53 +0000] "GET /js/chunk-vendors.8580b29f.js HTTP/1.1" 304 - "http://localhost:30001/loginPage" "Mozilla/5.0 (Windows NT 10.0; Win64; x64) AppleWebKit/537.36 (KHTML, like Gecko) Chrome/96.0.4664.110 Safari/537.36"

::1 - - [09/Jan/2022:04:24:54 +0000] "GET /favicon.ico HTTP/1.1" 302 32 "http://localhost:30001/loginPage" "Mozilla/5.0 (Windows NT 10.0; Win64; x64) AppleWebKit/537.36 (KHTML, like Gecko) Chrome/96.0.4664.110 Safari/537.36"

::1 - - [09/Jan/2022:04:24:54 +0000] "GET /loginPage HTTP/1.1" 404 34 "http://localhost:30001/loginPage" "Mozilla/5.0 (Windows NT 10.0; Win64; x64) AppleWebKit/537.36 (KHTML, like Gecko) Chrome/96.0.4664.110 Safari/537.36"

::1 - - [09/Jan/2022:04:24:55 +0000] "GET /fonts/element-icons.535877f5.woff HTTP/1.1" 304 - "http://localhost:30001/css/chunk-vendors.37b3d8f8.css" "Mozilla/5.0 (Windows NT 10.0; Win64; x64) AppleWebKit/537.36 (KHTML, like Gecko) Chrome/96.0.4664.110 Safari/537.36"

::1 - - [09/Jan/2022:04:24:55 +0000] "POST /api/route/users/login HTTP/1.1" 200 35 "http://localhost:30001/loginPage" "Mozilla/5.0 (Windows NT 10.0; Win64; x64) AppleWebKit/537.36 (KHTML, like Gecko) Chrome/96.0.4664.110 Safari/537.36"

::1 - - [09/Jan/2022:05:12:32 +0000] "POST /api/route/transportOrders/20220109131232 HTTP/1.1" 404 49 "-" "python-requests/2.26.0"

::1 - - [09/Jan/2022:05:30:07 +0000] "POST /api/route/transportOrders/20220109133007 HTTP/1.1" 200 2 "-" "python-requests/2.26.0"

::1 - - [09/Jan/2022:05:33:25 +0000] "POST /api/route/transportOrders/20220109133325 HTTP/1.1" 200 2 "-" "python-requests/2.26.0"

::1 - - [09/Jan/2022:05:36:21 +0000] "POST /api/route/transportOrders/20220109133621 HTTP/1.1" 200 2 "-" "python-requests/2.26.0"

::1 - - [09/Jan/2022:05:39:37 +0000] "POST /api/route/transportOrders/20220109133937 HTTP/1.1" 200 2 "-" "python-requests/2.26.0"

::1 - - [09/Jan/2022:05:40:45 +0000] "POST /api/route/transportOrders/20220109134045 HTTP/1.1" 200 2 "-" "python-requests/2.26.0"

::1 - - [09/Jan/2022:05:43:18 +0000] "POST /api/route/transportOrders/20220109134318 HTTP/1.1" 200 2 "-" "python-requests/2.26.0"

::1 - - [09/Jan/2022:05:47:49 +0000] "POST /api/route/transportOrders/20220109134749 HTTP/1.1" 200 2 "-" "python-requests/2.26.0"

::1 - - [09/Jan/2022:05:52:09 +0000] "POST /api/route/transportOrders/20220109135209 HTTP/1.1" 200 2 "-" "python-requests/2.26.0"

::1 - - [09/Jan/2022:05:54:43 +0000] "POST /api/route/transportOrders/20220109135443 HTTP/1.1" 200 2 "-" "python-requests/2.26.0"

::1 - - [09/Jan/2022:05:57:36 +0000] "POST /api/route/transportOrders/20220109135736 HTTP/1.1" 200 2 "-" "python-requests/2.26.0"

::1 - - [09/Jan/2022:06:25:29 +0000] "POST /api/route/transportOrders/20220109142529 HTTP/1.1" 200 2 "-" "python-requests/2.26.0"

::1 - - [09/Jan/2022:06:27:02 +0000] "POST /api/route/transportOrders/20220109142702 HTTP/1.1" 200 2 "-" "python-requests/2.26.0"

::1 - - [09/Jan/2022:06:30:22 +0000] "POST /api/route/transportOrders/20220109143022 HTTP/1.1" 200 2 "-" "python-requests/2.26.0"

::1 - - [09/Jan/2022:06:31:47 +0000] "POST /api/route/transportOrders/20220109143147 HTTP/1.1" 200 2 "-" "python-requests/2.26.0"

::1 - - [09/Jan/2022:06:35:02 +0000] "POST /api/route/transportOrders/20220109143502 HTTP/1.1" 200 2 "-" "python-requests/2.26.0"

::1 - - [09/Jan/2022:07:01:05 +0000] "POST /api/route/transportOrders/20220109150105 HTTP/1.1" 200 2 "-" "python-requests/2.26.0"

::1 - - [09/Jan/2022:07:11:02 +0000] "POST /api/route/transportOrders/20220109151102 HTTP/1.1" 200 2 "-" "python-requests/2.26.0"

::1 - - [09/Jan/2022:07:35:57 +0000] "POST /api/route/transportOrders/20220109153557 HTTP/1.1" 200 2 "-" "python-requests/2.26.0"

::1 - - [09/Jan/2022:07:39:52 +0000] "POST /api/route/transportOrders/20220109153952 HTTP/1.1" 200 2 "-" "python-requests/2.26.0"

::1 - - [09/Jan/2022:07:46:40 +0000] "POST /api/route/transportOrders/20220109154640 HTTP/1.1" 200 2 "-" "python-requests/2.26.0"

::1 - - [09/Jan/2022:07:48:24 +0000] "POST /api/route/transportOrders/20220109154824 HTTP/1.1" 200 2 "-" "python-requests/2.26.0"

