::1 - - [18/Jan/2022:05:06:50 +0000] "GET / HTTP/1.1" 302 64 "-" "Mozilla/5.0 (Windows NT 10.0; Win64; x64) AppleWebKit/537.36 (KHTML, like Gecko) Chrome/97.0.4692.71 Safari/537.36"

::1 - - [18/Jan/2022:05:06:50 +0000] "GET /loginPage HTTP/1.1" 304 - "-" "Mozilla/5.0 (Windows NT 10.0; Win64; x64) AppleWebKit/537.36 (KHTML, like Gecko) Chrome/97.0.4692.71 Safari/537.36"

::1 - - [18/Jan/2022:05:06:50 +0000] "GET /css/app.64ffed84.css HTTP/1.1" 304 - "http://localhost:30001/loginPage" "Mozilla/5.0 (Windows NT 10.0; Win64; x64) AppleWebKit/537.36 (KHTML, like Gecko) Chrome/97.0.4692.71 Safari/537.36"

::1 - - [18/Jan/2022:05:06:50 +0000] "GET /css/chunk-vendors.a16c4353.css HTTP/1.1" 304 - "http://localhost:30001/loginPage" "Mozilla/5.0 (Windows NT 10.0; Win64; x64) AppleWebKit/537.36 (KHTML, like Gecko) Chrome/97.0.4692.71 Safari/537.36"

::1 - - [18/Jan/2022:05:06:50 +0000] "GET /js/app.6b658624.js HTTP/1.1" 304 - "http://localhost:30001/loginPage" "Mozilla/5.0 (Windows NT 10.0; Win64; x64) AppleWebKit/537.36 (KHTML, like Gecko) Chrome/97.0.4692.71 Safari/537.36"

::1 - - [18/Jan/2022:05:06:50 +0000] "GET /js/chunk-vendors.30b23982.js HTTP/1.1" 304 - "http://localhost:30001/loginPage" "Mozilla/5.0 (Windows NT 10.0; Win64; x64) AppleWebKit/537.36 (KHTML, like Gecko) Chrome/97.0.4692.71 Safari/537.36"

::1 - - [18/Jan/2022:05:06:51 +0000] "GET /api/route/utils/wshost HTTP/1.1" 200 20 "http://localhost:30001/loginPage" "Mozilla/5.0 (Windows NT 10.0; Win64; x64) AppleWebKit/537.36 (KHTML, like Gecko) Chrome/97.0.4692.71 Safari/537.36"

::1 - - [18/Jan/2022:05:06:51 +0000] "GET /favicon.ico HTTP/1.1" 302 32 "http://localhost:30001/loginPage" "Mozilla/5.0 (Windows NT 10.0; Win64; x64) AppleWebKit/537.36 (KHTML, like Gecko) Chrome/97.0.4692.71 Safari/537.36"

::1 - - [18/Jan/2022:05:06:51 +0000] "GET /loginPage HTTP/1.1" 404 34 "http://localhost:30001/loginPage" "Mozilla/5.0 (Windows NT 10.0; Win64; x64) AppleWebKit/537.36 (KHTML, like Gecko) Chrome/97.0.4692.71 Safari/537.36"

::1 - - [18/Jan/2022:05:06:53 +0000] "GET /fonts/element-icons.535877f5.woff HTTP/1.1" 304 - "http://localhost:30001/css/chunk-vendors.a16c4353.css" "Mozilla/5.0 (Windows NT 10.0; Win64; x64) AppleWebKit/537.36 (KHTML, like Gecko) Chrome/97.0.4692.71 Safari/537.36"

::1 - - [18/Jan/2022:05:06:53 +0000] "POST /api/route/users/login HTTP/1.1" 200 35 "http://localhost:30001/loginPage" "Mozilla/5.0 (Windows NT 10.0; Win64; x64) AppleWebKit/537.36 (KHTML, like Gecko) Chrome/97.0.4692.71 Safari/537.36"

::1 - - [18/Jan/2022:05:06:56 +0000] "GET /api/route/maps/current HTTP/1.1" 304 - "http://localhost:30001/map" "Mozilla/5.0 (Windows NT 10.0; Win64; x64) AppleWebKit/537.36 (KHTML, like Gecko) Chrome/97.0.4692.71 Safari/537.36"

::1 - - [18/Jan/2022:05:07:02 +0000] "GET /css/chunk-vendors.a16c4353.css HTTP/1.1" 304 - "http://localhost:30001/vehicles" "Mozilla/5.0 (Windows NT 10.0; Win64; x64) AppleWebKit/537.36 (KHTML, like Gecko) Chrome/97.0.4692.71 Safari/537.36"

::1 - - [18/Jan/2022:05:07:02 +0000] "GET /css/app.64ffed84.css HTTP/1.1" 304 - "http://localhost:30001/vehicles" "Mozilla/5.0 (Windows NT 10.0; Win64; x64) AppleWebKit/537.36 (KHTML, like Gecko) Chrome/97.0.4692.71 Safari/537.36"

::1 - - [18/Jan/2022:05:07:02 +0000] "GET /js/app.6b658624.js.map HTTP/1.1" 200 175727 "-" "Mozilla/5.0 (Windows NT 10.0; Win64; x64) AppleWebKit/537.36 (KHTML, like Gecko) Chrome/97.0.4692.71 Safari/537.36"

::1 - - [18/Jan/2022:05:07:02 +0000] "GET /js/chunk-vendors.30b23982.js.map HTTP/1.1" 200 4101793 "-" "Mozilla/5.0 (Windows NT 10.0; Win64; x64) AppleWebKit/537.36 (KHTML, like Gecko) Chrome/97.0.4692.71 Safari/537.36"

::1 - - [18/Jan/2022:05:07:14 +0000] "GET /vehicles HTTP/1.1" 200 714 "-" "Mozilla/5.0 (Windows NT 10.0; Win64; x64) AppleWebKit/537.36 (KHTML, like Gecko) Chrome/97.0.4692.71 Safari/537.36"

::1 - - [18/Jan/2022:05:07:14 +0000] "GET /css/app.64ffed84.css HTTP/1.1" 304 - "http://localhost:30001/vehicles" "Mozilla/5.0 (Windows NT 10.0; Win64; x64) AppleWebKit/537.36 (KHTML, like Gecko) Chrome/97.0.4692.71 Safari/537.36"

::1 - - [18/Jan/2022:05:07:14 +0000] "GET /css/chunk-vendors.a16c4353.css HTTP/1.1" 304 - "http://localhost:30001/vehicles" "Mozilla/5.0 (Windows NT 10.0; Win64; x64) AppleWebKit/537.36 (KHTML, like Gecko) Chrome/97.0.4692.71 Safari/537.36"

::1 - - [18/Jan/2022:05:07:14 +0000] "GET /js/app.6b658624.js HTTP/1.1" 304 - "http://localhost:30001/vehicles" "Mozilla/5.0 (Windows NT 10.0; Win64; x64) AppleWebKit/537.36 (KHTML, like Gecko) Chrome/97.0.4692.71 Safari/537.36"

::1 - - [18/Jan/2022:05:07:14 +0000] "GET /js/chunk-vendors.30b23982.js HTTP/1.1" 304 - "http://localhost:30001/vehicles" "Mozilla/5.0 (Windows NT 10.0; Win64; x64) AppleWebKit/537.36 (KHTML, like Gecko) Chrome/97.0.4692.71 Safari/537.36"

::1 - - [18/Jan/2022:05:07:15 +0000] "GET /js/chunk-vendors.30b23982.js.map HTTP/1.1" 200 4101793 "-" "Mozilla/5.0 (Windows NT 10.0; Win64; x64) AppleWebKit/537.36 (KHTML, like Gecko) Chrome/97.0.4692.71 Safari/537.36"

::1 - - [18/Jan/2022:05:07:15 +0000] "GET /js/app.6b658624.js.map HTTP/1.1" 200 175727 "-" "Mozilla/5.0 (Windows NT 10.0; Win64; x64) AppleWebKit/537.36 (KHTML, like Gecko) Chrome/97.0.4692.71 Safari/537.36"

::1 - - [18/Jan/2022:05:07:15 +0000] "GET /api/route/utils/wshost HTTP/1.1" 304 - "http://localhost:30001/vehicles" "Mozilla/5.0 (Windows NT 10.0; Win64; x64) AppleWebKit/537.36 (KHTML, like Gecko) Chrome/97.0.4692.71 Safari/537.36"

::1 - - [18/Jan/2022:05:07:15 +0000] "GET /fonts/element-icons.535877f5.woff HTTP/1.1" 304 - "http://localhost:30001/css/chunk-vendors.a16c4353.css" "Mozilla/5.0 (Windows NT 10.0; Win64; x64) AppleWebKit/537.36 (KHTML, like Gecko) Chrome/97.0.4692.71 Safari/537.36"

::1 - - [18/Jan/2022:05:07:15 +0000] "GET /vehicles HTTP/1.1" 304 - "-" "Mozilla/5.0 (Windows NT 10.0; Win64; x64) AppleWebKit/537.36 (KHTML, like Gecko) Chrome/97.0.4692.71 Safari/537.36"

::1 - - [18/Jan/2022:05:07:15 +0000] "GET /css/app.64ffed84.css HTTP/1.1" 304 - "http://localhost:30001/vehicles" "Mozilla/5.0 (Windows NT 10.0; Win64; x64) AppleWebKit/537.36 (KHTML, like Gecko) Chrome/97.0.4692.71 Safari/537.36"

::1 - - [18/Jan/2022:05:07:15 +0000] "GET /css/chunk-vendors.a16c4353.css HTTP/1.1" 304 - "http://localhost:30001/vehicles" "Mozilla/5.0 (Windows NT 10.0; Win64; x64) AppleWebKit/537.36 (KHTML, like Gecko) Chrome/97.0.4692.71 Safari/537.36"

::1 - - [18/Jan/2022:05:07:15 +0000] "GET /js/app.6b658624.js HTTP/1.1" 304 - "http://localhost:30001/vehicles" "Mozilla/5.0 (Windows NT 10.0; Win64; x64) AppleWebKit/537.36 (KHTML, like Gecko) Chrome/97.0.4692.71 Safari/537.36"

::1 - - [18/Jan/2022:05:07:15 +0000] "GET /js/chunk-vendors.30b23982.js HTTP/1.1" 304 - "http://localhost:30001/vehicles" "Mozilla/5.0 (Windows NT 10.0; Win64; x64) AppleWebKit/537.36 (KHTML, like Gecko) Chrome/97.0.4692.71 Safari/537.36"

::1 - - [18/Jan/2022:05:07:15 +0000] "GET /js/app.6b658624.js.map HTTP/1.1" 200 175727 "-" "Mozilla/5.0 (Windows NT 10.0; Win64; x64) AppleWebKit/537.36 (KHTML, like Gecko) Chrome/97.0.4692.71 Safari/537.36"

::1 - - [18/Jan/2022:05:07:15 +0000] "GET /js/chunk-vendors.30b23982.js.map HTTP/1.1" 200 4101793 "-" "Mozilla/5.0 (Windows NT 10.0; Win64; x64) AppleWebKit/537.36 (KHTML, like Gecko) Chrome/97.0.4692.71 Safari/537.36"

::1 - - [18/Jan/2022:05:07:15 +0000] "GET /api/route/utils/wshost HTTP/1.1" 304 - "http://localhost:30001/vehicles" "Mozilla/5.0 (Windows NT 10.0; Win64; x64) AppleWebKit/537.36 (KHTML, like Gecko) Chrome/97.0.4692.71 Safari/537.36"

::1 - - [18/Jan/2022:05:07:15 +0000] "GET /fonts/element-icons.535877f5.woff HTTP/1.1" 304 - "http://localhost:30001/css/chunk-vendors.a16c4353.css" "Mozilla/5.0 (Windows NT 10.0; Win64; x64) AppleWebKit/537.36 (KHTML, like Gecko) Chrome/97.0.4692.71 Safari/537.36"

::1 - - [18/Jan/2022:05:09:01 +0000] "GET /vehicles HTTP/1.1" 302 64 "-" "Mozilla/5.0 (Windows NT 10.0; Win64; x64) AppleWebKit/537.36 (KHTML, like Gecko) Chrome/97.0.4692.71 Safari/537.36"

::1 - - [18/Jan/2022:05:09:01 +0000] "GET /loginPage HTTP/1.1" 200 714 "-" "Mozilla/5.0 (Windows NT 10.0; Win64; x64) AppleWebKit/537.36 (KHTML, like Gecko) Chrome/97.0.4692.71 Safari/537.36"

::1 - - [18/Jan/2022:05:09:01 +0000] "GET /css/app.64ffed84.css HTTP/1.1" 304 - "http://localhost:30001/loginPage" "Mozilla/5.0 (Windows NT 10.0; Win64; x64) AppleWebKit/537.36 (KHTML, like Gecko) Chrome/97.0.4692.71 Safari/537.36"

::1 - - [18/Jan/2022:05:09:01 +0000] "GET /css/chunk-vendors.a16c4353.css HTTP/1.1" 304 - "http://localhost:30001/loginPage" "Mozilla/5.0 (Windows NT 10.0; Win64; x64) AppleWebKit/537.36 (KHTML, like Gecko) Chrome/97.0.4692.71 Safari/537.36"

::1 - - [18/Jan/2022:05:09:01 +0000] "GET /js/app.6b658624.js HTTP/1.1" 304 - "http://localhost:30001/loginPage" "Mozilla/5.0 (Windows NT 10.0; Win64; x64) AppleWebKit/537.36 (KHTML, like Gecko) Chrome/97.0.4692.71 Safari/537.36"

::1 - - [18/Jan/2022:05:09:01 +0000] "GET /js/chunk-vendors.30b23982.js HTTP/1.1" 304 - "http://localhost:30001/loginPage" "Mozilla/5.0 (Windows NT 10.0; Win64; x64) AppleWebKit/537.36 (KHTML, like Gecko) Chrome/97.0.4692.71 Safari/537.36"

::1 - - [18/Jan/2022:05:09:02 +0000] "GET /api/route/utils/wshost HTTP/1.1" 304 - "http://localhost:30001/loginPage" "Mozilla/5.0 (Windows NT 10.0; Win64; x64) AppleWebKit/537.36 (KHTML, like Gecko) Chrome/97.0.4692.71 Safari/537.36"

::1 - - [18/Jan/2022:05:09:02 +0000] "GET /js/app.6b658624.js.map HTTP/1.1" 200 175727 "-" "Mozilla/5.0 (Windows NT 10.0; Win64; x64) AppleWebKit/537.36 (KHTML, like Gecko) Chrome/97.0.4692.71 Safari/537.36"

::1 - - [18/Jan/2022:05:09:02 +0000] "GET /js/chunk-vendors.30b23982.js.map HTTP/1.1" 200 4101793 "-" "Mozilla/5.0 (Windows NT 10.0; Win64; x64) AppleWebKit/537.36 (KHTML, like Gecko) Chrome/97.0.4692.71 Safari/537.36"

::1 - - [18/Jan/2022:05:09:03 +0000] "GET /fonts/element-icons.535877f5.woff HTTP/1.1" 304 - "http://localhost:30001/css/chunk-vendors.a16c4353.css" "Mozilla/5.0 (Windows NT 10.0; Win64; x64) AppleWebKit/537.36 (KHTML, like Gecko) Chrome/97.0.4692.71 Safari/537.36"

::1 - - [18/Jan/2022:05:09:03 +0000] "POST /api/route/users/login HTTP/1.1" 200 35 "http://localhost:30001/loginPage" "Mozilla/5.0 (Windows NT 10.0; Win64; x64) AppleWebKit/537.36 (KHTML, like Gecko) Chrome/97.0.4692.71 Safari/537.36"

::1 - - [18/Jan/2022:05:09:36 +0000] "GET /api/route/maps/current HTTP/1.1" 304 - "http://localhost:30001/map" "Mozilla/5.0 (Windows NT 10.0; Win64; x64) AppleWebKit/537.36 (KHTML, like Gecko) Chrome/97.0.4692.71 Safari/537.36"

::1 - - [18/Jan/2022:05:10:13 +0000] "GET /map HTTP/1.1" 302 64 "-" "Mozilla/5.0 (Windows NT 10.0; Win64; x64) AppleWebKit/537.36 (KHTML, like Gecko) Chrome/97.0.4692.71 Safari/537.36"

::1 - - [18/Jan/2022:05:10:13 +0000] "GET /loginPage HTTP/1.1" 304 - "-" "Mozilla/5.0 (Windows NT 10.0; Win64; x64) AppleWebKit/537.36 (KHTML, like Gecko) Chrome/97.0.4692.71 Safari/537.36"

::1 - - [18/Jan/2022:05:10:13 +0000] "GET /css/app.64ffed84.css HTTP/1.1" 304 - "http://localhost:30001/loginPage" "Mozilla/5.0 (Windows NT 10.0; Win64; x64) AppleWebKit/537.36 (KHTML, like Gecko) Chrome/97.0.4692.71 Safari/537.36"

::1 - - [18/Jan/2022:05:10:13 +0000] "GET /css/chunk-vendors.a16c4353.css HTTP/1.1" 304 - "http://localhost:30001/loginPage" "Mozilla/5.0 (Windows NT 10.0; Win64; x64) AppleWebKit/537.36 (KHTML, like Gecko) Chrome/97.0.4692.71 Safari/537.36"

::1 - - [18/Jan/2022:05:10:13 +0000] "GET /js/app.6b658624.js HTTP/1.1" 304 - "http://localhost:30001/loginPage" "Mozilla/5.0 (Windows NT 10.0; Win64; x64) AppleWebKit/537.36 (KHTML, like Gecko) Chrome/97.0.4692.71 Safari/537.36"

::1 - - [18/Jan/2022:05:10:13 +0000] "GET /js/chunk-vendors.30b23982.js HTTP/1.1" 304 - "http://localhost:30001/loginPage" "Mozilla/5.0 (Windows NT 10.0; Win64; x64) AppleWebKit/537.36 (KHTML, like Gecko) Chrome/97.0.4692.71 Safari/537.36"

::1 - - [18/Jan/2022:05:10:13 +0000] "GET /api/route/utils/wshost HTTP/1.1" 200 20 "http://localhost:30001/loginPage" "Mozilla/5.0 (Windows NT 10.0; Win64; x64) AppleWebKit/537.36 (KHTML, like Gecko) Chrome/97.0.4692.71 Safari/537.36"

::1 - - [18/Jan/2022:05:10:13 +0000] "GET /js/app.6b658624.js.map HTTP/1.1" 200 175727 "-" "Mozilla/5.0 (Windows NT 10.0; Win64; x64) AppleWebKit/537.36 (KHTML, like Gecko) Chrome/97.0.4692.71 Safari/537.36"

::1 - - [18/Jan/2022:05:10:13 +0000] "GET /js/chunk-vendors.30b23982.js.map HTTP/1.1" 200 4101793 "-" "Mozilla/5.0 (Windows NT 10.0; Win64; x64) AppleWebKit/537.36 (KHTML, like Gecko) Chrome/97.0.4692.71 Safari/537.36"

::1 - - [18/Jan/2022:05:10:14 +0000] "GET /fonts/element-icons.535877f5.woff HTTP/1.1" 304 - "http://localhost:30001/css/chunk-vendors.a16c4353.css" "Mozilla/5.0 (Windows NT 10.0; Win64; x64) AppleWebKit/537.36 (KHTML, like Gecko) Chrome/97.0.4692.71 Safari/537.36"

::1 - - [18/Jan/2022:05:10:15 +0000] "POST /api/route/users/login HTTP/1.1" 200 35 "http://localhost:30001/loginPage" "Mozilla/5.0 (Windows NT 10.0; Win64; x64) AppleWebKit/537.36 (KHTML, like Gecko) Chrome/97.0.4692.71 Safari/537.36"

::1 - - [18/Jan/2022:05:10:17 +0000] "GET /api/route/maps/current HTTP/1.1" 304 - "http://localhost:30001/map" "Mozilla/5.0 (Windows NT 10.0; Win64; x64) AppleWebKit/537.36 (KHTML, like Gecko) Chrome/97.0.4692.71 Safari/537.36"

::1 - - [18/Jan/2022:05:10:52 +0000] "GET /api/route/maps/current HTTP/1.1" 304 - "http://localhost:30001/map" "Mozilla/5.0 (Windows NT 10.0; Win64; x64) AppleWebKit/537.36 (KHTML, like Gecko) Chrome/97.0.4692.71 Safari/537.36"

::ffff:127.0.0.1 - - [18/Jan/2022:05:12:30 +0000] "GET /map HTTP/1.1" 302 64 "-" "Mozilla/5.0 (Windows NT 10.0; Win64; x64) AppleWebKit/537.36 (KHTML, like Gecko) Chrome/97.0.4692.71 Safari/537.36"

::ffff:127.0.0.1 - - [18/Jan/2022:05:12:30 +0000] "GET /loginPage HTTP/1.1" 304 - "-" "Mozilla/5.0 (Windows NT 10.0; Win64; x64) AppleWebKit/537.36 (KHTML, like Gecko) Chrome/97.0.4692.71 Safari/537.36"

::ffff:127.0.0.1 - - [18/Jan/2022:05:12:30 +0000] "GET /css/app.64ffed84.css HTTP/1.1" 304 - "http://localhost:30001/loginPage" "Mozilla/5.0 (Windows NT 10.0; Win64; x64) AppleWebKit/537.36 (KHTML, like Gecko) Chrome/97.0.4692.71 Safari/537.36"

::1 - - [18/Jan/2022:05:12:30 +0000] "GET /css/chunk-vendors.a16c4353.css HTTP/1.1" 304 - "http://localhost:30001/loginPage" "Mozilla/5.0 (Windows NT 10.0; Win64; x64) AppleWebKit/537.36 (KHTML, like Gecko) Chrome/97.0.4692.71 Safari/537.36"

::1 - - [18/Jan/2022:05:12:30 +0000] "GET /js/app.6b658624.js HTTP/1.1" 304 - "http://localhost:30001/loginPage" "Mozilla/5.0 (Windows NT 10.0; Win64; x64) AppleWebKit/537.36 (KHTML, like Gecko) Chrome/97.0.4692.71 Safari/537.36"

::1 - - [18/Jan/2022:05:12:30 +0000] "GET /js/chunk-vendors.30b23982.js HTTP/1.1" 304 - "http://localhost:30001/loginPage" "Mozilla/5.0 (Windows NT 10.0; Win64; x64) AppleWebKit/537.36 (KHTML, like Gecko) Chrome/97.0.4692.71 Safari/537.36"

::1 - - [18/Jan/2022:05:12:30 +0000] "GET /js/app.6b658624.js.map HTTP/1.1" 200 175727 "-" "Mozilla/5.0 (Windows NT 10.0; Win64; x64) AppleWebKit/537.36 (KHTML, like Gecko) Chrome/97.0.4692.71 Safari/537.36"

::1 - - [18/Jan/2022:05:12:30 +0000] "GET /api/route/utils/wshost HTTP/1.1" 304 - "http://localhost:30001/loginPage" "Mozilla/5.0 (Windows NT 10.0; Win64; x64) AppleWebKit/537.36 (KHTML, like Gecko) Chrome/97.0.4692.71 Safari/537.36"

::1 - - [18/Jan/2022:05:12:31 +0000] "GET /js/chunk-vendors.30b23982.js.map HTTP/1.1" 200 4101793 "-" "Mozilla/5.0 (Windows NT 10.0; Win64; x64) AppleWebKit/537.36 (KHTML, like Gecko) Chrome/97.0.4692.71 Safari/537.36"

::1 - - [18/Jan/2022:05:12:31 +0000] "GET /fonts/element-icons.535877f5.woff HTTP/1.1" 304 - "http://localhost:30001/css/chunk-vendors.a16c4353.css" "Mozilla/5.0 (Windows NT 10.0; Win64; x64) AppleWebKit/537.36 (KHTML, like Gecko) Chrome/97.0.4692.71 Safari/537.36"

::1 - - [18/Jan/2022:05:12:32 +0000] "POST /api/route/users/login HTTP/1.1" 200 35 "http://localhost:30001/loginPage" "Mozilla/5.0 (Windows NT 10.0; Win64; x64) AppleWebKit/537.36 (KHTML, like Gecko) Chrome/97.0.4692.71 Safari/537.36"

::1 - - [18/Jan/2022:05:12:33 +0000] "GET /api/route/maps/current HTTP/1.1" 304 - "http://localhost:30001/map" "Mozilla/5.0 (Windows NT 10.0; Win64; x64) AppleWebKit/537.36 (KHTML, like Gecko) Chrome/97.0.4692.71 Safari/537.36"

::1 - - [18/Jan/2022:05:13:09 +0000] "POST /api/route/transportOrders/20220118131309 HTTP/1.1" 200 2 "-" "python-requests/2.26.0"

::1 - - [18/Jan/2022:05:14:21 +0000] "POST /api/route/transportOrders/20220118131421 HTTP/1.1" 200 2 "-" "python-requests/2.26.0"

::1 - - [18/Jan/2022:05:17:08 +0000] "GET /map HTTP/1.1" 302 64 "-" "Mozilla/5.0 (Windows NT 10.0; Win64; x64) AppleWebKit/537.36 (KHTML, like Gecko) Chrome/97.0.4692.71 Safari/537.36"

::1 - - [18/Jan/2022:05:17:08 +0000] "GET /loginPage HTTP/1.1" 200 714 "-" "Mozilla/5.0 (Windows NT 10.0; Win64; x64) AppleWebKit/537.36 (KHTML, like Gecko) Chrome/97.0.4692.71 Safari/537.36"

::1 - - [18/Jan/2022:05:17:08 +0000] "GET /css/app.b9480c91.css HTTP/1.1" 200 5220 "http://localhost:30001/loginPage" "Mozilla/5.0 (Windows NT 10.0; Win64; x64) AppleWebKit/537.36 (KHTML, like Gecko) Chrome/97.0.4692.71 Safari/537.36"

::1 - - [18/Jan/2022:05:17:08 +0000] "GET /js/app.704f051e.js HTTP/1.1" 200 45835 "http://localhost:30001/loginPage" "Mozilla/5.0 (Windows NT 10.0; Win64; x64) AppleWebKit/537.36 (KHTML, like Gecko) Chrome/97.0.4692.71 Safari/537.36"

::1 - - [18/Jan/2022:05:17:08 +0000] "GET /css/chunk-vendors.a16c4353.css HTTP/1.1" 200 214577 "http://localhost:30001/loginPage" "Mozilla/5.0 (Windows NT 10.0; Win64; x64) AppleWebKit/537.36 (KHTML, like Gecko) Chrome/97.0.4692.71 Safari/537.36"

::1 - - [18/Jan/2022:05:17:08 +0000] "GET /js/chunk-vendors.30b23982.js HTTP/1.1" 200 1057732 "http://localhost:30001/loginPage" "Mozilla/5.0 (Windows NT 10.0; Win64; x64) AppleWebKit/537.36 (KHTML, like Gecko) Chrome/97.0.4692.71 Safari/537.36"

::1 - - [18/Jan/2022:05:17:08 +0000] "GET /api/route/utils/wshost HTTP/1.1" 304 - "http://localhost:30001/loginPage" "Mozilla/5.0 (Windows NT 10.0; Win64; x64) AppleWebKit/537.36 (KHTML, like Gecko) Chrome/97.0.4692.71 Safari/537.36"

::1 - - [18/Jan/2022:05:17:08 +0000] "GET /js/app.704f051e.js.map HTTP/1.1" 200 175739 "-" "Mozilla/5.0 (Windows NT 10.0; Win64; x64) AppleWebKit/537.36 (KHTML, like Gecko) Chrome/97.0.4692.71 Safari/537.36"

::1 - - [18/Jan/2022:05:17:08 +0000] "GET /js/chunk-vendors.30b23982.js.map HTTP/1.1" 200 4101793 "-" "Mozilla/5.0 (Windows NT 10.0; Win64; x64) AppleWebKit/537.36 (KHTML, like Gecko) Chrome/97.0.4692.71 Safari/537.36"

::1 - - [18/Jan/2022:05:17:09 +0000] "GET /fonts/element-icons.535877f5.woff HTTP/1.1" 200 28200 "http://localhost:30001/css/chunk-vendors.a16c4353.css" "Mozilla/5.0 (Windows NT 10.0; Win64; x64) AppleWebKit/537.36 (KHTML, like Gecko) Chrome/97.0.4692.71 Safari/537.36"

::1 - - [18/Jan/2022:05:17:10 +0000] "POST /api/route/users/login HTTP/1.1" 200 35 "http://localhost:30001/loginPage" "Mozilla/5.0 (Windows NT 10.0; Win64; x64) AppleWebKit/537.36 (KHTML, like Gecko) Chrome/97.0.4692.71 Safari/537.36"

::1 - - [18/Jan/2022:05:17:11 +0000] "GET /api/route/maps/current HTTP/1.1" 304 - "http://localhost:30001/map" "Mozilla/5.0 (Windows NT 10.0; Win64; x64) AppleWebKit/537.36 (KHTML, like Gecko) Chrome/97.0.4692.71 Safari/537.36"

::1 - - [18/Jan/2022:05:17:16 +0000] "POST /api/route/transportOrders/20220118131716 HTTP/1.1" 200 2 "-" "python-requests/2.26.0"

::1 - - [18/Jan/2022:05:17:22 +0000] "POST /api/route/transportOrders/20220118131722 HTTP/1.1" 200 2 "-" "python-requests/2.26.0"

::1 - - [18/Jan/2022:05:19:39 +0000] "GET /map HTTP/1.1" 302 64 "-" "Mozilla/5.0 (Windows NT 10.0; Win64; x64) AppleWebKit/537.36 (KHTML, like Gecko) Chrome/97.0.4692.71 Safari/537.36"

::1 - - [18/Jan/2022:05:19:39 +0000] "GET /loginPage HTTP/1.1" 200 714 "-" "Mozilla/5.0 (Windows NT 10.0; Win64; x64) AppleWebKit/537.36 (KHTML, like Gecko) Chrome/97.0.4692.71 Safari/537.36"

::1 - - [18/Jan/2022:05:19:39 +0000] "GET /css/app.ab5b7451.css HTTP/1.1" 200 5220 "http://localhost:30001/loginPage" "Mozilla/5.0 (Windows NT 10.0; Win64; x64) AppleWebKit/537.36 (KHTML, like Gecko) Chrome/97.0.4692.71 Safari/537.36"

::1 - - [18/Jan/2022:05:19:39 +0000] "GET /js/app.78864821.js HTTP/1.1" 200 45835 "http://localhost:30001/loginPage" "Mozilla/5.0 (Windows NT 10.0; Win64; x64) AppleWebKit/537.36 (KHTML, like Gecko) Chrome/97.0.4692.71 Safari/537.36"

::1 - - [18/Jan/2022:05:19:39 +0000] "GET /css/chunk-vendors.a16c4353.css HTTP/1.1" 200 214577 "http://localhost:30001/loginPage" "Mozilla/5.0 (Windows NT 10.0; Win64; x64) AppleWebKit/537.36 (KHTML, like Gecko) Chrome/97.0.4692.71 Safari/537.36"

::1 - - [18/Jan/2022:05:19:39 +0000] "GET /js/chunk-vendors.30b23982.js HTTP/1.1" 200 1057732 "http://localhost:30001/loginPage" "Mozilla/5.0 (Windows NT 10.0; Win64; x64) AppleWebKit/537.36 (KHTML, like Gecko) Chrome/97.0.4692.71 Safari/537.36"

::1 - - [18/Jan/2022:05:19:39 +0000] "GET /api/route/utils/wshost HTTP/1.1" 304 - "http://localhost:30001/loginPage" "Mozilla/5.0 (Windows NT 10.0; Win64; x64) AppleWebKit/537.36 (KHTML, like Gecko) Chrome/97.0.4692.71 Safari/537.36"

::1 - - [18/Jan/2022:05:19:39 +0000] "GET /loginPage HTTP/1.1" 304 - "-" "Mozilla/5.0 (Windows NT 10.0; Win64; x64) AppleWebKit/537.36 (KHTML, like Gecko) Chrome/97.0.4692.71 Safari/537.36"

::1 - - [18/Jan/2022:05:19:39 +0000] "GET /css/app.ab5b7451.css HTTP/1.1" 304 - "http://localhost:30001/loginPage" "Mozilla/5.0 (Windows NT 10.0; Win64; x64) AppleWebKit/537.36 (KHTML, like Gecko) Chrome/97.0.4692.71 Safari/537.36"

::1 - - [18/Jan/2022:05:19:39 +0000] "GET /css/chunk-vendors.a16c4353.css HTTP/1.1" 304 - "http://localhost:30001/loginPage" "Mozilla/5.0 (Windows NT 10.0; Win64; x64) AppleWebKit/537.36 (KHTML, like Gecko) Chrome/97.0.4692.71 Safari/537.36"

::1 - - [18/Jan/2022:05:19:39 +0000] "GET /js/app.78864821.js HTTP/1.1" 304 - "http://localhost:30001/loginPage" "Mozilla/5.0 (Windows NT 10.0; Win64; x64) AppleWebKit/537.36 (KHTML, like Gecko) Chrome/97.0.4692.71 Safari/537.36"

::1 - - [18/Jan/2022:05:19:39 +0000] "GET /js/chunk-vendors.30b23982.js HTTP/1.1" 304 - "http://localhost:30001/loginPage" "Mozilla/5.0 (Windows NT 10.0; Win64; x64) AppleWebKit/537.36 (KHTML, like Gecko) Chrome/97.0.4692.71 Safari/537.36"

::1 - - [18/Jan/2022:05:19:39 +0000] "GET /api/route/utils/wshost HTTP/1.1" 304 - "http://localhost:30001/loginPage" "Mozilla/5.0 (Windows NT 10.0; Win64; x64) AppleWebKit/537.36 (KHTML, like Gecko) Chrome/97.0.4692.71 Safari/537.36"

::1 - - [18/Jan/2022:05:19:40 +0000] "GET /fonts/element-icons.535877f5.woff HTTP/1.1" 200 28200 "http://localhost:30001/css/chunk-vendors.a16c4353.css" "Mozilla/5.0 (Windows NT 10.0; Win64; x64) AppleWebKit/537.36 (KHTML, like Gecko) Chrome/97.0.4692.71 Safari/537.36"

::1 - - [18/Jan/2022:05:19:40 +0000] "POST /api/route/users/login HTTP/1.1" 200 35 "http://localhost:30001/loginPage" "Mozilla/5.0 (Windows NT 10.0; Win64; x64) AppleWebKit/537.36 (KHTML, like Gecko) Chrome/97.0.4692.71 Safari/537.36"

::1 - - [18/Jan/2022:05:19:41 +0000] "GET /api/route/maps/current HTTP/1.1" 304 - "http://localhost:30001/map" "Mozilla/5.0 (Windows NT 10.0; Win64; x64) AppleWebKit/537.36 (KHTML, like Gecko) Chrome/97.0.4692.71 Safari/537.36"

::1 - - [18/Jan/2022:05:19:47 +0000] "POST /api/route/transportOrders/20220118131947 HTTP/1.1" 200 2 "-" "python-requests/2.26.0"

::1 - - [18/Jan/2022:05:19:49 +0000] "POST /api/route/transportOrders/20220118131949 HTTP/1.1" 200 2 "-" "python-requests/2.26.0"

::1 - - [18/Jan/2022:05:22:30 +0000] "GET /map HTTP/1.1" 302 64 "-" "Mozilla/5.0 (Windows NT 10.0; Win64; x64) AppleWebKit/537.36 (KHTML, like Gecko) Chrome/97.0.4692.71 Safari/537.36"

::1 - - [18/Jan/2022:05:22:30 +0000] "GET /loginPage HTTP/1.1" 200 714 "-" "Mozilla/5.0 (Windows NT 10.0; Win64; x64) AppleWebKit/537.36 (KHTML, like Gecko) Chrome/97.0.4692.71 Safari/537.36"

::1 - - [18/Jan/2022:05:22:30 +0000] "GET /css/app.c2a32713.css HTTP/1.1" 200 5220 "http://localhost:30001/loginPage" "Mozilla/5.0 (Windows NT 10.0; Win64; x64) AppleWebKit/537.36 (KHTML, like Gecko) Chrome/97.0.4692.71 Safari/537.36"

::1 - - [18/Jan/2022:05:22:30 +0000] "GET /js/app.9d67d7d7.js HTTP/1.1" 200 45833 "http://localhost:30001/loginPage" "Mozilla/5.0 (Windows NT 10.0; Win64; x64) AppleWebKit/537.36 (KHTML, like Gecko) Chrome/97.0.4692.71 Safari/537.36"

::1 - - [18/Jan/2022:05:22:30 +0000] "GET /css/chunk-vendors.a16c4353.css HTTP/1.1" 200 214577 "http://localhost:30001/loginPage" "Mozilla/5.0 (Windows NT 10.0; Win64; x64) AppleWebKit/537.36 (KHTML, like Gecko) Chrome/97.0.4692.71 Safari/537.36"

::1 - - [18/Jan/2022:05:22:30 +0000] "GET /js/chunk-vendors.30b23982.js HTTP/1.1" 200 1057732 "http://localhost:30001/loginPage" "Mozilla/5.0 (Windows NT 10.0; Win64; x64) AppleWebKit/537.36 (KHTML, like Gecko) Chrome/97.0.4692.71 Safari/537.36"

::1 - - [18/Jan/2022:05:22:30 +0000] "GET /api/route/utils/wshost HTTP/1.1" 304 - "http://localhost:30001/loginPage" "Mozilla/5.0 (Windows NT 10.0; Win64; x64) AppleWebKit/537.36 (KHTML, like Gecko) Chrome/97.0.4692.71 Safari/537.36"

::1 - - [18/Jan/2022:05:22:30 +0000] "GET /loginPage HTTP/1.1" 304 - "-" "Mozilla/5.0 (Windows NT 10.0; Win64; x64) AppleWebKit/537.36 (KHTML, like Gecko) Chrome/97.0.4692.71 Safari/537.36"

::1 - - [18/Jan/2022:05:22:30 +0000] "GET /css/app.c2a32713.css HTTP/1.1" 304 - "http://localhost:30001/loginPage" "Mozilla/5.0 (Windows NT 10.0; Win64; x64) AppleWebKit/537.36 (KHTML, like Gecko) Chrome/97.0.4692.71 Safari/537.36"

::1 - - [18/Jan/2022:05:22:30 +0000] "GET /css/chunk-vendors.a16c4353.css HTTP/1.1" 304 - "http://localhost:30001/loginPage" "Mozilla/5.0 (Windows NT 10.0; Win64; x64) AppleWebKit/537.36 (KHTML, like Gecko) Chrome/97.0.4692.71 Safari/537.36"

::1 - - [18/Jan/2022:05:22:30 +0000] "GET /js/app.9d67d7d7.js HTTP/1.1" 304 - "http://localhost:30001/loginPage" "Mozilla/5.0 (Windows NT 10.0; Win64; x64) AppleWebKit/537.36 (KHTML, like Gecko) Chrome/97.0.4692.71 Safari/537.36"

::1 - - [18/Jan/2022:05:22:30 +0000] "GET /js/chunk-vendors.30b23982.js HTTP/1.1" 304 - "http://localhost:30001/loginPage" "Mozilla/5.0 (Windows NT 10.0; Win64; x64) AppleWebKit/537.36 (KHTML, like Gecko) Chrome/97.0.4692.71 Safari/537.36"

::1 - - [18/Jan/2022:05:22:31 +0000] "GET /api/route/utils/wshost HTTP/1.1" 304 - "http://localhost:30001/loginPage" "Mozilla/5.0 (Windows NT 10.0; Win64; x64) AppleWebKit/537.36 (KHTML, like Gecko) Chrome/97.0.4692.71 Safari/537.36"

::1 - - [18/Jan/2022:05:22:31 +0000] "GET /fonts/element-icons.535877f5.woff HTTP/1.1" 200 28200 "http://localhost:30001/css/chunk-vendors.a16c4353.css" "Mozilla/5.0 (Windows NT 10.0; Win64; x64) AppleWebKit/537.36 (KHTML, like Gecko) Chrome/97.0.4692.71 Safari/537.36"

::1 - - [18/Jan/2022:05:22:31 +0000] "POST /api/route/users/login HTTP/1.1" 200 35 "http://localhost:30001/loginPage" "Mozilla/5.0 (Windows NT 10.0; Win64; x64) AppleWebKit/537.36 (KHTML, like Gecko) Chrome/97.0.4692.71 Safari/537.36"

::1 - - [18/Jan/2022:05:22:32 +0000] "GET /api/route/maps/current HTTP/1.1" 304 - "http://localhost:30001/map" "Mozilla/5.0 (Windows NT 10.0; Win64; x64) AppleWebKit/537.36 (KHTML, like Gecko) Chrome/97.0.4692.71 Safari/537.36"

::1 - - [18/Jan/2022:05:22:38 +0000] "POST /api/route/transportOrders/20220118132238 HTTP/1.1" 200 2 "-" "python-requests/2.26.0"

::1 - - [18/Jan/2022:05:22:41 +0000] "POST /api/route/transportOrders/20220118132241 HTTP/1.1" 200 2 "-" "python-requests/2.26.0"

::1 - - [18/Jan/2022:05:27:10 +0000] "POST /api/route/transportOrders/20220118132710 HTTP/1.1" 200 2 "-" "python-requests/2.26.0"

::1 - - [18/Jan/2022:05:27:14 +0000] "POST /api/route/transportOrders/20220118132714 HTTP/1.1" 200 2 "-" "python-requests/2.26.0"

::1 - - [18/Jan/2022:05:31:32 +0000] "POST /api/route/transportOrders/20220118133132 HTTP/1.1" 200 2 "-" "python-requests/2.26.0"

::1 - - [18/Jan/2022:05:31:37 +0000] "GET /api/route/transportOrders?pageNo=1&pageSize=20 HTTP/1.1" 200 8558 "http://localhost:30001/transportOrders" "Mozilla/5.0 (Windows NT 10.0; Win64; x64) AppleWebKit/537.36 (KHTML, like Gecko) Chrome/97.0.4692.71 Safari/537.36"

::1 - - [18/Jan/2022:05:31:41 +0000] "POST /api/route/transportOrders/20220118133132/withdrawal HTTP/1.1" 200 2 "http://localhost:30001/transportOrders" "Mozilla/5.0 (Windows NT 10.0; Win64; x64) AppleWebKit/537.36 (KHTML, like Gecko) Chrome/97.0.4692.71 Safari/537.36"

::1 - - [18/Jan/2022:05:31:41 +0000] "GET /api/route/transportOrders?pageNo=1&pageSize=20 HTTP/1.1" 200 8552 "http://localhost:30001/transportOrders" "Mozilla/5.0 (Windows NT 10.0; Win64; x64) AppleWebKit/537.36 (KHTML, like Gecko) Chrome/97.0.4692.71 Safari/537.36"

::1 - - [18/Jan/2022:05:31:43 +0000] "GET /api/route/maps/current HTTP/1.1" 304 - "http://localhost:30001/map" "Mozilla/5.0 (Windows NT 10.0; Win64; x64) AppleWebKit/537.36 (KHTML, like Gecko) Chrome/97.0.4692.71 Safari/537.36"

