::1 - - [10/Jan/2022:13:21:19 +0000] "GET / HTTP/1.1" 302 64 "-" "Mozilla/5.0 (Windows NT 10.0; Win64; x64) AppleWebKit/537.36 (KHTML, like Gecko) Chrome/96.0.4664.110 Safari/537.36"

::1 - - [10/Jan/2022:13:21:19 +0000] "GET /loginPage HTTP/1.1" 200 714 "-" "Mozilla/5.0 (Windows NT 10.0; Win64; x64) AppleWebKit/537.36 (KHTML, like Gecko) Chrome/96.0.4664.110 Safari/537.36"

::1 - - [10/Jan/2022:13:21:19 +0000] "GET /css/app.0ea9c63a.css HTTP/1.1" 200 5093 "http://localhost:30001/loginPage" "Mozilla/5.0 (Windows NT 10.0; Win64; x64) AppleWebKit/537.36 (KHTML, like Gecko) Chrome/96.0.4664.110 Safari/537.36"

::1 - - [10/Jan/2022:13:21:19 +0000] "GET /js/app.accd2e08.js HTTP/1.1" 200 43498 "http://localhost:30001/loginPage" "Mozilla/5.0 (Windows NT 10.0; Win64; x64) AppleWebKit/537.36 (KHTML, like Gecko) Chrome/96.0.4664.110 Safari/537.36"

::1 - - [10/Jan/2022:13:21:19 +0000] "GET /css/chunk-vendors.37b3d8f8.css HTTP/1.1" 200 211426 "http://localhost:30001/loginPage" "Mozilla/5.0 (Windows NT 10.0; Win64; x64) AppleWebKit/537.36 (KHTML, like Gecko) Chrome/96.0.4664.110 Safari/537.36"

::1 - - [10/Jan/2022:13:21:19 +0000] "GET /js/chunk-vendors.a0b5eab2.js HTTP/1.1" 200 1039417 "http://localhost:30001/loginPage" "Mozilla/5.0 (Windows NT 10.0; Win64; x64) AppleWebKit/537.36 (KHTML, like Gecko) Chrome/96.0.4664.110 Safari/537.36"

::1 - - [10/Jan/2022:13:21:19 +0000] "GET /api/route/utils/wshost HTTP/1.1" 200 22 "http://localhost:30001/loginPage" "Mozilla/5.0 (Windows NT 10.0; Win64; x64) AppleWebKit/537.36 (KHTML, like Gecko) Chrome/96.0.4664.110 Safari/537.36"

::1 - - [10/Jan/2022:13:21:19 +0000] "GET /favicon.ico HTTP/1.1" 302 32 "http://localhost:30001/loginPage" "Mozilla/5.0 (Windows NT 10.0; Win64; x64) AppleWebKit/537.36 (KHTML, like Gecko) Chrome/96.0.4664.110 Safari/537.36"

::1 - - [10/Jan/2022:13:21:19 +0000] "GET /loginPage HTTP/1.1" 404 34 "http://localhost:30001/loginPage" "Mozilla/5.0 (Windows NT 10.0; Win64; x64) AppleWebKit/537.36 (KHTML, like Gecko) Chrome/96.0.4664.110 Safari/537.36"

::1 - - [10/Jan/2022:13:21:21 +0000] "GET /fonts/element-icons.535877f5.woff HTTP/1.1" 200 28200 "http://localhost:30001/css/chunk-vendors.37b3d8f8.css" "Mozilla/5.0 (Windows NT 10.0; Win64; x64) AppleWebKit/537.36 (KHTML, like Gecko) Chrome/96.0.4664.110 Safari/537.36"

::1 - - [10/Jan/2022:13:21:21 +0000] "POST /api/route/users/login HTTP/1.1" 200 35 "http://localhost:30001/loginPage" "Mozilla/5.0 (Windows NT 10.0; Win64; x64) AppleWebKit/537.36 (KHTML, like Gecko) Chrome/96.0.4664.110 Safari/537.36"

::1 - - [10/Jan/2022:13:21:22 +0000] "GET /api/route/maps/current HTTP/1.1" 200 4498 "http://localhost:30001/map" "Mozilla/5.0 (Windows NT 10.0; Win64; x64) AppleWebKit/537.36 (KHTML, like Gecko) Chrome/96.0.4664.110 Safari/537.36"

::1 - - [10/Jan/2022:13:21:27 +0000] "GET /api/route/transportOrders?pageNo=1&pageSize=20 HTTP/1.1" 200 2120 "http://localhost:30001/transportOrders" "Mozilla/5.0 (Windows NT 10.0; Win64; x64) AppleWebKit/537.36 (KHTML, like Gecko) Chrome/96.0.4664.110 Safari/537.36"

::1 - - [10/Jan/2022:13:21:35 +0000] "POST /api/route/transportOrders/20220109142702/withdrawal HTTP/1.1" 200 2 "http://localhost:30001/transportOrders" "Mozilla/5.0 (Windows NT 10.0; Win64; x64) AppleWebKit/537.36 (KHTML, like Gecko) Chrome/96.0.4664.110 Safari/537.36"

::1 - - [10/Jan/2022:13:21:35 +0000] "POST /api/route/transportOrders/20220109150105/withdrawal HTTP/1.1" 200 2 "http://localhost:30001/transportOrders" "Mozilla/5.0 (Windows NT 10.0; Win64; x64) AppleWebKit/537.36 (KHTML, like Gecko) Chrome/96.0.4664.110 Safari/537.36"

::1 - - [10/Jan/2022:13:21:35 +0000] "POST /api/route/transportOrders/20220109153557/withdrawal HTTP/1.1" 200 2 "http://localhost:30001/transportOrders" "Mozilla/5.0 (Windows NT 10.0; Win64; x64) AppleWebKit/537.36 (KHTML, like Gecko) Chrome/96.0.4664.110 Safari/537.36"

::1 - - [10/Jan/2022:13:21:35 +0000] "POST /api/route/transportOrders/20220109135736/withdrawal HTTP/1.1" 200 2 "http://localhost:30001/transportOrders" "Mozilla/5.0 (Windows NT 10.0; Win64; x64) AppleWebKit/537.36 (KHTML, like Gecko) Chrome/96.0.4664.110 Safari/537.36"

::1 - - [10/Jan/2022:13:21:35 +0000] "POST /api/route/transportOrders/20220109154640/withdrawal HTTP/1.1" 200 2 "http://localhost:30001/transportOrders" "Mozilla/5.0 (Windows NT 10.0; Win64; x64) AppleWebKit/537.36 (KHTML, like Gecko) Chrome/96.0.4664.110 Safari/537.36"

::1 - - [10/Jan/2022:13:21:35 +0000] "POST /api/route/transportOrders/20220109143147/withdrawal HTTP/1.1" 200 2 "http://localhost:30001/transportOrders" "Mozilla/5.0 (Windows NT 10.0; Win64; x64) AppleWebKit/537.36 (KHTML, like Gecko) Chrome/96.0.4664.110 Safari/537.36"

::1 - - [10/Jan/2022:13:21:35 +0000] "POST /api/route/transportOrders/20220109153952/withdrawal HTTP/1.1" 200 2 "http://localhost:30001/transportOrders" "Mozilla/5.0 (Windows NT 10.0; Win64; x64) AppleWebKit/537.36 (KHTML, like Gecko) Chrome/96.0.4664.110 Safari/537.36"

::1 - - [10/Jan/2022:13:21:35 +0000] "POST /api/route/transportOrders/20220109151102/withdrawal HTTP/1.1" 200 2 "http://localhost:30001/transportOrders" "Mozilla/5.0 (Windows NT 10.0; Win64; x64) AppleWebKit/537.36 (KHTML, like Gecko) Chrome/96.0.4664.110 Safari/537.36"

::1 - - [10/Jan/2022:13:21:35 +0000] "POST /api/route/transportOrders/20220109154824/withdrawal HTTP/1.1" 200 2 "http://localhost:30001/transportOrders" "Mozilla/5.0 (Windows NT 10.0; Win64; x64) AppleWebKit/537.36 (KHTML, like Gecko) Chrome/96.0.4664.110 Safari/537.36"

::1 - - [10/Jan/2022:13:21:35 +0000] "POST /api/route/transportOrders/20220109143502/withdrawal HTTP/1.1" 200 2 "http://localhost:30001/transportOrders" "Mozilla/5.0 (Windows NT 10.0; Win64; x64) AppleWebKit/537.36 (KHTML, like Gecko) Chrome/96.0.4664.110 Safari/537.36"

::1 - - [10/Jan/2022:13:21:35 +0000] "POST /api/route/transportOrders/20220109142529/withdrawal HTTP/1.1" 200 2 "http://localhost:30001/transportOrders" "Mozilla/5.0 (Windows NT 10.0; Win64; x64) AppleWebKit/537.36 (KHTML, like Gecko) Chrome/96.0.4664.110 Safari/537.36"

::1 - - [10/Jan/2022:13:21:35 +0000] "POST /api/route/transportOrders/20220109143022/withdrawal HTTP/1.1" 200 2 "http://localhost:30001/transportOrders" "Mozilla/5.0 (Windows NT 10.0; Win64; x64) AppleWebKit/537.36 (KHTML, like Gecko) Chrome/96.0.4664.110 Safari/537.36"

::1 - - [10/Jan/2022:13:21:35 +0000] "GET /api/route/transportOrders?pageNo=1&pageSize=20 HTTP/1.1" 200 2048 "http://localhost:30001/transportOrders" "Mozilla/5.0 (Windows NT 10.0; Win64; x64) AppleWebKit/537.36 (KHTML, like Gecko) Chrome/96.0.4664.110 Safari/537.36"

::1 - - [10/Jan/2022:13:21:47 +0000] "GET /api/route/maps/current HTTP/1.1" 304 - "http://localhost:30001/map" "Mozilla/5.0 (Windows NT 10.0; Win64; x64) AppleWebKit/537.36 (KHTML, like Gecko) Chrome/96.0.4664.110 Safari/537.36"

::1 - - [10/Jan/2022:13:22:15 +0000] "GET /api/route/maps/current HTTP/1.1" 304 - "http://localhost:30001/map" "Mozilla/5.0 (Windows NT 10.0; Win64; x64) AppleWebKit/537.36 (KHTML, like Gecko) Chrome/96.0.4664.110 Safari/537.36"

::1 - - [10/Jan/2022:13:23:45 +0000] "POST /api/route/transportOrders/20220110212345 HTTP/1.1" 200 2 "-" "python-requests/2.26.0"

::1 - - [10/Jan/2022:13:27:16 +0000] "GET /api/route/maps/current HTTP/1.1" 304 - "http://localhost:30001/map" "Mozilla/5.0 (Windows NT 10.0; Win64; x64) AppleWebKit/537.36 (KHTML, like Gecko) Chrome/96.0.4664.110 Safari/537.36"

::1 - - [10/Jan/2022:13:27:34 +0000] "POST /api/route/transportOrders/20220110212734 HTTP/1.1" 200 2 "-" "python-requests/2.26.0"

::1 - - [10/Jan/2022:13:29:15 +0000] "POST /api/route/transportOrders/20220110212915 HTTP/1.1" 200 2 "-" "python-requests/2.26.0"

::1 - - [10/Jan/2022:13:29:19 +0000] "POST /api/route/transportOrders/20220110212919 HTTP/1.1" 200 2 "-" "python-requests/2.26.0"

::1 - - [10/Jan/2022:13:29:23 +0000] "POST /api/route/transportOrders/20220110212923 HTTP/1.1" 200 2 "-" "python-requests/2.26.0"

::1 - - [10/Jan/2022:13:29:27 +0000] "POST /api/route/transportOrders/20220110212927 HTTP/1.1" 200 2 "-" "python-requests/2.26.0"

::1 - - [10/Jan/2022:13:29:30 +0000] "GET /api/route/maps/current HTTP/1.1" 304 - "http://localhost:30001/map" "Mozilla/5.0 (Windows NT 10.0; Win64; x64) AppleWebKit/537.36 (KHTML, like Gecko) Chrome/96.0.4664.110 Safari/537.36"

::1 - - [10/Jan/2022:13:29:49 +0000] "GET /map HTTP/1.1" 302 64 "-" "Mozilla/5.0 (Windows NT 10.0; Win64; x64) AppleWebKit/537.36 (KHTML, like Gecko) Chrome/96.0.4664.110 Safari/537.36"

::1 - - [10/Jan/2022:13:29:49 +0000] "GET /loginPage HTTP/1.1" 200 714 "-" "Mozilla/5.0 (Windows NT 10.0; Win64; x64) AppleWebKit/537.36 (KHTML, like Gecko) Chrome/96.0.4664.110 Safari/537.36"

::1 - - [10/Jan/2022:13:29:49 +0000] "GET /css/app.0ea9c63a.css HTTP/1.1" 304 - "http://localhost:30001/loginPage" "Mozilla/5.0 (Windows NT 10.0; Win64; x64) AppleWebKit/537.36 (KHTML, like Gecko) Chrome/96.0.4664.110 Safari/537.36"

::1 - - [10/Jan/2022:13:29:49 +0000] "GET /css/chunk-vendors.37b3d8f8.css HTTP/1.1" 304 - "http://localhost:30001/loginPage" "Mozilla/5.0 (Windows NT 10.0; Win64; x64) AppleWebKit/537.36 (KHTML, like Gecko) Chrome/96.0.4664.110 Safari/537.36"

::1 - - [10/Jan/2022:13:29:49 +0000] "GET /js/app.accd2e08.js HTTP/1.1" 304 - "http://localhost:30001/loginPage" "Mozilla/5.0 (Windows NT 10.0; Win64; x64) AppleWebKit/537.36 (KHTML, like Gecko) Chrome/96.0.4664.110 Safari/537.36"

::1 - - [10/Jan/2022:13:29:49 +0000] "GET /js/chunk-vendors.a0b5eab2.js HTTP/1.1" 304 - "http://localhost:30001/loginPage" "Mozilla/5.0 (Windows NT 10.0; Win64; x64) AppleWebKit/537.36 (KHTML, like Gecko) Chrome/96.0.4664.110 Safari/537.36"

::1 - - [10/Jan/2022:13:29:50 +0000] "GET /api/route/utils/wshost HTTP/1.1" 304 - "http://localhost:30001/loginPage" "Mozilla/5.0 (Windows NT 10.0; Win64; x64) AppleWebKit/537.36 (KHTML, like Gecko) Chrome/96.0.4664.110 Safari/537.36"

::1 - - [10/Jan/2022:13:29:51 +0000] "GET /fonts/element-icons.535877f5.woff HTTP/1.1" 304 - "http://localhost:30001/css/chunk-vendors.37b3d8f8.css" "Mozilla/5.0 (Windows NT 10.0; Win64; x64) AppleWebKit/537.36 (KHTML, like Gecko) Chrome/96.0.4664.110 Safari/537.36"

::1 - - [10/Jan/2022:13:29:51 +0000] "POST /api/route/users/login HTTP/1.1" 200 35 "http://localhost:30001/loginPage" "Mozilla/5.0 (Windows NT 10.0; Win64; x64) AppleWebKit/537.36 (KHTML, like Gecko) Chrome/96.0.4664.110 Safari/537.36"

::1 - - [10/Jan/2022:13:29:52 +0000] "GET /api/route/maps/current HTTP/1.1" 304 - "http://localhost:30001/map" "Mozilla/5.0 (Windows NT 10.0; Win64; x64) AppleWebKit/537.36 (KHTML, like Gecko) Chrome/96.0.4664.110 Safari/537.36"

::1 - - [10/Jan/2022:13:31:22 +0000] "GET /map HTTP/1.1" 302 64 "-" "Mozilla/5.0 (Windows NT 10.0; Win64; x64) AppleWebKit/537.36 (KHTML, like Gecko) Chrome/96.0.4664.110 Safari/537.36"

::1 - - [10/Jan/2022:13:31:22 +0000] "GET /loginPage HTTP/1.1" 304 - "-" "Mozilla/5.0 (Windows NT 10.0; Win64; x64) AppleWebKit/537.36 (KHTML, like Gecko) Chrome/96.0.4664.110 Safari/537.36"

::1 - - [10/Jan/2022:13:31:22 +0000] "GET /css/app.0ea9c63a.css HTTP/1.1" 304 - "http://localhost:30001/loginPage" "Mozilla/5.0 (Windows NT 10.0; Win64; x64) AppleWebKit/537.36 (KHTML, like Gecko) Chrome/96.0.4664.110 Safari/537.36"

::1 - - [10/Jan/2022:13:31:22 +0000] "GET /css/chunk-vendors.37b3d8f8.css HTTP/1.1" 304 - "http://localhost:30001/loginPage" "Mozilla/5.0 (Windows NT 10.0; Win64; x64) AppleWebKit/537.36 (KHTML, like Gecko) Chrome/96.0.4664.110 Safari/537.36"

::1 - - [10/Jan/2022:13:31:22 +0000] "GET /js/app.accd2e08.js HTTP/1.1" 304 - "http://localhost:30001/loginPage" "Mozilla/5.0 (Windows NT 10.0; Win64; x64) AppleWebKit/537.36 (KHTML, like Gecko) Chrome/96.0.4664.110 Safari/537.36"

::1 - - [10/Jan/2022:13:31:22 +0000] "GET /js/chunk-vendors.a0b5eab2.js HTTP/1.1" 304 - "http://localhost:30001/loginPage" "Mozilla/5.0 (Windows NT 10.0; Win64; x64) AppleWebKit/537.36 (KHTML, like Gecko) Chrome/96.0.4664.110 Safari/537.36"

::1 - - [10/Jan/2022:13:31:22 +0000] "GET /api/route/utils/wshost HTTP/1.1" 304 - "http://localhost:30001/loginPage" "Mozilla/5.0 (Windows NT 10.0; Win64; x64) AppleWebKit/537.36 (KHTML, like Gecko) Chrome/96.0.4664.110 Safari/537.36"

::1 - - [10/Jan/2022:13:31:23 +0000] "GET /fonts/element-icons.535877f5.woff HTTP/1.1" 304 - "http://localhost:30001/css/chunk-vendors.37b3d8f8.css" "Mozilla/5.0 (Windows NT 10.0; Win64; x64) AppleWebKit/537.36 (KHTML, like Gecko) Chrome/96.0.4664.110 Safari/537.36"

::1 - - [10/Jan/2022:13:31:23 +0000] "POST /api/route/users/login HTTP/1.1" 200 35 "http://localhost:30001/loginPage" "Mozilla/5.0 (Windows NT 10.0; Win64; x64) AppleWebKit/537.36 (KHTML, like Gecko) Chrome/96.0.4664.110 Safari/537.36"

::1 - - [10/Jan/2022:13:31:24 +0000] "GET /api/route/maps/current HTTP/1.1" 304 - "http://localhost:30001/map" "Mozilla/5.0 (Windows NT 10.0; Win64; x64) AppleWebKit/537.36 (KHTML, like Gecko) Chrome/96.0.4664.110 Safari/537.36"

::1 - - [10/Jan/2022:13:31:30 +0000] "GET /api/route/transportOrders?pageNo=1&pageSize=20 HTTP/1.1" 200 3359 "http://localhost:30001/transportOrders" "Mozilla/5.0 (Windows NT 10.0; Win64; x64) AppleWebKit/537.36 (KHTML, like Gecko) Chrome/96.0.4664.110 Safari/537.36"

::1 - - [10/Jan/2022:13:31:36 +0000] "POST /api/route/transportOrders/20220110212927/withdrawal HTTP/1.1" 200 2 "http://localhost:30001/transportOrders" "Mozilla/5.0 (Windows NT 10.0; Win64; x64) AppleWebKit/537.36 (KHTML, like Gecko) Chrome/96.0.4664.110 Safari/537.36"

::1 - - [10/Jan/2022:13:31:36 +0000] "POST /api/route/transportOrders/20220110212923/withdrawal HTTP/1.1" 200 2 "http://localhost:30001/transportOrders" "Mozilla/5.0 (Windows NT 10.0; Win64; x64) AppleWebKit/537.36 (KHTML, like Gecko) Chrome/96.0.4664.110 Safari/537.36"

::1 - - [10/Jan/2022:13:31:36 +0000] "POST /api/route/transportOrders/20220110212919/withdrawal HTTP/1.1" 200 2 "http://localhost:30001/transportOrders" "Mozilla/5.0 (Windows NT 10.0; Win64; x64) AppleWebKit/537.36 (KHTML, like Gecko) Chrome/96.0.4664.110 Safari/537.36"

::1 - - [10/Jan/2022:13:31:36 +0000] "POST /api/route/transportOrders/20220110212915/withdrawal HTTP/1.1" 200 2 "http://localhost:30001/transportOrders" "Mozilla/5.0 (Windows NT 10.0; Win64; x64) AppleWebKit/537.36 (KHTML, like Gecko) Chrome/96.0.4664.110 Safari/537.36"

::1 - - [10/Jan/2022:13:31:36 +0000] "POST /api/route/transportOrders/20220110212734/withdrawal HTTP/1.1" 200 2 "http://localhost:30001/transportOrders" "Mozilla/5.0 (Windows NT 10.0; Win64; x64) AppleWebKit/537.36 (KHTML, like Gecko) Chrome/96.0.4664.110 Safari/537.36"

::1 - - [10/Jan/2022:13:31:36 +0000] "POST /api/route/transportOrders/20220110212345/withdrawal HTTP/1.1" 200 2 "http://localhost:30001/transportOrders" "Mozilla/5.0 (Windows NT 10.0; Win64; x64) AppleWebKit/537.36 (KHTML, like Gecko) Chrome/96.0.4664.110 Safari/537.36"

::1 - - [10/Jan/2022:13:31:36 +0000] "POST /api/route/transportOrders/20220109142702/withdrawal HTTP/1.1" 200 2 "http://localhost:30001/transportOrders" "Mozilla/5.0 (Windows NT 10.0; Win64; x64) AppleWebKit/537.36 (KHTML, like Gecko) Chrome/96.0.4664.110 Safari/537.36"

::1 - - [10/Jan/2022:13:31:36 +0000] "POST /api/route/transportOrders/20220109150105/withdrawal HTTP/1.1" 200 2 "http://localhost:30001/transportOrders" "Mozilla/5.0 (Windows NT 10.0; Win64; x64) AppleWebKit/537.36 (KHTML, like Gecko) Chrome/96.0.4664.110 Safari/537.36"

::1 - - [10/Jan/2022:13:31:36 +0000] "POST /api/route/transportOrders/20220109153557/withdrawal HTTP/1.1" 200 2 "http://localhost:30001/transportOrders" "Mozilla/5.0 (Windows NT 10.0; Win64; x64) AppleWebKit/537.36 (KHTML, like Gecko) Chrome/96.0.4664.110 Safari/537.36"

::1 - - [10/Jan/2022:13:31:36 +0000] "POST /api/route/transportOrders/20220109135736/withdrawal HTTP/1.1" 200 2 "http://localhost:30001/transportOrders" "Mozilla/5.0 (Windows NT 10.0; Win64; x64) AppleWebKit/537.36 (KHTML, like Gecko) Chrome/96.0.4664.110 Safari/537.36"

::1 - - [10/Jan/2022:13:31:36 +0000] "POST /api/route/transportOrders/20220109154640/withdrawal HTTP/1.1" 200 2 "http://localhost:30001/transportOrders" "Mozilla/5.0 (Windows NT 10.0; Win64; x64) AppleWebKit/537.36 (KHTML, like Gecko) Chrome/96.0.4664.110 Safari/537.36"

::1 - - [10/Jan/2022:13:31:36 +0000] "POST /api/route/transportOrders/20220109143147/withdrawal HTTP/1.1" 200 2 "http://localhost:30001/transportOrders" "Mozilla/5.0 (Windows NT 10.0; Win64; x64) AppleWebKit/537.36 (KHTML, like Gecko) Chrome/96.0.4664.110 Safari/537.36"

::1 - - [10/Jan/2022:13:31:36 +0000] "POST /api/route/transportOrders/20220109153952/withdrawal HTTP/1.1" 200 2 "http://localhost:30001/transportOrders" "Mozilla/5.0 (Windows NT 10.0; Win64; x64) AppleWebKit/537.36 (KHTML, like Gecko) Chrome/96.0.4664.110 Safari/537.36"

::1 - - [10/Jan/2022:13:31:36 +0000] "POST /api/route/transportOrders/20220109151102/withdrawal HTTP/1.1" 200 2 "http://localhost:30001/transportOrders" "Mozilla/5.0 (Windows NT 10.0; Win64; x64) AppleWebKit/537.36 (KHTML, like Gecko) Chrome/96.0.4664.110 Safari/537.36"

::1 - - [10/Jan/2022:13:31:36 +0000] "POST /api/route/transportOrders/20220109154824/withdrawal HTTP/1.1" 200 2 "http://localhost:30001/transportOrders" "Mozilla/5.0 (Windows NT 10.0; Win64; x64) AppleWebKit/537.36 (KHTML, like Gecko) Chrome/96.0.4664.110 Safari/537.36"

::1 - - [10/Jan/2022:13:31:36 +0000] "POST /api/route/transportOrders/20220109143502/withdrawal HTTP/1.1" 200 2 "http://localhost:30001/transportOrders" "Mozilla/5.0 (Windows NT 10.0; Win64; x64) AppleWebKit/537.36 (KHTML, like Gecko) Chrome/96.0.4664.110 Safari/537.36"

::1 - - [10/Jan/2022:13:31:36 +0000] "POST /api/route/transportOrders/20220109142529/withdrawal HTTP/1.1" 200 2 "http://localhost:30001/transportOrders" "Mozilla/5.0 (Windows NT 10.0; Win64; x64) AppleWebKit/537.36 (KHTML, like Gecko) Chrome/96.0.4664.110 Safari/537.36"

::1 - - [10/Jan/2022:13:31:36 +0000] "POST /api/route/transportOrders/20220109143022/withdrawal HTTP/1.1" 200 2 "http://localhost:30001/transportOrders" "Mozilla/5.0 (Windows NT 10.0; Win64; x64) AppleWebKit/537.36 (KHTML, like Gecko) Chrome/96.0.4664.110 Safari/537.36"

::1 - - [10/Jan/2022:13:31:36 +0000] "GET /api/route/transportOrders?pageNo=1&pageSize=20 HTTP/1.1" 200 3332 "http://localhost:30001/transportOrders" "Mozilla/5.0 (Windows NT 10.0; Win64; x64) AppleWebKit/537.36 (KHTML, like Gecko) Chrome/96.0.4664.110 Safari/537.36"

::1 - - [10/Jan/2022:13:32:07 +0000] "GET /api/route/maps/current HTTP/1.1" 304 - "http://localhost:30001/map" "Mozilla/5.0 (Windows NT 10.0; Win64; x64) AppleWebKit/537.36 (KHTML, like Gecko) Chrome/96.0.4664.110 Safari/537.36"

::1 - - [10/Jan/2022:13:32:08 +0000] "GET /api/route/transportOrders?pageNo=1&pageSize=20 HTTP/1.1" 304 - "http://localhost:30001/transportOrders" "Mozilla/5.0 (Windows NT 10.0; Win64; x64) AppleWebKit/537.36 (KHTML, like Gecko) Chrome/96.0.4664.110 Safari/537.36"

::1 - - [10/Jan/2022:13:34:36 +0000] "GET /vehicles HTTP/1.1" 302 64 "-" "Mozilla/5.0 (Windows NT 10.0; Win64; x64) AppleWebKit/537.36 (KHTML, like Gecko) Chrome/96.0.4664.110 Safari/537.36"

::1 - - [10/Jan/2022:13:34:36 +0000] "GET /loginPage HTTP/1.1" 304 - "-" "Mozilla/5.0 (Windows NT 10.0; Win64; x64) AppleWebKit/537.36 (KHTML, like Gecko) Chrome/96.0.4664.110 Safari/537.36"

::1 - - [10/Jan/2022:13:34:36 +0000] "GET /css/app.0ea9c63a.css HTTP/1.1" 304 - "http://localhost:30001/loginPage" "Mozilla/5.0 (Windows NT 10.0; Win64; x64) AppleWebKit/537.36 (KHTML, like Gecko) Chrome/96.0.4664.110 Safari/537.36"

::1 - - [10/Jan/2022:13:34:36 +0000] "GET /css/chunk-vendors.37b3d8f8.css HTTP/1.1" 304 - "http://localhost:30001/loginPage" "Mozilla/5.0 (Windows NT 10.0; Win64; x64) AppleWebKit/537.36 (KHTML, like Gecko) Chrome/96.0.4664.110 Safari/537.36"

::1 - - [10/Jan/2022:13:34:36 +0000] "GET /js/app.accd2e08.js HTTP/1.1" 304 - "http://localhost:30001/loginPage" "Mozilla/5.0 (Windows NT 10.0; Win64; x64) AppleWebKit/537.36 (KHTML, like Gecko) Chrome/96.0.4664.110 Safari/537.36"

::1 - - [10/Jan/2022:13:34:36 +0000] "GET /js/chunk-vendors.a0b5eab2.js HTTP/1.1" 304 - "http://localhost:30001/loginPage" "Mozilla/5.0 (Windows NT 10.0; Win64; x64) AppleWebKit/537.36 (KHTML, like Gecko) Chrome/96.0.4664.110 Safari/537.36"

::1 - - [10/Jan/2022:13:34:36 +0000] "GET /api/route/utils/wshost HTTP/1.1" 304 - "http://localhost:30001/loginPage" "Mozilla/5.0 (Windows NT 10.0; Win64; x64) AppleWebKit/537.36 (KHTML, like Gecko) Chrome/96.0.4664.110 Safari/537.36"

::1 - - [10/Jan/2022:13:34:37 +0000] "GET /fonts/element-icons.535877f5.woff HTTP/1.1" 304 - "http://localhost:30001/css/chunk-vendors.37b3d8f8.css" "Mozilla/5.0 (Windows NT 10.0; Win64; x64) AppleWebKit/537.36 (KHTML, like Gecko) Chrome/96.0.4664.110 Safari/537.36"

::1 - - [10/Jan/2022:13:34:37 +0000] "POST /api/route/users/login HTTP/1.1" 200 35 "http://localhost:30001/loginPage" "Mozilla/5.0 (Windows NT 10.0; Win64; x64) AppleWebKit/537.36 (KHTML, like Gecko) Chrome/96.0.4664.110 Safari/537.36"

::1 - - [10/Jan/2022:13:34:43 +0000] "GET /api/route/maps/current HTTP/1.1" 304 - "http://localhost:30001/map" "Mozilla/5.0 (Windows NT 10.0; Win64; x64) AppleWebKit/537.36 (KHTML, like Gecko) Chrome/96.0.4664.110 Safari/537.36"

::1 - - [10/Jan/2022:13:35:48 +0000] "GET /css/chunk-vendors.37b3d8f8.css HTTP/1.1" 304 - "http://localhost:30001/vehicles" "Mozilla/5.0 (Windows NT 10.0; Win64; x64) AppleWebKit/537.36 (KHTML, like Gecko) Chrome/96.0.4664.110 Safari/537.36"

::1 - - [10/Jan/2022:13:35:48 +0000] "GET /css/app.0ea9c63a.css HTTP/1.1" 304 - "http://localhost:30001/vehicles" "Mozilla/5.0 (Windows NT 10.0; Win64; x64) AppleWebKit/537.36 (KHTML, like Gecko) Chrome/96.0.4664.110 Safari/537.36"

::1 - - [10/Jan/2022:13:35:48 +0000] "GET /js/chunk-vendors.a0b5eab2.js.map HTTP/1.1" 200 4021264 "-" "Mozilla/5.0 (Windows NT 10.0; Win64; x64) AppleWebKit/537.36 (KHTML, like Gecko) Chrome/96.0.4664.110 Safari/537.36"

::1 - - [10/Jan/2022:13:35:48 +0000] "GET /js/app.accd2e08.js.map HTTP/1.1" 200 169908 "-" "Mozilla/5.0 (Windows NT 10.0; Win64; x64) AppleWebKit/537.36 (KHTML, like Gecko) Chrome/96.0.4664.110 Safari/537.36"

::1 - - [10/Jan/2022:13:55:12 +0000] "GET /vehicles HTTP/1.1" 302 64 "-" "Mozilla/5.0 (Windows NT 10.0; Win64; x64) AppleWebKit/537.36 (KHTML, like Gecko) Chrome/96.0.4664.110 Safari/537.36"

::1 - - [10/Jan/2022:13:55:12 +0000] "GET /loginPage HTTP/1.1" 304 - "-" "Mozilla/5.0 (Windows NT 10.0; Win64; x64) AppleWebKit/537.36 (KHTML, like Gecko) Chrome/96.0.4664.110 Safari/537.36"

::1 - - [10/Jan/2022:13:55:12 +0000] "GET /css/app.0ea9c63a.css HTTP/1.1" 304 - "http://localhost:30001/loginPage" "Mozilla/5.0 (Windows NT 10.0; Win64; x64) AppleWebKit/537.36 (KHTML, like Gecko) Chrome/96.0.4664.110 Safari/537.36"

::1 - - [10/Jan/2022:13:55:12 +0000] "GET /css/chunk-vendors.37b3d8f8.css HTTP/1.1" 304 - "http://localhost:30001/loginPage" "Mozilla/5.0 (Windows NT 10.0; Win64; x64) AppleWebKit/537.36 (KHTML, like Gecko) Chrome/96.0.4664.110 Safari/537.36"

::1 - - [10/Jan/2022:13:55:12 +0000] "GET /js/app.accd2e08.js HTTP/1.1" 304 - "http://localhost:30001/loginPage" "Mozilla/5.0 (Windows NT 10.0; Win64; x64) AppleWebKit/537.36 (KHTML, like Gecko) Chrome/96.0.4664.110 Safari/537.36"

::1 - - [10/Jan/2022:13:55:12 +0000] "GET /js/chunk-vendors.a0b5eab2.js HTTP/1.1" 304 - "http://localhost:30001/loginPage" "Mozilla/5.0 (Windows NT 10.0; Win64; x64) AppleWebKit/537.36 (KHTML, like Gecko) Chrome/96.0.4664.110 Safari/537.36"

::1 - - [10/Jan/2022:13:55:12 +0000] "GET /js/app.accd2e08.js.map HTTP/1.1" 200 169908 "-" "Mozilla/5.0 (Windows NT 10.0; Win64; x64) AppleWebKit/537.36 (KHTML, like Gecko) Chrome/96.0.4664.110 Safari/537.36"

::1 - - [10/Jan/2022:13:55:12 +0000] "GET /js/chunk-vendors.a0b5eab2.js.map HTTP/1.1" 200 4021264 "-" "Mozilla/5.0 (Windows NT 10.0; Win64; x64) AppleWebKit/537.36 (KHTML, like Gecko) Chrome/96.0.4664.110 Safari/537.36"

::1 - - [10/Jan/2022:13:55:12 +0000] "GET /api/route/utils/wshost HTTP/1.1" 304 - "http://localhost:30001/loginPage" "Mozilla/5.0 (Windows NT 10.0; Win64; x64) AppleWebKit/537.36 (KHTML, like Gecko) Chrome/96.0.4664.110 Safari/537.36"

::1 - - [10/Jan/2022:13:55:13 +0000] "GET /fonts/element-icons.535877f5.woff HTTP/1.1" 304 - "http://localhost:30001/css/chunk-vendors.37b3d8f8.css" "Mozilla/5.0 (Windows NT 10.0; Win64; x64) AppleWebKit/537.36 (KHTML, like Gecko) Chrome/96.0.4664.110 Safari/537.36"

::1 - - [10/Jan/2022:13:55:13 +0000] "POST /api/route/users/login HTTP/1.1" 200 35 "http://localhost:30001/loginPage" "Mozilla/5.0 (Windows NT 10.0; Win64; x64) AppleWebKit/537.36 (KHTML, like Gecko) Chrome/96.0.4664.110 Safari/537.36"

::1 - - [10/Jan/2022:13:55:33 +0000] "GET /api/route/maps/current HTTP/1.1" 304 - "http://localhost:30001/map" "Mozilla/5.0 (Windows NT 10.0; Win64; x64) AppleWebKit/537.36 (KHTML, like Gecko) Chrome/96.0.4664.110 Safari/537.36"

::1 - - [10/Jan/2022:13:57:04 +0000] "GET /api/route/transportOrders?pageNo=1&pageSize=20 HTTP/1.1" 304 - "http://localhost:30001/transportOrders" "Mozilla/5.0 (Windows NT 10.0; Win64; x64) AppleWebKit/537.36 (KHTML, like Gecko) Chrome/96.0.4664.110 Safari/537.36"

::1 - - [10/Jan/2022:13:57:05 +0000] "GET /api/route/maps/current HTTP/1.1" 304 - "http://localhost:30001/map" "Mozilla/5.0 (Windows NT 10.0; Win64; x64) AppleWebKit/537.36 (KHTML, like Gecko) Chrome/96.0.4664.110 Safari/537.36"

::1 - - [10/Jan/2022:13:57:09 +0000] "POST /api/route/transportOrders/20220110215709 HTTP/1.1" 200 2 "-" "python-requests/2.26.0"

::1 - - [10/Jan/2022:13:57:16 +0000] "POST /api/route/transportOrders/20220110215716 HTTP/1.1" 200 2 "-" "python-requests/2.26.0"

::1 - - [10/Jan/2022:13:57:27 +0000] "POST /api/route/transportOrders/20220110215727 HTTP/1.1" 200 2 "-" "python-requests/2.26.0"

::1 - - [10/Jan/2022:14:00:01 +0000] "GET /map HTTP/1.1" 302 64 "-" "Mozilla/5.0 (Windows NT 10.0; Win64; x64) AppleWebKit/537.36 (KHTML, like Gecko) Chrome/96.0.4664.110 Safari/537.36"

::1 - - [10/Jan/2022:14:00:01 +0000] "GET /loginPage HTTP/1.1" 304 - "-" "Mozilla/5.0 (Windows NT 10.0; Win64; x64) AppleWebKit/537.36 (KHTML, like Gecko) Chrome/96.0.4664.110 Safari/537.36"

::1 - - [10/Jan/2022:14:00:01 +0000] "GET /css/app.0ea9c63a.css HTTP/1.1" 304 - "http://localhost:30001/loginPage" "Mozilla/5.0 (Windows NT 10.0; Win64; x64) AppleWebKit/537.36 (KHTML, like Gecko) Chrome/96.0.4664.110 Safari/537.36"

::1 - - [10/Jan/2022:14:00:01 +0000] "GET /css/chunk-vendors.37b3d8f8.css HTTP/1.1" 304 - "http://localhost:30001/loginPage" "Mozilla/5.0 (Windows NT 10.0; Win64; x64) AppleWebKit/537.36 (KHTML, like Gecko) Chrome/96.0.4664.110 Safari/537.36"

::1 - - [10/Jan/2022:14:00:01 +0000] "GET /js/app.accd2e08.js HTTP/1.1" 304 - "http://localhost:30001/loginPage" "Mozilla/5.0 (Windows NT 10.0; Win64; x64) AppleWebKit/537.36 (KHTML, like Gecko) Chrome/96.0.4664.110 Safari/537.36"

::1 - - [10/Jan/2022:14:00:01 +0000] "GET /js/chunk-vendors.a0b5eab2.js HTTP/1.1" 304 - "http://localhost:30001/loginPage" "Mozilla/5.0 (Windows NT 10.0; Win64; x64) AppleWebKit/537.36 (KHTML, like Gecko) Chrome/96.0.4664.110 Safari/537.36"

::1 - - [10/Jan/2022:14:00:01 +0000] "GET /js/app.accd2e08.js.map HTTP/1.1" 200 169908 "-" "Mozilla/5.0 (Windows NT 10.0; Win64; x64) AppleWebKit/537.36 (KHTML, like Gecko) Chrome/96.0.4664.110 Safari/537.36"

::1 - - [10/Jan/2022:14:00:01 +0000] "GET /js/chunk-vendors.a0b5eab2.js.map HTTP/1.1" 200 4021264 "-" "Mozilla/5.0 (Windows NT 10.0; Win64; x64) AppleWebKit/537.36 (KHTML, like Gecko) Chrome/96.0.4664.110 Safari/537.36"

::1 - - [10/Jan/2022:14:00:01 +0000] "GET /api/route/utils/wshost HTTP/1.1" 304 - "http://localhost:30001/loginPage" "Mozilla/5.0 (Windows NT 10.0; Win64; x64) AppleWebKit/537.36 (KHTML, like Gecko) Chrome/96.0.4664.110 Safari/537.36"

::1 - - [10/Jan/2022:14:00:11 +0000] "GET /fonts/element-icons.535877f5.woff HTTP/1.1" 304 - "http://localhost:30001/css/chunk-vendors.37b3d8f8.css" "Mozilla/5.0 (Windows NT 10.0; Win64; x64) AppleWebKit/537.36 (KHTML, like Gecko) Chrome/96.0.4664.110 Safari/537.36"

::1 - - [10/Jan/2022:14:00:11 +0000] "POST /api/route/users/login HTTP/1.1" 200 35 "http://localhost:30001/loginPage" "Mozilla/5.0 (Windows NT 10.0; Win64; x64) AppleWebKit/537.36 (KHTML, like Gecko) Chrome/96.0.4664.110 Safari/537.36"

::1 - - [10/Jan/2022:14:00:15 +0000] "GET /api/route/maps/current HTTP/1.1" 304 - "http://localhost:30001/map" "Mozilla/5.0 (Windows NT 10.0; Win64; x64) AppleWebKit/537.36 (KHTML, like Gecko) Chrome/96.0.4664.110 Safari/537.36"

::1 - - [10/Jan/2022:14:05:44 +0000] "POST /api/route/transportOrders/20220110220544 HTTP/1.1" 200 2 "-" "python-requests/2.26.0"

::1 - - [10/Jan/2022:14:06:01 +0000] "GET /map HTTP/1.1" 302 64 "-" "Mozilla/5.0 (Windows NT 10.0; Win64; x64) AppleWebKit/537.36 (KHTML, like Gecko) Chrome/96.0.4664.110 Safari/537.36"

::1 - - [10/Jan/2022:14:06:01 +0000] "GET /loginPage HTTP/1.1" 304 - "-" "Mozilla/5.0 (Windows NT 10.0; Win64; x64) AppleWebKit/537.36 (KHTML, like Gecko) Chrome/96.0.4664.110 Safari/537.36"

::1 - - [10/Jan/2022:14:06:01 +0000] "GET /css/app.0ea9c63a.css HTTP/1.1" 304 - "http://localhost:30001/loginPage" "Mozilla/5.0 (Windows NT 10.0; Win64; x64) AppleWebKit/537.36 (KHTML, like Gecko) Chrome/96.0.4664.110 Safari/537.36"

::1 - - [10/Jan/2022:14:06:01 +0000] "GET /css/chunk-vendors.37b3d8f8.css HTTP/1.1" 304 - "http://localhost:30001/loginPage" "Mozilla/5.0 (Windows NT 10.0; Win64; x64) AppleWebKit/537.36 (KHTML, like Gecko) Chrome/96.0.4664.110 Safari/537.36"

::1 - - [10/Jan/2022:14:06:01 +0000] "GET /js/app.accd2e08.js HTTP/1.1" 304 - "http://localhost:30001/loginPage" "Mozilla/5.0 (Windows NT 10.0; Win64; x64) AppleWebKit/537.36 (KHTML, like Gecko) Chrome/96.0.4664.110 Safari/537.36"

::1 - - [10/Jan/2022:14:06:01 +0000] "GET /js/chunk-vendors.a0b5eab2.js HTTP/1.1" 304 - "http://localhost:30001/loginPage" "Mozilla/5.0 (Windows NT 10.0; Win64; x64) AppleWebKit/537.36 (KHTML, like Gecko) Chrome/96.0.4664.110 Safari/537.36"

::1 - - [10/Jan/2022:14:06:01 +0000] "GET /api/route/utils/wshost HTTP/1.1" 304 - "http://localhost:30001/loginPage" "Mozilla/5.0 (Windows NT 10.0; Win64; x64) AppleWebKit/537.36 (KHTML, like Gecko) Chrome/96.0.4664.110 Safari/537.36"

::1 - - [10/Jan/2022:14:06:01 +0000] "GET /js/app.accd2e08.js.map HTTP/1.1" 200 169908 "-" "Mozilla/5.0 (Windows NT 10.0; Win64; x64) AppleWebKit/537.36 (KHTML, like Gecko) Chrome/96.0.4664.110 Safari/537.36"

::1 - - [10/Jan/2022:14:06:01 +0000] "GET /js/chunk-vendors.a0b5eab2.js.map HTTP/1.1" 200 4021264 "-" "Mozilla/5.0 (Windows NT 10.0; Win64; x64) AppleWebKit/537.36 (KHTML, like Gecko) Chrome/96.0.4664.110 Safari/537.36"

::1 - - [10/Jan/2022:14:06:02 +0000] "GET /fonts/element-icons.535877f5.woff HTTP/1.1" 304 - "http://localhost:30001/css/chunk-vendors.37b3d8f8.css" "Mozilla/5.0 (Windows NT 10.0; Win64; x64) AppleWebKit/537.36 (KHTML, like Gecko) Chrome/96.0.4664.110 Safari/537.36"

::1 - - [10/Jan/2022:14:06:02 +0000] "POST /api/route/users/login HTTP/1.1" 200 35 "http://localhost:30001/loginPage" "Mozilla/5.0 (Windows NT 10.0; Win64; x64) AppleWebKit/537.36 (KHTML, like Gecko) Chrome/96.0.4664.110 Safari/537.36"

::1 - - [10/Jan/2022:14:06:03 +0000] "GET /api/route/maps/current HTTP/1.1" 304 - "http://localhost:30001/map" "Mozilla/5.0 (Windows NT 10.0; Win64; x64) AppleWebKit/537.36 (KHTML, like Gecko) Chrome/96.0.4664.110 Safari/537.36"

::1 - - [10/Jan/2022:14:10:01 +0000] "POST /api/route/transportOrders/20220110221001 HTTP/1.1" 200 2 "-" "python-requests/2.26.0"

::1 - - [10/Jan/2022:14:10:04 +0000] "GET /map HTTP/1.1" 302 64 "-" "Mozilla/5.0 (Windows NT 10.0; Win64; x64) AppleWebKit/537.36 (KHTML, like Gecko) Chrome/96.0.4664.110 Safari/537.36"

::1 - - [10/Jan/2022:14:10:04 +0000] "GET /loginPage HTTP/1.1" 304 - "-" "Mozilla/5.0 (Windows NT 10.0; Win64; x64) AppleWebKit/537.36 (KHTML, like Gecko) Chrome/96.0.4664.110 Safari/537.36"

::1 - - [10/Jan/2022:14:10:04 +0000] "GET /css/app.0ea9c63a.css HTTP/1.1" 304 - "http://localhost:30001/loginPage" "Mozilla/5.0 (Windows NT 10.0; Win64; x64) AppleWebKit/537.36 (KHTML, like Gecko) Chrome/96.0.4664.110 Safari/537.36"

::1 - - [10/Jan/2022:14:10:04 +0000] "GET /css/chunk-vendors.37b3d8f8.css HTTP/1.1" 304 - "http://localhost:30001/loginPage" "Mozilla/5.0 (Windows NT 10.0; Win64; x64) AppleWebKit/537.36 (KHTML, like Gecko) Chrome/96.0.4664.110 Safari/537.36"

::1 - - [10/Jan/2022:14:10:04 +0000] "GET /js/app.accd2e08.js HTTP/1.1" 304 - "http://localhost:30001/loginPage" "Mozilla/5.0 (Windows NT 10.0; Win64; x64) AppleWebKit/537.36 (KHTML, like Gecko) Chrome/96.0.4664.110 Safari/537.36"

::1 - - [10/Jan/2022:14:10:04 +0000] "GET /js/chunk-vendors.a0b5eab2.js HTTP/1.1" 304 - "http://localhost:30001/loginPage" "Mozilla/5.0 (Windows NT 10.0; Win64; x64) AppleWebKit/537.36 (KHTML, like Gecko) Chrome/96.0.4664.110 Safari/537.36"

::1 - - [10/Jan/2022:14:10:04 +0000] "GET /api/route/utils/wshost HTTP/1.1" 304 - "http://localhost:30001/loginPage" "Mozilla/5.0 (Windows NT 10.0; Win64; x64) AppleWebKit/537.36 (KHTML, like Gecko) Chrome/96.0.4664.110 Safari/537.36"

::1 - - [10/Jan/2022:14:10:04 +0000] "GET /js/app.accd2e08.js.map HTTP/1.1" 200 169908 "-" "Mozilla/5.0 (Windows NT 10.0; Win64; x64) AppleWebKit/537.36 (KHTML, like Gecko) Chrome/96.0.4664.110 Safari/537.36"

::1 - - [10/Jan/2022:14:10:04 +0000] "GET /js/chunk-vendors.a0b5eab2.js.map HTTP/1.1" 200 4021264 "-" "Mozilla/5.0 (Windows NT 10.0; Win64; x64) AppleWebKit/537.36 (KHTML, like Gecko) Chrome/96.0.4664.110 Safari/537.36"

::1 - - [10/Jan/2022:14:10:05 +0000] "GET /fonts/element-icons.535877f5.woff HTTP/1.1" 304 - "http://localhost:30001/css/chunk-vendors.37b3d8f8.css" "Mozilla/5.0 (Windows NT 10.0; Win64; x64) AppleWebKit/537.36 (KHTML, like Gecko) Chrome/96.0.4664.110 Safari/537.36"

::1 - - [10/Jan/2022:14:10:05 +0000] "POST /api/route/users/login HTTP/1.1" 200 35 "http://localhost:30001/loginPage" "Mozilla/5.0 (Windows NT 10.0; Win64; x64) AppleWebKit/537.36 (KHTML, like Gecko) Chrome/96.0.4664.110 Safari/537.36"

::1 - - [10/Jan/2022:14:10:06 +0000] "GET /api/route/maps/current HTTP/1.1" 304 - "http://localhost:30001/map" "Mozilla/5.0 (Windows NT 10.0; Win64; x64) AppleWebKit/537.36 (KHTML, like Gecko) Chrome/96.0.4664.110 Safari/537.36"

::1 - - [10/Jan/2022:14:13:48 +0000] "POST /api/route/transportOrders/20220110221348 HTTP/1.1" 200 2 "-" "python-requests/2.26.0"

::1 - - [10/Jan/2022:14:13:51 +0000] "GET /map HTTP/1.1" 302 64 "-" "Mozilla/5.0 (Windows NT 10.0; Win64; x64) AppleWebKit/537.36 (KHTML, like Gecko) Chrome/96.0.4664.110 Safari/537.36"

::1 - - [10/Jan/2022:14:13:51 +0000] "GET /loginPage HTTP/1.1" 304 - "-" "Mozilla/5.0 (Windows NT 10.0; Win64; x64) AppleWebKit/537.36 (KHTML, like Gecko) Chrome/96.0.4664.110 Safari/537.36"

::1 - - [10/Jan/2022:14:13:51 +0000] "GET /css/app.0ea9c63a.css HTTP/1.1" 304 - "http://localhost:30001/loginPage" "Mozilla/5.0 (Windows NT 10.0; Win64; x64) AppleWebKit/537.36 (KHTML, like Gecko) Chrome/96.0.4664.110 Safari/537.36"

::1 - - [10/Jan/2022:14:13:51 +0000] "GET /css/chunk-vendors.37b3d8f8.css HTTP/1.1" 304 - "http://localhost:30001/loginPage" "Mozilla/5.0 (Windows NT 10.0; Win64; x64) AppleWebKit/537.36 (KHTML, like Gecko) Chrome/96.0.4664.110 Safari/537.36"

::1 - - [10/Jan/2022:14:13:51 +0000] "GET /js/app.accd2e08.js HTTP/1.1" 304 - "http://localhost:30001/loginPage" "Mozilla/5.0 (Windows NT 10.0; Win64; x64) AppleWebKit/537.36 (KHTML, like Gecko) Chrome/96.0.4664.110 Safari/537.36"

::1 - - [10/Jan/2022:14:13:51 +0000] "GET /js/chunk-vendors.a0b5eab2.js HTTP/1.1" 304 - "http://localhost:30001/loginPage" "Mozilla/5.0 (Windows NT 10.0; Win64; x64) AppleWebKit/537.36 (KHTML, like Gecko) Chrome/96.0.4664.110 Safari/537.36"

::1 - - [10/Jan/2022:14:13:51 +0000] "GET /api/route/utils/wshost HTTP/1.1" 304 - "http://localhost:30001/loginPage" "Mozilla/5.0 (Windows NT 10.0; Win64; x64) AppleWebKit/537.36 (KHTML, like Gecko) Chrome/96.0.4664.110 Safari/537.36"

::1 - - [10/Jan/2022:14:13:51 +0000] "GET /js/app.accd2e08.js.map HTTP/1.1" 200 169908 "-" "Mozilla/5.0 (Windows NT 10.0; Win64; x64) AppleWebKit/537.36 (KHTML, like Gecko) Chrome/96.0.4664.110 Safari/537.36"

::1 - - [10/Jan/2022:14:13:51 +0000] "GET /js/chunk-vendors.a0b5eab2.js.map HTTP/1.1" 200 4021264 "-" "Mozilla/5.0 (Windows NT 10.0; Win64; x64) AppleWebKit/537.36 (KHTML, like Gecko) Chrome/96.0.4664.110 Safari/537.36"

::1 - - [10/Jan/2022:14:13:52 +0000] "GET /fonts/element-icons.535877f5.woff HTTP/1.1" 304 - "http://localhost:30001/css/chunk-vendors.37b3d8f8.css" "Mozilla/5.0 (Windows NT 10.0; Win64; x64) AppleWebKit/537.36 (KHTML, like Gecko) Chrome/96.0.4664.110 Safari/537.36"

::1 - - [10/Jan/2022:14:13:52 +0000] "POST /api/route/users/login HTTP/1.1" 200 35 "http://localhost:30001/loginPage" "Mozilla/5.0 (Windows NT 10.0; Win64; x64) AppleWebKit/537.36 (KHTML, like Gecko) Chrome/96.0.4664.110 Safari/537.36"

::1 - - [10/Jan/2022:14:13:53 +0000] "GET /api/route/maps/current HTTP/1.1" 304 - "http://localhost:30001/map" "Mozilla/5.0 (Windows NT 10.0; Win64; x64) AppleWebKit/537.36 (KHTML, like Gecko) Chrome/96.0.4664.110 Safari/537.36"

::1 - - [10/Jan/2022:14:18:22 +0000] "POST /api/route/transportOrders/20220110221822 HTTP/1.1" 200 2 "-" "python-requests/2.26.0"

::1 - - [10/Jan/2022:14:18:39 +0000] "GET /map HTTP/1.1" 302 64 "-" "Mozilla/5.0 (Windows NT 10.0; Win64; x64) AppleWebKit/537.36 (KHTML, like Gecko) Chrome/96.0.4664.110 Safari/537.36"

::1 - - [10/Jan/2022:14:18:39 +0000] "GET /loginPage HTTP/1.1" 304 - "-" "Mozilla/5.0 (Windows NT 10.0; Win64; x64) AppleWebKit/537.36 (KHTML, like Gecko) Chrome/96.0.4664.110 Safari/537.36"

::1 - - [10/Jan/2022:14:18:39 +0000] "GET /css/app.0ea9c63a.css HTTP/1.1" 304 - "http://localhost:30001/loginPage" "Mozilla/5.0 (Windows NT 10.0; Win64; x64) AppleWebKit/537.36 (KHTML, like Gecko) Chrome/96.0.4664.110 Safari/537.36"

::1 - - [10/Jan/2022:14:18:39 +0000] "GET /css/chunk-vendors.37b3d8f8.css HTTP/1.1" 304 - "http://localhost:30001/loginPage" "Mozilla/5.0 (Windows NT 10.0; Win64; x64) AppleWebKit/537.36 (KHTML, like Gecko) Chrome/96.0.4664.110 Safari/537.36"

::1 - - [10/Jan/2022:14:18:39 +0000] "GET /js/chunk-vendors.a0b5eab2.js HTTP/1.1" 304 - "http://localhost:30001/loginPage" "Mozilla/5.0 (Windows NT 10.0; Win64; x64) AppleWebKit/537.36 (KHTML, like Gecko) Chrome/96.0.4664.110 Safari/537.36"

::1 - - [10/Jan/2022:14:18:39 +0000] "GET /js/app.accd2e08.js HTTP/1.1" 304 - "http://localhost:30001/loginPage" "Mozilla/5.0 (Windows NT 10.0; Win64; x64) AppleWebKit/537.36 (KHTML, like Gecko) Chrome/96.0.4664.110 Safari/537.36"

::1 - - [10/Jan/2022:14:18:39 +0000] "GET /api/route/utils/wshost HTTP/1.1" 304 - "http://localhost:30001/loginPage" "Mozilla/5.0 (Windows NT 10.0; Win64; x64) AppleWebKit/537.36 (KHTML, like Gecko) Chrome/96.0.4664.110 Safari/537.36"

::1 - - [10/Jan/2022:14:18:39 +0000] "GET /js/app.accd2e08.js.map HTTP/1.1" 200 169908 "-" "Mozilla/5.0 (Windows NT 10.0; Win64; x64) AppleWebKit/537.36 (KHTML, like Gecko) Chrome/96.0.4664.110 Safari/537.36"

::1 - - [10/Jan/2022:14:18:39 +0000] "GET /js/chunk-vendors.a0b5eab2.js.map HTTP/1.1" 200 4021264 "-" "Mozilla/5.0 (Windows NT 10.0; Win64; x64) AppleWebKit/537.36 (KHTML, like Gecko) Chrome/96.0.4664.110 Safari/537.36"

::1 - - [10/Jan/2022:14:18:40 +0000] "GET /fonts/element-icons.535877f5.woff HTTP/1.1" 304 - "http://localhost:30001/css/chunk-vendors.37b3d8f8.css" "Mozilla/5.0 (Windows NT 10.0; Win64; x64) AppleWebKit/537.36 (KHTML, like Gecko) Chrome/96.0.4664.110 Safari/537.36"

::1 - - [10/Jan/2022:14:18:40 +0000] "POST /api/route/users/login HTTP/1.1" 200 35 "http://localhost:30001/loginPage" "Mozilla/5.0 (Windows NT 10.0; Win64; x64) AppleWebKit/537.36 (KHTML, like Gecko) Chrome/96.0.4664.110 Safari/537.36"

::1 - - [10/Jan/2022:14:18:41 +0000] "GET /api/route/maps/current HTTP/1.1" 304 - "http://localhost:30001/map" "Mozilla/5.0 (Windows NT 10.0; Win64; x64) AppleWebKit/537.36 (KHTML, like Gecko) Chrome/96.0.4664.110 Safari/537.36"

::1 - - [10/Jan/2022:14:25:56 +0000] "POST /api/route/transportOrders/20220110222556 HTTP/1.1" 200 2 "-" "python-requests/2.26.0"

::1 - - [10/Jan/2022:14:25:58 +0000] "GET /map HTTP/1.1" 302 64 "-" "Mozilla/5.0 (Windows NT 10.0; Win64; x64) AppleWebKit/537.36 (KHTML, like Gecko) Chrome/96.0.4664.110 Safari/537.36"

::1 - - [10/Jan/2022:14:25:58 +0000] "GET /loginPage HTTP/1.1" 304 - "-" "Mozilla/5.0 (Windows NT 10.0; Win64; x64) AppleWebKit/537.36 (KHTML, like Gecko) Chrome/96.0.4664.110 Safari/537.36"

::1 - - [10/Jan/2022:14:25:58 +0000] "GET /css/app.0ea9c63a.css HTTP/1.1" 304 - "http://localhost:30001/loginPage" "Mozilla/5.0 (Windows NT 10.0; Win64; x64) AppleWebKit/537.36 (KHTML, like Gecko) Chrome/96.0.4664.110 Safari/537.36"

::1 - - [10/Jan/2022:14:25:58 +0000] "GET /css/chunk-vendors.37b3d8f8.css HTTP/1.1" 304 - "http://localhost:30001/loginPage" "Mozilla/5.0 (Windows NT 10.0; Win64; x64) AppleWebKit/537.36 (KHTML, like Gecko) Chrome/96.0.4664.110 Safari/537.36"

::1 - - [10/Jan/2022:14:25:58 +0000] "GET /js/app.accd2e08.js HTTP/1.1" 304 - "http://localhost:30001/loginPage" "Mozilla/5.0 (Windows NT 10.0; Win64; x64) AppleWebKit/537.36 (KHTML, like Gecko) Chrome/96.0.4664.110 Safari/537.36"

::1 - - [10/Jan/2022:14:25:58 +0000] "GET /js/chunk-vendors.a0b5eab2.js HTTP/1.1" 304 - "http://localhost:30001/loginPage" "Mozilla/5.0 (Windows NT 10.0; Win64; x64) AppleWebKit/537.36 (KHTML, like Gecko) Chrome/96.0.4664.110 Safari/537.36"

::1 - - [10/Jan/2022:14:25:59 +0000] "GET /api/route/utils/wshost HTTP/1.1" 304 - "http://localhost:30001/loginPage" "Mozilla/5.0 (Windows NT 10.0; Win64; x64) AppleWebKit/537.36 (KHTML, like Gecko) Chrome/96.0.4664.110 Safari/537.36"

::1 - - [10/Jan/2022:14:25:59 +0000] "GET /js/app.accd2e08.js.map HTTP/1.1" 200 169908 "-" "Mozilla/5.0 (Windows NT 10.0; Win64; x64) AppleWebKit/537.36 (KHTML, like Gecko) Chrome/96.0.4664.110 Safari/537.36"

::1 - - [10/Jan/2022:14:25:59 +0000] "GET /js/chunk-vendors.a0b5eab2.js.map HTTP/1.1" 200 4021264 "-" "Mozilla/5.0 (Windows NT 10.0; Win64; x64) AppleWebKit/537.36 (KHTML, like Gecko) Chrome/96.0.4664.110 Safari/537.36"

::1 - - [10/Jan/2022:14:25:59 +0000] "GET /fonts/element-icons.535877f5.woff HTTP/1.1" 304 - "http://localhost:30001/css/chunk-vendors.37b3d8f8.css" "Mozilla/5.0 (Windows NT 10.0; Win64; x64) AppleWebKit/537.36 (KHTML, like Gecko) Chrome/96.0.4664.110 Safari/537.36"

::1 - - [10/Jan/2022:14:25:59 +0000] "POST /api/route/users/login HTTP/1.1" 200 35 "http://localhost:30001/loginPage" "Mozilla/5.0 (Windows NT 10.0; Win64; x64) AppleWebKit/537.36 (KHTML, like Gecko) Chrome/96.0.4664.110 Safari/537.36"

::1 - - [10/Jan/2022:14:26:01 +0000] "GET /api/route/maps/current HTTP/1.1" 304 - "http://localhost:30001/map" "Mozilla/5.0 (Windows NT 10.0; Win64; x64) AppleWebKit/537.36 (KHTML, like Gecko) Chrome/96.0.4664.110 Safari/537.36"

::1 - - [10/Jan/2022:14:31:32 +0000] "POST /api/route/transportOrders/20220110223132 HTTP/1.1" 200 2 "-" "python-requests/2.26.0"

::1 - - [10/Jan/2022:14:31:38 +0000] "GET /map HTTP/1.1" 302 64 "-" "Mozilla/5.0 (Windows NT 10.0; Win64; x64) AppleWebKit/537.36 (KHTML, like Gecko) Chrome/96.0.4664.110 Safari/537.36"

::1 - - [10/Jan/2022:14:31:38 +0000] "GET /loginPage HTTP/1.1" 304 - "-" "Mozilla/5.0 (Windows NT 10.0; Win64; x64) AppleWebKit/537.36 (KHTML, like Gecko) Chrome/96.0.4664.110 Safari/537.36"

::1 - - [10/Jan/2022:14:31:38 +0000] "GET /css/app.0ea9c63a.css HTTP/1.1" 304 - "http://localhost:30001/loginPage" "Mozilla/5.0 (Windows NT 10.0; Win64; x64) AppleWebKit/537.36 (KHTML, like Gecko) Chrome/96.0.4664.110 Safari/537.36"

::1 - - [10/Jan/2022:14:31:38 +0000] "GET /css/chunk-vendors.37b3d8f8.css HTTP/1.1" 304 - "http://localhost:30001/loginPage" "Mozilla/5.0 (Windows NT 10.0; Win64; x64) AppleWebKit/537.36 (KHTML, like Gecko) Chrome/96.0.4664.110 Safari/537.36"

::1 - - [10/Jan/2022:14:31:38 +0000] "GET /js/app.accd2e08.js HTTP/1.1" 304 - "http://localhost:30001/loginPage" "Mozilla/5.0 (Windows NT 10.0; Win64; x64) AppleWebKit/537.36 (KHTML, like Gecko) Chrome/96.0.4664.110 Safari/537.36"

::1 - - [10/Jan/2022:14:31:38 +0000] "GET /js/chunk-vendors.a0b5eab2.js HTTP/1.1" 304 - "http://localhost:30001/loginPage" "Mozilla/5.0 (Windows NT 10.0; Win64; x64) AppleWebKit/537.36 (KHTML, like Gecko) Chrome/96.0.4664.110 Safari/537.36"

::1 - - [10/Jan/2022:14:31:38 +0000] "GET /api/route/utils/wshost HTTP/1.1" 304 - "http://localhost:30001/loginPage" "Mozilla/5.0 (Windows NT 10.0; Win64; x64) AppleWebKit/537.36 (KHTML, like Gecko) Chrome/96.0.4664.110 Safari/537.36"

::1 - - [10/Jan/2022:14:31:39 +0000] "GET /js/app.accd2e08.js.map HTTP/1.1" 200 169908 "-" "Mozilla/5.0 (Windows NT 10.0; Win64; x64) AppleWebKit/537.36 (KHTML, like Gecko) Chrome/96.0.4664.110 Safari/537.36"

::1 - - [10/Jan/2022:14:31:39 +0000] "GET /js/chunk-vendors.a0b5eab2.js.map HTTP/1.1" 200 4021264 "-" "Mozilla/5.0 (Windows NT 10.0; Win64; x64) AppleWebKit/537.36 (KHTML, like Gecko) Chrome/96.0.4664.110 Safari/537.36"

::1 - - [10/Jan/2022:14:31:39 +0000] "GET /fonts/element-icons.535877f5.woff HTTP/1.1" 304 - "http://localhost:30001/css/chunk-vendors.37b3d8f8.css" "Mozilla/5.0 (Windows NT 10.0; Win64; x64) AppleWebKit/537.36 (KHTML, like Gecko) Chrome/96.0.4664.110 Safari/537.36"

::1 - - [10/Jan/2022:14:31:39 +0000] "GET /loginPage HTTP/1.1" 304 - "-" "Mozilla/5.0 (Windows NT 10.0; Win64; x64) AppleWebKit/537.36 (KHTML, like Gecko) Chrome/96.0.4664.110 Safari/537.36"

::1 - - [10/Jan/2022:14:31:39 +0000] "GET /css/app.0ea9c63a.css HTTP/1.1" 304 - "http://localhost:30001/loginPage" "Mozilla/5.0 (Windows NT 10.0; Win64; x64) AppleWebKit/537.36 (KHTML, like Gecko) Chrome/96.0.4664.110 Safari/537.36"

::1 - - [10/Jan/2022:14:31:39 +0000] "GET /css/chunk-vendors.37b3d8f8.css HTTP/1.1" 304 - "http://localhost:30001/loginPage" "Mozilla/5.0 (Windows NT 10.0; Win64; x64) AppleWebKit/537.36 (KHTML, like Gecko) Chrome/96.0.4664.110 Safari/537.36"

::1 - - [10/Jan/2022:14:31:39 +0000] "GET /js/app.accd2e08.js HTTP/1.1" 304 - "http://localhost:30001/loginPage" "Mozilla/5.0 (Windows NT 10.0; Win64; x64) AppleWebKit/537.36 (KHTML, like Gecko) Chrome/96.0.4664.110 Safari/537.36"

::1 - - [10/Jan/2022:14:31:39 +0000] "GET /js/chunk-vendors.a0b5eab2.js HTTP/1.1" 304 - "http://localhost:30001/loginPage" "Mozilla/5.0 (Windows NT 10.0; Win64; x64) AppleWebKit/537.36 (KHTML, like Gecko) Chrome/96.0.4664.110 Safari/537.36"

::1 - - [10/Jan/2022:14:31:39 +0000] "GET /js/app.accd2e08.js.map HTTP/1.1" 200 169908 "-" "Mozilla/5.0 (Windows NT 10.0; Win64; x64) AppleWebKit/537.36 (KHTML, like Gecko) Chrome/96.0.4664.110 Safari/537.36"

::1 - - [10/Jan/2022:14:31:39 +0000] "GET /js/chunk-vendors.a0b5eab2.js.map HTTP/1.1" 200 4021264 "-" "Mozilla/5.0 (Windows NT 10.0; Win64; x64) AppleWebKit/537.36 (KHTML, like Gecko) Chrome/96.0.4664.110 Safari/537.36"

::1 - - [10/Jan/2022:14:31:39 +0000] "GET /api/route/utils/wshost HTTP/1.1" 304 - "http://localhost:30001/loginPage" "Mozilla/5.0 (Windows NT 10.0; Win64; x64) AppleWebKit/537.36 (KHTML, like Gecko) Chrome/96.0.4664.110 Safari/537.36"

::1 - - [10/Jan/2022:14:31:40 +0000] "GET /fonts/element-icons.535877f5.woff HTTP/1.1" 304 - "http://localhost:30001/css/chunk-vendors.37b3d8f8.css" "Mozilla/5.0 (Windows NT 10.0; Win64; x64) AppleWebKit/537.36 (KHTML, like Gecko) Chrome/96.0.4664.110 Safari/537.36"

::1 - - [10/Jan/2022:14:31:40 +0000] "POST /api/route/users/login HTTP/1.1" 200 35 "http://localhost:30001/loginPage" "Mozilla/5.0 (Windows NT 10.0; Win64; x64) AppleWebKit/537.36 (KHTML, like Gecko) Chrome/96.0.4664.110 Safari/537.36"

::1 - - [10/Jan/2022:14:31:41 +0000] "GET /api/route/maps/current HTTP/1.1" 304 - "http://localhost:30001/map" "Mozilla/5.0 (Windows NT 10.0; Win64; x64) AppleWebKit/537.36 (KHTML, like Gecko) Chrome/96.0.4664.110 Safari/537.36"

::1 - - [10/Jan/2022:14:36:10 +0000] "POST /api/route/transportOrders/20220110223610 HTTP/1.1" 200 2 "-" "python-requests/2.26.0"

::1 - - [10/Jan/2022:14:36:13 +0000] "GET /map HTTP/1.1" 302 64 "-" "Mozilla/5.0 (Windows NT 10.0; Win64; x64) AppleWebKit/537.36 (KHTML, like Gecko) Chrome/96.0.4664.110 Safari/537.36"

::1 - - [10/Jan/2022:14:36:13 +0000] "GET /loginPage HTTP/1.1" 304 - "-" "Mozilla/5.0 (Windows NT 10.0; Win64; x64) AppleWebKit/537.36 (KHTML, like Gecko) Chrome/96.0.4664.110 Safari/537.36"

::1 - - [10/Jan/2022:14:36:13 +0000] "GET /css/app.0ea9c63a.css HTTP/1.1" 304 - "http://localhost:30001/loginPage" "Mozilla/5.0 (Windows NT 10.0; Win64; x64) AppleWebKit/537.36 (KHTML, like Gecko) Chrome/96.0.4664.110 Safari/537.36"

::1 - - [10/Jan/2022:14:36:13 +0000] "GET /css/chunk-vendors.37b3d8f8.css HTTP/1.1" 304 - "http://localhost:30001/loginPage" "Mozilla/5.0 (Windows NT 10.0; Win64; x64) AppleWebKit/537.36 (KHTML, like Gecko) Chrome/96.0.4664.110 Safari/537.36"

::1 - - [10/Jan/2022:14:36:13 +0000] "GET /js/app.accd2e08.js HTTP/1.1" 304 - "http://localhost:30001/loginPage" "Mozilla/5.0 (Windows NT 10.0; Win64; x64) AppleWebKit/537.36 (KHTML, like Gecko) Chrome/96.0.4664.110 Safari/537.36"

::1 - - [10/Jan/2022:14:36:13 +0000] "GET /js/chunk-vendors.a0b5eab2.js HTTP/1.1" 304 - "http://localhost:30001/loginPage" "Mozilla/5.0 (Windows NT 10.0; Win64; x64) AppleWebKit/537.36 (KHTML, like Gecko) Chrome/96.0.4664.110 Safari/537.36"

::1 - - [10/Jan/2022:14:36:13 +0000] "GET /api/route/utils/wshost HTTP/1.1" 304 - "http://localhost:30001/loginPage" "Mozilla/5.0 (Windows NT 10.0; Win64; x64) AppleWebKit/537.36 (KHTML, like Gecko) Chrome/96.0.4664.110 Safari/537.36"

::1 - - [10/Jan/2022:14:36:14 +0000] "GET /js/app.accd2e08.js.map HTTP/1.1" 200 169908 "-" "Mozilla/5.0 (Windows NT 10.0; Win64; x64) AppleWebKit/537.36 (KHTML, like Gecko) Chrome/96.0.4664.110 Safari/537.36"

::1 - - [10/Jan/2022:14:36:14 +0000] "GET /loginPage HTTP/1.1" 304 - "-" "Mozilla/5.0 (Windows NT 10.0; Win64; x64) AppleWebKit/537.36 (KHTML, like Gecko) Chrome/96.0.4664.110 Safari/537.36"

::1 - - [10/Jan/2022:14:36:14 +0000] "GET /js/chunk-vendors.a0b5eab2.js.map HTTP/1.1" 200 4021264 "-" "Mozilla/5.0 (Windows NT 10.0; Win64; x64) AppleWebKit/537.36 (KHTML, like Gecko) Chrome/96.0.4664.110 Safari/537.36"

::1 - - [10/Jan/2022:14:36:14 +0000] "GET /css/app.0ea9c63a.css HTTP/1.1" 304 - "http://localhost:30001/loginPage" "Mozilla/5.0 (Windows NT 10.0; Win64; x64) AppleWebKit/537.36 (KHTML, like Gecko) Chrome/96.0.4664.110 Safari/537.36"

::1 - - [10/Jan/2022:14:36:14 +0000] "GET /css/chunk-vendors.37b3d8f8.css HTTP/1.1" 304 - "http://localhost:30001/loginPage" "Mozilla/5.0 (Windows NT 10.0; Win64; x64) AppleWebKit/537.36 (KHTML, like Gecko) Chrome/96.0.4664.110 Safari/537.36"

::1 - - [10/Jan/2022:14:36:14 +0000] "GET /js/app.accd2e08.js HTTP/1.1" 304 - "http://localhost:30001/loginPage" "Mozilla/5.0 (Windows NT 10.0; Win64; x64) AppleWebKit/537.36 (KHTML, like Gecko) Chrome/96.0.4664.110 Safari/537.36"

::1 - - [10/Jan/2022:14:36:14 +0000] "GET /js/chunk-vendors.a0b5eab2.js HTTP/1.1" 304 - "http://localhost:30001/loginPage" "Mozilla/5.0 (Windows NT 10.0; Win64; x64) AppleWebKit/537.36 (KHTML, like Gecko) Chrome/96.0.4664.110 Safari/537.36"

::1 - - [10/Jan/2022:14:36:14 +0000] "GET /js/app.accd2e08.js.map HTTP/1.1" 200 169908 "-" "Mozilla/5.0 (Windows NT 10.0; Win64; x64) AppleWebKit/537.36 (KHTML, like Gecko) Chrome/96.0.4664.110 Safari/537.36"

::1 - - [10/Jan/2022:14:36:14 +0000] "GET /js/chunk-vendors.a0b5eab2.js.map HTTP/1.1" 200 4021264 "-" "Mozilla/5.0 (Windows NT 10.0; Win64; x64) AppleWebKit/537.36 (KHTML, like Gecko) Chrome/96.0.4664.110 Safari/537.36"

::1 - - [10/Jan/2022:14:36:14 +0000] "GET /api/route/utils/wshost HTTP/1.1" 304 - "http://localhost:30001/loginPage" "Mozilla/5.0 (Windows NT 10.0; Win64; x64) AppleWebKit/537.36 (KHTML, like Gecko) Chrome/96.0.4664.110 Safari/537.36"

::1 - - [10/Jan/2022:14:36:14 +0000] "GET /fonts/element-icons.535877f5.woff HTTP/1.1" 304 - "http://localhost:30001/css/chunk-vendors.37b3d8f8.css" "Mozilla/5.0 (Windows NT 10.0; Win64; x64) AppleWebKit/537.36 (KHTML, like Gecko) Chrome/96.0.4664.110 Safari/537.36"

::1 - - [10/Jan/2022:14:36:14 +0000] "GET /loginPage HTTP/1.1" 304 - "-" "Mozilla/5.0 (Windows NT 10.0; Win64; x64) AppleWebKit/537.36 (KHTML, like Gecko) Chrome/96.0.4664.110 Safari/537.36"

::1 - - [10/Jan/2022:14:36:14 +0000] "GET /css/app.0ea9c63a.css HTTP/1.1" 304 - "http://localhost:30001/loginPage" "Mozilla/5.0 (Windows NT 10.0; Win64; x64) AppleWebKit/537.36 (KHTML, like Gecko) Chrome/96.0.4664.110 Safari/537.36"

::1 - - [10/Jan/2022:14:36:14 +0000] "GET /css/chunk-vendors.37b3d8f8.css HTTP/1.1" 304 - "http://localhost:30001/loginPage" "Mozilla/5.0 (Windows NT 10.0; Win64; x64) AppleWebKit/537.36 (KHTML, like Gecko) Chrome/96.0.4664.110 Safari/537.36"

::1 - - [10/Jan/2022:14:36:14 +0000] "GET /js/app.accd2e08.js HTTP/1.1" 304 - "http://localhost:30001/loginPage" "Mozilla/5.0 (Windows NT 10.0; Win64; x64) AppleWebKit/537.36 (KHTML, like Gecko) Chrome/96.0.4664.110 Safari/537.36"

::1 - - [10/Jan/2022:14:36:14 +0000] "GET /js/chunk-vendors.a0b5eab2.js HTTP/1.1" 304 - "http://localhost:30001/loginPage" "Mozilla/5.0 (Windows NT 10.0; Win64; x64) AppleWebKit/537.36 (KHTML, like Gecko) Chrome/96.0.4664.110 Safari/537.36"

::1 - - [10/Jan/2022:14:36:14 +0000] "GET /js/app.accd2e08.js.map HTTP/1.1" 200 169908 "-" "Mozilla/5.0 (Windows NT 10.0; Win64; x64) AppleWebKit/537.36 (KHTML, like Gecko) Chrome/96.0.4664.110 Safari/537.36"

::1 - - [10/Jan/2022:14:36:14 +0000] "GET /js/chunk-vendors.a0b5eab2.js.map HTTP/1.1" 200 4021264 "-" "Mozilla/5.0 (Windows NT 10.0; Win64; x64) AppleWebKit/537.36 (KHTML, like Gecko) Chrome/96.0.4664.110 Safari/537.36"

::1 - - [10/Jan/2022:14:36:14 +0000] "GET /api/route/utils/wshost HTTP/1.1" 304 - "http://localhost:30001/loginPage" "Mozilla/5.0 (Windows NT 10.0; Win64; x64) AppleWebKit/537.36 (KHTML, like Gecko) Chrome/96.0.4664.110 Safari/537.36"

::1 - - [10/Jan/2022:14:36:15 +0000] "POST /api/route/users/login HTTP/1.1" 200 35 "http://localhost:30001/loginPage" "Mozilla/5.0 (Windows NT 10.0; Win64; x64) AppleWebKit/537.36 (KHTML, like Gecko) Chrome/96.0.4664.110 Safari/537.36"

::1 - - [10/Jan/2022:14:36:17 +0000] "GET /api/route/transportOrders?pageNo=1&pageSize=20 HTTP/1.1" 200 4417 "http://localhost:30001/transportOrders" "Mozilla/5.0 (Windows NT 10.0; Win64; x64) AppleWebKit/537.36 (KHTML, like Gecko) Chrome/96.0.4664.110 Safari/537.36"

::1 - - [10/Jan/2022:14:36:18 +0000] "GET /api/route/maps/current HTTP/1.1" 304 - "http://localhost:30001/map" "Mozilla/5.0 (Windows NT 10.0; Win64; x64) AppleWebKit/537.36 (KHTML, like Gecko) Chrome/96.0.4664.110 Safari/537.36"

::1 - - [10/Jan/2022:14:36:20 +0000] "GET /api/route/transportOrders?pageNo=1&pageSize=20 HTTP/1.1" 304 - "http://localhost:30001/transportOrders" "Mozilla/5.0 (Windows NT 10.0; Win64; x64) AppleWebKit/537.36 (KHTML, like Gecko) Chrome/96.0.4664.110 Safari/537.36"

::1 - - [10/Jan/2022:14:36:24 +0000] "GET /api/route/maps/current HTTP/1.1" 304 - "http://localhost:30001/map" "Mozilla/5.0 (Windows NT 10.0; Win64; x64) AppleWebKit/537.36 (KHTML, like Gecko) Chrome/96.0.4664.110 Safari/537.36"

::1 - - [10/Jan/2022:14:40:36 +0000] "POST /api/route/transportOrders/20220110224036 HTTP/1.1" 200 2 "-" "python-requests/2.26.0"

::1 - - [10/Jan/2022:14:40:39 +0000] "GET /map HTTP/1.1" 302 64 "-" "Mozilla/5.0 (Windows NT 10.0; Win64; x64) AppleWebKit/537.36 (KHTML, like Gecko) Chrome/96.0.4664.110 Safari/537.36"

::1 - - [10/Jan/2022:14:40:39 +0000] "GET /loginPage HTTP/1.1" 304 - "-" "Mozilla/5.0 (Windows NT 10.0; Win64; x64) AppleWebKit/537.36 (KHTML, like Gecko) Chrome/96.0.4664.110 Safari/537.36"

::1 - - [10/Jan/2022:14:40:39 +0000] "GET /css/app.0ea9c63a.css HTTP/1.1" 304 - "http://localhost:30001/loginPage" "Mozilla/5.0 (Windows NT 10.0; Win64; x64) AppleWebKit/537.36 (KHTML, like Gecko) Chrome/96.0.4664.110 Safari/537.36"

::1 - - [10/Jan/2022:14:40:39 +0000] "GET /css/chunk-vendors.37b3d8f8.css HTTP/1.1" 304 - "http://localhost:30001/loginPage" "Mozilla/5.0 (Windows NT 10.0; Win64; x64) AppleWebKit/537.36 (KHTML, like Gecko) Chrome/96.0.4664.110 Safari/537.36"

::1 - - [10/Jan/2022:14:40:39 +0000] "GET /js/app.accd2e08.js HTTP/1.1" 304 - "http://localhost:30001/loginPage" "Mozilla/5.0 (Windows NT 10.0; Win64; x64) AppleWebKit/537.36 (KHTML, like Gecko) Chrome/96.0.4664.110 Safari/537.36"

::1 - - [10/Jan/2022:14:40:39 +0000] "GET /js/chunk-vendors.a0b5eab2.js HTTP/1.1" 304 - "http://localhost:30001/loginPage" "Mozilla/5.0 (Windows NT 10.0; Win64; x64) AppleWebKit/537.36 (KHTML, like Gecko) Chrome/96.0.4664.110 Safari/537.36"

::1 - - [10/Jan/2022:14:40:39 +0000] "GET /api/route/utils/wshost HTTP/1.1" 304 - "http://localhost:30001/loginPage" "Mozilla/5.0 (Windows NT 10.0; Win64; x64) AppleWebKit/537.36 (KHTML, like Gecko) Chrome/96.0.4664.110 Safari/537.36"

::1 - - [10/Jan/2022:14:40:39 +0000] "GET /js/app.accd2e08.js.map HTTP/1.1" 200 169908 "-" "Mozilla/5.0 (Windows NT 10.0; Win64; x64) AppleWebKit/537.36 (KHTML, like Gecko) Chrome/96.0.4664.110 Safari/537.36"

::1 - - [10/Jan/2022:14:40:39 +0000] "GET /js/chunk-vendors.a0b5eab2.js.map HTTP/1.1" 200 4021264 "-" "Mozilla/5.0 (Windows NT 10.0; Win64; x64) AppleWebKit/537.36 (KHTML, like Gecko) Chrome/96.0.4664.110 Safari/537.36"

::1 - - [10/Jan/2022:14:40:40 +0000] "GET /fonts/element-icons.535877f5.woff HTTP/1.1" 304 - "http://localhost:30001/css/chunk-vendors.37b3d8f8.css" "Mozilla/5.0 (Windows NT 10.0; Win64; x64) AppleWebKit/537.36 (KHTML, like Gecko) Chrome/96.0.4664.110 Safari/537.36"

::1 - - [10/Jan/2022:14:40:40 +0000] "POST /api/route/users/login HTTP/1.1" 200 35 "http://localhost:30001/loginPage" "Mozilla/5.0 (Windows NT 10.0; Win64; x64) AppleWebKit/537.36 (KHTML, like Gecko) Chrome/96.0.4664.110 Safari/537.36"

::1 - - [10/Jan/2022:14:40:41 +0000] "GET /api/route/maps/current HTTP/1.1" 304 - "http://localhost:30001/map" "Mozilla/5.0 (Windows NT 10.0; Win64; x64) AppleWebKit/537.36 (KHTML, like Gecko) Chrome/96.0.4664.110 Safari/537.36"

::1 - - [10/Jan/2022:14:42:39 +0000] "POST /api/route/transportOrders/20220110224239 HTTP/1.1" 200 2 "-" "python-requests/2.26.0"

::1 - - [10/Jan/2022:14:44:55 +0000] "POST /api/route/transportOrders/20220110224455 HTTP/1.1" 200 2 "-" "python-requests/2.26.0"

::1 - - [10/Jan/2022:14:44:59 +0000] "GET /map HTTP/1.1" 302 64 "-" "Mozilla/5.0 (Windows NT 10.0; Win64; x64) AppleWebKit/537.36 (KHTML, like Gecko) Chrome/96.0.4664.110 Safari/537.36"

::1 - - [10/Jan/2022:14:44:59 +0000] "GET /loginPage HTTP/1.1" 304 - "-" "Mozilla/5.0 (Windows NT 10.0; Win64; x64) AppleWebKit/537.36 (KHTML, like Gecko) Chrome/96.0.4664.110 Safari/537.36"

::1 - - [10/Jan/2022:14:44:59 +0000] "GET /css/app.0ea9c63a.css HTTP/1.1" 304 - "http://localhost:30001/loginPage" "Mozilla/5.0 (Windows NT 10.0; Win64; x64) AppleWebKit/537.36 (KHTML, like Gecko) Chrome/96.0.4664.110 Safari/537.36"

::1 - - [10/Jan/2022:14:44:59 +0000] "GET /css/chunk-vendors.37b3d8f8.css HTTP/1.1" 304 - "http://localhost:30001/loginPage" "Mozilla/5.0 (Windows NT 10.0; Win64; x64) AppleWebKit/537.36 (KHTML, like Gecko) Chrome/96.0.4664.110 Safari/537.36"

::1 - - [10/Jan/2022:14:44:59 +0000] "GET /js/app.accd2e08.js HTTP/1.1" 304 - "http://localhost:30001/loginPage" "Mozilla/5.0 (Windows NT 10.0; Win64; x64) AppleWebKit/537.36 (KHTML, like Gecko) Chrome/96.0.4664.110 Safari/537.36"

::1 - - [10/Jan/2022:14:44:59 +0000] "GET /js/chunk-vendors.a0b5eab2.js HTTP/1.1" 304 - "http://localhost:30001/loginPage" "Mozilla/5.0 (Windows NT 10.0; Win64; x64) AppleWebKit/537.36 (KHTML, like Gecko) Chrome/96.0.4664.110 Safari/537.36"

::1 - - [10/Jan/2022:14:44:59 +0000] "GET /api/route/utils/wshost HTTP/1.1" 304 - "http://localhost:30001/loginPage" "Mozilla/5.0 (Windows NT 10.0; Win64; x64) AppleWebKit/537.36 (KHTML, like Gecko) Chrome/96.0.4664.110 Safari/537.36"

::1 - - [10/Jan/2022:14:44:59 +0000] "GET /js/app.accd2e08.js.map HTTP/1.1" 200 169908 "-" "Mozilla/5.0 (Windows NT 10.0; Win64; x64) AppleWebKit/537.36 (KHTML, like Gecko) Chrome/96.0.4664.110 Safari/537.36"

::1 - - [10/Jan/2022:14:44:59 +0000] "GET /js/chunk-vendors.a0b5eab2.js.map HTTP/1.1" 200 4021264 "-" "Mozilla/5.0 (Windows NT 10.0; Win64; x64) AppleWebKit/537.36 (KHTML, like Gecko) Chrome/96.0.4664.110 Safari/537.36"

::1 - - [10/Jan/2022:14:45:00 +0000] "GET /fonts/element-icons.535877f5.woff HTTP/1.1" 304 - "http://localhost:30001/css/chunk-vendors.37b3d8f8.css" "Mozilla/5.0 (Windows NT 10.0; Win64; x64) AppleWebKit/537.36 (KHTML, like Gecko) Chrome/96.0.4664.110 Safari/537.36"

::1 - - [10/Jan/2022:14:45:00 +0000] "POST /api/route/users/login HTTP/1.1" 200 35 "http://localhost:30001/loginPage" "Mozilla/5.0 (Windows NT 10.0; Win64; x64) AppleWebKit/537.36 (KHTML, like Gecko) Chrome/96.0.4664.110 Safari/537.36"

::1 - - [10/Jan/2022:14:45:01 +0000] "GET /api/route/maps/current HTTP/1.1" 304 - "http://localhost:30001/map" "Mozilla/5.0 (Windows NT 10.0; Win64; x64) AppleWebKit/537.36 (KHTML, like Gecko) Chrome/96.0.4664.110 Safari/537.36"

::1 - - [10/Jan/2022:14:45:49 +0000] "POST /api/route/transportOrders/20220110224549 HTTP/1.1" 200 2 "-" "python-requests/2.26.0"

::1 - - [10/Jan/2022:14:45:54 +0000] "GET /map HTTP/1.1" 302 64 "-" "Mozilla/5.0 (Windows NT 10.0; Win64; x64) AppleWebKit/537.36 (KHTML, like Gecko) Chrome/96.0.4664.110 Safari/537.36"

::1 - - [10/Jan/2022:14:45:54 +0000] "GET /loginPage HTTP/1.1" 304 - "-" "Mozilla/5.0 (Windows NT 10.0; Win64; x64) AppleWebKit/537.36 (KHTML, like Gecko) Chrome/96.0.4664.110 Safari/537.36"

::1 - - [10/Jan/2022:14:45:54 +0000] "GET /css/app.0ea9c63a.css HTTP/1.1" 304 - "http://localhost:30001/loginPage" "Mozilla/5.0 (Windows NT 10.0; Win64; x64) AppleWebKit/537.36 (KHTML, like Gecko) Chrome/96.0.4664.110 Safari/537.36"

::1 - - [10/Jan/2022:14:45:54 +0000] "GET /css/chunk-vendors.37b3d8f8.css HTTP/1.1" 304 - "http://localhost:30001/loginPage" "Mozilla/5.0 (Windows NT 10.0; Win64; x64) AppleWebKit/537.36 (KHTML, like Gecko) Chrome/96.0.4664.110 Safari/537.36"

::1 - - [10/Jan/2022:14:45:54 +0000] "GET /js/app.accd2e08.js HTTP/1.1" 304 - "http://localhost:30001/loginPage" "Mozilla/5.0 (Windows NT 10.0; Win64; x64) AppleWebKit/537.36 (KHTML, like Gecko) Chrome/96.0.4664.110 Safari/537.36"

::1 - - [10/Jan/2022:14:45:54 +0000] "GET /js/chunk-vendors.a0b5eab2.js HTTP/1.1" 304 - "http://localhost:30001/loginPage" "Mozilla/5.0 (Windows NT 10.0; Win64; x64) AppleWebKit/537.36 (KHTML, like Gecko) Chrome/96.0.4664.110 Safari/537.36"

::1 - - [10/Jan/2022:14:45:54 +0000] "GET /js/app.accd2e08.js.map HTTP/1.1" 200 169908 "-" "Mozilla/5.0 (Windows NT 10.0; Win64; x64) AppleWebKit/537.36 (KHTML, like Gecko) Chrome/96.0.4664.110 Safari/537.36"

::1 - - [10/Jan/2022:14:45:54 +0000] "GET /js/chunk-vendors.a0b5eab2.js.map HTTP/1.1" 200 4021264 "-" "Mozilla/5.0 (Windows NT 10.0; Win64; x64) AppleWebKit/537.36 (KHTML, like Gecko) Chrome/96.0.4664.110 Safari/537.36"

::1 - - [10/Jan/2022:14:45:54 +0000] "GET /api/route/utils/wshost HTTP/1.1" 304 - "http://localhost:30001/loginPage" "Mozilla/5.0 (Windows NT 10.0; Win64; x64) AppleWebKit/537.36 (KHTML, like Gecko) Chrome/96.0.4664.110 Safari/537.36"

::1 - - [10/Jan/2022:14:45:54 +0000] "GET /loginPage HTTP/1.1" 304 - "-" "Mozilla/5.0 (Windows NT 10.0; Win64; x64) AppleWebKit/537.36 (KHTML, like Gecko) Chrome/96.0.4664.110 Safari/537.36"

::1 - - [10/Jan/2022:14:45:54 +0000] "GET /css/app.0ea9c63a.css HTTP/1.1" 304 - "http://localhost:30001/loginPage" "Mozilla/5.0 (Windows NT 10.0; Win64; x64) AppleWebKit/537.36 (KHTML, like Gecko) Chrome/96.0.4664.110 Safari/537.36"

::1 - - [10/Jan/2022:14:45:54 +0000] "GET /css/chunk-vendors.37b3d8f8.css HTTP/1.1" 304 - "http://localhost:30001/loginPage" "Mozilla/5.0 (Windows NT 10.0; Win64; x64) AppleWebKit/537.36 (KHTML, like Gecko) Chrome/96.0.4664.110 Safari/537.36"

::1 - - [10/Jan/2022:14:45:54 +0000] "GET /js/app.accd2e08.js HTTP/1.1" 304 - "http://localhost:30001/loginPage" "Mozilla/5.0 (Windows NT 10.0; Win64; x64) AppleWebKit/537.36 (KHTML, like Gecko) Chrome/96.0.4664.110 Safari/537.36"

::1 - - [10/Jan/2022:14:45:54 +0000] "GET /js/chunk-vendors.a0b5eab2.js HTTP/1.1" 304 - "http://localhost:30001/loginPage" "Mozilla/5.0 (Windows NT 10.0; Win64; x64) AppleWebKit/537.36 (KHTML, like Gecko) Chrome/96.0.4664.110 Safari/537.36"

::1 - - [10/Jan/2022:14:45:54 +0000] "GET /api/route/utils/wshost HTTP/1.1" 304 - "http://localhost:30001/loginPage" "Mozilla/5.0 (Windows NT 10.0; Win64; x64) AppleWebKit/537.36 (KHTML, like Gecko) Chrome/96.0.4664.110 Safari/537.36"

::1 - - [10/Jan/2022:14:45:54 +0000] "GET /js/app.accd2e08.js.map HTTP/1.1" 200 169908 "-" "Mozilla/5.0 (Windows NT 10.0; Win64; x64) AppleWebKit/537.36 (KHTML, like Gecko) Chrome/96.0.4664.110 Safari/537.36"

::1 - - [10/Jan/2022:14:45:54 +0000] "GET /js/chunk-vendors.a0b5eab2.js.map HTTP/1.1" 200 4021264 "-" "Mozilla/5.0 (Windows NT 10.0; Win64; x64) AppleWebKit/537.36 (KHTML, like Gecko) Chrome/96.0.4664.110 Safari/537.36"

::1 - - [10/Jan/2022:14:45:55 +0000] "GET /fonts/element-icons.535877f5.woff HTTP/1.1" 304 - "http://localhost:30001/css/chunk-vendors.37b3d8f8.css" "Mozilla/5.0 (Windows NT 10.0; Win64; x64) AppleWebKit/537.36 (KHTML, like Gecko) Chrome/96.0.4664.110 Safari/537.36"

::1 - - [10/Jan/2022:14:45:55 +0000] "POST /api/route/users/login HTTP/1.1" 200 35 "http://localhost:30001/loginPage" "Mozilla/5.0 (Windows NT 10.0; Win64; x64) AppleWebKit/537.36 (KHTML, like Gecko) Chrome/96.0.4664.110 Safari/537.36"

::1 - - [10/Jan/2022:14:45:56 +0000] "GET /api/route/maps/current HTTP/1.1" 304 - "http://localhost:30001/map" "Mozilla/5.0 (Windows NT 10.0; Win64; x64) AppleWebKit/537.36 (KHTML, like Gecko) Chrome/96.0.4664.110 Safari/537.36"

::1 - - [10/Jan/2022:14:49:21 +0000] "GET /map HTTP/1.1" 302 64 "-" "Mozilla/5.0 (Windows NT 10.0; Win64; x64) AppleWebKit/537.36 (KHTML, like Gecko) Chrome/96.0.4664.110 Safari/537.36"

::1 - - [10/Jan/2022:14:49:21 +0000] "GET /loginPage HTTP/1.1" 304 - "-" "Mozilla/5.0 (Windows NT 10.0; Win64; x64) AppleWebKit/537.36 (KHTML, like Gecko) Chrome/96.0.4664.110 Safari/537.36"

::1 - - [10/Jan/2022:14:49:21 +0000] "GET /css/app.0ea9c63a.css HTTP/1.1" 304 - "http://localhost:30001/loginPage" "Mozilla/5.0 (Windows NT 10.0; Win64; x64) AppleWebKit/537.36 (KHTML, like Gecko) Chrome/96.0.4664.110 Safari/537.36"

::1 - - [10/Jan/2022:14:49:21 +0000] "GET /css/chunk-vendors.37b3d8f8.css HTTP/1.1" 304 - "http://localhost:30001/loginPage" "Mozilla/5.0 (Windows NT 10.0; Win64; x64) AppleWebKit/537.36 (KHTML, like Gecko) Chrome/96.0.4664.110 Safari/537.36"

::1 - - [10/Jan/2022:14:49:21 +0000] "GET /js/app.accd2e08.js HTTP/1.1" 304 - "http://localhost:30001/loginPage" "Mozilla/5.0 (Windows NT 10.0; Win64; x64) AppleWebKit/537.36 (KHTML, like Gecko) Chrome/96.0.4664.110 Safari/537.36"

::1 - - [10/Jan/2022:14:49:21 +0000] "GET /js/chunk-vendors.a0b5eab2.js HTTP/1.1" 304 - "http://localhost:30001/loginPage" "Mozilla/5.0 (Windows NT 10.0; Win64; x64) AppleWebKit/537.36 (KHTML, like Gecko) Chrome/96.0.4664.110 Safari/537.36"

::1 - - [10/Jan/2022:14:49:21 +0000] "GET /api/route/utils/wshost HTTP/1.1" 304 - "http://localhost:30001/loginPage" "Mozilla/5.0 (Windows NT 10.0; Win64; x64) AppleWebKit/537.36 (KHTML, like Gecko) Chrome/96.0.4664.110 Safari/537.36"

::1 - - [10/Jan/2022:14:49:21 +0000] "GET /js/app.accd2e08.js.map HTTP/1.1" 200 169908 "-" "Mozilla/5.0 (Windows NT 10.0; Win64; x64) AppleWebKit/537.36 (KHTML, like Gecko) Chrome/96.0.4664.110 Safari/537.36"

::1 - - [10/Jan/2022:14:49:21 +0000] "GET /loginPage HTTP/1.1" 304 - "-" "Mozilla/5.0 (Windows NT 10.0; Win64; x64) AppleWebKit/537.36 (KHTML, like Gecko) Chrome/96.0.4664.110 Safari/537.36"

::1 - - [10/Jan/2022:14:49:21 +0000] "GET /js/chunk-vendors.a0b5eab2.js.map HTTP/1.1" 200 4021264 "-" "Mozilla/5.0 (Windows NT 10.0; Win64; x64) AppleWebKit/537.36 (KHTML, like Gecko) Chrome/96.0.4664.110 Safari/537.36"

::1 - - [10/Jan/2022:14:49:21 +0000] "GET /css/app.0ea9c63a.css HTTP/1.1" 304 - "http://localhost:30001/loginPage" "Mozilla/5.0 (Windows NT 10.0; Win64; x64) AppleWebKit/537.36 (KHTML, like Gecko) Chrome/96.0.4664.110 Safari/537.36"

::1 - - [10/Jan/2022:14:49:21 +0000] "GET /css/chunk-vendors.37b3d8f8.css HTTP/1.1" 304 - "http://localhost:30001/loginPage" "Mozilla/5.0 (Windows NT 10.0; Win64; x64) AppleWebKit/537.36 (KHTML, like Gecko) Chrome/96.0.4664.110 Safari/537.36"

::1 - - [10/Jan/2022:14:49:21 +0000] "GET /js/app.accd2e08.js HTTP/1.1" 304 - "http://localhost:30001/loginPage" "Mozilla/5.0 (Windows NT 10.0; Win64; x64) AppleWebKit/537.36 (KHTML, like Gecko) Chrome/96.0.4664.110 Safari/537.36"

::1 - - [10/Jan/2022:14:49:21 +0000] "GET /js/chunk-vendors.a0b5eab2.js HTTP/1.1" 304 - "http://localhost:30001/loginPage" "Mozilla/5.0 (Windows NT 10.0; Win64; x64) AppleWebKit/537.36 (KHTML, like Gecko) Chrome/96.0.4664.110 Safari/537.36"

::1 - - [10/Jan/2022:14:49:21 +0000] "GET /js/app.accd2e08.js.map HTTP/1.1" 200 169908 "-" "Mozilla/5.0 (Windows NT 10.0; Win64; x64) AppleWebKit/537.36 (KHTML, like Gecko) Chrome/96.0.4664.110 Safari/537.36"

::1 - - [10/Jan/2022:14:49:21 +0000] "GET /js/chunk-vendors.a0b5eab2.js.map HTTP/1.1" 200 4021264 "-" "Mozilla/5.0 (Windows NT 10.0; Win64; x64) AppleWebKit/537.36 (KHTML, like Gecko) Chrome/96.0.4664.110 Safari/537.36"

::1 - - [10/Jan/2022:14:49:21 +0000] "GET /api/route/utils/wshost HTTP/1.1" 304 - "http://localhost:30001/loginPage" "Mozilla/5.0 (Windows NT 10.0; Win64; x64) AppleWebKit/537.36 (KHTML, like Gecko) Chrome/96.0.4664.110 Safari/537.36"

::1 - - [10/Jan/2022:14:49:21 +0000] "GET /fonts/element-icons.535877f5.woff HTTP/1.1" 304 - "http://localhost:30001/css/chunk-vendors.37b3d8f8.css" "Mozilla/5.0 (Windows NT 10.0; Win64; x64) AppleWebKit/537.36 (KHTML, like Gecko) Chrome/96.0.4664.110 Safari/537.36"

::1 - - [10/Jan/2022:14:49:22 +0000] "POST /api/route/users/login HTTP/1.1" 200 35 "http://localhost:30001/loginPage" "Mozilla/5.0 (Windows NT 10.0; Win64; x64) AppleWebKit/537.36 (KHTML, like Gecko) Chrome/96.0.4664.110 Safari/537.36"

::1 - - [10/Jan/2022:14:49:23 +0000] "GET /api/route/maps/current HTTP/1.1" 304 - "http://localhost:30001/map" "Mozilla/5.0 (Windows NT 10.0; Win64; x64) AppleWebKit/537.36 (KHTML, like Gecko) Chrome/96.0.4664.110 Safari/537.36"

::1 - - [10/Jan/2022:14:49:26 +0000] "POST /api/route/transportOrders/20220110224926 HTTP/1.1" 200 2 "-" "python-requests/2.26.0"

::1 - - [10/Jan/2022:15:02:56 +0000] "POST /api/route/transportOrders/20220110230256 HTTP/1.1" 200 2 "-" "python-requests/2.26.0"

::1 - - [10/Jan/2022:15:03:44 +0000] "POST /api/route/transportOrders/20220110230344 HTTP/1.1" 200 2 "-" "python-requests/2.26.0"

::1 - - [10/Jan/2022:15:04:35 +0000] "GET /map HTTP/1.1" 302 64 "-" "Mozilla/5.0 (Windows NT 10.0; Win64; x64) AppleWebKit/537.36 (KHTML, like Gecko) Chrome/96.0.4664.110 Safari/537.36"

::1 - - [10/Jan/2022:15:04:35 +0000] "GET /loginPage HTTP/1.1" 304 - "-" "Mozilla/5.0 (Windows NT 10.0; Win64; x64) AppleWebKit/537.36 (KHTML, like Gecko) Chrome/96.0.4664.110 Safari/537.36"

::1 - - [10/Jan/2022:15:04:35 +0000] "GET /css/app.0ea9c63a.css HTTP/1.1" 304 - "http://localhost:30001/loginPage" "Mozilla/5.0 (Windows NT 10.0; Win64; x64) AppleWebKit/537.36 (KHTML, like Gecko) Chrome/96.0.4664.110 Safari/537.36"

::1 - - [10/Jan/2022:15:04:35 +0000] "GET /css/chunk-vendors.37b3d8f8.css HTTP/1.1" 304 - "http://localhost:30001/loginPage" "Mozilla/5.0 (Windows NT 10.0; Win64; x64) AppleWebKit/537.36 (KHTML, like Gecko) Chrome/96.0.4664.110 Safari/537.36"

::1 - - [10/Jan/2022:15:04:35 +0000] "GET /js/app.accd2e08.js HTTP/1.1" 304 - "http://localhost:30001/loginPage" "Mozilla/5.0 (Windows NT 10.0; Win64; x64) AppleWebKit/537.36 (KHTML, like Gecko) Chrome/96.0.4664.110 Safari/537.36"

::1 - - [10/Jan/2022:15:04:35 +0000] "GET /js/chunk-vendors.a0b5eab2.js HTTP/1.1" 304 - "http://localhost:30001/loginPage" "Mozilla/5.0 (Windows NT 10.0; Win64; x64) AppleWebKit/537.36 (KHTML, like Gecko) Chrome/96.0.4664.110 Safari/537.36"

::1 - - [10/Jan/2022:15:04:35 +0000] "GET /api/route/utils/wshost HTTP/1.1" 304 - "http://localhost:30001/loginPage" "Mozilla/5.0 (Windows NT 10.0; Win64; x64) AppleWebKit/537.36 (KHTML, like Gecko) Chrome/96.0.4664.110 Safari/537.36"

::1 - - [10/Jan/2022:15:04:36 +0000] "GET /js/app.accd2e08.js.map HTTP/1.1" 200 169908 "-" "Mozilla/5.0 (Windows NT 10.0; Win64; x64) AppleWebKit/537.36 (KHTML, like Gecko) Chrome/96.0.4664.110 Safari/537.36"

::1 - - [10/Jan/2022:15:04:36 +0000] "GET /js/chunk-vendors.a0b5eab2.js.map HTTP/1.1" 200 4021264 "-" "Mozilla/5.0 (Windows NT 10.0; Win64; x64) AppleWebKit/537.36 (KHTML, like Gecko) Chrome/96.0.4664.110 Safari/537.36"

::1 - - [10/Jan/2022:15:04:36 +0000] "GET /fonts/element-icons.535877f5.woff HTTP/1.1" 304 - "http://localhost:30001/css/chunk-vendors.37b3d8f8.css" "Mozilla/5.0 (Windows NT 10.0; Win64; x64) AppleWebKit/537.36 (KHTML, like Gecko) Chrome/96.0.4664.110 Safari/537.36"

::1 - - [10/Jan/2022:15:04:36 +0000] "POST /api/route/users/login HTTP/1.1" 200 35 "http://localhost:30001/loginPage" "Mozilla/5.0 (Windows NT 10.0; Win64; x64) AppleWebKit/537.36 (KHTML, like Gecko) Chrome/96.0.4664.110 Safari/537.36"

::1 - - [10/Jan/2022:15:04:37 +0000] "GET /api/route/maps/current HTTP/1.1" 304 - "http://localhost:30001/map" "Mozilla/5.0 (Windows NT 10.0; Win64; x64) AppleWebKit/537.36 (KHTML, like Gecko) Chrome/96.0.4664.110 Safari/537.36"

::1 - - [10/Jan/2022:15:05:31 +0000] "POST /api/route/transportOrders/20220110230531 HTTP/1.1" 200 2 "-" "python-requests/2.26.0"

::1 - - [10/Jan/2022:15:05:33 +0000] "GET /map HTTP/1.1" 302 64 "-" "Mozilla/5.0 (Windows NT 10.0; Win64; x64) AppleWebKit/537.36 (KHTML, like Gecko) Chrome/96.0.4664.110 Safari/537.36"

::1 - - [10/Jan/2022:15:05:33 +0000] "GET /loginPage HTTP/1.1" 304 - "-" "Mozilla/5.0 (Windows NT 10.0; Win64; x64) AppleWebKit/537.36 (KHTML, like Gecko) Chrome/96.0.4664.110 Safari/537.36"

::1 - - [10/Jan/2022:15:05:33 +0000] "GET /css/app.0ea9c63a.css HTTP/1.1" 304 - "http://localhost:30001/loginPage" "Mozilla/5.0 (Windows NT 10.0; Win64; x64) AppleWebKit/537.36 (KHTML, like Gecko) Chrome/96.0.4664.110 Safari/537.36"

::1 - - [10/Jan/2022:15:05:33 +0000] "GET /css/chunk-vendors.37b3d8f8.css HTTP/1.1" 304 - "http://localhost:30001/loginPage" "Mozilla/5.0 (Windows NT 10.0; Win64; x64) AppleWebKit/537.36 (KHTML, like Gecko) Chrome/96.0.4664.110 Safari/537.36"

::1 - - [10/Jan/2022:15:05:33 +0000] "GET /js/app.accd2e08.js HTTP/1.1" 304 - "http://localhost:30001/loginPage" "Mozilla/5.0 (Windows NT 10.0; Win64; x64) AppleWebKit/537.36 (KHTML, like Gecko) Chrome/96.0.4664.110 Safari/537.36"

::1 - - [10/Jan/2022:15:05:33 +0000] "GET /js/chunk-vendors.a0b5eab2.js HTTP/1.1" 304 - "http://localhost:30001/loginPage" "Mozilla/5.0 (Windows NT 10.0; Win64; x64) AppleWebKit/537.36 (KHTML, like Gecko) Chrome/96.0.4664.110 Safari/537.36"

::1 - - [10/Jan/2022:15:05:33 +0000] "GET /js/app.accd2e08.js.map HTTP/1.1" 200 169908 "-" "Mozilla/5.0 (Windows NT 10.0; Win64; x64) AppleWebKit/537.36 (KHTML, like Gecko) Chrome/96.0.4664.110 Safari/537.36"

::1 - - [10/Jan/2022:15:05:33 +0000] "GET /js/chunk-vendors.a0b5eab2.js.map HTTP/1.1" 200 4021264 "-" "Mozilla/5.0 (Windows NT 10.0; Win64; x64) AppleWebKit/537.36 (KHTML, like Gecko) Chrome/96.0.4664.110 Safari/537.36"

::1 - - [10/Jan/2022:15:05:33 +0000] "GET /api/route/utils/wshost HTTP/1.1" 304 - "http://localhost:30001/loginPage" "Mozilla/5.0 (Windows NT 10.0; Win64; x64) AppleWebKit/537.36 (KHTML, like Gecko) Chrome/96.0.4664.110 Safari/537.36"

::1 - - [10/Jan/2022:15:05:34 +0000] "GET /fonts/element-icons.535877f5.woff HTTP/1.1" 304 - "http://localhost:30001/css/chunk-vendors.37b3d8f8.css" "Mozilla/5.0 (Windows NT 10.0; Win64; x64) AppleWebKit/537.36 (KHTML, like Gecko) Chrome/96.0.4664.110 Safari/537.36"

::1 - - [10/Jan/2022:15:05:34 +0000] "POST /api/route/users/login HTTP/1.1" 200 35 "http://localhost:30001/loginPage" "Mozilla/5.0 (Windows NT 10.0; Win64; x64) AppleWebKit/537.36 (KHTML, like Gecko) Chrome/96.0.4664.110 Safari/537.36"

::1 - - [10/Jan/2022:15:05:35 +0000] "GET /api/route/maps/current HTTP/1.1" 304 - "http://localhost:30001/map" "Mozilla/5.0 (Windows NT 10.0; Win64; x64) AppleWebKit/537.36 (KHTML, like Gecko) Chrome/96.0.4664.110 Safari/537.36"

::1 - - [10/Jan/2022:15:05:48 +0000] "POST /api/route/transportOrders/20220110230548 HTTP/1.1" 200 2 "-" "python-requests/2.26.0"

