::1 - - [16/Jan/2022:01:34:53 +0000] "GET / HTTP/1.1" 302 64 "-" "Mozilla/5.0 (Windows NT 10.0; Win64; x64) AppleWebKit/537.36 (KHTML, like Gecko) Chrome/97.0.4692.71 Safari/537.36"

::1 - - [16/Jan/2022:01:34:53 +0000] "GET /loginPage HTTP/1.1" 304 - "-" "Mozilla/5.0 (Windows NT 10.0; Win64; x64) AppleWebKit/537.36 (KHTML, like Gecko) Chrome/97.0.4692.71 Safari/537.36"

::1 - - [16/Jan/2022:01:34:54 +0000] "GET /css/app.74fd2953.css HTTP/1.1" 304 - "http://localhost:30001/loginPage" "Mozilla/5.0 (Windows NT 10.0; Win64; x64) AppleWebKit/537.36 (KHTML, like Gecko) Chrome/97.0.4692.71 Safari/537.36"

::1 - - [16/Jan/2022:01:34:54 +0000] "GET /css/chunk-vendors.a16c4353.css HTTP/1.1" 304 - "http://localhost:30001/loginPage" "Mozilla/5.0 (Windows NT 10.0; Win64; x64) AppleWebKit/537.36 (KHTML, like Gecko) Chrome/97.0.4692.71 Safari/537.36"

::1 - - [16/Jan/2022:01:34:54 +0000] "GET /js/app.73acd01e.js HTTP/1.1" 304 - "http://localhost:30001/loginPage" "Mozilla/5.0 (Windows NT 10.0; Win64; x64) AppleWebKit/537.36 (KHTML, like Gecko) Chrome/97.0.4692.71 Safari/537.36"

::1 - - [16/Jan/2022:01:34:54 +0000] "GET /js/chunk-vendors.14ce27f2.js HTTP/1.1" 304 - "http://localhost:30001/loginPage" "Mozilla/5.0 (Windows NT 10.0; Win64; x64) AppleWebKit/537.36 (KHTML, like Gecko) Chrome/97.0.4692.71 Safari/537.36"

::1 - - [16/Jan/2022:01:34:54 +0000] "GET /api/route/utils/wshost HTTP/1.1" 200 25 "http://localhost:30001/loginPage" "Mozilla/5.0 (Windows NT 10.0; Win64; x64) AppleWebKit/537.36 (KHTML, like Gecko) Chrome/97.0.4692.71 Safari/537.36"

::1 - - [16/Jan/2022:01:34:54 +0000] "GET /favicon.ico HTTP/1.1" 302 32 "http://localhost:30001/loginPage" "Mozilla/5.0 (Windows NT 10.0; Win64; x64) AppleWebKit/537.36 (KHTML, like Gecko) Chrome/97.0.4692.71 Safari/537.36"

::1 - - [16/Jan/2022:01:34:54 +0000] "GET /loginPage HTTP/1.1" 404 34 "http://localhost:30001/loginPage" "Mozilla/5.0 (Windows NT 10.0; Win64; x64) AppleWebKit/537.36 (KHTML, like Gecko) Chrome/97.0.4692.71 Safari/537.36"

::1 - - [16/Jan/2022:01:34:57 +0000] "GET /fonts/element-icons.535877f5.woff HTTP/1.1" 304 - "http://localhost:30001/css/chunk-vendors.a16c4353.css" "Mozilla/5.0 (Windows NT 10.0; Win64; x64) AppleWebKit/537.36 (KHTML, like Gecko) Chrome/97.0.4692.71 Safari/537.36"

::1 - - [16/Jan/2022:01:34:57 +0000] "POST /api/route/users/login HTTP/1.1" 200 35 "http://localhost:30001/loginPage" "Mozilla/5.0 (Windows NT 10.0; Win64; x64) AppleWebKit/537.36 (KHTML, like Gecko) Chrome/97.0.4692.71 Safari/537.36"

::1 - - [16/Jan/2022:01:37:11 +0000] "GET /api/route/maps/current HTTP/1.1" 304 - "http://localhost:30001/map" "Mozilla/5.0 (Windows NT 10.0; Win64; x64) AppleWebKit/537.36 (KHTML, like Gecko) Chrome/97.0.4692.71 Safari/537.36"

::1 - - [16/Jan/2022:11:34:49 +0000] "GET / HTTP/1.1" 302 64 "-" "Mozilla/5.0 (Windows NT 10.0; Win64; x64) AppleWebKit/537.36 (KHTML, like Gecko) Chrome/97.0.4692.71 Safari/537.36"

::1 - - [16/Jan/2022:11:34:49 +0000] "GET /loginPage HTTP/1.1" 200 714 "-" "Mozilla/5.0 (Windows NT 10.0; Win64; x64) AppleWebKit/537.36 (KHTML, like Gecko) Chrome/97.0.4692.71 Safari/537.36"

::1 - - [16/Jan/2022:11:34:49 +0000] "GET /css/app.d7219622.css HTTP/1.1" 200 5209 "http://localhost:30001/loginPage" "Mozilla/5.0 (Windows NT 10.0; Win64; x64) AppleWebKit/537.36 (KHTML, like Gecko) Chrome/97.0.4692.71 Safari/537.36"

::1 - - [16/Jan/2022:11:34:49 +0000] "GET /js/app.26afd8ad.js HTTP/1.1" 200 45162 "http://localhost:30001/loginPage" "Mozilla/5.0 (Windows NT 10.0; Win64; x64) AppleWebKit/537.36 (KHTML, like Gecko) Chrome/97.0.4692.71 Safari/537.36"

::1 - - [16/Jan/2022:11:34:49 +0000] "GET /css/chunk-vendors.a16c4353.css HTTP/1.1" 200 214577 "http://localhost:30001/loginPage" "Mozilla/5.0 (Windows NT 10.0; Win64; x64) AppleWebKit/537.36 (KHTML, like Gecko) Chrome/97.0.4692.71 Safari/537.36"

::1 - - [16/Jan/2022:11:34:49 +0000] "GET /js/chunk-vendors.30b23982.js HTTP/1.1" 200 1057732 "http://localhost:30001/loginPage" "Mozilla/5.0 (Windows NT 10.0; Win64; x64) AppleWebKit/537.36 (KHTML, like Gecko) Chrome/97.0.4692.71 Safari/537.36"

::1 - - [16/Jan/2022:11:34:49 +0000] "GET /api/route/utils/wshost HTTP/1.1" 200 22 "http://localhost:30001/loginPage" "Mozilla/5.0 (Windows NT 10.0; Win64; x64) AppleWebKit/537.36 (KHTML, like Gecko) Chrome/97.0.4692.71 Safari/537.36"

::1 - - [16/Jan/2022:11:34:49 +0000] "GET /favicon.ico HTTP/1.1" 302 32 "http://localhost:30001/loginPage" "Mozilla/5.0 (Windows NT 10.0; Win64; x64) AppleWebKit/537.36 (KHTML, like Gecko) Chrome/97.0.4692.71 Safari/537.36"

::1 - - [16/Jan/2022:11:34:49 +0000] "GET /loginPage HTTP/1.1" 404 34 "http://localhost:30001/loginPage" "Mozilla/5.0 (Windows NT 10.0; Win64; x64) AppleWebKit/537.36 (KHTML, like Gecko) Chrome/97.0.4692.71 Safari/537.36"

::1 - - [16/Jan/2022:11:34:50 +0000] "GET /fonts/element-icons.535877f5.woff HTTP/1.1" 200 28200 "http://localhost:30001/css/chunk-vendors.a16c4353.css" "Mozilla/5.0 (Windows NT 10.0; Win64; x64) AppleWebKit/537.36 (KHTML, like Gecko) Chrome/97.0.4692.71 Safari/537.36"

::1 - - [16/Jan/2022:11:34:50 +0000] "POST /api/route/users/login HTTP/1.1" 200 35 "http://localhost:30001/loginPage" "Mozilla/5.0 (Windows NT 10.0; Win64; x64) AppleWebKit/537.36 (KHTML, like Gecko) Chrome/97.0.4692.71 Safari/537.36"

::1 - - [16/Jan/2022:11:34:51 +0000] "GET /api/route/maps/current HTTP/1.1" 200 3152 "http://localhost:30001/map" "Mozilla/5.0 (Windows NT 10.0; Win64; x64) AppleWebKit/537.36 (KHTML, like Gecko) Chrome/97.0.4692.71 Safari/537.36"

::1 - - [16/Jan/2022:11:35:03 +0000] "GET /css/app.d7219622.css HTTP/1.1" 304 - "http://localhost:30001/map" "Mozilla/5.0 (Windows NT 10.0; Win64; x64) AppleWebKit/537.36 (KHTML, like Gecko) Chrome/97.0.4692.71 Safari/537.36"

::1 - - [16/Jan/2022:11:35:03 +0000] "GET /css/chunk-vendors.a16c4353.css HTTP/1.1" 304 - "http://localhost:30001/map" "Mozilla/5.0 (Windows NT 10.0; Win64; x64) AppleWebKit/537.36 (KHTML, like Gecko) Chrome/97.0.4692.71 Safari/537.36"

::1 - - [16/Jan/2022:11:35:03 +0000] "GET /js/chunk-vendors.30b23982.js.map HTTP/1.1" 200 4101793 "-" "Mozilla/5.0 (Windows NT 10.0; Win64; x64) AppleWebKit/537.36 (KHTML, like Gecko) Chrome/97.0.4692.71 Safari/537.36"

::1 - - [16/Jan/2022:11:35:03 +0000] "GET /js/app.26afd8ad.js.map HTTP/1.1" 200 173992 "-" "Mozilla/5.0 (Windows NT 10.0; Win64; x64) AppleWebKit/537.36 (KHTML, like Gecko) Chrome/97.0.4692.71 Safari/537.36"

::1 - - [16/Jan/2022:11:35:18 +0000] "GET /map HTTP/1.1" 200 714 "-" "Mozilla/5.0 (Windows NT 10.0; Win64; x64) AppleWebKit/537.36 (KHTML, like Gecko) Chrome/97.0.4692.71 Safari/537.36"

::1 - - [16/Jan/2022:11:35:18 +0000] "GET /css/app.d7219622.css HTTP/1.1" 304 - "http://localhost:30001/map" "Mozilla/5.0 (Windows NT 10.0; Win64; x64) AppleWebKit/537.36 (KHTML, like Gecko) Chrome/97.0.4692.71 Safari/537.36"

::1 - - [16/Jan/2022:11:35:18 +0000] "GET /css/chunk-vendors.a16c4353.css HTTP/1.1" 304 - "http://localhost:30001/map" "Mozilla/5.0 (Windows NT 10.0; Win64; x64) AppleWebKit/537.36 (KHTML, like Gecko) Chrome/97.0.4692.71 Safari/537.36"

::1 - - [16/Jan/2022:11:35:18 +0000] "GET /js/app.26afd8ad.js HTTP/1.1" 304 - "http://localhost:30001/map" "Mozilla/5.0 (Windows NT 10.0; Win64; x64) AppleWebKit/537.36 (KHTML, like Gecko) Chrome/97.0.4692.71 Safari/537.36"

::1 - - [16/Jan/2022:11:35:18 +0000] "GET /js/chunk-vendors.30b23982.js HTTP/1.1" 304 - "http://localhost:30001/map" "Mozilla/5.0 (Windows NT 10.0; Win64; x64) AppleWebKit/537.36 (KHTML, like Gecko) Chrome/97.0.4692.71 Safari/537.36"

::1 - - [16/Jan/2022:11:35:18 +0000] "GET /js/app.26afd8ad.js.map HTTP/1.1" 200 173992 "-" "Mozilla/5.0 (Windows NT 10.0; Win64; x64) AppleWebKit/537.36 (KHTML, like Gecko) Chrome/97.0.4692.71 Safari/537.36"

::1 - - [16/Jan/2022:11:35:18 +0000] "GET /js/chunk-vendors.30b23982.js.map HTTP/1.1" 200 4101793 "-" "Mozilla/5.0 (Windows NT 10.0; Win64; x64) AppleWebKit/537.36 (KHTML, like Gecko) Chrome/97.0.4692.71 Safari/537.36"

::1 - - [16/Jan/2022:11:35:18 +0000] "GET /api/route/utils/wshost HTTP/1.1" 304 - "http://localhost:30001/map" "Mozilla/5.0 (Windows NT 10.0; Win64; x64) AppleWebKit/537.36 (KHTML, like Gecko) Chrome/97.0.4692.71 Safari/537.36"

::1 - - [16/Jan/2022:11:35:18 +0000] "GET /api/route/maps/current HTTP/1.1" 304 - "http://localhost:30001/map" "Mozilla/5.0 (Windows NT 10.0; Win64; x64) AppleWebKit/537.36 (KHTML, like Gecko) Chrome/97.0.4692.71 Safari/537.36"

::1 - - [16/Jan/2022:11:35:18 +0000] "GET /fonts/element-icons.535877f5.woff HTTP/1.1" 304 - "http://localhost:30001/css/chunk-vendors.a16c4353.css" "Mozilla/5.0 (Windows NT 10.0; Win64; x64) AppleWebKit/537.36 (KHTML, like Gecko) Chrome/97.0.4692.71 Safari/537.36"

::1 - - [16/Jan/2022:11:35:18 +0000] "GET /map HTTP/1.1" 304 - "-" "Mozilla/5.0 (Windows NT 10.0; Win64; x64) AppleWebKit/537.36 (KHTML, like Gecko) Chrome/97.0.4692.71 Safari/537.36"

::1 - - [16/Jan/2022:11:35:18 +0000] "GET /css/app.d7219622.css HTTP/1.1" 304 - "http://localhost:30001/map" "Mozilla/5.0 (Windows NT 10.0; Win64; x64) AppleWebKit/537.36 (KHTML, like Gecko) Chrome/97.0.4692.71 Safari/537.36"

::1 - - [16/Jan/2022:11:35:18 +0000] "GET /css/chunk-vendors.a16c4353.css HTTP/1.1" 304 - "http://localhost:30001/map" "Mozilla/5.0 (Windows NT 10.0; Win64; x64) AppleWebKit/537.36 (KHTML, like Gecko) Chrome/97.0.4692.71 Safari/537.36"

::1 - - [16/Jan/2022:11:35:18 +0000] "GET /js/app.26afd8ad.js HTTP/1.1" 304 - "http://localhost:30001/map" "Mozilla/5.0 (Windows NT 10.0; Win64; x64) AppleWebKit/537.36 (KHTML, like Gecko) Chrome/97.0.4692.71 Safari/537.36"

::1 - - [16/Jan/2022:11:35:18 +0000] "GET /js/chunk-vendors.30b23982.js HTTP/1.1" 304 - "http://localhost:30001/map" "Mozilla/5.0 (Windows NT 10.0; Win64; x64) AppleWebKit/537.36 (KHTML, like Gecko) Chrome/97.0.4692.71 Safari/537.36"

::1 - - [16/Jan/2022:11:35:18 +0000] "GET /js/app.26afd8ad.js.map HTTP/1.1" 200 173992 "-" "Mozilla/5.0 (Windows NT 10.0; Win64; x64) AppleWebKit/537.36 (KHTML, like Gecko) Chrome/97.0.4692.71 Safari/537.36"

::1 - - [16/Jan/2022:11:35:18 +0000] "GET /api/route/utils/wshost HTTP/1.1" 304 - "http://localhost:30001/map" "Mozilla/5.0 (Windows NT 10.0; Win64; x64) AppleWebKit/537.36 (KHTML, like Gecko) Chrome/97.0.4692.71 Safari/537.36"

::1 - - [16/Jan/2022:11:35:18 +0000] "GET /map HTTP/1.1" 304 - "-" "Mozilla/5.0 (Windows NT 10.0; Win64; x64) AppleWebKit/537.36 (KHTML, like Gecko) Chrome/97.0.4692.71 Safari/537.36"

::1 - - [16/Jan/2022:11:35:18 +0000] "GET /js/chunk-vendors.30b23982.js.map HTTP/1.1" 200 4101793 "-" "Mozilla/5.0 (Windows NT 10.0; Win64; x64) AppleWebKit/537.36 (KHTML, like Gecko) Chrome/97.0.4692.71 Safari/537.36"

::1 - - [16/Jan/2022:11:35:19 +0000] "GET /api/route/maps/current HTTP/1.1" 304 - "http://localhost:30001/map" "Mozilla/5.0 (Windows NT 10.0; Win64; x64) AppleWebKit/537.36 (KHTML, like Gecko) Chrome/97.0.4692.71 Safari/537.36"

::1 - - [16/Jan/2022:11:35:19 +0000] "GET /css/app.d7219622.css HTTP/1.1" 304 - "http://localhost:30001/map" "Mozilla/5.0 (Windows NT 10.0; Win64; x64) AppleWebKit/537.36 (KHTML, like Gecko) Chrome/97.0.4692.71 Safari/537.36"

::1 - - [16/Jan/2022:11:35:19 +0000] "GET /css/chunk-vendors.a16c4353.css HTTP/1.1" 304 - "http://localhost:30001/map" "Mozilla/5.0 (Windows NT 10.0; Win64; x64) AppleWebKit/537.36 (KHTML, like Gecko) Chrome/97.0.4692.71 Safari/537.36"

::1 - - [16/Jan/2022:11:35:19 +0000] "GET /js/app.26afd8ad.js HTTP/1.1" 304 - "http://localhost:30001/map" "Mozilla/5.0 (Windows NT 10.0; Win64; x64) AppleWebKit/537.36 (KHTML, like Gecko) Chrome/97.0.4692.71 Safari/537.36"

::1 - - [16/Jan/2022:11:35:19 +0000] "GET /js/chunk-vendors.30b23982.js HTTP/1.1" 304 - "http://localhost:30001/map" "Mozilla/5.0 (Windows NT 10.0; Win64; x64) AppleWebKit/537.36 (KHTML, like Gecko) Chrome/97.0.4692.71 Safari/537.36"

::1 - - [16/Jan/2022:11:35:19 +0000] "GET /js/chunk-vendors.30b23982.js.map HTTP/1.1" 200 4101793 "-" "Mozilla/5.0 (Windows NT 10.0; Win64; x64) AppleWebKit/537.36 (KHTML, like Gecko) Chrome/97.0.4692.71 Safari/537.36"

::1 - - [16/Jan/2022:11:35:19 +0000] "GET /js/app.26afd8ad.js.map HTTP/1.1" 200 173992 "-" "Mozilla/5.0 (Windows NT 10.0; Win64; x64) AppleWebKit/537.36 (KHTML, like Gecko) Chrome/97.0.4692.71 Safari/537.36"

::1 - - [16/Jan/2022:11:35:19 +0000] "GET /api/route/utils/wshost HTTP/1.1" 304 - "http://localhost:30001/map" "Mozilla/5.0 (Windows NT 10.0; Win64; x64) AppleWebKit/537.36 (KHTML, like Gecko) Chrome/97.0.4692.71 Safari/537.36"

::1 - - [16/Jan/2022:11:35:19 +0000] "GET /api/route/maps/current HTTP/1.1" 304 - "http://localhost:30001/map" "Mozilla/5.0 (Windows NT 10.0; Win64; x64) AppleWebKit/537.36 (KHTML, like Gecko) Chrome/97.0.4692.71 Safari/537.36"

::1 - - [16/Jan/2022:11:35:19 +0000] "GET /map HTTP/1.1" 304 - "-" "Mozilla/5.0 (Windows NT 10.0; Win64; x64) AppleWebKit/537.36 (KHTML, like Gecko) Chrome/97.0.4692.71 Safari/537.36"

::1 - - [16/Jan/2022:11:35:19 +0000] "GET /css/app.d7219622.css HTTP/1.1" 304 - "http://localhost:30001/map" "Mozilla/5.0 (Windows NT 10.0; Win64; x64) AppleWebKit/537.36 (KHTML, like Gecko) Chrome/97.0.4692.71 Safari/537.36"

::1 - - [16/Jan/2022:11:35:19 +0000] "GET /css/chunk-vendors.a16c4353.css HTTP/1.1" 304 - "http://localhost:30001/map" "Mozilla/5.0 (Windows NT 10.0; Win64; x64) AppleWebKit/537.36 (KHTML, like Gecko) Chrome/97.0.4692.71 Safari/537.36"

::1 - - [16/Jan/2022:11:35:19 +0000] "GET /js/app.26afd8ad.js HTTP/1.1" 304 - "http://localhost:30001/map" "Mozilla/5.0 (Windows NT 10.0; Win64; x64) AppleWebKit/537.36 (KHTML, like Gecko) Chrome/97.0.4692.71 Safari/537.36"

::1 - - [16/Jan/2022:11:35:19 +0000] "GET /js/chunk-vendors.30b23982.js HTTP/1.1" 304 - "http://localhost:30001/map" "Mozilla/5.0 (Windows NT 10.0; Win64; x64) AppleWebKit/537.36 (KHTML, like Gecko) Chrome/97.0.4692.71 Safari/537.36"

::1 - - [16/Jan/2022:11:35:19 +0000] "GET /map HTTP/1.1" 304 - "-" "Mozilla/5.0 (Windows NT 10.0; Win64; x64) AppleWebKit/537.36 (KHTML, like Gecko) Chrome/97.0.4692.71 Safari/537.36"

::1 - - [16/Jan/2022:11:35:19 +0000] "GET /js/app.26afd8ad.js.map HTTP/1.1" 200 173992 "-" "Mozilla/5.0 (Windows NT 10.0; Win64; x64) AppleWebKit/537.36 (KHTML, like Gecko) Chrome/97.0.4692.71 Safari/537.36"

::1 - - [16/Jan/2022:11:35:19 +0000] "GET /js/chunk-vendors.30b23982.js.map HTTP/1.1" 200 4101793 "-" "Mozilla/5.0 (Windows NT 10.0; Win64; x64) AppleWebKit/537.36 (KHTML, like Gecko) Chrome/97.0.4692.71 Safari/537.36"

::1 - - [16/Jan/2022:11:35:19 +0000] "GET /api/route/utils/wshost HTTP/1.1" 304 - "http://localhost:30001/map" "Mozilla/5.0 (Windows NT 10.0; Win64; x64) AppleWebKit/537.36 (KHTML, like Gecko) Chrome/97.0.4692.71 Safari/537.36"

::1 - - [16/Jan/2022:11:35:19 +0000] "GET /map HTTP/1.1" 200 714 "-" "Mozilla/5.0 (Windows NT 10.0; Win64; x64) AppleWebKit/537.36 (KHTML, like Gecko) Chrome/97.0.4692.71 Safari/537.36"

::1 - - [16/Jan/2022:11:35:19 +0000] "GET /map HTTP/1.1" 304 - "-" "Mozilla/5.0 (Windows NT 10.0; Win64; x64) AppleWebKit/537.36 (KHTML, like Gecko) Chrome/97.0.4692.71 Safari/537.36"

::1 - - [16/Jan/2022:11:35:19 +0000] "GET /api/route/maps/current HTTP/1.1" 304 - "http://localhost:30001/map" "Mozilla/5.0 (Windows NT 10.0; Win64; x64) AppleWebKit/537.36 (KHTML, like Gecko) Chrome/97.0.4692.71 Safari/537.36"

::1 - - [16/Jan/2022:11:35:19 +0000] "GET /map HTTP/1.1" 304 - "-" "Mozilla/5.0 (Windows NT 10.0; Win64; x64) AppleWebKit/537.36 (KHTML, like Gecko) Chrome/97.0.4692.71 Safari/537.36"

::1 - - [16/Jan/2022:11:35:19 +0000] "GET /css/chunk-vendors.a16c4353.css HTTP/1.1" 304 - "http://localhost:30001/map" "Mozilla/5.0 (Windows NT 10.0; Win64; x64) AppleWebKit/537.36 (KHTML, like Gecko) Chrome/97.0.4692.71 Safari/537.36"

::1 - - [16/Jan/2022:11:35:19 +0000] "GET /css/app.d7219622.css HTTP/1.1" 304 - "http://localhost:30001/map" "Mozilla/5.0 (Windows NT 10.0; Win64; x64) AppleWebKit/537.36 (KHTML, like Gecko) Chrome/97.0.4692.71 Safari/537.36"

::1 - - [16/Jan/2022:11:35:19 +0000] "GET /js/app.26afd8ad.js HTTP/1.1" 304 - "http://localhost:30001/map" "Mozilla/5.0 (Windows NT 10.0; Win64; x64) AppleWebKit/537.36 (KHTML, like Gecko) Chrome/97.0.4692.71 Safari/537.36"

::1 - - [16/Jan/2022:11:35:19 +0000] "GET /js/chunk-vendors.30b23982.js HTTP/1.1" 304 - "http://localhost:30001/map" "Mozilla/5.0 (Windows NT 10.0; Win64; x64) AppleWebKit/537.36 (KHTML, like Gecko) Chrome/97.0.4692.71 Safari/537.36"

::1 - - [16/Jan/2022:11:35:19 +0000] "GET /css/app.d7219622.css HTTP/1.1" 304 - "http://localhost:30001/map" "Mozilla/5.0 (Windows NT 10.0; Win64; x64) AppleWebKit/537.36 (KHTML, like Gecko) Chrome/97.0.4692.71 Safari/537.36"

::1 - - [16/Jan/2022:11:35:19 +0000] "GET /css/chunk-vendors.a16c4353.css HTTP/1.1" 304 - "http://localhost:30001/map" "Mozilla/5.0 (Windows NT 10.0; Win64; x64) AppleWebKit/537.36 (KHTML, like Gecko) Chrome/97.0.4692.71 Safari/537.36"

::1 - - [16/Jan/2022:11:35:19 +0000] "GET /js/app.26afd8ad.js HTTP/1.1" 200 45162 "http://localhost:30001/map" "Mozilla/5.0 (Windows NT 10.0; Win64; x64) AppleWebKit/537.36 (KHTML, like Gecko) Chrome/97.0.4692.71 Safari/537.36"

::1 - - [16/Jan/2022:11:35:19 +0000] "GET /js/chunk-vendors.30b23982.js HTTP/1.1" 200 1057732 "http://localhost:30001/map" "Mozilla/5.0 (Windows NT 10.0; Win64; x64) AppleWebKit/537.36 (KHTML, like Gecko) Chrome/97.0.4692.71 Safari/537.36"

::1 - - [16/Jan/2022:11:35:19 +0000] "GET /js/app.26afd8ad.js.map HTTP/1.1" 200 173992 "-" "Mozilla/5.0 (Windows NT 10.0; Win64; x64) AppleWebKit/537.36 (KHTML, like Gecko) Chrome/97.0.4692.71 Safari/537.36"

::1 - - [16/Jan/2022:11:35:19 +0000] "GET /js/chunk-vendors.30b23982.js.map HTTP/1.1" 200 4101793 "-" "Mozilla/5.0 (Windows NT 10.0; Win64; x64) AppleWebKit/537.36 (KHTML, like Gecko) Chrome/97.0.4692.71 Safari/537.36"

::1 - - [16/Jan/2022:11:35:19 +0000] "GET /api/route/utils/wshost HTTP/1.1" 304 - "http://localhost:30001/map" "Mozilla/5.0 (Windows NT 10.0; Win64; x64) AppleWebKit/537.36 (KHTML, like Gecko) Chrome/97.0.4692.71 Safari/537.36"

::1 - - [16/Jan/2022:11:35:19 +0000] "GET /map HTTP/1.1" 304 - "-" "Mozilla/5.0 (Windows NT 10.0; Win64; x64) AppleWebKit/537.36 (KHTML, like Gecko) Chrome/97.0.4692.71 Safari/537.36"

::1 - - [16/Jan/2022:11:35:19 +0000] "GET /map HTTP/1.1" 304 - "-" "Mozilla/5.0 (Windows NT 10.0; Win64; x64) AppleWebKit/537.36 (KHTML, like Gecko) Chrome/97.0.4692.71 Safari/537.36"

::1 - - [16/Jan/2022:11:35:19 +0000] "GET /api/route/maps/current HTTP/1.1" 304 - "http://localhost:30001/map" "Mozilla/5.0 (Windows NT 10.0; Win64; x64) AppleWebKit/537.36 (KHTML, like Gecko) Chrome/97.0.4692.71 Safari/537.36"

::1 - - [16/Jan/2022:11:35:19 +0000] "GET /fonts/element-icons.535877f5.woff HTTP/1.1" 304 - "http://localhost:30001/css/chunk-vendors.a16c4353.css" "Mozilla/5.0 (Windows NT 10.0; Win64; x64) AppleWebKit/537.36 (KHTML, like Gecko) Chrome/97.0.4692.71 Safari/537.36"

::1 - - [16/Jan/2022:11:35:19 +0000] "GET /map HTTP/1.1" 304 - "-" "Mozilla/5.0 (Windows NT 10.0; Win64; x64) AppleWebKit/537.36 (KHTML, like Gecko) Chrome/97.0.4692.71 Safari/537.36"

::1 - - [16/Jan/2022:11:35:19 +0000] "GET /css/app.d7219622.css HTTP/1.1" 304 - "http://localhost:30001/map" "Mozilla/5.0 (Windows NT 10.0; Win64; x64) AppleWebKit/537.36 (KHTML, like Gecko) Chrome/97.0.4692.71 Safari/537.36"

::1 - - [16/Jan/2022:11:35:19 +0000] "GET /css/chunk-vendors.a16c4353.css HTTP/1.1" 304 - "http://localhost:30001/map" "Mozilla/5.0 (Windows NT 10.0; Win64; x64) AppleWebKit/537.36 (KHTML, like Gecko) Chrome/97.0.4692.71 Safari/537.36"

::1 - - [16/Jan/2022:11:35:19 +0000] "GET /js/app.26afd8ad.js HTTP/1.1" 304 - "http://localhost:30001/map" "Mozilla/5.0 (Windows NT 10.0; Win64; x64) AppleWebKit/537.36 (KHTML, like Gecko) Chrome/97.0.4692.71 Safari/537.36"

::1 - - [16/Jan/2022:11:35:19 +0000] "GET /js/chunk-vendors.30b23982.js HTTP/1.1" 304 - "http://localhost:30001/map" "Mozilla/5.0 (Windows NT 10.0; Win64; x64) AppleWebKit/537.36 (KHTML, like Gecko) Chrome/97.0.4692.71 Safari/537.36"

::1 - - [16/Jan/2022:11:35:19 +0000] "GET /css/app.d7219622.css HTTP/1.1" 304 - "http://localhost:30001/map" "Mozilla/5.0 (Windows NT 10.0; Win64; x64) AppleWebKit/537.36 (KHTML, like Gecko) Chrome/97.0.4692.71 Safari/537.36"

::1 - - [16/Jan/2022:11:35:19 +0000] "GET /js/app.26afd8ad.js HTTP/1.1" 200 45162 "http://localhost:30001/map" "Mozilla/5.0 (Windows NT 10.0; Win64; x64) AppleWebKit/537.36 (KHTML, like Gecko) Chrome/97.0.4692.71 Safari/537.36"

::1 - - [16/Jan/2022:11:35:19 +0000] "GET /css/chunk-vendors.a16c4353.css HTTP/1.1" 200 214577 "http://localhost:30001/map" "Mozilla/5.0 (Windows NT 10.0; Win64; x64) AppleWebKit/537.36 (KHTML, like Gecko) Chrome/97.0.4692.71 Safari/537.36"

::1 - - [16/Jan/2022:11:35:19 +0000] "GET /js/chunk-vendors.30b23982.js HTTP/1.1" 200 1057732 "http://localhost:30001/map" "Mozilla/5.0 (Windows NT 10.0; Win64; x64) AppleWebKit/537.36 (KHTML, like Gecko) Chrome/97.0.4692.71 Safari/537.36"

::1 - - [16/Jan/2022:11:35:20 +0000] "GET /js/app.26afd8ad.js.map HTTP/1.1" 200 173992 "-" "Mozilla/5.0 (Windows NT 10.0; Win64; x64) AppleWebKit/537.36 (KHTML, like Gecko) Chrome/97.0.4692.71 Safari/537.36"

::1 - - [16/Jan/2022:11:35:20 +0000] "GET /js/chunk-vendors.30b23982.js.map HTTP/1.1" 200 4101793 "-" "Mozilla/5.0 (Windows NT 10.0; Win64; x64) AppleWebKit/537.36 (KHTML, like Gecko) Chrome/97.0.4692.71 Safari/537.36"

::1 - - [16/Jan/2022:11:35:20 +0000] "GET /api/route/utils/wshost HTTP/1.1" 304 - "http://localhost:30001/map" "Mozilla/5.0 (Windows NT 10.0; Win64; x64) AppleWebKit/537.36 (KHTML, like Gecko) Chrome/97.0.4692.71 Safari/537.36"

::1 - - [16/Jan/2022:11:35:20 +0000] "GET /api/route/maps/current HTTP/1.1" 304 - "http://localhost:30001/map" "Mozilla/5.0 (Windows NT 10.0; Win64; x64) AppleWebKit/537.36 (KHTML, like Gecko) Chrome/97.0.4692.71 Safari/537.36"

::1 - - [16/Jan/2022:11:35:20 +0000] "GET /fonts/element-icons.535877f5.woff HTTP/1.1" 304 - "http://localhost:30001/css/chunk-vendors.a16c4353.css" "Mozilla/5.0 (Windows NT 10.0; Win64; x64) AppleWebKit/537.36 (KHTML, like Gecko) Chrome/97.0.4692.71 Safari/537.36"

::1 - - [16/Jan/2022:11:37:35 +0000] "GET /map HTTP/1.1" 302 64 "-" "Mozilla/5.0 (Windows NT 10.0; Win64; x64) AppleWebKit/537.36 (KHTML, like Gecko) Chrome/97.0.4692.71 Safari/537.36"

::1 - - [16/Jan/2022:11:37:35 +0000] "GET /loginPage HTTP/1.1" 200 714 "-" "Mozilla/5.0 (Windows NT 10.0; Win64; x64) AppleWebKit/537.36 (KHTML, like Gecko) Chrome/97.0.4692.71 Safari/537.36"

::1 - - [16/Jan/2022:11:37:35 +0000] "GET /css/app.449c365d.css HTTP/1.1" 200 5209 "http://localhost:30001/loginPage" "Mozilla/5.0 (Windows NT 10.0; Win64; x64) AppleWebKit/537.36 (KHTML, like Gecko) Chrome/97.0.4692.71 Safari/537.36"

::1 - - [16/Jan/2022:11:37:35 +0000] "GET /js/app.fbf156d0.js HTTP/1.1" 200 45191 "http://localhost:30001/loginPage" "Mozilla/5.0 (Windows NT 10.0; Win64; x64) AppleWebKit/537.36 (KHTML, like Gecko) Chrome/97.0.4692.71 Safari/537.36"

::1 - - [16/Jan/2022:11:37:35 +0000] "GET /css/chunk-vendors.a16c4353.css HTTP/1.1" 200 214577 "http://localhost:30001/loginPage" "Mozilla/5.0 (Windows NT 10.0; Win64; x64) AppleWebKit/537.36 (KHTML, like Gecko) Chrome/97.0.4692.71 Safari/537.36"

::1 - - [16/Jan/2022:11:37:35 +0000] "GET /js/chunk-vendors.30b23982.js HTTP/1.1" 200 1057732 "http://localhost:30001/loginPage" "Mozilla/5.0 (Windows NT 10.0; Win64; x64) AppleWebKit/537.36 (KHTML, like Gecko) Chrome/97.0.4692.71 Safari/537.36"

::1 - - [16/Jan/2022:11:37:35 +0000] "GET /js/app.fbf156d0.js.map HTTP/1.1" 200 174083 "-" "Mozilla/5.0 (Windows NT 10.0; Win64; x64) AppleWebKit/537.36 (KHTML, like Gecko) Chrome/97.0.4692.71 Safari/537.36"

::1 - - [16/Jan/2022:11:37:35 +0000] "GET /js/chunk-vendors.30b23982.js.map HTTP/1.1" 200 4101793 "-" "Mozilla/5.0 (Windows NT 10.0; Win64; x64) AppleWebKit/537.36 (KHTML, like Gecko) Chrome/97.0.4692.71 Safari/537.36"

::1 - - [16/Jan/2022:11:37:35 +0000] "GET /api/route/utils/wshost HTTP/1.1" 304 - "http://localhost:30001/loginPage" "Mozilla/5.0 (Windows NT 10.0; Win64; x64) AppleWebKit/537.36 (KHTML, like Gecko) Chrome/97.0.4692.71 Safari/537.36"

::1 - - [16/Jan/2022:11:37:35 +0000] "GET /loginPage HTTP/1.1" 304 - "-" "Mozilla/5.0 (Windows NT 10.0; Win64; x64) AppleWebKit/537.36 (KHTML, like Gecko) Chrome/97.0.4692.71 Safari/537.36"

::1 - - [16/Jan/2022:11:37:35 +0000] "GET /css/app.449c365d.css HTTP/1.1" 304 - "http://localhost:30001/loginPage" "Mozilla/5.0 (Windows NT 10.0; Win64; x64) AppleWebKit/537.36 (KHTML, like Gecko) Chrome/97.0.4692.71 Safari/537.36"

::1 - - [16/Jan/2022:11:37:35 +0000] "GET /css/chunk-vendors.a16c4353.css HTTP/1.1" 304 - "http://localhost:30001/loginPage" "Mozilla/5.0 (Windows NT 10.0; Win64; x64) AppleWebKit/537.36 (KHTML, like Gecko) Chrome/97.0.4692.71 Safari/537.36"

::1 - - [16/Jan/2022:11:37:35 +0000] "GET /js/app.fbf156d0.js HTTP/1.1" 304 - "http://localhost:30001/loginPage" "Mozilla/5.0 (Windows NT 10.0; Win64; x64) AppleWebKit/537.36 (KHTML, like Gecko) Chrome/97.0.4692.71 Safari/537.36"

::1 - - [16/Jan/2022:11:37:35 +0000] "GET /js/chunk-vendors.30b23982.js HTTP/1.1" 304 - "http://localhost:30001/loginPage" "Mozilla/5.0 (Windows NT 10.0; Win64; x64) AppleWebKit/537.36 (KHTML, like Gecko) Chrome/97.0.4692.71 Safari/537.36"

::1 - - [16/Jan/2022:11:37:36 +0000] "GET /api/route/utils/wshost HTTP/1.1" 304 - "http://localhost:30001/loginPage" "Mozilla/5.0 (Windows NT 10.0; Win64; x64) AppleWebKit/537.36 (KHTML, like Gecko) Chrome/97.0.4692.71 Safari/537.36"

::1 - - [16/Jan/2022:11:37:36 +0000] "GET /js/app.fbf156d0.js.map HTTP/1.1" 200 174083 "-" "Mozilla/5.0 (Windows NT 10.0; Win64; x64) AppleWebKit/537.36 (KHTML, like Gecko) Chrome/97.0.4692.71 Safari/537.36"

::1 - - [16/Jan/2022:11:37:36 +0000] "GET /js/chunk-vendors.30b23982.js.map HTTP/1.1" 200 4101793 "-" "Mozilla/5.0 (Windows NT 10.0; Win64; x64) AppleWebKit/537.36 (KHTML, like Gecko) Chrome/97.0.4692.71 Safari/537.36"

::1 - - [16/Jan/2022:11:37:36 +0000] "GET /fonts/element-icons.535877f5.woff HTTP/1.1" 200 28200 "http://localhost:30001/css/chunk-vendors.a16c4353.css" "Mozilla/5.0 (Windows NT 10.0; Win64; x64) AppleWebKit/537.36 (KHTML, like Gecko) Chrome/97.0.4692.71 Safari/537.36"

::1 - - [16/Jan/2022:11:37:36 +0000] "POST /api/route/users/login HTTP/1.1" 200 35 "http://localhost:30001/loginPage" "Mozilla/5.0 (Windows NT 10.0; Win64; x64) AppleWebKit/537.36 (KHTML, like Gecko) Chrome/97.0.4692.71 Safari/537.36"

::1 - - [16/Jan/2022:11:37:37 +0000] "GET /api/route/maps/current HTTP/1.1" 304 - "http://localhost:30001/map" "Mozilla/5.0 (Windows NT 10.0; Win64; x64) AppleWebKit/537.36 (KHTML, like Gecko) Chrome/97.0.4692.71 Safari/537.36"

::1 - - [16/Jan/2022:11:38:00 +0000] "POST /api/route/maps/test HTTP/1.1" 200 2 "http://localhost:30001/map" "Mozilla/5.0 (Windows NT 10.0; Win64; x64) AppleWebKit/537.36 (KHTML, like Gecko) Chrome/97.0.4692.71 Safari/537.36"

::1 - - [16/Jan/2022:11:38:02 +0000] "GET /api/route/maps/current/filename HTTP/1.1" 200 27 "http://localhost:30001/map" "Mozilla/5.0 (Windows NT 10.0; Win64; x64) AppleWebKit/537.36 (KHTML, like Gecko) Chrome/97.0.4692.71 Safari/537.36"

::1 - - [16/Jan/2022:11:38:02 +0000] "GET /api/route/maps HTTP/1.1" 200 633 "http://localhost:30001/map" "Mozilla/5.0 (Windows NT 10.0; Win64; x64) AppleWebKit/537.36 (KHTML, like Gecko) Chrome/97.0.4692.71 Safari/537.36"

::1 - - [16/Jan/2022:11:38:03 +0000] "PUT /api/route/maps/current HTTP/1.1" 200 2 "http://localhost:30001/map" "Mozilla/5.0 (Windows NT 10.0; Win64; x64) AppleWebKit/537.36 (KHTML, like Gecko) Chrome/97.0.4692.71 Safari/537.36"

::1 - - [16/Jan/2022:11:38:03 +0000] "GET /api/route/maps/current/filename HTTP/1.1" 200 23 "http://localhost:30001/map" "Mozilla/5.0 (Windows NT 10.0; Win64; x64) AppleWebKit/537.36 (KHTML, like Gecko) Chrome/97.0.4692.71 Safari/537.36"

::1 - - [16/Jan/2022:11:38:03 +0000] "GET /api/route/maps/current HTTP/1.1" 200 3743 "http://localhost:30001/map" "Mozilla/5.0 (Windows NT 10.0; Win64; x64) AppleWebKit/537.36 (KHTML, like Gecko) Chrome/97.0.4692.71 Safari/537.36"

::1 - - [16/Jan/2022:11:38:03 +0000] "GET /api/route/maps HTTP/1.1" 304 - "http://localhost:30001/map" "Mozilla/5.0 (Windows NT 10.0; Win64; x64) AppleWebKit/537.36 (KHTML, like Gecko) Chrome/97.0.4692.71 Safari/537.36"

::1 - - [16/Jan/2022:11:39:15 +0000] "GET /map HTTP/1.1" 302 64 "-" "Mozilla/5.0 (Windows NT 10.0; Win64; x64) AppleWebKit/537.36 (KHTML, like Gecko) Chrome/97.0.4692.71 Safari/537.36"

::1 - - [16/Jan/2022:11:39:15 +0000] "GET /loginPage HTTP/1.1" 304 - "-" "Mozilla/5.0 (Windows NT 10.0; Win64; x64) AppleWebKit/537.36 (KHTML, like Gecko) Chrome/97.0.4692.71 Safari/537.36"

::1 - - [16/Jan/2022:11:39:15 +0000] "GET /css/app.449c365d.css HTTP/1.1" 304 - "http://localhost:30001/loginPage" "Mozilla/5.0 (Windows NT 10.0; Win64; x64) AppleWebKit/537.36 (KHTML, like Gecko) Chrome/97.0.4692.71 Safari/537.36"

::1 - - [16/Jan/2022:11:39:15 +0000] "GET /css/chunk-vendors.a16c4353.css HTTP/1.1" 304 - "http://localhost:30001/loginPage" "Mozilla/5.0 (Windows NT 10.0; Win64; x64) AppleWebKit/537.36 (KHTML, like Gecko) Chrome/97.0.4692.71 Safari/537.36"

::1 - - [16/Jan/2022:11:39:15 +0000] "GET /js/app.fbf156d0.js HTTP/1.1" 304 - "http://localhost:30001/loginPage" "Mozilla/5.0 (Windows NT 10.0; Win64; x64) AppleWebKit/537.36 (KHTML, like Gecko) Chrome/97.0.4692.71 Safari/537.36"

::1 - - [16/Jan/2022:11:39:15 +0000] "GET /js/chunk-vendors.30b23982.js HTTP/1.1" 304 - "http://localhost:30001/loginPage" "Mozilla/5.0 (Windows NT 10.0; Win64; x64) AppleWebKit/537.36 (KHTML, like Gecko) Chrome/97.0.4692.71 Safari/537.36"

::1 - - [16/Jan/2022:11:39:16 +0000] "GET /api/route/utils/wshost HTTP/1.1" 304 - "http://localhost:30001/loginPage" "Mozilla/5.0 (Windows NT 10.0; Win64; x64) AppleWebKit/537.36 (KHTML, like Gecko) Chrome/97.0.4692.71 Safari/537.36"

::1 - - [16/Jan/2022:11:39:16 +0000] "GET /js/app.fbf156d0.js.map HTTP/1.1" 200 174083 "-" "Mozilla/5.0 (Windows NT 10.0; Win64; x64) AppleWebKit/537.36 (KHTML, like Gecko) Chrome/97.0.4692.71 Safari/537.36"

::1 - - [16/Jan/2022:11:39:16 +0000] "GET /js/chunk-vendors.30b23982.js.map HTTP/1.1" 200 4101793 "-" "Mozilla/5.0 (Windows NT 10.0; Win64; x64) AppleWebKit/537.36 (KHTML, like Gecko) Chrome/97.0.4692.71 Safari/537.36"

::1 - - [16/Jan/2022:11:39:16 +0000] "GET /fonts/element-icons.535877f5.woff HTTP/1.1" 304 - "http://localhost:30001/css/chunk-vendors.a16c4353.css" "Mozilla/5.0 (Windows NT 10.0; Win64; x64) AppleWebKit/537.36 (KHTML, like Gecko) Chrome/97.0.4692.71 Safari/537.36"

::1 - - [16/Jan/2022:11:39:16 +0000] "POST /api/route/users/login HTTP/1.1" 200 35 "http://localhost:30001/loginPage" "Mozilla/5.0 (Windows NT 10.0; Win64; x64) AppleWebKit/537.36 (KHTML, like Gecko) Chrome/97.0.4692.71 Safari/537.36"

::1 - - [16/Jan/2022:11:39:18 +0000] "GET /api/route/maps/current HTTP/1.1" 304 - "http://localhost:30001/map" "Mozilla/5.0 (Windows NT 10.0; Win64; x64) AppleWebKit/537.36 (KHTML, like Gecko) Chrome/97.0.4692.71 Safari/537.36"

::1 - - [16/Jan/2022:11:41:04 +0000] "POST /api/route/transportOrders/20220116194104 HTTP/1.1" 200 2 "-" "python-requests/2.26.0"

::1 - - [16/Jan/2022:11:50:23 +0000] "GET /map HTTP/1.1" 302 64 "-" "Mozilla/5.0 (Windows NT 10.0; Win64; x64) AppleWebKit/537.36 (KHTML, like Gecko) Chrome/97.0.4692.71 Safari/537.36"

::1 - - [16/Jan/2022:11:50:23 +0000] "GET /loginPage HTTP/1.1" 200 714 "-" "Mozilla/5.0 (Windows NT 10.0; Win64; x64) AppleWebKit/537.36 (KHTML, like Gecko) Chrome/97.0.4692.71 Safari/537.36"

::1 - - [16/Jan/2022:11:50:23 +0000] "GET /css/app.73226833.css HTTP/1.1" 200 5209 "http://localhost:30001/loginPage" "Mozilla/5.0 (Windows NT 10.0; Win64; x64) AppleWebKit/537.36 (KHTML, like Gecko) Chrome/97.0.4692.71 Safari/537.36"

::1 - - [16/Jan/2022:11:50:24 +0000] "GET /js/app.452049b6.js HTTP/1.1" 200 45340 "http://localhost:30001/loginPage" "Mozilla/5.0 (Windows NT 10.0; Win64; x64) AppleWebKit/537.36 (KHTML, like Gecko) Chrome/97.0.4692.71 Safari/537.36"

::1 - - [16/Jan/2022:11:50:24 +0000] "GET /css/chunk-vendors.a16c4353.css HTTP/1.1" 200 214577 "http://localhost:30001/loginPage" "Mozilla/5.0 (Windows NT 10.0; Win64; x64) AppleWebKit/537.36 (KHTML, like Gecko) Chrome/97.0.4692.71 Safari/537.36"

::1 - - [16/Jan/2022:11:50:24 +0000] "GET /js/chunk-vendors.30b23982.js HTTP/1.1" 200 1057732 "http://localhost:30001/loginPage" "Mozilla/5.0 (Windows NT 10.0; Win64; x64) AppleWebKit/537.36 (KHTML, like Gecko) Chrome/97.0.4692.71 Safari/537.36"

::1 - - [16/Jan/2022:11:50:24 +0000] "GET /js/chunk-vendors.30b23982.js.map HTTP/1.1" 200 4101793 "-" "Mozilla/5.0 (Windows NT 10.0; Win64; x64) AppleWebKit/537.36 (KHTML, like Gecko) Chrome/97.0.4692.71 Safari/537.36"

::1 - - [16/Jan/2022:11:50:24 +0000] "GET /js/app.452049b6.js.map HTTP/1.1" 200 174388 "-" "Mozilla/5.0 (Windows NT 10.0; Win64; x64) AppleWebKit/537.36 (KHTML, like Gecko) Chrome/97.0.4692.71 Safari/537.36"

::1 - - [16/Jan/2022:11:50:24 +0000] "GET /api/route/utils/wshost HTTP/1.1" 304 - "http://localhost:30001/loginPage" "Mozilla/5.0 (Windows NT 10.0; Win64; x64) AppleWebKit/537.36 (KHTML, like Gecko) Chrome/97.0.4692.71 Safari/537.36"

::1 - - [16/Jan/2022:11:50:25 +0000] "GET /fonts/element-icons.535877f5.woff HTTP/1.1" 200 28200 "http://localhost:30001/css/chunk-vendors.a16c4353.css" "Mozilla/5.0 (Windows NT 10.0; Win64; x64) AppleWebKit/537.36 (KHTML, like Gecko) Chrome/97.0.4692.71 Safari/537.36"

::1 - - [16/Jan/2022:11:50:25 +0000] "POST /api/route/users/login HTTP/1.1" 200 35 "http://localhost:30001/loginPage" "Mozilla/5.0 (Windows NT 10.0; Win64; x64) AppleWebKit/537.36 (KHTML, like Gecko) Chrome/97.0.4692.71 Safari/537.36"

::1 - - [16/Jan/2022:11:50:28 +0000] "GET /api/route/maps/current HTTP/1.1" 304 - "http://localhost:30001/map" "Mozilla/5.0 (Windows NT 10.0; Win64; x64) AppleWebKit/537.36 (KHTML, like Gecko) Chrome/97.0.4692.71 Safari/537.36"

::1 - - [16/Jan/2022:11:50:37 +0000] "POST /api/route/transportOrders/20220116195037 HTTP/1.1" 200 2 "-" "python-requests/2.26.0"

::1 - - [16/Jan/2022:11:53:12 +0000] "GET /map HTTP/1.1" 302 64 "-" "Mozilla/5.0 (Windows NT 10.0; Win64; x64) AppleWebKit/537.36 (KHTML, like Gecko) Chrome/97.0.4692.71 Safari/537.36"

::1 - - [16/Jan/2022:11:53:12 +0000] "GET /loginPage HTTP/1.1" 200 714 "-" "Mozilla/5.0 (Windows NT 10.0; Win64; x64) AppleWebKit/537.36 (KHTML, like Gecko) Chrome/97.0.4692.71 Safari/537.36"

::1 - - [16/Jan/2022:11:53:12 +0000] "GET /css/app.c352428d.css HTTP/1.1" 200 5209 "http://localhost:30001/loginPage" "Mozilla/5.0 (Windows NT 10.0; Win64; x64) AppleWebKit/537.36 (KHTML, like Gecko) Chrome/97.0.4692.71 Safari/537.36"

::1 - - [16/Jan/2022:11:53:12 +0000] "GET /js/app.4247549b.js HTTP/1.1" 200 45375 "http://localhost:30001/loginPage" "Mozilla/5.0 (Windows NT 10.0; Win64; x64) AppleWebKit/537.36 (KHTML, like Gecko) Chrome/97.0.4692.71 Safari/537.36"

::1 - - [16/Jan/2022:11:53:12 +0000] "GET /css/chunk-vendors.a16c4353.css HTTP/1.1" 200 214577 "http://localhost:30001/loginPage" "Mozilla/5.0 (Windows NT 10.0; Win64; x64) AppleWebKit/537.36 (KHTML, like Gecko) Chrome/97.0.4692.71 Safari/537.36"

::1 - - [16/Jan/2022:11:53:12 +0000] "GET /js/chunk-vendors.30b23982.js HTTP/1.1" 200 1057732 "http://localhost:30001/loginPage" "Mozilla/5.0 (Windows NT 10.0; Win64; x64) AppleWebKit/537.36 (KHTML, like Gecko) Chrome/97.0.4692.71 Safari/537.36"

::1 - - [16/Jan/2022:11:53:12 +0000] "GET /api/route/utils/wshost HTTP/1.1" 304 - "http://localhost:30001/loginPage" "Mozilla/5.0 (Windows NT 10.0; Win64; x64) AppleWebKit/537.36 (KHTML, like Gecko) Chrome/97.0.4692.71 Safari/537.36"

::1 - - [16/Jan/2022:11:53:12 +0000] "GET /js/app.4247549b.js.map HTTP/1.1" 200 174463 "-" "Mozilla/5.0 (Windows NT 10.0; Win64; x64) AppleWebKit/537.36 (KHTML, like Gecko) Chrome/97.0.4692.71 Safari/537.36"

::1 - - [16/Jan/2022:11:53:12 +0000] "GET /js/chunk-vendors.30b23982.js.map HTTP/1.1" 200 4101793 "-" "Mozilla/5.0 (Windows NT 10.0; Win64; x64) AppleWebKit/537.36 (KHTML, like Gecko) Chrome/97.0.4692.71 Safari/537.36"

::1 - - [16/Jan/2022:11:53:13 +0000] "GET /fonts/element-icons.535877f5.woff HTTP/1.1" 200 28200 "http://localhost:30001/css/chunk-vendors.a16c4353.css" "Mozilla/5.0 (Windows NT 10.0; Win64; x64) AppleWebKit/537.36 (KHTML, like Gecko) Chrome/97.0.4692.71 Safari/537.36"

::1 - - [16/Jan/2022:11:53:13 +0000] "POST /api/route/users/login HTTP/1.1" 200 35 "http://localhost:30001/loginPage" "Mozilla/5.0 (Windows NT 10.0; Win64; x64) AppleWebKit/537.36 (KHTML, like Gecko) Chrome/97.0.4692.71 Safari/537.36"

::1 - - [16/Jan/2022:11:53:14 +0000] "GET /api/route/maps/current HTTP/1.1" 304 - "http://localhost:30001/map" "Mozilla/5.0 (Windows NT 10.0; Win64; x64) AppleWebKit/537.36 (KHTML, like Gecko) Chrome/97.0.4692.71 Safari/537.36"

::1 - - [16/Jan/2022:11:53:18 +0000] "POST /api/route/transportOrders/20220116195318 HTTP/1.1" 200 2 "-" "python-requests/2.26.0"

::1 - - [16/Jan/2022:11:55:05 +0000] "GET /map HTTP/1.1" 302 64 "-" "Mozilla/5.0 (Windows NT 10.0; Win64; x64) AppleWebKit/537.36 (KHTML, like Gecko) Chrome/97.0.4692.71 Safari/537.36"

::1 - - [16/Jan/2022:11:55:05 +0000] "GET /loginPage HTTP/1.1" 200 714 "-" "Mozilla/5.0 (Windows NT 10.0; Win64; x64) AppleWebKit/537.36 (KHTML, like Gecko) Chrome/97.0.4692.71 Safari/537.36"

::1 - - [16/Jan/2022:11:55:05 +0000] "GET /css/app.2fba4123.css HTTP/1.1" 200 5209 "http://localhost:30001/loginPage" "Mozilla/5.0 (Windows NT 10.0; Win64; x64) AppleWebKit/537.36 (KHTML, like Gecko) Chrome/97.0.4692.71 Safari/537.36"

::1 - - [16/Jan/2022:11:55:05 +0000] "GET /js/app.dd40252e.js HTTP/1.1" 200 45400 "http://localhost:30001/loginPage" "Mozilla/5.0 (Windows NT 10.0; Win64; x64) AppleWebKit/537.36 (KHTML, like Gecko) Chrome/97.0.4692.71 Safari/537.36"

::1 - - [16/Jan/2022:11:55:05 +0000] "GET /css/chunk-vendors.a16c4353.css HTTP/1.1" 200 214577 "http://localhost:30001/loginPage" "Mozilla/5.0 (Windows NT 10.0; Win64; x64) AppleWebKit/537.36 (KHTML, like Gecko) Chrome/97.0.4692.71 Safari/537.36"

::1 - - [16/Jan/2022:11:55:05 +0000] "GET /js/chunk-vendors.30b23982.js HTTP/1.1" 200 1057732 "http://localhost:30001/loginPage" "Mozilla/5.0 (Windows NT 10.0; Win64; x64) AppleWebKit/537.36 (KHTML, like Gecko) Chrome/97.0.4692.71 Safari/537.36"

::1 - - [16/Jan/2022:11:55:05 +0000] "GET /js/app.dd40252e.js.map HTTP/1.1" 200 174514 "-" "Mozilla/5.0 (Windows NT 10.0; Win64; x64) AppleWebKit/537.36 (KHTML, like Gecko) Chrome/97.0.4692.71 Safari/537.36"

::1 - - [16/Jan/2022:11:55:05 +0000] "GET /js/chunk-vendors.30b23982.js.map HTTP/1.1" 200 4101793 "-" "Mozilla/5.0 (Windows NT 10.0; Win64; x64) AppleWebKit/537.36 (KHTML, like Gecko) Chrome/97.0.4692.71 Safari/537.36"

::1 - - [16/Jan/2022:11:55:05 +0000] "GET /api/route/utils/wshost HTTP/1.1" 304 - "http://localhost:30001/loginPage" "Mozilla/5.0 (Windows NT 10.0; Win64; x64) AppleWebKit/537.36 (KHTML, like Gecko) Chrome/97.0.4692.71 Safari/537.36"

::1 - - [16/Jan/2022:11:55:06 +0000] "GET /loginPage HTTP/1.1" 304 - "-" "Mozilla/5.0 (Windows NT 10.0; Win64; x64) AppleWebKit/537.36 (KHTML, like Gecko) Chrome/97.0.4692.71 Safari/537.36"

::1 - - [16/Jan/2022:11:55:06 +0000] "GET /css/app.2fba4123.css HTTP/1.1" 304 - "http://localhost:30001/loginPage" "Mozilla/5.0 (Windows NT 10.0; Win64; x64) AppleWebKit/537.36 (KHTML, like Gecko) Chrome/97.0.4692.71 Safari/537.36"

::1 - - [16/Jan/2022:11:55:06 +0000] "GET /css/chunk-vendors.a16c4353.css HTTP/1.1" 304 - "http://localhost:30001/loginPage" "Mozilla/5.0 (Windows NT 10.0; Win64; x64) AppleWebKit/537.36 (KHTML, like Gecko) Chrome/97.0.4692.71 Safari/537.36"

::1 - - [16/Jan/2022:11:55:06 +0000] "GET /js/app.dd40252e.js HTTP/1.1" 304 - "http://localhost:30001/loginPage" "Mozilla/5.0 (Windows NT 10.0; Win64; x64) AppleWebKit/537.36 (KHTML, like Gecko) Chrome/97.0.4692.71 Safari/537.36"

::1 - - [16/Jan/2022:11:55:06 +0000] "GET /js/chunk-vendors.30b23982.js HTTP/1.1" 304 - "http://localhost:30001/loginPage" "Mozilla/5.0 (Windows NT 10.0; Win64; x64) AppleWebKit/537.36 (KHTML, like Gecko) Chrome/97.0.4692.71 Safari/537.36"

::1 - - [16/Jan/2022:11:55:06 +0000] "GET /js/app.dd40252e.js.map HTTP/1.1" 200 174514 "-" "Mozilla/5.0 (Windows NT 10.0; Win64; x64) AppleWebKit/537.36 (KHTML, like Gecko) Chrome/97.0.4692.71 Safari/537.36"

::1 - - [16/Jan/2022:11:55:06 +0000] "GET /js/chunk-vendors.30b23982.js.map HTTP/1.1" 200 4101793 "-" "Mozilla/5.0 (Windows NT 10.0; Win64; x64) AppleWebKit/537.36 (KHTML, like Gecko) Chrome/97.0.4692.71 Safari/537.36"

::1 - - [16/Jan/2022:11:55:06 +0000] "GET /api/route/utils/wshost HTTP/1.1" 304 - "http://localhost:30001/loginPage" "Mozilla/5.0 (Windows NT 10.0; Win64; x64) AppleWebKit/537.36 (KHTML, like Gecko) Chrome/97.0.4692.71 Safari/537.36"

::1 - - [16/Jan/2022:11:55:06 +0000] "GET /fonts/element-icons.535877f5.woff HTTP/1.1" 200 28200 "http://localhost:30001/css/chunk-vendors.a16c4353.css" "Mozilla/5.0 (Windows NT 10.0; Win64; x64) AppleWebKit/537.36 (KHTML, like Gecko) Chrome/97.0.4692.71 Safari/537.36"

::1 - - [16/Jan/2022:11:55:07 +0000] "POST /api/route/users/login HTTP/1.1" 200 35 "http://localhost:30001/loginPage" "Mozilla/5.0 (Windows NT 10.0; Win64; x64) AppleWebKit/537.36 (KHTML, like Gecko) Chrome/97.0.4692.71 Safari/537.36"

::1 - - [16/Jan/2022:11:55:08 +0000] "GET /api/route/maps/current HTTP/1.1" 304 - "http://localhost:30001/map" "Mozilla/5.0 (Windows NT 10.0; Win64; x64) AppleWebKit/537.36 (KHTML, like Gecko) Chrome/97.0.4692.71 Safari/537.36"

::1 - - [16/Jan/2022:11:55:20 +0000] "POST /api/route/transportOrders/20220116195520 HTTP/1.1" 200 2 "-" "python-requests/2.26.0"

::1 - - [16/Jan/2022:11:58:24 +0000] "GET /map HTTP/1.1" 302 64 "-" "Mozilla/5.0 (Windows NT 10.0; Win64; x64) AppleWebKit/537.36 (KHTML, like Gecko) Chrome/97.0.4692.71 Safari/537.36"

::1 - - [16/Jan/2022:11:58:24 +0000] "GET /loginPage HTTP/1.1" 200 714 "-" "Mozilla/5.0 (Windows NT 10.0; Win64; x64) AppleWebKit/537.36 (KHTML, like Gecko) Chrome/97.0.4692.71 Safari/537.36"

::1 - - [16/Jan/2022:11:58:24 +0000] "GET /css/app.0d688630.css HTTP/1.1" 200 5209 "http://localhost:30001/loginPage" "Mozilla/5.0 (Windows NT 10.0; Win64; x64) AppleWebKit/537.36 (KHTML, like Gecko) Chrome/97.0.4692.71 Safari/537.36"

::1 - - [16/Jan/2022:11:58:24 +0000] "GET /js/app.9d793a3f.js HTTP/1.1" 200 45467 "http://localhost:30001/loginPage" "Mozilla/5.0 (Windows NT 10.0; Win64; x64) AppleWebKit/537.36 (KHTML, like Gecko) Chrome/97.0.4692.71 Safari/537.36"

::1 - - [16/Jan/2022:11:58:24 +0000] "GET /css/chunk-vendors.a16c4353.css HTTP/1.1" 200 214577 "http://localhost:30001/loginPage" "Mozilla/5.0 (Windows NT 10.0; Win64; x64) AppleWebKit/537.36 (KHTML, like Gecko) Chrome/97.0.4692.71 Safari/537.36"

::1 - - [16/Jan/2022:11:58:24 +0000] "GET /js/chunk-vendors.30b23982.js HTTP/1.1" 200 1057732 "http://localhost:30001/loginPage" "Mozilla/5.0 (Windows NT 10.0; Win64; x64) AppleWebKit/537.36 (KHTML, like Gecko) Chrome/97.0.4692.71 Safari/537.36"

::1 - - [16/Jan/2022:11:58:24 +0000] "GET /js/app.9d793a3f.js.map HTTP/1.1" 200 174720 "-" "Mozilla/5.0 (Windows NT 10.0; Win64; x64) AppleWebKit/537.36 (KHTML, like Gecko) Chrome/97.0.4692.71 Safari/537.36"

::1 - - [16/Jan/2022:11:58:24 +0000] "GET /js/chunk-vendors.30b23982.js.map HTTP/1.1" 200 4101793 "-" "Mozilla/5.0 (Windows NT 10.0; Win64; x64) AppleWebKit/537.36 (KHTML, like Gecko) Chrome/97.0.4692.71 Safari/537.36"

::1 - - [16/Jan/2022:11:58:24 +0000] "GET /api/route/utils/wshost HTTP/1.1" 304 - "http://localhost:30001/loginPage" "Mozilla/5.0 (Windows NT 10.0; Win64; x64) AppleWebKit/537.36 (KHTML, like Gecko) Chrome/97.0.4692.71 Safari/537.36"

::1 - - [16/Jan/2022:11:58:24 +0000] "GET /loginPage HTTP/1.1" 304 - "-" "Mozilla/5.0 (Windows NT 10.0; Win64; x64) AppleWebKit/537.36 (KHTML, like Gecko) Chrome/97.0.4692.71 Safari/537.36"

::1 - - [16/Jan/2022:11:58:24 +0000] "GET /css/app.0d688630.css HTTP/1.1" 304 - "http://localhost:30001/loginPage" "Mozilla/5.0 (Windows NT 10.0; Win64; x64) AppleWebKit/537.36 (KHTML, like Gecko) Chrome/97.0.4692.71 Safari/537.36"

::1 - - [16/Jan/2022:11:58:24 +0000] "GET /css/chunk-vendors.a16c4353.css HTTP/1.1" 304 - "http://localhost:30001/loginPage" "Mozilla/5.0 (Windows NT 10.0; Win64; x64) AppleWebKit/537.36 (KHTML, like Gecko) Chrome/97.0.4692.71 Safari/537.36"

::1 - - [16/Jan/2022:11:58:24 +0000] "GET /js/app.9d793a3f.js HTTP/1.1" 304 - "http://localhost:30001/loginPage" "Mozilla/5.0 (Windows NT 10.0; Win64; x64) AppleWebKit/537.36 (KHTML, like Gecko) Chrome/97.0.4692.71 Safari/537.36"

::1 - - [16/Jan/2022:11:58:24 +0000] "GET /js/chunk-vendors.30b23982.js HTTP/1.1" 304 - "http://localhost:30001/loginPage" "Mozilla/5.0 (Windows NT 10.0; Win64; x64) AppleWebKit/537.36 (KHTML, like Gecko) Chrome/97.0.4692.71 Safari/537.36"

::1 - - [16/Jan/2022:11:58:24 +0000] "GET /js/app.9d793a3f.js.map HTTP/1.1" 200 174720 "-" "Mozilla/5.0 (Windows NT 10.0; Win64; x64) AppleWebKit/537.36 (KHTML, like Gecko) Chrome/97.0.4692.71 Safari/537.36"

::1 - - [16/Jan/2022:11:58:24 +0000] "GET /js/chunk-vendors.30b23982.js.map HTTP/1.1" 200 4101793 "-" "Mozilla/5.0 (Windows NT 10.0; Win64; x64) AppleWebKit/537.36 (KHTML, like Gecko) Chrome/97.0.4692.71 Safari/537.36"

::1 - - [16/Jan/2022:11:58:24 +0000] "GET /api/route/utils/wshost HTTP/1.1" 304 - "http://localhost:30001/loginPage" "Mozilla/5.0 (Windows NT 10.0; Win64; x64) AppleWebKit/537.36 (KHTML, like Gecko) Chrome/97.0.4692.71 Safari/537.36"

::1 - - [16/Jan/2022:11:58:25 +0000] "GET /fonts/element-icons.535877f5.woff HTTP/1.1" 200 28200 "http://localhost:30001/css/chunk-vendors.a16c4353.css" "Mozilla/5.0 (Windows NT 10.0; Win64; x64) AppleWebKit/537.36 (KHTML, like Gecko) Chrome/97.0.4692.71 Safari/537.36"

::1 - - [16/Jan/2022:11:58:25 +0000] "POST /api/route/users/login HTTP/1.1" 200 35 "http://localhost:30001/loginPage" "Mozilla/5.0 (Windows NT 10.0; Win64; x64) AppleWebKit/537.36 (KHTML, like Gecko) Chrome/97.0.4692.71 Safari/537.36"

::1 - - [16/Jan/2022:11:58:26 +0000] "GET /api/route/maps/current HTTP/1.1" 304 - "http://localhost:30001/map" "Mozilla/5.0 (Windows NT 10.0; Win64; x64) AppleWebKit/537.36 (KHTML, like Gecko) Chrome/97.0.4692.71 Safari/537.36"

::1 - - [16/Jan/2022:11:58:53 +0000] "POST /api/route/transportOrders/20220116195853 HTTP/1.1" 200 2 "-" "python-requests/2.26.0"

::1 - - [16/Jan/2022:12:02:17 +0000] "GET /map HTTP/1.1" 302 64 "-" "Mozilla/5.0 (Windows NT 10.0; Win64; x64) AppleWebKit/537.36 (KHTML, like Gecko) Chrome/97.0.4692.71 Safari/537.36"

::1 - - [16/Jan/2022:12:02:17 +0000] "GET /loginPage HTTP/1.1" 200 714 "-" "Mozilla/5.0 (Windows NT 10.0; Win64; x64) AppleWebKit/537.36 (KHTML, like Gecko) Chrome/97.0.4692.71 Safari/537.36"

::1 - - [16/Jan/2022:12:02:17 +0000] "GET /css/app.be6016d4.css HTTP/1.1" 200 5209 "http://localhost:30001/loginPage" "Mozilla/5.0 (Windows NT 10.0; Win64; x64) AppleWebKit/537.36 (KHTML, like Gecko) Chrome/97.0.4692.71 Safari/537.36"

::1 - - [16/Jan/2022:12:02:17 +0000] "GET /js/app.a8c069c7.js HTTP/1.1" 200 45399 "http://localhost:30001/loginPage" "Mozilla/5.0 (Windows NT 10.0; Win64; x64) AppleWebKit/537.36 (KHTML, like Gecko) Chrome/97.0.4692.71 Safari/537.36"

::1 - - [16/Jan/2022:12:02:17 +0000] "GET /css/chunk-vendors.a16c4353.css HTTP/1.1" 200 214577 "http://localhost:30001/loginPage" "Mozilla/5.0 (Windows NT 10.0; Win64; x64) AppleWebKit/537.36 (KHTML, like Gecko) Chrome/97.0.4692.71 Safari/537.36"

::1 - - [16/Jan/2022:12:02:17 +0000] "GET /js/chunk-vendors.30b23982.js HTTP/1.1" 200 1057732 "http://localhost:30001/loginPage" "Mozilla/5.0 (Windows NT 10.0; Win64; x64) AppleWebKit/537.36 (KHTML, like Gecko) Chrome/97.0.4692.71 Safari/537.36"

::1 - - [16/Jan/2022:12:02:17 +0000] "GET /api/route/utils/wshost HTTP/1.1" 304 - "http://localhost:30001/loginPage" "Mozilla/5.0 (Windows NT 10.0; Win64; x64) AppleWebKit/537.36 (KHTML, like Gecko) Chrome/97.0.4692.71 Safari/537.36"

::1 - - [16/Jan/2022:12:02:17 +0000] "GET /js/app.a8c069c7.js.map HTTP/1.1" 200 174558 "-" "Mozilla/5.0 (Windows NT 10.0; Win64; x64) AppleWebKit/537.36 (KHTML, like Gecko) Chrome/97.0.4692.71 Safari/537.36"

::1 - - [16/Jan/2022:12:02:17 +0000] "GET /js/chunk-vendors.30b23982.js.map HTTP/1.1" 200 4101793 "-" "Mozilla/5.0 (Windows NT 10.0; Win64; x64) AppleWebKit/537.36 (KHTML, like Gecko) Chrome/97.0.4692.71 Safari/537.36"

::1 - - [16/Jan/2022:12:02:18 +0000] "GET /fonts/element-icons.535877f5.woff HTTP/1.1" 200 28200 "http://localhost:30001/css/chunk-vendors.a16c4353.css" "Mozilla/5.0 (Windows NT 10.0; Win64; x64) AppleWebKit/537.36 (KHTML, like Gecko) Chrome/97.0.4692.71 Safari/537.36"

::1 - - [16/Jan/2022:12:02:18 +0000] "POST /api/route/users/login HTTP/1.1" 200 35 "http://localhost:30001/loginPage" "Mozilla/5.0 (Windows NT 10.0; Win64; x64) AppleWebKit/537.36 (KHTML, like Gecko) Chrome/97.0.4692.71 Safari/537.36"

::1 - - [16/Jan/2022:12:02:19 +0000] "GET /api/route/maps/current HTTP/1.1" 304 - "http://localhost:30001/map" "Mozilla/5.0 (Windows NT 10.0; Win64; x64) AppleWebKit/537.36 (KHTML, like Gecko) Chrome/97.0.4692.71 Safari/537.36"

::1 - - [16/Jan/2022:12:03:59 +0000] "GET /map HTTP/1.1" 302 64 "-" "Mozilla/5.0 (Windows NT 10.0; Win64; x64) AppleWebKit/537.36 (KHTML, like Gecko) Chrome/97.0.4692.71 Safari/537.36"

::1 - - [16/Jan/2022:12:03:59 +0000] "GET /loginPage HTTP/1.1" 200 714 "-" "Mozilla/5.0 (Windows NT 10.0; Win64; x64) AppleWebKit/537.36 (KHTML, like Gecko) Chrome/97.0.4692.71 Safari/537.36"

::1 - - [16/Jan/2022:12:03:59 +0000] "GET /css/app.02b83777.css HTTP/1.1" 200 5209 "http://localhost:30001/loginPage" "Mozilla/5.0 (Windows NT 10.0; Win64; x64) AppleWebKit/537.36 (KHTML, like Gecko) Chrome/97.0.4692.71 Safari/537.36"

::1 - - [16/Jan/2022:12:03:59 +0000] "GET /js/app.0a9d6d1a.js HTTP/1.1" 200 45385 "http://localhost:30001/loginPage" "Mozilla/5.0 (Windows NT 10.0; Win64; x64) AppleWebKit/537.36 (KHTML, like Gecko) Chrome/97.0.4692.71 Safari/537.36"

::1 - - [16/Jan/2022:12:03:59 +0000] "GET /css/chunk-vendors.a16c4353.css HTTP/1.1" 200 214577 "http://localhost:30001/loginPage" "Mozilla/5.0 (Windows NT 10.0; Win64; x64) AppleWebKit/537.36 (KHTML, like Gecko) Chrome/97.0.4692.71 Safari/537.36"

::1 - - [16/Jan/2022:12:03:59 +0000] "GET /js/chunk-vendors.30b23982.js HTTP/1.1" 200 1057732 "http://localhost:30001/loginPage" "Mozilla/5.0 (Windows NT 10.0; Win64; x64) AppleWebKit/537.36 (KHTML, like Gecko) Chrome/97.0.4692.71 Safari/537.36"

::1 - - [16/Jan/2022:12:03:59 +0000] "GET /js/app.0a9d6d1a.js.map HTTP/1.1" 200 174509 "-" "Mozilla/5.0 (Windows NT 10.0; Win64; x64) AppleWebKit/537.36 (KHTML, like Gecko) Chrome/97.0.4692.71 Safari/537.36"

::1 - - [16/Jan/2022:12:03:59 +0000] "GET /js/chunk-vendors.30b23982.js.map HTTP/1.1" 200 4101793 "-" "Mozilla/5.0 (Windows NT 10.0; Win64; x64) AppleWebKit/537.36 (KHTML, like Gecko) Chrome/97.0.4692.71 Safari/537.36"

::1 - - [16/Jan/2022:12:03:59 +0000] "GET /api/route/utils/wshost HTTP/1.1" 304 - "http://localhost:30001/loginPage" "Mozilla/5.0 (Windows NT 10.0; Win64; x64) AppleWebKit/537.36 (KHTML, like Gecko) Chrome/97.0.4692.71 Safari/537.36"

::1 - - [16/Jan/2022:12:04:00 +0000] "GET /loginPage HTTP/1.1" 304 - "-" "Mozilla/5.0 (Windows NT 10.0; Win64; x64) AppleWebKit/537.36 (KHTML, like Gecko) Chrome/97.0.4692.71 Safari/537.36"

::1 - - [16/Jan/2022:12:04:00 +0000] "GET /css/app.02b83777.css HTTP/1.1" 304 - "http://localhost:30001/loginPage" "Mozilla/5.0 (Windows NT 10.0; Win64; x64) AppleWebKit/537.36 (KHTML, like Gecko) Chrome/97.0.4692.71 Safari/537.36"

::1 - - [16/Jan/2022:12:04:00 +0000] "GET /css/chunk-vendors.a16c4353.css HTTP/1.1" 304 - "http://localhost:30001/loginPage" "Mozilla/5.0 (Windows NT 10.0; Win64; x64) AppleWebKit/537.36 (KHTML, like Gecko) Chrome/97.0.4692.71 Safari/537.36"

::1 - - [16/Jan/2022:12:04:00 +0000] "GET /js/app.0a9d6d1a.js HTTP/1.1" 304 - "http://localhost:30001/loginPage" "Mozilla/5.0 (Windows NT 10.0; Win64; x64) AppleWebKit/537.36 (KHTML, like Gecko) Chrome/97.0.4692.71 Safari/537.36"

::1 - - [16/Jan/2022:12:04:00 +0000] "GET /js/chunk-vendors.30b23982.js HTTP/1.1" 304 - "http://localhost:30001/loginPage" "Mozilla/5.0 (Windows NT 10.0; Win64; x64) AppleWebKit/537.36 (KHTML, like Gecko) Chrome/97.0.4692.71 Safari/537.36"

::1 - - [16/Jan/2022:12:04:00 +0000] "GET /js/app.0a9d6d1a.js.map HTTP/1.1" 200 174509 "-" "Mozilla/5.0 (Windows NT 10.0; Win64; x64) AppleWebKit/537.36 (KHTML, like Gecko) Chrome/97.0.4692.71 Safari/537.36"

::1 - - [16/Jan/2022:12:04:00 +0000] "GET /js/chunk-vendors.30b23982.js.map HTTP/1.1" 200 4101793 "-" "Mozilla/5.0 (Windows NT 10.0; Win64; x64) AppleWebKit/537.36 (KHTML, like Gecko) Chrome/97.0.4692.71 Safari/537.36"

::1 - - [16/Jan/2022:12:04:00 +0000] "GET /api/route/utils/wshost HTTP/1.1" 304 - "http://localhost:30001/loginPage" "Mozilla/5.0 (Windows NT 10.0; Win64; x64) AppleWebKit/537.36 (KHTML, like Gecko) Chrome/97.0.4692.71 Safari/537.36"

::1 - - [16/Jan/2022:12:04:00 +0000] "GET /fonts/element-icons.535877f5.woff HTTP/1.1" 200 28200 "http://localhost:30001/css/chunk-vendors.a16c4353.css" "Mozilla/5.0 (Windows NT 10.0; Win64; x64) AppleWebKit/537.36 (KHTML, like Gecko) Chrome/97.0.4692.71 Safari/537.36"

::1 - - [16/Jan/2022:12:04:00 +0000] "POST /api/route/users/login HTTP/1.1" 200 35 "http://localhost:30001/loginPage" "Mozilla/5.0 (Windows NT 10.0; Win64; x64) AppleWebKit/537.36 (KHTML, like Gecko) Chrome/97.0.4692.71 Safari/537.36"

::1 - - [16/Jan/2022:12:04:01 +0000] "GET /api/route/maps/current HTTP/1.1" 304 - "http://localhost:30001/map" "Mozilla/5.0 (Windows NT 10.0; Win64; x64) AppleWebKit/537.36 (KHTML, like Gecko) Chrome/97.0.4692.71 Safari/537.36"

::1 - - [16/Jan/2022:12:04:10 +0000] "POST /api/route/transportOrders/20220116200410 HTTP/1.1" 200 2 "-" "python-requests/2.26.0"

::1 - - [16/Jan/2022:12:06:45 +0000] "GET /map HTTP/1.1" 302 64 "-" "Mozilla/5.0 (Windows NT 10.0; Win64; x64) AppleWebKit/537.36 (KHTML, like Gecko) Chrome/97.0.4692.71 Safari/537.36"

::1 - - [16/Jan/2022:12:06:45 +0000] "GET /loginPage HTTP/1.1" 200 714 "-" "Mozilla/5.0 (Windows NT 10.0; Win64; x64) AppleWebKit/537.36 (KHTML, like Gecko) Chrome/97.0.4692.71 Safari/537.36"

::1 - - [16/Jan/2022:12:06:45 +0000] "GET /css/app.d497f350.css HTTP/1.1" 200 5209 "http://localhost:30001/loginPage" "Mozilla/5.0 (Windows NT 10.0; Win64; x64) AppleWebKit/537.36 (KHTML, like Gecko) Chrome/97.0.4692.71 Safari/537.36"

::1 - - [16/Jan/2022:12:06:45 +0000] "GET /js/app.a2f6ecd5.js HTTP/1.1" 200 45391 "http://localhost:30001/loginPage" "Mozilla/5.0 (Windows NT 10.0; Win64; x64) AppleWebKit/537.36 (KHTML, like Gecko) Chrome/97.0.4692.71 Safari/537.36"

::1 - - [16/Jan/2022:12:06:45 +0000] "GET /css/chunk-vendors.a16c4353.css HTTP/1.1" 200 214577 "http://localhost:30001/loginPage" "Mozilla/5.0 (Windows NT 10.0; Win64; x64) AppleWebKit/537.36 (KHTML, like Gecko) Chrome/97.0.4692.71 Safari/537.36"

::1 - - [16/Jan/2022:12:06:45 +0000] "GET /js/chunk-vendors.30b23982.js HTTP/1.1" 200 1057732 "http://localhost:30001/loginPage" "Mozilla/5.0 (Windows NT 10.0; Win64; x64) AppleWebKit/537.36 (KHTML, like Gecko) Chrome/97.0.4692.71 Safari/537.36"

::1 - - [16/Jan/2022:12:06:45 +0000] "GET /api/route/utils/wshost HTTP/1.1" 304 - "http://localhost:30001/loginPage" "Mozilla/5.0 (Windows NT 10.0; Win64; x64) AppleWebKit/537.36 (KHTML, like Gecko) Chrome/97.0.4692.71 Safari/537.36"

::1 - - [16/Jan/2022:12:06:46 +0000] "GET /js/app.a2f6ecd5.js.map HTTP/1.1" 200 174537 "-" "Mozilla/5.0 (Windows NT 10.0; Win64; x64) AppleWebKit/537.36 (KHTML, like Gecko) Chrome/97.0.4692.71 Safari/537.36"

::1 - - [16/Jan/2022:12:06:46 +0000] "GET /js/chunk-vendors.30b23982.js.map HTTP/1.1" 200 4101793 "-" "Mozilla/5.0 (Windows NT 10.0; Win64; x64) AppleWebKit/537.36 (KHTML, like Gecko) Chrome/97.0.4692.71 Safari/537.36"

::1 - - [16/Jan/2022:12:06:46 +0000] "GET /loginPage HTTP/1.1" 304 - "-" "Mozilla/5.0 (Windows NT 10.0; Win64; x64) AppleWebKit/537.36 (KHTML, like Gecko) Chrome/97.0.4692.71 Safari/537.36"

::1 - - [16/Jan/2022:12:06:46 +0000] "GET /css/app.d497f350.css HTTP/1.1" 304 - "http://localhost:30001/loginPage" "Mozilla/5.0 (Windows NT 10.0; Win64; x64) AppleWebKit/537.36 (KHTML, like Gecko) Chrome/97.0.4692.71 Safari/537.36"

::1 - - [16/Jan/2022:12:06:46 +0000] "GET /css/chunk-vendors.a16c4353.css HTTP/1.1" 304 - "http://localhost:30001/loginPage" "Mozilla/5.0 (Windows NT 10.0; Win64; x64) AppleWebKit/537.36 (KHTML, like Gecko) Chrome/97.0.4692.71 Safari/537.36"

::1 - - [16/Jan/2022:12:06:46 +0000] "GET /js/app.a2f6ecd5.js HTTP/1.1" 304 - "http://localhost:30001/loginPage" "Mozilla/5.0 (Windows NT 10.0; Win64; x64) AppleWebKit/537.36 (KHTML, like Gecko) Chrome/97.0.4692.71 Safari/537.36"

::1 - - [16/Jan/2022:12:06:46 +0000] "GET /js/chunk-vendors.30b23982.js HTTP/1.1" 304 - "http://localhost:30001/loginPage" "Mozilla/5.0 (Windows NT 10.0; Win64; x64) AppleWebKit/537.36 (KHTML, like Gecko) Chrome/97.0.4692.71 Safari/537.36"

::1 - - [16/Jan/2022:12:06:46 +0000] "GET /js/app.a2f6ecd5.js.map HTTP/1.1" 200 174537 "-" "Mozilla/5.0 (Windows NT 10.0; Win64; x64) AppleWebKit/537.36 (KHTML, like Gecko) Chrome/97.0.4692.71 Safari/537.36"

::1 - - [16/Jan/2022:12:06:46 +0000] "GET /js/chunk-vendors.30b23982.js.map HTTP/1.1" 200 4101793 "-" "Mozilla/5.0 (Windows NT 10.0; Win64; x64) AppleWebKit/537.36 (KHTML, like Gecko) Chrome/97.0.4692.71 Safari/537.36"

::1 - - [16/Jan/2022:12:06:46 +0000] "GET /api/route/utils/wshost HTTP/1.1" 304 - "http://localhost:30001/loginPage" "Mozilla/5.0 (Windows NT 10.0; Win64; x64) AppleWebKit/537.36 (KHTML, like Gecko) Chrome/97.0.4692.71 Safari/537.36"

::1 - - [16/Jan/2022:12:06:46 +0000] "GET /fonts/element-icons.535877f5.woff HTTP/1.1" 200 28200 "http://localhost:30001/css/chunk-vendors.a16c4353.css" "Mozilla/5.0 (Windows NT 10.0; Win64; x64) AppleWebKit/537.36 (KHTML, like Gecko) Chrome/97.0.4692.71 Safari/537.36"

::1 - - [16/Jan/2022:12:06:47 +0000] "POST /api/route/users/login HTTP/1.1" 200 35 "http://localhost:30001/loginPage" "Mozilla/5.0 (Windows NT 10.0; Win64; x64) AppleWebKit/537.36 (KHTML, like Gecko) Chrome/97.0.4692.71 Safari/537.36"

::1 - - [16/Jan/2022:12:06:48 +0000] "GET /api/route/maps/current HTTP/1.1" 304 - "http://localhost:30001/map" "Mozilla/5.0 (Windows NT 10.0; Win64; x64) AppleWebKit/537.36 (KHTML, like Gecko) Chrome/97.0.4692.71 Safari/537.36"

::1 - - [16/Jan/2022:12:06:55 +0000] "POST /api/route/transportOrders/20220116200655 HTTP/1.1" 200 2 "-" "python-requests/2.26.0"

::1 - - [16/Jan/2022:12:08:07 +0000] "GET /map HTTP/1.1" 302 64 "-" "Mozilla/5.0 (Windows NT 10.0; Win64; x64) AppleWebKit/537.36 (KHTML, like Gecko) Chrome/97.0.4692.71 Safari/537.36"

::1 - - [16/Jan/2022:12:08:07 +0000] "GET /loginPage HTTP/1.1" 200 714 "-" "Mozilla/5.0 (Windows NT 10.0; Win64; x64) AppleWebKit/537.36 (KHTML, like Gecko) Chrome/97.0.4692.71 Safari/537.36"

::1 - - [16/Jan/2022:12:08:07 +0000] "GET /css/app.c4e9fcdb.css HTTP/1.1" 200 5209 "http://localhost:30001/loginPage" "Mozilla/5.0 (Windows NT 10.0; Win64; x64) AppleWebKit/537.36 (KHTML, like Gecko) Chrome/97.0.4692.71 Safari/537.36"

::1 - - [16/Jan/2022:12:08:07 +0000] "GET /js/app.d210e132.js HTTP/1.1" 200 45395 "http://localhost:30001/loginPage" "Mozilla/5.0 (Windows NT 10.0; Win64; x64) AppleWebKit/537.36 (KHTML, like Gecko) Chrome/97.0.4692.71 Safari/537.36"

::1 - - [16/Jan/2022:12:08:07 +0000] "GET /css/chunk-vendors.a16c4353.css HTTP/1.1" 200 214577 "http://localhost:30001/loginPage" "Mozilla/5.0 (Windows NT 10.0; Win64; x64) AppleWebKit/537.36 (KHTML, like Gecko) Chrome/97.0.4692.71 Safari/537.36"

::1 - - [16/Jan/2022:12:08:07 +0000] "GET /js/chunk-vendors.30b23982.js HTTP/1.1" 200 1057732 "http://localhost:30001/loginPage" "Mozilla/5.0 (Windows NT 10.0; Win64; x64) AppleWebKit/537.36 (KHTML, like Gecko) Chrome/97.0.4692.71 Safari/537.36"

::1 - - [16/Jan/2022:12:08:08 +0000] "GET /js/app.d210e132.js.map HTTP/1.1" 200 174537 "-" "Mozilla/5.0 (Windows NT 10.0; Win64; x64) AppleWebKit/537.36 (KHTML, like Gecko) Chrome/97.0.4692.71 Safari/537.36"

::1 - - [16/Jan/2022:12:08:08 +0000] "GET /js/chunk-vendors.30b23982.js.map HTTP/1.1" 200 4101793 "-" "Mozilla/5.0 (Windows NT 10.0; Win64; x64) AppleWebKit/537.36 (KHTML, like Gecko) Chrome/97.0.4692.71 Safari/537.36"

::1 - - [16/Jan/2022:12:08:08 +0000] "GET /api/route/utils/wshost HTTP/1.1" 304 - "http://localhost:30001/loginPage" "Mozilla/5.0 (Windows NT 10.0; Win64; x64) AppleWebKit/537.36 (KHTML, like Gecko) Chrome/97.0.4692.71 Safari/537.36"

::1 - - [16/Jan/2022:12:08:09 +0000] "GET /fonts/element-icons.535877f5.woff HTTP/1.1" 200 28200 "http://localhost:30001/css/chunk-vendors.a16c4353.css" "Mozilla/5.0 (Windows NT 10.0; Win64; x64) AppleWebKit/537.36 (KHTML, like Gecko) Chrome/97.0.4692.71 Safari/537.36"

::1 - - [16/Jan/2022:12:08:09 +0000] "POST /api/route/users/login HTTP/1.1" 200 35 "http://localhost:30001/loginPage" "Mozilla/5.0 (Windows NT 10.0; Win64; x64) AppleWebKit/537.36 (KHTML, like Gecko) Chrome/97.0.4692.71 Safari/537.36"

::1 - - [16/Jan/2022:12:08:10 +0000] "GET /api/route/maps/current HTTP/1.1" 304 - "http://localhost:30001/map" "Mozilla/5.0 (Windows NT 10.0; Win64; x64) AppleWebKit/537.36 (KHTML, like Gecko) Chrome/97.0.4692.71 Safari/537.36"

::1 - - [16/Jan/2022:12:09:00 +0000] "POST /api/route/transportOrders/20220116200900 HTTP/1.1" 200 2 "-" "python-requests/2.26.0"

::1 - - [16/Jan/2022:12:09:49 +0000] "POST /api/route/transportOrders/20220116200949 HTTP/1.1" 200 2 "-" "python-requests/2.26.0"

::1 - - [16/Jan/2022:12:10:17 +0000] "POST /api/route/transportOrders/20220116201017 HTTP/1.1" 200 2 "-" "python-requests/2.26.0"

::1 - - [16/Jan/2022:12:21:18 +0000] "GET /map HTTP/1.1" 302 64 "-" "Mozilla/5.0 (Windows NT 10.0; Win64; x64) AppleWebKit/537.36 (KHTML, like Gecko) Chrome/97.0.4692.71 Safari/537.36"

::1 - - [16/Jan/2022:12:21:18 +0000] "GET /loginPage HTTP/1.1" 304 - "-" "Mozilla/5.0 (Windows NT 10.0; Win64; x64) AppleWebKit/537.36 (KHTML, like Gecko) Chrome/97.0.4692.71 Safari/537.36"

::1 - - [16/Jan/2022:12:21:18 +0000] "GET /css/app.c4e9fcdb.css HTTP/1.1" 304 - "http://localhost:30001/loginPage" "Mozilla/5.0 (Windows NT 10.0; Win64; x64) AppleWebKit/537.36 (KHTML, like Gecko) Chrome/97.0.4692.71 Safari/537.36"

::1 - - [16/Jan/2022:12:21:18 +0000] "GET /css/chunk-vendors.a16c4353.css HTTP/1.1" 304 - "http://localhost:30001/loginPage" "Mozilla/5.0 (Windows NT 10.0; Win64; x64) AppleWebKit/537.36 (KHTML, like Gecko) Chrome/97.0.4692.71 Safari/537.36"

::1 - - [16/Jan/2022:12:21:18 +0000] "GET /js/app.d210e132.js HTTP/1.1" 304 - "http://localhost:30001/loginPage" "Mozilla/5.0 (Windows NT 10.0; Win64; x64) AppleWebKit/537.36 (KHTML, like Gecko) Chrome/97.0.4692.71 Safari/537.36"

::1 - - [16/Jan/2022:12:21:18 +0000] "GET /js/chunk-vendors.30b23982.js HTTP/1.1" 304 - "http://localhost:30001/loginPage" "Mozilla/5.0 (Windows NT 10.0; Win64; x64) AppleWebKit/537.36 (KHTML, like Gecko) Chrome/97.0.4692.71 Safari/537.36"

::1 - - [16/Jan/2022:12:21:18 +0000] "GET /api/route/utils/wshost HTTP/1.1" 304 - "http://localhost:30001/loginPage" "Mozilla/5.0 (Windows NT 10.0; Win64; x64) AppleWebKit/537.36 (KHTML, like Gecko) Chrome/97.0.4692.71 Safari/537.36"

::1 - - [16/Jan/2022:12:21:18 +0000] "GET /js/app.d210e132.js.map HTTP/1.1" 200 174537 "-" "Mozilla/5.0 (Windows NT 10.0; Win64; x64) AppleWebKit/537.36 (KHTML, like Gecko) Chrome/97.0.4692.71 Safari/537.36"

::1 - - [16/Jan/2022:12:21:18 +0000] "GET /js/chunk-vendors.30b23982.js.map HTTP/1.1" 200 4101793 "-" "Mozilla/5.0 (Windows NT 10.0; Win64; x64) AppleWebKit/537.36 (KHTML, like Gecko) Chrome/97.0.4692.71 Safari/537.36"

::1 - - [16/Jan/2022:12:21:19 +0000] "GET /fonts/element-icons.535877f5.woff HTTP/1.1" 304 - "http://localhost:30001/css/chunk-vendors.a16c4353.css" "Mozilla/5.0 (Windows NT 10.0; Win64; x64) AppleWebKit/537.36 (KHTML, like Gecko) Chrome/97.0.4692.71 Safari/537.36"

::1 - - [16/Jan/2022:12:21:19 +0000] "POST /api/route/users/login HTTP/1.1" 200 35 "http://localhost:30001/loginPage" "Mozilla/5.0 (Windows NT 10.0; Win64; x64) AppleWebKit/537.36 (KHTML, like Gecko) Chrome/97.0.4692.71 Safari/537.36"

::1 - - [16/Jan/2022:12:21:20 +0000] "GET /api/route/transportOrders?pageNo=1&pageSize=20 HTTP/1.1" 200 8400 "http://localhost:30001/transportOrders" "Mozilla/5.0 (Windows NT 10.0; Win64; x64) AppleWebKit/537.36 (KHTML, like Gecko) Chrome/97.0.4692.71 Safari/537.36"

::1 - - [16/Jan/2022:12:21:27 +0000] "POST /api/route/transportOrders/20220116201017/withdrawal HTTP/1.1" 200 2 "http://localhost:30001/transportOrders" "Mozilla/5.0 (Windows NT 10.0; Win64; x64) AppleWebKit/537.36 (KHTML, like Gecko) Chrome/97.0.4692.71 Safari/537.36"

::1 - - [16/Jan/2022:12:21:27 +0000] "GET /api/route/transportOrders?pageNo=1&pageSize=20 HTTP/1.1" 200 8394 "http://localhost:30001/transportOrders" "Mozilla/5.0 (Windows NT 10.0; Win64; x64) AppleWebKit/537.36 (KHTML, like Gecko) Chrome/97.0.4692.71 Safari/537.36"

::1 - - [16/Jan/2022:12:21:31 +0000] "GET /api/route/maps/current HTTP/1.1" 304 - "http://localhost:30001/map" "Mozilla/5.0 (Windows NT 10.0; Win64; x64) AppleWebKit/537.36 (KHTML, like Gecko) Chrome/97.0.4692.71 Safari/537.36"

::1 - - [16/Jan/2022:12:21:48 +0000] "POST /api/route/transportOrders/20220116202148 HTTP/1.1" 200 2 "-" "python-requests/2.26.0"

::1 - - [16/Jan/2022:12:23:03 +0000] "POST /api/route/transportOrders/20220116202303 HTTP/1.1" 200 2 "-" "python-requests/2.26.0"

::1 - - [16/Jan/2022:12:24:18 +0000] "POST /api/route/transportOrders/20220116202418 HTTP/1.1" 200 2 "-" "python-requests/2.26.0"

::1 - - [16/Jan/2022:12:25:14 +0000] "POST /api/route/transportOrders/20220116202514 HTTP/1.1" 200 2 "-" "python-requests/2.26.0"

::1 - - [16/Jan/2022:12:25:44 +0000] "POST /api/route/transportOrders/20220116202544 HTTP/1.1" 200 2 "-" "python-requests/2.26.0"

::1 - - [16/Jan/2022:12:26:36 +0000] "POST /api/route/transportOrders/20220116202636 HTTP/1.1" 200 2 "-" "python-requests/2.26.0"

::1 - - [16/Jan/2022:12:27:14 +0000] "POST /api/route/transportOrders/20220116202714 HTTP/1.1" 200 2 "-" "python-requests/2.26.0"

::1 - - [16/Jan/2022:12:27:36 +0000] "POST /api/route/transportOrders/20220116202736 HTTP/1.1" 200 2 "-" "python-requests/2.26.0"

::1 - - [16/Jan/2022:12:42:09 +0000] "GET /map HTTP/1.1" 302 64 "-" "Mozilla/5.0 (Windows NT 10.0; Win64; x64) AppleWebKit/537.36 (KHTML, like Gecko) Chrome/97.0.4692.71 Safari/537.36"

::1 - - [16/Jan/2022:12:42:09 +0000] "GET /loginPage HTTP/1.1" 304 - "-" "Mozilla/5.0 (Windows NT 10.0; Win64; x64) AppleWebKit/537.36 (KHTML, like Gecko) Chrome/97.0.4692.71 Safari/537.36"

::1 - - [16/Jan/2022:12:42:09 +0000] "GET /css/app.c4e9fcdb.css HTTP/1.1" 304 - "http://localhost:30001/loginPage" "Mozilla/5.0 (Windows NT 10.0; Win64; x64) AppleWebKit/537.36 (KHTML, like Gecko) Chrome/97.0.4692.71 Safari/537.36"

::1 - - [16/Jan/2022:12:42:09 +0000] "GET /css/chunk-vendors.a16c4353.css HTTP/1.1" 304 - "http://localhost:30001/loginPage" "Mozilla/5.0 (Windows NT 10.0; Win64; x64) AppleWebKit/537.36 (KHTML, like Gecko) Chrome/97.0.4692.71 Safari/537.36"

::1 - - [16/Jan/2022:12:42:09 +0000] "GET /js/app.d210e132.js HTTP/1.1" 304 - "http://localhost:30001/loginPage" "Mozilla/5.0 (Windows NT 10.0; Win64; x64) AppleWebKit/537.36 (KHTML, like Gecko) Chrome/97.0.4692.71 Safari/537.36"

::1 - - [16/Jan/2022:12:42:09 +0000] "GET /js/chunk-vendors.30b23982.js HTTP/1.1" 304 - "http://localhost:30001/loginPage" "Mozilla/5.0 (Windows NT 10.0; Win64; x64) AppleWebKit/537.36 (KHTML, like Gecko) Chrome/97.0.4692.71 Safari/537.36"

::1 - - [16/Jan/2022:12:42:09 +0000] "GET /api/route/utils/wshost HTTP/1.1" 304 - "http://localhost:30001/loginPage" "Mozilla/5.0 (Windows NT 10.0; Win64; x64) AppleWebKit/537.36 (KHTML, like Gecko) Chrome/97.0.4692.71 Safari/537.36"

::1 - - [16/Jan/2022:12:42:10 +0000] "GET /loginPage HTTP/1.1" 304 - "-" "Mozilla/5.0 (Windows NT 10.0; Win64; x64) AppleWebKit/537.36 (KHTML, like Gecko) Chrome/97.0.4692.71 Safari/537.36"

::1 - - [16/Jan/2022:12:42:10 +0000] "GET /js/app.d210e132.js.map HTTP/1.1" 200 174537 "-" "Mozilla/5.0 (Windows NT 10.0; Win64; x64) AppleWebKit/537.36 (KHTML, like Gecko) Chrome/97.0.4692.71 Safari/537.36"

::1 - - [16/Jan/2022:12:42:10 +0000] "GET /js/chunk-vendors.30b23982.js.map HTTP/1.1" 200 4101793 "-" "Mozilla/5.0 (Windows NT 10.0; Win64; x64) AppleWebKit/537.36 (KHTML, like Gecko) Chrome/97.0.4692.71 Safari/537.36"

::1 - - [16/Jan/2022:12:42:10 +0000] "GET /css/app.c4e9fcdb.css HTTP/1.1" 304 - "http://localhost:30001/loginPage" "Mozilla/5.0 (Windows NT 10.0; Win64; x64) AppleWebKit/537.36 (KHTML, like Gecko) Chrome/97.0.4692.71 Safari/537.36"

::1 - - [16/Jan/2022:12:42:10 +0000] "GET /css/chunk-vendors.a16c4353.css HTTP/1.1" 304 - "http://localhost:30001/loginPage" "Mozilla/5.0 (Windows NT 10.0; Win64; x64) AppleWebKit/537.36 (KHTML, like Gecko) Chrome/97.0.4692.71 Safari/537.36"

::1 - - [16/Jan/2022:12:42:10 +0000] "GET /js/app.d210e132.js HTTP/1.1" 304 - "http://localhost:30001/loginPage" "Mozilla/5.0 (Windows NT 10.0; Win64; x64) AppleWebKit/537.36 (KHTML, like Gecko) Chrome/97.0.4692.71 Safari/537.36"

::1 - - [16/Jan/2022:12:42:10 +0000] "GET /js/chunk-vendors.30b23982.js HTTP/1.1" 304 - "http://localhost:30001/loginPage" "Mozilla/5.0 (Windows NT 10.0; Win64; x64) AppleWebKit/537.36 (KHTML, like Gecko) Chrome/97.0.4692.71 Safari/537.36"

::1 - - [16/Jan/2022:12:42:10 +0000] "GET /js/chunk-vendors.30b23982.js.map HTTP/1.1" 200 4101793 "-" "Mozilla/5.0 (Windows NT 10.0; Win64; x64) AppleWebKit/537.36 (KHTML, like Gecko) Chrome/97.0.4692.71 Safari/537.36"

::1 - - [16/Jan/2022:12:42:10 +0000] "GET /js/app.d210e132.js.map HTTP/1.1" 200 174537 "-" "Mozilla/5.0 (Windows NT 10.0; Win64; x64) AppleWebKit/537.36 (KHTML, like Gecko) Chrome/97.0.4692.71 Safari/537.36"

::1 - - [16/Jan/2022:12:42:10 +0000] "GET /api/route/utils/wshost HTTP/1.1" 304 - "http://localhost:30001/loginPage" "Mozilla/5.0 (Windows NT 10.0; Win64; x64) AppleWebKit/537.36 (KHTML, like Gecko) Chrome/97.0.4692.71 Safari/537.36"

::1 - - [16/Jan/2022:12:42:11 +0000] "GET /fonts/element-icons.535877f5.woff HTTP/1.1" 304 - "http://localhost:30001/css/chunk-vendors.a16c4353.css" "Mozilla/5.0 (Windows NT 10.0; Win64; x64) AppleWebKit/537.36 (KHTML, like Gecko) Chrome/97.0.4692.71 Safari/537.36"

::1 - - [16/Jan/2022:12:42:11 +0000] "POST /api/route/users/login HTTP/1.1" 200 35 "http://localhost:30001/loginPage" "Mozilla/5.0 (Windows NT 10.0; Win64; x64) AppleWebKit/537.36 (KHTML, like Gecko) Chrome/97.0.4692.71 Safari/537.36"

::1 - - [16/Jan/2022:12:42:12 +0000] "GET /api/route/transportOrders?pageNo=1&pageSize=20 HTTP/1.1" 200 8968 "http://localhost:30001/transportOrders" "Mozilla/5.0 (Windows NT 10.0; Win64; x64) AppleWebKit/537.36 (KHTML, like Gecko) Chrome/97.0.4692.71 Safari/537.36"

::1 - - [16/Jan/2022:12:42:17 +0000] "POST /api/route/transportOrders/Park-1642336070406/withdrawal HTTP/1.1" 200 2 "http://localhost:30001/transportOrders" "Mozilla/5.0 (Windows NT 10.0; Win64; x64) AppleWebKit/537.36 (KHTML, like Gecko) Chrome/97.0.4692.71 Safari/537.36"

::1 - - [16/Jan/2022:12:42:17 +0000] "POST /api/route/transportOrders/20220116202736/withdrawal HTTP/1.1" 200 2 "http://localhost:30001/transportOrders" "Mozilla/5.0 (Windows NT 10.0; Win64; x64) AppleWebKit/537.36 (KHTML, like Gecko) Chrome/97.0.4692.71 Safari/537.36"

::1 - - [16/Jan/2022:12:42:17 +0000] "GET /api/route/transportOrders?pageNo=1&pageSize=20 HTTP/1.1" 200 8956 "http://localhost:30001/transportOrders" "Mozilla/5.0 (Windows NT 10.0; Win64; x64) AppleWebKit/537.36 (KHTML, like Gecko) Chrome/97.0.4692.71 Safari/537.36"

::1 - - [16/Jan/2022:12:42:18 +0000] "GET /api/route/maps/current HTTP/1.1" 304 - "http://localhost:30001/map" "Mozilla/5.0 (Windows NT 10.0; Win64; x64) AppleWebKit/537.36 (KHTML, like Gecko) Chrome/97.0.4692.71 Safari/537.36"

::1 - - [16/Jan/2022:12:42:37 +0000] "POST /api/route/transportOrders/20220116204237 HTTP/1.1" 200 2 "-" "python-requests/2.26.0"

::1 - - [16/Jan/2022:12:43:39 +0000] "POST /api/route/transportOrders/20220116204339 HTTP/1.1" 200 2 "-" "python-requests/2.26.0"

::1 - - [16/Jan/2022:12:44:39 +0000] "POST /api/route/transportOrders/20220116204439 HTTP/1.1" 200 2 "-" "python-requests/2.26.0"

::1 - - [16/Jan/2022:12:44:50 +0000] "POST /api/route/transportOrders/20220116204450 HTTP/1.1" 200 2 "-" "python-requests/2.26.0"

::1 - - [16/Jan/2022:12:54:55 +0000] "GET /map HTTP/1.1" 302 64 "-" "Mozilla/5.0 (Windows NT 10.0; Win64; x64) AppleWebKit/537.36 (KHTML, like Gecko) Chrome/97.0.4692.71 Safari/537.36"

::1 - - [16/Jan/2022:12:54:55 +0000] "GET /loginPage HTTP/1.1" 304 - "-" "Mozilla/5.0 (Windows NT 10.0; Win64; x64) AppleWebKit/537.36 (KHTML, like Gecko) Chrome/97.0.4692.71 Safari/537.36"

::1 - - [16/Jan/2022:12:54:55 +0000] "GET /css/app.c4e9fcdb.css HTTP/1.1" 304 - "http://localhost:30001/loginPage" "Mozilla/5.0 (Windows NT 10.0; Win64; x64) AppleWebKit/537.36 (KHTML, like Gecko) Chrome/97.0.4692.71 Safari/537.36"

::1 - - [16/Jan/2022:12:54:55 +0000] "GET /css/chunk-vendors.a16c4353.css HTTP/1.1" 304 - "http://localhost:30001/loginPage" "Mozilla/5.0 (Windows NT 10.0; Win64; x64) AppleWebKit/537.36 (KHTML, like Gecko) Chrome/97.0.4692.71 Safari/537.36"

::1 - - [16/Jan/2022:12:54:55 +0000] "GET /js/app.d210e132.js HTTP/1.1" 304 - "http://localhost:30001/loginPage" "Mozilla/5.0 (Windows NT 10.0; Win64; x64) AppleWebKit/537.36 (KHTML, like Gecko) Chrome/97.0.4692.71 Safari/537.36"

::1 - - [16/Jan/2022:12:54:55 +0000] "GET /js/chunk-vendors.30b23982.js HTTP/1.1" 304 - "http://localhost:30001/loginPage" "Mozilla/5.0 (Windows NT 10.0; Win64; x64) AppleWebKit/537.36 (KHTML, like Gecko) Chrome/97.0.4692.71 Safari/537.36"

::1 - - [16/Jan/2022:12:54:55 +0000] "GET /api/route/utils/wshost HTTP/1.1" 304 - "http://localhost:30001/loginPage" "Mozilla/5.0 (Windows NT 10.0; Win64; x64) AppleWebKit/537.36 (KHTML, like Gecko) Chrome/97.0.4692.71 Safari/537.36"

::1 - - [16/Jan/2022:12:54:55 +0000] "GET /js/app.d210e132.js.map HTTP/1.1" 200 174537 "-" "Mozilla/5.0 (Windows NT 10.0; Win64; x64) AppleWebKit/537.36 (KHTML, like Gecko) Chrome/97.0.4692.71 Safari/537.36"

::1 - - [16/Jan/2022:12:54:55 +0000] "GET /js/chunk-vendors.30b23982.js.map HTTP/1.1" 200 4101793 "-" "Mozilla/5.0 (Windows NT 10.0; Win64; x64) AppleWebKit/537.36 (KHTML, like Gecko) Chrome/97.0.4692.71 Safari/537.36"

::1 - - [16/Jan/2022:12:54:56 +0000] "GET /fonts/element-icons.535877f5.woff HTTP/1.1" 304 - "http://localhost:30001/css/chunk-vendors.a16c4353.css" "Mozilla/5.0 (Windows NT 10.0; Win64; x64) AppleWebKit/537.36 (KHTML, like Gecko) Chrome/97.0.4692.71 Safari/537.36"

::1 - - [16/Jan/2022:12:54:56 +0000] "POST /api/route/users/login HTTP/1.1" 200 35 "http://localhost:30001/loginPage" "Mozilla/5.0 (Windows NT 10.0; Win64; x64) AppleWebKit/537.36 (KHTML, like Gecko) Chrome/97.0.4692.71 Safari/537.36"

::1 - - [16/Jan/2022:12:54:57 +0000] "GET /api/route/maps/current HTTP/1.1" 304 - "http://localhost:30001/map" "Mozilla/5.0 (Windows NT 10.0; Win64; x64) AppleWebKit/537.36 (KHTML, like Gecko) Chrome/97.0.4692.71 Safari/537.36"

::1 - - [16/Jan/2022:12:55:10 +0000] "POST /api/route/transportOrders/20220116205510 HTTP/1.1" 200 2 "-" "python-requests/2.26.0"

::1 - - [16/Jan/2022:12:56:02 +0000] "POST /api/route/transportOrders/20220116205602 HTTP/1.1" 200 2 "-" "python-requests/2.26.0"

::1 - - [16/Jan/2022:12:56:21 +0000] "POST /api/route/transportOrders/20220116205621 HTTP/1.1" 200 2 "-" "python-requests/2.26.0"

::1 - - [16/Jan/2022:12:57:11 +0000] "POST /api/route/transportOrders/20220116205711 HTTP/1.1" 200 2 "-" "python-requests/2.26.0"

::1 - - [16/Jan/2022:12:58:15 +0000] "GET /api/route/transportOrders?pageNo=1&pageSize=20 HTTP/1.1" 200 8623 "http://localhost:30001/transportOrders" "Mozilla/5.0 (Windows NT 10.0; Win64; x64) AppleWebKit/537.36 (KHTML, like Gecko) Chrome/97.0.4692.71 Safari/537.36"

::1 - - [16/Jan/2022:12:58:17 +0000] "GET /transportOrders HTTP/1.1" 302 64 "-" "Mozilla/5.0 (Windows NT 10.0; Win64; x64) AppleWebKit/537.36 (KHTML, like Gecko) Chrome/97.0.4692.71 Safari/537.36"

::1 - - [16/Jan/2022:12:58:17 +0000] "GET /loginPage HTTP/1.1" 304 - "-" "Mozilla/5.0 (Windows NT 10.0; Win64; x64) AppleWebKit/537.36 (KHTML, like Gecko) Chrome/97.0.4692.71 Safari/537.36"

::1 - - [16/Jan/2022:12:58:17 +0000] "GET /css/app.c4e9fcdb.css HTTP/1.1" 304 - "http://localhost:30001/loginPage" "Mozilla/5.0 (Windows NT 10.0; Win64; x64) AppleWebKit/537.36 (KHTML, like Gecko) Chrome/97.0.4692.71 Safari/537.36"

::1 - - [16/Jan/2022:12:58:17 +0000] "GET /css/chunk-vendors.a16c4353.css HTTP/1.1" 304 - "http://localhost:30001/loginPage" "Mozilla/5.0 (Windows NT 10.0; Win64; x64) AppleWebKit/537.36 (KHTML, like Gecko) Chrome/97.0.4692.71 Safari/537.36"

::1 - - [16/Jan/2022:12:58:17 +0000] "GET /js/app.d210e132.js HTTP/1.1" 304 - "http://localhost:30001/loginPage" "Mozilla/5.0 (Windows NT 10.0; Win64; x64) AppleWebKit/537.36 (KHTML, like Gecko) Chrome/97.0.4692.71 Safari/537.36"

::1 - - [16/Jan/2022:12:58:17 +0000] "GET /js/chunk-vendors.30b23982.js HTTP/1.1" 304 - "http://localhost:30001/loginPage" "Mozilla/5.0 (Windows NT 10.0; Win64; x64) AppleWebKit/537.36 (KHTML, like Gecko) Chrome/97.0.4692.71 Safari/537.36"

::1 - - [16/Jan/2022:12:58:17 +0000] "GET /api/route/utils/wshost HTTP/1.1" 304 - "http://localhost:30001/loginPage" "Mozilla/5.0 (Windows NT 10.0; Win64; x64) AppleWebKit/537.36 (KHTML, like Gecko) Chrome/97.0.4692.71 Safari/537.36"

::1 - - [16/Jan/2022:12:58:17 +0000] "GET /js/app.d210e132.js.map HTTP/1.1" 200 174537 "-" "Mozilla/5.0 (Windows NT 10.0; Win64; x64) AppleWebKit/537.36 (KHTML, like Gecko) Chrome/97.0.4692.71 Safari/537.36"

::1 - - [16/Jan/2022:12:58:17 +0000] "GET /js/chunk-vendors.30b23982.js.map HTTP/1.1" 200 4101793 "-" "Mozilla/5.0 (Windows NT 10.0; Win64; x64) AppleWebKit/537.36 (KHTML, like Gecko) Chrome/97.0.4692.71 Safari/537.36"

::1 - - [16/Jan/2022:12:58:18 +0000] "GET /fonts/element-icons.535877f5.woff HTTP/1.1" 304 - "http://localhost:30001/css/chunk-vendors.a16c4353.css" "Mozilla/5.0 (Windows NT 10.0; Win64; x64) AppleWebKit/537.36 (KHTML, like Gecko) Chrome/97.0.4692.71 Safari/537.36"

::1 - - [16/Jan/2022:12:58:19 +0000] "POST /api/route/users/login HTTP/1.1" 200 35 "http://localhost:30001/loginPage" "Mozilla/5.0 (Windows NT 10.0; Win64; x64) AppleWebKit/537.36 (KHTML, like Gecko) Chrome/97.0.4692.71 Safari/537.36"

::1 - - [16/Jan/2022:12:58:20 +0000] "GET /api/route/transportOrders?pageNo=1&pageSize=20 HTTP/1.1" 304 - "http://localhost:30001/transportOrders" "Mozilla/5.0 (Windows NT 10.0; Win64; x64) AppleWebKit/537.36 (KHTML, like Gecko) Chrome/97.0.4692.71 Safari/537.36"

::1 - - [16/Jan/2022:12:58:26 +0000] "POST /api/route/transportOrders/20220116205711/withdrawal HTTP/1.1" 200 2 "http://localhost:30001/transportOrders" "Mozilla/5.0 (Windows NT 10.0; Win64; x64) AppleWebKit/537.36 (KHTML, like Gecko) Chrome/97.0.4692.71 Safari/537.36"

::1 - - [16/Jan/2022:12:58:26 +0000] "POST /api/route/transportOrders/Park-1642337825963/withdrawal HTTP/1.1" 200 2 "http://localhost:30001/transportOrders" "Mozilla/5.0 (Windows NT 10.0; Win64; x64) AppleWebKit/537.36 (KHTML, like Gecko) Chrome/97.0.4692.71 Safari/537.36"

::1 - - [16/Jan/2022:12:58:26 +0000] "GET /api/route/transportOrders?pageNo=1&pageSize=20 HTTP/1.1" 200 8611 "http://localhost:30001/transportOrders" "Mozilla/5.0 (Windows NT 10.0; Win64; x64) AppleWebKit/537.36 (KHTML, like Gecko) Chrome/97.0.4692.71 Safari/537.36"

::1 - - [16/Jan/2022:12:58:28 +0000] "GET /api/route/maps/current HTTP/1.1" 304 - "http://localhost:30001/map" "Mozilla/5.0 (Windows NT 10.0; Win64; x64) AppleWebKit/537.36 (KHTML, like Gecko) Chrome/97.0.4692.71 Safari/537.36"

::1 - - [16/Jan/2022:12:58:40 +0000] "POST /api/route/transportOrders/20220116205840 HTTP/1.1" 200 2 "-" "python-requests/2.26.0"

::1 - - [16/Jan/2022:12:59:47 +0000] "POST /api/route/transportOrders/20220116205947 HTTP/1.1" 200 2 "-" "python-requests/2.26.0"

::1 - - [16/Jan/2022:13:01:17 +0000] "POST /api/route/transportOrders/20220116210117 HTTP/1.1" 200 2 "-" "python-requests/2.26.0"

::1 - - [16/Jan/2022:13:03:47 +0000] "GET /map HTTP/1.1" 302 64 "-" "Mozilla/5.0 (Windows NT 10.0; Win64; x64) AppleWebKit/537.36 (KHTML, like Gecko) Chrome/97.0.4692.71 Safari/537.36"

::1 - - [16/Jan/2022:13:03:47 +0000] "GET /loginPage HTTP/1.1" 304 - "-" "Mozilla/5.0 (Windows NT 10.0; Win64; x64) AppleWebKit/537.36 (KHTML, like Gecko) Chrome/97.0.4692.71 Safari/537.36"

::1 - - [16/Jan/2022:13:03:47 +0000] "GET /css/app.c4e9fcdb.css HTTP/1.1" 304 - "http://localhost:30001/loginPage" "Mozilla/5.0 (Windows NT 10.0; Win64; x64) AppleWebKit/537.36 (KHTML, like Gecko) Chrome/97.0.4692.71 Safari/537.36"

::1 - - [16/Jan/2022:13:03:47 +0000] "GET /css/chunk-vendors.a16c4353.css HTTP/1.1" 304 - "http://localhost:30001/loginPage" "Mozilla/5.0 (Windows NT 10.0; Win64; x64) AppleWebKit/537.36 (KHTML, like Gecko) Chrome/97.0.4692.71 Safari/537.36"

::1 - - [16/Jan/2022:13:03:47 +0000] "GET /js/app.d210e132.js HTTP/1.1" 304 - "http://localhost:30001/loginPage" "Mozilla/5.0 (Windows NT 10.0; Win64; x64) AppleWebKit/537.36 (KHTML, like Gecko) Chrome/97.0.4692.71 Safari/537.36"

::1 - - [16/Jan/2022:13:03:47 +0000] "GET /js/chunk-vendors.30b23982.js HTTP/1.1" 304 - "http://localhost:30001/loginPage" "Mozilla/5.0 (Windows NT 10.0; Win64; x64) AppleWebKit/537.36 (KHTML, like Gecko) Chrome/97.0.4692.71 Safari/537.36"

::1 - - [16/Jan/2022:13:03:47 +0000] "GET /api/route/utils/wshost HTTP/1.1" 304 - "http://localhost:30001/loginPage" "Mozilla/5.0 (Windows NT 10.0; Win64; x64) AppleWebKit/537.36 (KHTML, like Gecko) Chrome/97.0.4692.71 Safari/537.36"

::1 - - [16/Jan/2022:13:03:47 +0000] "GET /js/app.d210e132.js.map HTTP/1.1" 200 174537 "-" "Mozilla/5.0 (Windows NT 10.0; Win64; x64) AppleWebKit/537.36 (KHTML, like Gecko) Chrome/97.0.4692.71 Safari/537.36"

::1 - - [16/Jan/2022:13:03:47 +0000] "GET /js/chunk-vendors.30b23982.js.map HTTP/1.1" 200 4101793 "-" "Mozilla/5.0 (Windows NT 10.0; Win64; x64) AppleWebKit/537.36 (KHTML, like Gecko) Chrome/97.0.4692.71 Safari/537.36"

::1 - - [16/Jan/2022:13:03:48 +0000] "GET /fonts/element-icons.535877f5.woff HTTP/1.1" 304 - "http://localhost:30001/css/chunk-vendors.a16c4353.css" "Mozilla/5.0 (Windows NT 10.0; Win64; x64) AppleWebKit/537.36 (KHTML, like Gecko) Chrome/97.0.4692.71 Safari/537.36"

::1 - - [16/Jan/2022:13:03:48 +0000] "POST /api/route/users/login HTTP/1.1" 200 35 "http://localhost:30001/loginPage" "Mozilla/5.0 (Windows NT 10.0; Win64; x64) AppleWebKit/537.36 (KHTML, like Gecko) Chrome/97.0.4692.71 Safari/537.36"

::1 - - [16/Jan/2022:13:03:49 +0000] "GET /api/route/maps/current HTTP/1.1" 304 - "http://localhost:30001/map" "Mozilla/5.0 (Windows NT 10.0; Win64; x64) AppleWebKit/537.36 (KHTML, like Gecko) Chrome/97.0.4692.71 Safari/537.36"

::1 - - [16/Jan/2022:13:04:08 +0000] "POST /api/route/transportOrders/20220116210408 HTTP/1.1" 200 2 "-" "python-requests/2.26.0"

::1 - - [16/Jan/2022:13:05:16 +0000] "POST /api/route/transportOrders/20220116210516 HTTP/1.1" 200 2 "-" "python-requests/2.26.0"

::1 - - [16/Jan/2022:13:06:02 +0000] "POST /api/route/transportOrders/20220116210602 HTTP/1.1" 200 2 "-" "python-requests/2.26.0"

::1 - - [16/Jan/2022:13:06:19 +0000] "POST /api/route/transportOrders/20220116210619 HTTP/1.1" 200 2 "-" "python-requests/2.26.0"

::1 - - [16/Jan/2022:13:08:50 +0000] "GET /map HTTP/1.1" 302 64 "-" "Mozilla/5.0 (Windows NT 10.0; Win64; x64) AppleWebKit/537.36 (KHTML, like Gecko) Chrome/97.0.4692.71 Safari/537.36"

::1 - - [16/Jan/2022:13:08:50 +0000] "GET /loginPage HTTP/1.1" 304 - "-" "Mozilla/5.0 (Windows NT 10.0; Win64; x64) AppleWebKit/537.36 (KHTML, like Gecko) Chrome/97.0.4692.71 Safari/537.36"

::1 - - [16/Jan/2022:13:08:50 +0000] "GET /css/app.c4e9fcdb.css HTTP/1.1" 304 - "http://localhost:30001/loginPage" "Mozilla/5.0 (Windows NT 10.0; Win64; x64) AppleWebKit/537.36 (KHTML, like Gecko) Chrome/97.0.4692.71 Safari/537.36"

::1 - - [16/Jan/2022:13:08:50 +0000] "GET /css/chunk-vendors.a16c4353.css HTTP/1.1" 304 - "http://localhost:30001/loginPage" "Mozilla/5.0 (Windows NT 10.0; Win64; x64) AppleWebKit/537.36 (KHTML, like Gecko) Chrome/97.0.4692.71 Safari/537.36"

::1 - - [16/Jan/2022:13:08:50 +0000] "GET /js/app.d210e132.js HTTP/1.1" 304 - "http://localhost:30001/loginPage" "Mozilla/5.0 (Windows NT 10.0; Win64; x64) AppleWebKit/537.36 (KHTML, like Gecko) Chrome/97.0.4692.71 Safari/537.36"

::1 - - [16/Jan/2022:13:08:50 +0000] "GET /js/chunk-vendors.30b23982.js HTTP/1.1" 304 - "http://localhost:30001/loginPage" "Mozilla/5.0 (Windows NT 10.0; Win64; x64) AppleWebKit/537.36 (KHTML, like Gecko) Chrome/97.0.4692.71 Safari/537.36"

::1 - - [16/Jan/2022:13:08:50 +0000] "GET /api/route/utils/wshost HTTP/1.1" 304 - "http://localhost:30001/loginPage" "Mozilla/5.0 (Windows NT 10.0; Win64; x64) AppleWebKit/537.36 (KHTML, like Gecko) Chrome/97.0.4692.71 Safari/537.36"

::1 - - [16/Jan/2022:13:08:51 +0000] "GET /js/app.d210e132.js.map HTTP/1.1" 200 174537 "-" "Mozilla/5.0 (Windows NT 10.0; Win64; x64) AppleWebKit/537.36 (KHTML, like Gecko) Chrome/97.0.4692.71 Safari/537.36"

::1 - - [16/Jan/2022:13:08:51 +0000] "GET /js/chunk-vendors.30b23982.js.map HTTP/1.1" 200 4101793 "-" "Mozilla/5.0 (Windows NT 10.0; Win64; x64) AppleWebKit/537.36 (KHTML, like Gecko) Chrome/97.0.4692.71 Safari/537.36"

::1 - - [16/Jan/2022:13:08:51 +0000] "GET /fonts/element-icons.535877f5.woff HTTP/1.1" 304 - "http://localhost:30001/css/chunk-vendors.a16c4353.css" "Mozilla/5.0 (Windows NT 10.0; Win64; x64) AppleWebKit/537.36 (KHTML, like Gecko) Chrome/97.0.4692.71 Safari/537.36"

::1 - - [16/Jan/2022:13:08:51 +0000] "POST /api/route/users/login HTTP/1.1" 200 35 "http://localhost:30001/loginPage" "Mozilla/5.0 (Windows NT 10.0; Win64; x64) AppleWebKit/537.36 (KHTML, like Gecko) Chrome/97.0.4692.71 Safari/537.36"

::1 - - [16/Jan/2022:13:08:52 +0000] "GET /api/route/maps/current HTTP/1.1" 304 - "http://localhost:30001/map" "Mozilla/5.0 (Windows NT 10.0; Win64; x64) AppleWebKit/537.36 (KHTML, like Gecko) Chrome/97.0.4692.71 Safari/537.36"

::1 - - [16/Jan/2022:13:09:33 +0000] "GET /map HTTP/1.1" 302 64 "-" "Mozilla/5.0 (Windows NT 10.0; Win64; x64) AppleWebKit/537.36 (KHTML, like Gecko) Chrome/97.0.4692.71 Safari/537.36"

::1 - - [16/Jan/2022:13:09:33 +0000] "GET /loginPage HTTP/1.1" 304 - "-" "Mozilla/5.0 (Windows NT 10.0; Win64; x64) AppleWebKit/537.36 (KHTML, like Gecko) Chrome/97.0.4692.71 Safari/537.36"

::1 - - [16/Jan/2022:13:09:33 +0000] "GET /css/app.c4e9fcdb.css HTTP/1.1" 304 - "http://localhost:30001/loginPage" "Mozilla/5.0 (Windows NT 10.0; Win64; x64) AppleWebKit/537.36 (KHTML, like Gecko) Chrome/97.0.4692.71 Safari/537.36"

::1 - - [16/Jan/2022:13:09:33 +0000] "GET /css/chunk-vendors.a16c4353.css HTTP/1.1" 304 - "http://localhost:30001/loginPage" "Mozilla/5.0 (Windows NT 10.0; Win64; x64) AppleWebKit/537.36 (KHTML, like Gecko) Chrome/97.0.4692.71 Safari/537.36"

::1 - - [16/Jan/2022:13:09:33 +0000] "GET /js/app.d210e132.js HTTP/1.1" 304 - "http://localhost:30001/loginPage" "Mozilla/5.0 (Windows NT 10.0; Win64; x64) AppleWebKit/537.36 (KHTML, like Gecko) Chrome/97.0.4692.71 Safari/537.36"

::1 - - [16/Jan/2022:13:09:33 +0000] "GET /js/chunk-vendors.30b23982.js HTTP/1.1" 304 - "http://localhost:30001/loginPage" "Mozilla/5.0 (Windows NT 10.0; Win64; x64) AppleWebKit/537.36 (KHTML, like Gecko) Chrome/97.0.4692.71 Safari/537.36"

::1 - - [16/Jan/2022:13:09:33 +0000] "GET /js/app.d210e132.js.map HTTP/1.1" 200 174537 "-" "Mozilla/5.0 (Windows NT 10.0; Win64; x64) AppleWebKit/537.36 (KHTML, like Gecko) Chrome/97.0.4692.71 Safari/537.36"

::1 - - [16/Jan/2022:13:09:33 +0000] "GET /js/chunk-vendors.30b23982.js.map HTTP/1.1" 200 4101793 "-" "Mozilla/5.0 (Windows NT 10.0; Win64; x64) AppleWebKit/537.36 (KHTML, like Gecko) Chrome/97.0.4692.71 Safari/537.36"

::1 - - [16/Jan/2022:13:09:33 +0000] "GET /api/route/utils/wshost HTTP/1.1" 304 - "http://localhost:30001/loginPage" "Mozilla/5.0 (Windows NT 10.0; Win64; x64) AppleWebKit/537.36 (KHTML, like Gecko) Chrome/97.0.4692.71 Safari/537.36"

::1 - - [16/Jan/2022:13:09:33 +0000] "GET /loginPage HTTP/1.1" 304 - "-" "Mozilla/5.0 (Windows NT 10.0; Win64; x64) AppleWebKit/537.36 (KHTML, like Gecko) Chrome/97.0.4692.71 Safari/537.36"

::1 - - [16/Jan/2022:13:09:33 +0000] "GET /css/app.c4e9fcdb.css HTTP/1.1" 304 - "http://localhost:30001/loginPage" "Mozilla/5.0 (Windows NT 10.0; Win64; x64) AppleWebKit/537.36 (KHTML, like Gecko) Chrome/97.0.4692.71 Safari/537.36"

::1 - - [16/Jan/2022:13:09:33 +0000] "GET /css/chunk-vendors.a16c4353.css HTTP/1.1" 304 - "http://localhost:30001/loginPage" "Mozilla/5.0 (Windows NT 10.0; Win64; x64) AppleWebKit/537.36 (KHTML, like Gecko) Chrome/97.0.4692.71 Safari/537.36"

::1 - - [16/Jan/2022:13:09:33 +0000] "GET /js/app.d210e132.js HTTP/1.1" 304 - "http://localhost:30001/loginPage" "Mozilla/5.0 (Windows NT 10.0; Win64; x64) AppleWebKit/537.36 (KHTML, like Gecko) Chrome/97.0.4692.71 Safari/537.36"

::1 - - [16/Jan/2022:13:09:33 +0000] "GET /js/chunk-vendors.30b23982.js HTTP/1.1" 304 - "http://localhost:30001/loginPage" "Mozilla/5.0 (Windows NT 10.0; Win64; x64) AppleWebKit/537.36 (KHTML, like Gecko) Chrome/97.0.4692.71 Safari/537.36"

::1 - - [16/Jan/2022:13:09:33 +0000] "GET /api/route/utils/wshost HTTP/1.1" 304 - "http://localhost:30001/loginPage" "Mozilla/5.0 (Windows NT 10.0; Win64; x64) AppleWebKit/537.36 (KHTML, like Gecko) Chrome/97.0.4692.71 Safari/537.36"

::1 - - [16/Jan/2022:13:09:33 +0000] "GET /js/app.d210e132.js.map HTTP/1.1" 200 174537 "-" "Mozilla/5.0 (Windows NT 10.0; Win64; x64) AppleWebKit/537.36 (KHTML, like Gecko) Chrome/97.0.4692.71 Safari/537.36"

::1 - - [16/Jan/2022:13:09:33 +0000] "GET /js/chunk-vendors.30b23982.js.map HTTP/1.1" 200 4101793 "-" "Mozilla/5.0 (Windows NT 10.0; Win64; x64) AppleWebKit/537.36 (KHTML, like Gecko) Chrome/97.0.4692.71 Safari/537.36"

::1 - - [16/Jan/2022:13:09:34 +0000] "GET /fonts/element-icons.535877f5.woff HTTP/1.1" 304 - "http://localhost:30001/css/chunk-vendors.a16c4353.css" "Mozilla/5.0 (Windows NT 10.0; Win64; x64) AppleWebKit/537.36 (KHTML, like Gecko) Chrome/97.0.4692.71 Safari/537.36"

::1 - - [16/Jan/2022:13:09:34 +0000] "POST /api/route/users/login HTTP/1.1" 200 35 "http://localhost:30001/loginPage" "Mozilla/5.0 (Windows NT 10.0; Win64; x64) AppleWebKit/537.36 (KHTML, like Gecko) Chrome/97.0.4692.71 Safari/537.36"

::1 - - [16/Jan/2022:13:09:36 +0000] "GET /api/route/maps/current HTTP/1.1" 304 - "http://localhost:30001/map" "Mozilla/5.0 (Windows NT 10.0; Win64; x64) AppleWebKit/537.36 (KHTML, like Gecko) Chrome/97.0.4692.71 Safari/537.36"

::1 - - [16/Jan/2022:13:09:51 +0000] "POST /api/route/transportOrders/20220116210951 HTTP/1.1" 200 2 "-" "python-requests/2.26.0"

::1 - - [16/Jan/2022:13:10:15 +0000] "POST /api/route/transportOrders/20220116211015 HTTP/1.1" 200 2 "-" "python-requests/2.26.0"

::1 - - [16/Jan/2022:13:10:58 +0000] "POST /api/route/transportOrders/20220116211058 HTTP/1.1" 200 2 "-" "python-requests/2.26.0"

::1 - - [16/Jan/2022:13:11:29 +0000] "POST /api/route/transportOrders/20220116211129 HTTP/1.1" 200 2 "-" "python-requests/2.26.0"

::1 - - [16/Jan/2022:13:11:51 +0000] "POST /api/route/transportOrders/20220116211151 HTTP/1.1" 200 2 "-" "python-requests/2.26.0"

::1 - - [16/Jan/2022:13:18:31 +0000] "GET /map HTTP/1.1" 302 64 "-" "Mozilla/5.0 (Windows NT 10.0; Win64; x64) AppleWebKit/537.36 (KHTML, like Gecko) Chrome/97.0.4692.71 Safari/537.36"

::1 - - [16/Jan/2022:13:18:31 +0000] "GET /loginPage HTTP/1.1" 200 714 "-" "Mozilla/5.0 (Windows NT 10.0; Win64; x64) AppleWebKit/537.36 (KHTML, like Gecko) Chrome/97.0.4692.71 Safari/537.36"

::1 - - [16/Jan/2022:13:18:31 +0000] "GET /css/app.2275b95e.css HTTP/1.1" 200 5209 "http://localhost:30001/loginPage" "Mozilla/5.0 (Windows NT 10.0; Win64; x64) AppleWebKit/537.36 (KHTML, like Gecko) Chrome/97.0.4692.71 Safari/537.36"

::1 - - [16/Jan/2022:13:18:31 +0000] "GET /js/app.3cc497eb.js HTTP/1.1" 200 45714 "http://localhost:30001/loginPage" "Mozilla/5.0 (Windows NT 10.0; Win64; x64) AppleWebKit/537.36 (KHTML, like Gecko) Chrome/97.0.4692.71 Safari/537.36"

::1 - - [16/Jan/2022:13:18:31 +0000] "GET /css/chunk-vendors.a16c4353.css HTTP/1.1" 200 214577 "http://localhost:30001/loginPage" "Mozilla/5.0 (Windows NT 10.0; Win64; x64) AppleWebKit/537.36 (KHTML, like Gecko) Chrome/97.0.4692.71 Safari/537.36"

::1 - - [16/Jan/2022:13:18:31 +0000] "GET /js/chunk-vendors.30b23982.js HTTP/1.1" 200 1057732 "http://localhost:30001/loginPage" "Mozilla/5.0 (Windows NT 10.0; Win64; x64) AppleWebKit/537.36 (KHTML, like Gecko) Chrome/97.0.4692.71 Safari/537.36"

::1 - - [16/Jan/2022:13:18:31 +0000] "GET /api/route/utils/wshost HTTP/1.1" 304 - "http://localhost:30001/loginPage" "Mozilla/5.0 (Windows NT 10.0; Win64; x64) AppleWebKit/537.36 (KHTML, like Gecko) Chrome/97.0.4692.71 Safari/537.36"

::1 - - [16/Jan/2022:13:18:31 +0000] "GET /loginPage HTTP/1.1" 304 - "-" "Mozilla/5.0 (Windows NT 10.0; Win64; x64) AppleWebKit/537.36 (KHTML, like Gecko) Chrome/97.0.4692.71 Safari/537.36"

::1 - - [16/Jan/2022:13:18:31 +0000] "GET /css/app.2275b95e.css HTTP/1.1" 304 - "http://localhost:30001/loginPage" "Mozilla/5.0 (Windows NT 10.0; Win64; x64) AppleWebKit/537.36 (KHTML, like Gecko) Chrome/97.0.4692.71 Safari/537.36"

::1 - - [16/Jan/2022:13:18:31 +0000] "GET /js/app.3cc497eb.js HTTP/1.1" 304 - "http://localhost:30001/loginPage" "Mozilla/5.0 (Windows NT 10.0; Win64; x64) AppleWebKit/537.36 (KHTML, like Gecko) Chrome/97.0.4692.71 Safari/537.36"

::1 - - [16/Jan/2022:13:18:31 +0000] "GET /css/chunk-vendors.a16c4353.css HTTP/1.1" 304 - "http://localhost:30001/loginPage" "Mozilla/5.0 (Windows NT 10.0; Win64; x64) AppleWebKit/537.36 (KHTML, like Gecko) Chrome/97.0.4692.71 Safari/537.36"

::1 - - [16/Jan/2022:13:18:31 +0000] "GET /js/chunk-vendors.30b23982.js HTTP/1.1" 304 - "http://localhost:30001/loginPage" "Mozilla/5.0 (Windows NT 10.0; Win64; x64) AppleWebKit/537.36 (KHTML, like Gecko) Chrome/97.0.4692.71 Safari/537.36"

::1 - - [16/Jan/2022:13:18:31 +0000] "GET /api/route/utils/wshost HTTP/1.1" 304 - "http://localhost:30001/loginPage" "Mozilla/5.0 (Windows NT 10.0; Win64; x64) AppleWebKit/537.36 (KHTML, like Gecko) Chrome/97.0.4692.71 Safari/537.36"

::1 - - [16/Jan/2022:13:18:32 +0000] "GET /fonts/element-icons.535877f5.woff HTTP/1.1" 200 28200 "http://localhost:30001/css/chunk-vendors.a16c4353.css" "Mozilla/5.0 (Windows NT 10.0; Win64; x64) AppleWebKit/537.36 (KHTML, like Gecko) Chrome/97.0.4692.71 Safari/537.36"

::1 - - [16/Jan/2022:13:18:32 +0000] "POST /api/route/users/login HTTP/1.1" 200 35 "http://localhost:30001/loginPage" "Mozilla/5.0 (Windows NT 10.0; Win64; x64) AppleWebKit/537.36 (KHTML, like Gecko) Chrome/97.0.4692.71 Safari/537.36"

::1 - - [16/Jan/2022:13:18:33 +0000] "GET /api/route/maps/current HTTP/1.1" 304 - "http://localhost:30001/map" "Mozilla/5.0 (Windows NT 10.0; Win64; x64) AppleWebKit/537.36 (KHTML, like Gecko) Chrome/97.0.4692.71 Safari/537.36"

::1 - - [16/Jan/2022:13:18:39 +0000] "POST /api/route/transportOrders/20220116211839 HTTP/1.1" 200 2 "-" "python-requests/2.26.0"

::1 - - [16/Jan/2022:13:20:45 +0000] "POST /api/route/transportOrders/20220116212045 HTTP/1.1" 200 2 "-" "python-requests/2.26.0"

::1 - - [16/Jan/2022:13:22:33 +0000] "GET /map HTTP/1.1" 302 64 "-" "Mozilla/5.0 (Windows NT 10.0; Win64; x64) AppleWebKit/537.36 (KHTML, like Gecko) Chrome/97.0.4692.71 Safari/537.36"

::1 - - [16/Jan/2022:13:22:33 +0000] "GET /loginPage HTTP/1.1" 200 714 "-" "Mozilla/5.0 (Windows NT 10.0; Win64; x64) AppleWebKit/537.36 (KHTML, like Gecko) Chrome/97.0.4692.71 Safari/537.36"

::1 - - [16/Jan/2022:13:22:33 +0000] "GET /css/app.64ffed84.css HTTP/1.1" 200 5209 "http://localhost:30001/loginPage" "Mozilla/5.0 (Windows NT 10.0; Win64; x64) AppleWebKit/537.36 (KHTML, like Gecko) Chrome/97.0.4692.71 Safari/537.36"

::1 - - [16/Jan/2022:13:22:33 +0000] "GET /js/app.6b658624.js HTTP/1.1" 200 45833 "http://localhost:30001/loginPage" "Mozilla/5.0 (Windows NT 10.0; Win64; x64) AppleWebKit/537.36 (KHTML, like Gecko) Chrome/97.0.4692.71 Safari/537.36"

::1 - - [16/Jan/2022:13:22:33 +0000] "GET /css/chunk-vendors.a16c4353.css HTTP/1.1" 200 214577 "http://localhost:30001/loginPage" "Mozilla/5.0 (Windows NT 10.0; Win64; x64) AppleWebKit/537.36 (KHTML, like Gecko) Chrome/97.0.4692.71 Safari/537.36"

::1 - - [16/Jan/2022:13:22:33 +0000] "GET /js/chunk-vendors.30b23982.js HTTP/1.1" 200 1057732 "http://localhost:30001/loginPage" "Mozilla/5.0 (Windows NT 10.0; Win64; x64) AppleWebKit/537.36 (KHTML, like Gecko) Chrome/97.0.4692.71 Safari/537.36"

::1 - - [16/Jan/2022:13:22:33 +0000] "GET /api/route/utils/wshost HTTP/1.1" 304 - "http://localhost:30001/loginPage" "Mozilla/5.0 (Windows NT 10.0; Win64; x64) AppleWebKit/537.36 (KHTML, like Gecko) Chrome/97.0.4692.71 Safari/537.36"

::1 - - [16/Jan/2022:13:22:33 +0000] "GET /loginPage HTTP/1.1" 304 - "-" "Mozilla/5.0 (Windows NT 10.0; Win64; x64) AppleWebKit/537.36 (KHTML, like Gecko) Chrome/97.0.4692.71 Safari/537.36"

::1 - - [16/Jan/2022:13:22:33 +0000] "GET /css/app.64ffed84.css HTTP/1.1" 304 - "http://localhost:30001/loginPage" "Mozilla/5.0 (Windows NT 10.0; Win64; x64) AppleWebKit/537.36 (KHTML, like Gecko) Chrome/97.0.4692.71 Safari/537.36"

::1 - - [16/Jan/2022:13:22:33 +0000] "GET /css/chunk-vendors.a16c4353.css HTTP/1.1" 304 - "http://localhost:30001/loginPage" "Mozilla/5.0 (Windows NT 10.0; Win64; x64) AppleWebKit/537.36 (KHTML, like Gecko) Chrome/97.0.4692.71 Safari/537.36"

::1 - - [16/Jan/2022:13:22:33 +0000] "GET /js/app.6b658624.js HTTP/1.1" 304 - "http://localhost:30001/loginPage" "Mozilla/5.0 (Windows NT 10.0; Win64; x64) AppleWebKit/537.36 (KHTML, like Gecko) Chrome/97.0.4692.71 Safari/537.36"

::1 - - [16/Jan/2022:13:22:33 +0000] "GET /js/chunk-vendors.30b23982.js HTTP/1.1" 304 - "http://localhost:30001/loginPage" "Mozilla/5.0 (Windows NT 10.0; Win64; x64) AppleWebKit/537.36 (KHTML, like Gecko) Chrome/97.0.4692.71 Safari/537.36"

::1 - - [16/Jan/2022:13:22:33 +0000] "GET /api/route/utils/wshost HTTP/1.1" 304 - "http://localhost:30001/loginPage" "Mozilla/5.0 (Windows NT 10.0; Win64; x64) AppleWebKit/537.36 (KHTML, like Gecko) Chrome/97.0.4692.71 Safari/537.36"

::1 - - [16/Jan/2022:13:22:34 +0000] "GET /fonts/element-icons.535877f5.woff HTTP/1.1" 200 28200 "http://localhost:30001/css/chunk-vendors.a16c4353.css" "Mozilla/5.0 (Windows NT 10.0; Win64; x64) AppleWebKit/537.36 (KHTML, like Gecko) Chrome/97.0.4692.71 Safari/537.36"

::1 - - [16/Jan/2022:13:22:34 +0000] "POST /api/route/users/login HTTP/1.1" 200 35 "http://localhost:30001/loginPage" "Mozilla/5.0 (Windows NT 10.0; Win64; x64) AppleWebKit/537.36 (KHTML, like Gecko) Chrome/97.0.4692.71 Safari/537.36"

::1 - - [16/Jan/2022:13:22:35 +0000] "GET /api/route/maps/current HTTP/1.1" 304 - "http://localhost:30001/map" "Mozilla/5.0 (Windows NT 10.0; Win64; x64) AppleWebKit/537.36 (KHTML, like Gecko) Chrome/97.0.4692.71 Safari/537.36"

::1 - - [16/Jan/2022:13:22:47 +0000] "POST /api/route/transportOrders/20220116212247 HTTP/1.1" 200 2 "-" "python-requests/2.26.0"

