::1 - - [13/Jan/2022:11:21:51 +0000] "GET / HTTP/1.1" 302 64 "-" "Mozilla/5.0 (Windows NT 10.0; Win64; x64) AppleWebKit/537.36 (KHTML, like Gecko) Chrome/97.0.4692.71 Safari/537.36"

::1 - - [13/Jan/2022:11:21:51 +0000] "GET /loginPage HTTP/1.1" 200 714 "-" "Mozilla/5.0 (Windows NT 10.0; Win64; x64) AppleWebKit/537.36 (KHTML, like Gecko) Chrome/97.0.4692.71 Safari/537.36"

::1 - - [13/Jan/2022:11:21:52 +0000] "GET /css/app.0ea9c63a.css HTTP/1.1" 200 5093 "http://localhost:30001/loginPage" "Mozilla/5.0 (Windows NT 10.0; Win64; x64) AppleWebKit/537.36 (KHTML, like Gecko) Chrome/97.0.4692.71 Safari/537.36"

::1 - - [13/Jan/2022:11:21:52 +0000] "GET /js/app.accd2e08.js HTTP/1.1" 200 43498 "http://localhost:30001/loginPage" "Mozilla/5.0 (Windows NT 10.0; Win64; x64) AppleWebKit/537.36 (KHTML, like Gecko) Chrome/97.0.4692.71 Safari/537.36"

::1 - - [13/Jan/2022:11:21:52 +0000] "GET /css/chunk-vendors.37b3d8f8.css HTTP/1.1" 200 211426 "http://localhost:30001/loginPage" "Mozilla/5.0 (Windows NT 10.0; Win64; x64) AppleWebKit/537.36 (KHTML, like Gecko) Chrome/97.0.4692.71 Safari/537.36"

::1 - - [13/Jan/2022:11:21:52 +0000] "GET /js/chunk-vendors.a0b5eab2.js HTTP/1.1" 200 1039417 "http://localhost:30001/loginPage" "Mozilla/5.0 (Windows NT 10.0; Win64; x64) AppleWebKit/537.36 (KHTML, like Gecko) Chrome/97.0.4692.71 Safari/537.36"

::1 - - [13/Jan/2022:11:21:52 +0000] "GET /api/route/utils/wshost HTTP/1.1" 200 22 "http://localhost:30001/loginPage" "Mozilla/5.0 (Windows NT 10.0; Win64; x64) AppleWebKit/537.36 (KHTML, like Gecko) Chrome/97.0.4692.71 Safari/537.36"

::1 - - [13/Jan/2022:11:21:52 +0000] "GET /favicon.ico HTTP/1.1" 302 32 "http://localhost:30001/loginPage" "Mozilla/5.0 (Windows NT 10.0; Win64; x64) AppleWebKit/537.36 (KHTML, like Gecko) Chrome/97.0.4692.71 Safari/537.36"

::1 - - [13/Jan/2022:11:21:52 +0000] "GET /loginPage HTTP/1.1" 404 34 "http://localhost:30001/loginPage" "Mozilla/5.0 (Windows NT 10.0; Win64; x64) AppleWebKit/537.36 (KHTML, like Gecko) Chrome/97.0.4692.71 Safari/537.36"

::1 - - [13/Jan/2022:11:21:54 +0000] "POST /api/route/users/login HTTP/1.1" 200 35 "http://localhost:30001/loginPage" "Mozilla/5.0 (Windows NT 10.0; Win64; x64) AppleWebKit/537.36 (KHTML, like Gecko) Chrome/97.0.4692.71 Safari/537.36"

::1 - - [13/Jan/2022:11:21:54 +0000] "GET /fonts/element-icons.535877f5.woff HTTP/1.1" 200 28200 "http://localhost:30001/css/chunk-vendors.37b3d8f8.css" "Mozilla/5.0 (Windows NT 10.0; Win64; x64) AppleWebKit/537.36 (KHTML, like Gecko) Chrome/97.0.4692.71 Safari/537.36"

::1 - - [13/Jan/2022:11:21:55 +0000] "GET /api/route/maps/current HTTP/1.1" 200 4498 "http://localhost:30001/map" "Mozilla/5.0 (Windows NT 10.0; Win64; x64) AppleWebKit/537.36 (KHTML, like Gecko) Chrome/97.0.4692.71 Safari/537.36"

::1 - - [13/Jan/2022:11:22:16 +0000] "POST /api/route/transportOrders/20220113192216 HTTP/1.1" 200 2 "-" "python-requests/2.26.0"

::1 - - [13/Jan/2022:11:23:35 +0000] "POST /api/route/transportOrders/20220113192335 HTTP/1.1" 200 2 "-" "python-requests/2.26.0"

::1 - - [13/Jan/2022:11:23:37 +0000] "POST /api/route/transportOrders/20220113192337 HTTP/1.1" 200 2 "-" "python-requests/2.26.0"

::1 - - [13/Jan/2022:11:25:19 +0000] "POST /api/route/transportOrders/20220113192519 HTTP/1.1" 200 2 "-" "python-requests/2.26.0"

::1 - - [13/Jan/2022:11:25:20 +0000] "POST /api/route/transportOrders/20220113192520 HTTP/1.1" 200 2 "-" "python-requests/2.26.0"

::1 - - [13/Jan/2022:11:53:17 +0000] "GET /map HTTP/1.1" 302 64 "-" "Mozilla/5.0 (Windows NT 10.0; Win64; x64) AppleWebKit/537.36 (KHTML, like Gecko) Chrome/97.0.4692.71 Safari/537.36"

::1 - - [13/Jan/2022:11:53:17 +0000] "GET /loginPage HTTP/1.1" 200 714 "-" "Mozilla/5.0 (Windows NT 10.0; Win64; x64) AppleWebKit/537.36 (KHTML, like Gecko) Chrome/97.0.4692.71 Safari/537.36"

::1 - - [13/Jan/2022:11:53:17 +0000] "GET /css/app.a228eaa5.css HTTP/1.1" 200 5093 "http://localhost:30001/loginPage" "Mozilla/5.0 (Windows NT 10.0; Win64; x64) AppleWebKit/537.36 (KHTML, like Gecko) Chrome/97.0.4692.71 Safari/537.36"

::1 - - [13/Jan/2022:11:53:17 +0000] "GET /js/app.774f0bcd.js HTTP/1.1" 200 43627 "http://localhost:30001/loginPage" "Mozilla/5.0 (Windows NT 10.0; Win64; x64) AppleWebKit/537.36 (KHTML, like Gecko) Chrome/97.0.4692.71 Safari/537.36"

::1 - - [13/Jan/2022:11:53:17 +0000] "GET /css/chunk-vendors.a16c4353.css HTTP/1.1" 200 214577 "http://localhost:30001/loginPage" "Mozilla/5.0 (Windows NT 10.0; Win64; x64) AppleWebKit/537.36 (KHTML, like Gecko) Chrome/97.0.4692.71 Safari/537.36"

::1 - - [13/Jan/2022:11:53:17 +0000] "GET /js/chunk-vendors.14ce27f2.js HTTP/1.1" 200 1057081 "http://localhost:30001/loginPage" "Mozilla/5.0 (Windows NT 10.0; Win64; x64) AppleWebKit/537.36 (KHTML, like Gecko) Chrome/97.0.4692.71 Safari/537.36"

::1 - - [13/Jan/2022:11:53:17 +0000] "GET /api/route/utils/wshost HTTP/1.1" 304 - "http://localhost:30001/loginPage" "Mozilla/5.0 (Windows NT 10.0; Win64; x64) AppleWebKit/537.36 (KHTML, like Gecko) Chrome/97.0.4692.71 Safari/537.36"

::1 - - [13/Jan/2022:11:53:18 +0000] "GET /fonts/element-icons.535877f5.woff HTTP/1.1" 200 28200 "http://localhost:30001/css/chunk-vendors.a16c4353.css" "Mozilla/5.0 (Windows NT 10.0; Win64; x64) AppleWebKit/537.36 (KHTML, like Gecko) Chrome/97.0.4692.71 Safari/537.36"

::1 - - [13/Jan/2022:11:53:18 +0000] "POST /api/route/users/login HTTP/1.1" 200 35 "http://localhost:30001/loginPage" "Mozilla/5.0 (Windows NT 10.0; Win64; x64) AppleWebKit/537.36 (KHTML, like Gecko) Chrome/97.0.4692.71 Safari/537.36"

::1 - - [13/Jan/2022:11:53:19 +0000] "GET /api/route/maps/current HTTP/1.1" 304 - "http://localhost:30001/map" "Mozilla/5.0 (Windows NT 10.0; Win64; x64) AppleWebKit/537.36 (KHTML, like Gecko) Chrome/97.0.4692.71 Safari/537.36"

::1 - - [13/Jan/2022:11:53:23 +0000] "POST /api/route/transportOrders/20220113195323 HTTP/1.1" 200 2 "-" "python-requests/2.26.0"

::1 - - [13/Jan/2022:11:53:32 +0000] "GET /css/chunk-vendors.a16c4353.css HTTP/1.1" 304 - "http://localhost:30001/map" "Mozilla/5.0 (Windows NT 10.0; Win64; x64) AppleWebKit/537.36 (KHTML, like Gecko) Chrome/97.0.4692.71 Safari/537.36"

::1 - - [13/Jan/2022:11:53:32 +0000] "GET /css/app.a228eaa5.css HTTP/1.1" 304 - "http://localhost:30001/map" "Mozilla/5.0 (Windows NT 10.0; Win64; x64) AppleWebKit/537.36 (KHTML, like Gecko) Chrome/97.0.4692.71 Safari/537.36"

::1 - - [13/Jan/2022:11:53:32 +0000] "GET /js/chunk-vendors.14ce27f2.js.map HTTP/1.1" 200 4098646 "-" "Mozilla/5.0 (Windows NT 10.0; Win64; x64) AppleWebKit/537.36 (KHTML, like Gecko) Chrome/97.0.4692.71 Safari/537.36"

::1 - - [13/Jan/2022:11:53:32 +0000] "GET /js/app.774f0bcd.js.map HTTP/1.1" 200 170211 "-" "Mozilla/5.0 (Windows NT 10.0; Win64; x64) AppleWebKit/537.36 (KHTML, like Gecko) Chrome/97.0.4692.71 Safari/537.36"

::1 - - [13/Jan/2022:11:58:01 +0000] "GET /map HTTP/1.1" 302 64 "-" "Mozilla/5.0 (Windows NT 10.0; Win64; x64) AppleWebKit/537.36 (KHTML, like Gecko) Chrome/97.0.4692.71 Safari/537.36"

::1 - - [13/Jan/2022:11:58:01 +0000] "GET /loginPage HTTP/1.1" 200 714 "-" "Mozilla/5.0 (Windows NT 10.0; Win64; x64) AppleWebKit/537.36 (KHTML, like Gecko) Chrome/97.0.4692.71 Safari/537.36"

::1 - - [13/Jan/2022:11:58:01 +0000] "GET /css/app.5fcd77d0.css HTTP/1.1" 200 5093 "http://localhost:30001/loginPage" "Mozilla/5.0 (Windows NT 10.0; Win64; x64) AppleWebKit/537.36 (KHTML, like Gecko) Chrome/97.0.4692.71 Safari/537.36"

::1 - - [13/Jan/2022:11:58:01 +0000] "GET /js/app.8e2c77db.js HTTP/1.1" 200 43622 "http://localhost:30001/loginPage" "Mozilla/5.0 (Windows NT 10.0; Win64; x64) AppleWebKit/537.36 (KHTML, like Gecko) Chrome/97.0.4692.71 Safari/537.36"

::1 - - [13/Jan/2022:11:58:01 +0000] "GET /css/chunk-vendors.a16c4353.css HTTP/1.1" 200 214577 "http://localhost:30001/loginPage" "Mozilla/5.0 (Windows NT 10.0; Win64; x64) AppleWebKit/537.36 (KHTML, like Gecko) Chrome/97.0.4692.71 Safari/537.36"

::1 - - [13/Jan/2022:11:58:01 +0000] "GET /js/chunk-vendors.14ce27f2.js HTTP/1.1" 200 1057081 "http://localhost:30001/loginPage" "Mozilla/5.0 (Windows NT 10.0; Win64; x64) AppleWebKit/537.36 (KHTML, like Gecko) Chrome/97.0.4692.71 Safari/537.36"

::1 - - [13/Jan/2022:11:58:02 +0000] "GET /js/app.8e2c77db.js.map HTTP/1.1" 200 170220 "-" "Mozilla/5.0 (Windows NT 10.0; Win64; x64) AppleWebKit/537.36 (KHTML, like Gecko) Chrome/97.0.4692.71 Safari/537.36"

::1 - - [13/Jan/2022:11:58:02 +0000] "GET /js/chunk-vendors.14ce27f2.js.map HTTP/1.1" 200 4098646 "-" "Mozilla/5.0 (Windows NT 10.0; Win64; x64) AppleWebKit/537.36 (KHTML, like Gecko) Chrome/97.0.4692.71 Safari/537.36"

::1 - - [13/Jan/2022:11:58:02 +0000] "GET /api/route/utils/wshost HTTP/1.1" 304 - "http://localhost:30001/loginPage" "Mozilla/5.0 (Windows NT 10.0; Win64; x64) AppleWebKit/537.36 (KHTML, like Gecko) Chrome/97.0.4692.71 Safari/537.36"

::1 - - [13/Jan/2022:11:58:03 +0000] "GET /fonts/element-icons.535877f5.woff HTTP/1.1" 200 28200 "http://localhost:30001/css/chunk-vendors.a16c4353.css" "Mozilla/5.0 (Windows NT 10.0; Win64; x64) AppleWebKit/537.36 (KHTML, like Gecko) Chrome/97.0.4692.71 Safari/537.36"

::1 - - [13/Jan/2022:11:58:03 +0000] "POST /api/route/users/login HTTP/1.1" 200 35 "http://localhost:30001/loginPage" "Mozilla/5.0 (Windows NT 10.0; Win64; x64) AppleWebKit/537.36 (KHTML, like Gecko) Chrome/97.0.4692.71 Safari/537.36"

::1 - - [13/Jan/2022:11:58:04 +0000] "GET /api/route/maps/current HTTP/1.1" 304 - "http://localhost:30001/map" "Mozilla/5.0 (Windows NT 10.0; Win64; x64) AppleWebKit/537.36 (KHTML, like Gecko) Chrome/97.0.4692.71 Safari/537.36"

::1 - - [13/Jan/2022:11:58:07 +0000] "POST /api/route/transportOrders/20220113195807 HTTP/1.1" 200 2 "-" "python-requests/2.26.0"

::1 - - [13/Jan/2022:12:00:10 +0000] "GET /map HTTP/1.1" 302 64 "-" "Mozilla/5.0 (Windows NT 10.0; Win64; x64) AppleWebKit/537.36 (KHTML, like Gecko) Chrome/97.0.4692.71 Safari/537.36"

::1 - - [13/Jan/2022:12:00:10 +0000] "GET /loginPage HTTP/1.1" 200 714 "-" "Mozilla/5.0 (Windows NT 10.0; Win64; x64) AppleWebKit/537.36 (KHTML, like Gecko) Chrome/97.0.4692.71 Safari/537.36"

::1 - - [13/Jan/2022:12:00:10 +0000] "GET /css/app.29f24dcf.css HTTP/1.1" 200 5093 "http://localhost:30001/loginPage" "Mozilla/5.0 (Windows NT 10.0; Win64; x64) AppleWebKit/537.36 (KHTML, like Gecko) Chrome/97.0.4692.71 Safari/537.36"

::1 - - [13/Jan/2022:12:00:10 +0000] "GET /js/app.7ca2d0d0.js HTTP/1.1" 200 43622 "http://localhost:30001/loginPage" "Mozilla/5.0 (Windows NT 10.0; Win64; x64) AppleWebKit/537.36 (KHTML, like Gecko) Chrome/97.0.4692.71 Safari/537.36"

::1 - - [13/Jan/2022:12:00:10 +0000] "GET /css/chunk-vendors.a16c4353.css HTTP/1.1" 200 214577 "http://localhost:30001/loginPage" "Mozilla/5.0 (Windows NT 10.0; Win64; x64) AppleWebKit/537.36 (KHTML, like Gecko) Chrome/97.0.4692.71 Safari/537.36"

::1 - - [13/Jan/2022:12:00:10 +0000] "GET /js/chunk-vendors.14ce27f2.js HTTP/1.1" 200 1057081 "http://localhost:30001/loginPage" "Mozilla/5.0 (Windows NT 10.0; Win64; x64) AppleWebKit/537.36 (KHTML, like Gecko) Chrome/97.0.4692.71 Safari/537.36"

::1 - - [13/Jan/2022:12:00:10 +0000] "GET /js/chunk-vendors.14ce27f2.js.map HTTP/1.1" 200 4098646 "-" "Mozilla/5.0 (Windows NT 10.0; Win64; x64) AppleWebKit/537.36 (KHTML, like Gecko) Chrome/97.0.4692.71 Safari/537.36"

::1 - - [13/Jan/2022:12:00:10 +0000] "GET /js/app.7ca2d0d0.js.map HTTP/1.1" 200 170220 "-" "Mozilla/5.0 (Windows NT 10.0; Win64; x64) AppleWebKit/537.36 (KHTML, like Gecko) Chrome/97.0.4692.71 Safari/537.36"

::1 - - [13/Jan/2022:12:00:10 +0000] "GET /api/route/utils/wshost HTTP/1.1" 304 - "http://localhost:30001/loginPage" "Mozilla/5.0 (Windows NT 10.0; Win64; x64) AppleWebKit/537.36 (KHTML, like Gecko) Chrome/97.0.4692.71 Safari/537.36"

::1 - - [13/Jan/2022:12:00:11 +0000] "GET /fonts/element-icons.535877f5.woff HTTP/1.1" 200 28200 "http://localhost:30001/css/chunk-vendors.a16c4353.css" "Mozilla/5.0 (Windows NT 10.0; Win64; x64) AppleWebKit/537.36 (KHTML, like Gecko) Chrome/97.0.4692.71 Safari/537.36"

::1 - - [13/Jan/2022:12:00:17 +0000] "POST /api/route/users/login HTTP/1.1" 200 35 "http://localhost:30001/loginPage" "Mozilla/5.0 (Windows NT 10.0; Win64; x64) AppleWebKit/537.36 (KHTML, like Gecko) Chrome/97.0.4692.71 Safari/537.36"

::1 - - [13/Jan/2022:12:00:22 +0000] "GET /api/route/maps/current HTTP/1.1" 304 - "http://localhost:30001/map" "Mozilla/5.0 (Windows NT 10.0; Win64; x64) AppleWebKit/537.36 (KHTML, like Gecko) Chrome/97.0.4692.71 Safari/537.36"

::1 - - [13/Jan/2022:12:00:31 +0000] "POST /api/route/transportOrders/20220113200031 HTTP/1.1" 200 2 "-" "python-requests/2.26.0"

::1 - - [13/Jan/2022:12:01:29 +0000] "POST /api/route/transportOrders/20220113200129 HTTP/1.1" 200 2 "-" "python-requests/2.26.0"

::1 - - [13/Jan/2022:12:03:56 +0000] "GET /map HTTP/1.1" 302 64 "-" "Mozilla/5.0 (Windows NT 10.0; Win64; x64) AppleWebKit/537.36 (KHTML, like Gecko) Chrome/97.0.4692.71 Safari/537.36"

::1 - - [13/Jan/2022:12:03:56 +0000] "GET /loginPage HTTP/1.1" 200 714 "-" "Mozilla/5.0 (Windows NT 10.0; Win64; x64) AppleWebKit/537.36 (KHTML, like Gecko) Chrome/97.0.4692.71 Safari/537.36"

::1 - - [13/Jan/2022:12:03:56 +0000] "GET /css/app.13f2424b.css HTTP/1.1" 200 5093 "http://localhost:30001/loginPage" "Mozilla/5.0 (Windows NT 10.0; Win64; x64) AppleWebKit/537.36 (KHTML, like Gecko) Chrome/97.0.4692.71 Safari/537.36"

::1 - - [13/Jan/2022:12:03:56 +0000] "GET /js/app.38e3ca58.js HTTP/1.1" 200 43625 "http://localhost:30001/loginPage" "Mozilla/5.0 (Windows NT 10.0; Win64; x64) AppleWebKit/537.36 (KHTML, like Gecko) Chrome/97.0.4692.71 Safari/537.36"

::1 - - [13/Jan/2022:12:03:56 +0000] "GET /css/chunk-vendors.a16c4353.css HTTP/1.1" 200 214577 "http://localhost:30001/loginPage" "Mozilla/5.0 (Windows NT 10.0; Win64; x64) AppleWebKit/537.36 (KHTML, like Gecko) Chrome/97.0.4692.71 Safari/537.36"

::1 - - [13/Jan/2022:12:03:56 +0000] "GET /js/chunk-vendors.14ce27f2.js HTTP/1.1" 200 1057081 "http://localhost:30001/loginPage" "Mozilla/5.0 (Windows NT 10.0; Win64; x64) AppleWebKit/537.36 (KHTML, like Gecko) Chrome/97.0.4692.71 Safari/537.36"

::1 - - [13/Jan/2022:12:03:56 +0000] "GET /api/route/utils/wshost HTTP/1.1" 304 - "http://localhost:30001/loginPage" "Mozilla/5.0 (Windows NT 10.0; Win64; x64) AppleWebKit/537.36 (KHTML, like Gecko) Chrome/97.0.4692.71 Safari/537.36"

::1 - - [13/Jan/2022:12:03:56 +0000] "GET /js/app.38e3ca58.js.map HTTP/1.1" 200 170209 "-" "Mozilla/5.0 (Windows NT 10.0; Win64; x64) AppleWebKit/537.36 (KHTML, like Gecko) Chrome/97.0.4692.71 Safari/537.36"

::1 - - [13/Jan/2022:12:03:56 +0000] "GET /js/chunk-vendors.14ce27f2.js.map HTTP/1.1" 200 4098646 "-" "Mozilla/5.0 (Windows NT 10.0; Win64; x64) AppleWebKit/537.36 (KHTML, like Gecko) Chrome/97.0.4692.71 Safari/537.36"

::1 - - [13/Jan/2022:12:03:56 +0000] "GET /loginPage HTTP/1.1" 304 - "-" "Mozilla/5.0 (Windows NT 10.0; Win64; x64) AppleWebKit/537.36 (KHTML, like Gecko) Chrome/97.0.4692.71 Safari/537.36"

::1 - - [13/Jan/2022:12:03:56 +0000] "GET /css/app.13f2424b.css HTTP/1.1" 304 - "http://localhost:30001/loginPage" "Mozilla/5.0 (Windows NT 10.0; Win64; x64) AppleWebKit/537.36 (KHTML, like Gecko) Chrome/97.0.4692.71 Safari/537.36"

::1 - - [13/Jan/2022:12:03:56 +0000] "GET /css/chunk-vendors.a16c4353.css HTTP/1.1" 304 - "http://localhost:30001/loginPage" "Mozilla/5.0 (Windows NT 10.0; Win64; x64) AppleWebKit/537.36 (KHTML, like Gecko) Chrome/97.0.4692.71 Safari/537.36"

::1 - - [13/Jan/2022:12:03:56 +0000] "GET /js/app.38e3ca58.js HTTP/1.1" 304 - "http://localhost:30001/loginPage" "Mozilla/5.0 (Windows NT 10.0; Win64; x64) AppleWebKit/537.36 (KHTML, like Gecko) Chrome/97.0.4692.71 Safari/537.36"

::1 - - [13/Jan/2022:12:03:56 +0000] "GET /js/chunk-vendors.14ce27f2.js HTTP/1.1" 304 - "http://localhost:30001/loginPage" "Mozilla/5.0 (Windows NT 10.0; Win64; x64) AppleWebKit/537.36 (KHTML, like Gecko) Chrome/97.0.4692.71 Safari/537.36"

::1 - - [13/Jan/2022:12:03:56 +0000] "GET /js/chunk-vendors.14ce27f2.js.map HTTP/1.1" 200 4098646 "-" "Mozilla/5.0 (Windows NT 10.0; Win64; x64) AppleWebKit/537.36 (KHTML, like Gecko) Chrome/97.0.4692.71 Safari/537.36"

::1 - - [13/Jan/2022:12:03:56 +0000] "GET /js/app.38e3ca58.js.map HTTP/1.1" 200 170209 "-" "Mozilla/5.0 (Windows NT 10.0; Win64; x64) AppleWebKit/537.36 (KHTML, like Gecko) Chrome/97.0.4692.71 Safari/537.36"

::1 - - [13/Jan/2022:12:03:56 +0000] "GET /api/route/utils/wshost HTTP/1.1" 304 - "http://localhost:30001/loginPage" "Mozilla/5.0 (Windows NT 10.0; Win64; x64) AppleWebKit/537.36 (KHTML, like Gecko) Chrome/97.0.4692.71 Safari/537.36"

::1 - - [13/Jan/2022:12:03:56 +0000] "GET /loginPage HTTP/1.1" 304 - "-" "Mozilla/5.0 (Windows NT 10.0; Win64; x64) AppleWebKit/537.36 (KHTML, like Gecko) Chrome/97.0.4692.71 Safari/537.36"

::1 - - [13/Jan/2022:12:03:56 +0000] "GET /css/app.13f2424b.css HTTP/1.1" 304 - "http://localhost:30001/loginPage" "Mozilla/5.0 (Windows NT 10.0; Win64; x64) AppleWebKit/537.36 (KHTML, like Gecko) Chrome/97.0.4692.71 Safari/537.36"

::1 - - [13/Jan/2022:12:03:56 +0000] "GET /css/chunk-vendors.a16c4353.css HTTP/1.1" 304 - "http://localhost:30001/loginPage" "Mozilla/5.0 (Windows NT 10.0; Win64; x64) AppleWebKit/537.36 (KHTML, like Gecko) Chrome/97.0.4692.71 Safari/537.36"

::1 - - [13/Jan/2022:12:03:56 +0000] "GET /js/app.38e3ca58.js HTTP/1.1" 304 - "http://localhost:30001/loginPage" "Mozilla/5.0 (Windows NT 10.0; Win64; x64) AppleWebKit/537.36 (KHTML, like Gecko) Chrome/97.0.4692.71 Safari/537.36"

::1 - - [13/Jan/2022:12:03:56 +0000] "GET /js/chunk-vendors.14ce27f2.js HTTP/1.1" 304 - "http://localhost:30001/loginPage" "Mozilla/5.0 (Windows NT 10.0; Win64; x64) AppleWebKit/537.36 (KHTML, like Gecko) Chrome/97.0.4692.71 Safari/537.36"

::1 - - [13/Jan/2022:12:03:56 +0000] "GET /js/app.38e3ca58.js.map HTTP/1.1" 200 170209 "-" "Mozilla/5.0 (Windows NT 10.0; Win64; x64) AppleWebKit/537.36 (KHTML, like Gecko) Chrome/97.0.4692.71 Safari/537.36"

::1 - - [13/Jan/2022:12:03:56 +0000] "GET /js/chunk-vendors.14ce27f2.js.map HTTP/1.1" 200 4098646 "-" "Mozilla/5.0 (Windows NT 10.0; Win64; x64) AppleWebKit/537.36 (KHTML, like Gecko) Chrome/97.0.4692.71 Safari/537.36"

::1 - - [13/Jan/2022:12:03:56 +0000] "GET /api/route/utils/wshost HTTP/1.1" 304 - "http://localhost:30001/loginPage" "Mozilla/5.0 (Windows NT 10.0; Win64; x64) AppleWebKit/537.36 (KHTML, like Gecko) Chrome/97.0.4692.71 Safari/537.36"

::1 - - [13/Jan/2022:12:03:57 +0000] "GET /fonts/element-icons.535877f5.woff HTTP/1.1" 200 28200 "http://localhost:30001/css/chunk-vendors.a16c4353.css" "Mozilla/5.0 (Windows NT 10.0; Win64; x64) AppleWebKit/537.36 (KHTML, like Gecko) Chrome/97.0.4692.71 Safari/537.36"

::1 - - [13/Jan/2022:12:03:57 +0000] "POST /api/route/users/login HTTP/1.1" 200 35 "http://localhost:30001/loginPage" "Mozilla/5.0 (Windows NT 10.0; Win64; x64) AppleWebKit/537.36 (KHTML, like Gecko) Chrome/97.0.4692.71 Safari/537.36"

::1 - - [13/Jan/2022:12:03:58 +0000] "GET /vehicles HTTP/1.1" 200 714 "-" "Mozilla/5.0 (Windows NT 10.0; Win64; x64) AppleWebKit/537.36 (KHTML, like Gecko) Chrome/97.0.4692.71 Safari/537.36"

::1 - - [13/Jan/2022:12:03:58 +0000] "GET /css/app.13f2424b.css HTTP/1.1" 304 - "http://localhost:30001/vehicles" "Mozilla/5.0 (Windows NT 10.0; Win64; x64) AppleWebKit/537.36 (KHTML, like Gecko) Chrome/97.0.4692.71 Safari/537.36"

::1 - - [13/Jan/2022:12:03:58 +0000] "GET /js/app.38e3ca58.js HTTP/1.1" 304 - "http://localhost:30001/vehicles" "Mozilla/5.0 (Windows NT 10.0; Win64; x64) AppleWebKit/537.36 (KHTML, like Gecko) Chrome/97.0.4692.71 Safari/537.36"

::1 - - [13/Jan/2022:12:03:58 +0000] "GET /css/chunk-vendors.a16c4353.css HTTP/1.1" 304 - "http://localhost:30001/vehicles" "Mozilla/5.0 (Windows NT 10.0; Win64; x64) AppleWebKit/537.36 (KHTML, like Gecko) Chrome/97.0.4692.71 Safari/537.36"

::1 - - [13/Jan/2022:12:03:58 +0000] "GET /js/chunk-vendors.14ce27f2.js HTTP/1.1" 304 - "http://localhost:30001/vehicles" "Mozilla/5.0 (Windows NT 10.0; Win64; x64) AppleWebKit/537.36 (KHTML, like Gecko) Chrome/97.0.4692.71 Safari/537.36"

::1 - - [13/Jan/2022:12:03:58 +0000] "GET /js/chunk-vendors.14ce27f2.js.map HTTP/1.1" 200 4098646 "-" "Mozilla/5.0 (Windows NT 10.0; Win64; x64) AppleWebKit/537.36 (KHTML, like Gecko) Chrome/97.0.4692.71 Safari/537.36"

::1 - - [13/Jan/2022:12:03:58 +0000] "GET /js/app.38e3ca58.js.map HTTP/1.1" 200 170209 "-" "Mozilla/5.0 (Windows NT 10.0; Win64; x64) AppleWebKit/537.36 (KHTML, like Gecko) Chrome/97.0.4692.71 Safari/537.36"

::1 - - [13/Jan/2022:12:03:58 +0000] "GET /api/route/utils/wshost HTTP/1.1" 304 - "http://localhost:30001/vehicles" "Mozilla/5.0 (Windows NT 10.0; Win64; x64) AppleWebKit/537.36 (KHTML, like Gecko) Chrome/97.0.4692.71 Safari/537.36"

::1 - - [13/Jan/2022:12:03:58 +0000] "GET /vehicles HTTP/1.1" 304 - "-" "Mozilla/5.0 (Windows NT 10.0; Win64; x64) AppleWebKit/537.36 (KHTML, like Gecko) Chrome/97.0.4692.71 Safari/537.36"

::1 - - [13/Jan/2022:12:03:58 +0000] "GET /css/app.13f2424b.css HTTP/1.1" 304 - "http://localhost:30001/vehicles" "Mozilla/5.0 (Windows NT 10.0; Win64; x64) AppleWebKit/537.36 (KHTML, like Gecko) Chrome/97.0.4692.71 Safari/537.36"

::1 - - [13/Jan/2022:12:03:58 +0000] "GET /css/chunk-vendors.a16c4353.css HTTP/1.1" 304 - "http://localhost:30001/vehicles" "Mozilla/5.0 (Windows NT 10.0; Win64; x64) AppleWebKit/537.36 (KHTML, like Gecko) Chrome/97.0.4692.71 Safari/537.36"

::1 - - [13/Jan/2022:12:03:58 +0000] "GET /js/app.38e3ca58.js HTTP/1.1" 304 - "http://localhost:30001/vehicles" "Mozilla/5.0 (Windows NT 10.0; Win64; x64) AppleWebKit/537.36 (KHTML, like Gecko) Chrome/97.0.4692.71 Safari/537.36"

::1 - - [13/Jan/2022:12:03:58 +0000] "GET /js/chunk-vendors.14ce27f2.js HTTP/1.1" 304 - "http://localhost:30001/vehicles" "Mozilla/5.0 (Windows NT 10.0; Win64; x64) AppleWebKit/537.36 (KHTML, like Gecko) Chrome/97.0.4692.71 Safari/537.36"

::1 - - [13/Jan/2022:12:03:58 +0000] "GET /js/app.38e3ca58.js.map HTTP/1.1" 200 170209 "-" "Mozilla/5.0 (Windows NT 10.0; Win64; x64) AppleWebKit/537.36 (KHTML, like Gecko) Chrome/97.0.4692.71 Safari/537.36"

::1 - - [13/Jan/2022:12:03:58 +0000] "GET /js/chunk-vendors.14ce27f2.js.map HTTP/1.1" 200 4098646 "-" "Mozilla/5.0 (Windows NT 10.0; Win64; x64) AppleWebKit/537.36 (KHTML, like Gecko) Chrome/97.0.4692.71 Safari/537.36"

::1 - - [13/Jan/2022:12:03:58 +0000] "GET /api/route/utils/wshost HTTP/1.1" 304 - "http://localhost:30001/vehicles" "Mozilla/5.0 (Windows NT 10.0; Win64; x64) AppleWebKit/537.36 (KHTML, like Gecko) Chrome/97.0.4692.71 Safari/537.36"

::1 - - [13/Jan/2022:12:03:58 +0000] "GET /api/route/maps/current HTTP/1.1" 304 - "http://localhost:30001/map" "Mozilla/5.0 (Windows NT 10.0; Win64; x64) AppleWebKit/537.36 (KHTML, like Gecko) Chrome/97.0.4692.71 Safari/537.36"

::1 - - [13/Jan/2022:12:03:59 +0000] "GET /map HTTP/1.1" 200 714 "-" "Mozilla/5.0 (Windows NT 10.0; Win64; x64) AppleWebKit/537.36 (KHTML, like Gecko) Chrome/97.0.4692.71 Safari/537.36"

::1 - - [13/Jan/2022:12:03:59 +0000] "GET /css/app.13f2424b.css HTTP/1.1" 304 - "http://localhost:30001/map" "Mozilla/5.0 (Windows NT 10.0; Win64; x64) AppleWebKit/537.36 (KHTML, like Gecko) Chrome/97.0.4692.71 Safari/537.36"

::1 - - [13/Jan/2022:12:03:59 +0000] "GET /css/chunk-vendors.a16c4353.css HTTP/1.1" 304 - "http://localhost:30001/map" "Mozilla/5.0 (Windows NT 10.0; Win64; x64) AppleWebKit/537.36 (KHTML, like Gecko) Chrome/97.0.4692.71 Safari/537.36"

::1 - - [13/Jan/2022:12:03:59 +0000] "GET /js/app.38e3ca58.js HTTP/1.1" 304 - "http://localhost:30001/map" "Mozilla/5.0 (Windows NT 10.0; Win64; x64) AppleWebKit/537.36 (KHTML, like Gecko) Chrome/97.0.4692.71 Safari/537.36"

::1 - - [13/Jan/2022:12:03:59 +0000] "GET /js/chunk-vendors.14ce27f2.js HTTP/1.1" 304 - "http://localhost:30001/map" "Mozilla/5.0 (Windows NT 10.0; Win64; x64) AppleWebKit/537.36 (KHTML, like Gecko) Chrome/97.0.4692.71 Safari/537.36"

::1 - - [13/Jan/2022:12:03:59 +0000] "GET /js/app.38e3ca58.js.map HTTP/1.1" 200 170209 "-" "Mozilla/5.0 (Windows NT 10.0; Win64; x64) AppleWebKit/537.36 (KHTML, like Gecko) Chrome/97.0.4692.71 Safari/537.36"

::1 - - [13/Jan/2022:12:03:59 +0000] "GET /js/chunk-vendors.14ce27f2.js.map HTTP/1.1" 200 4098646 "-" "Mozilla/5.0 (Windows NT 10.0; Win64; x64) AppleWebKit/537.36 (KHTML, like Gecko) Chrome/97.0.4692.71 Safari/537.36"

::1 - - [13/Jan/2022:12:03:59 +0000] "GET /api/route/utils/wshost HTTP/1.1" 304 - "http://localhost:30001/map" "Mozilla/5.0 (Windows NT 10.0; Win64; x64) AppleWebKit/537.36 (KHTML, like Gecko) Chrome/97.0.4692.71 Safari/537.36"

::1 - - [13/Jan/2022:12:03:59 +0000] "GET /api/route/maps/current HTTP/1.1" 304 - "http://localhost:30001/map" "Mozilla/5.0 (Windows NT 10.0; Win64; x64) AppleWebKit/537.36 (KHTML, like Gecko) Chrome/97.0.4692.71 Safari/537.36"

::1 - - [13/Jan/2022:12:04:04 +0000] "POST /api/route/transportOrders/20220113200404 HTTP/1.1" 200 2 "-" "python-requests/2.26.0"

::1 - - [13/Jan/2022:12:05:32 +0000] "POST /api/route/transportOrders/20220113200532 HTTP/1.1" 200 2 "-" "python-requests/2.26.0"

::1 - - [13/Jan/2022:12:05:33 +0000] "POST /api/route/transportOrders/20220113200533 HTTP/1.1" 200 2 "-" "python-requests/2.26.0"

::1 - - [13/Jan/2022:12:33:11 +0000] "POST /api/route/transportOrders/20220113203311 HTTP/1.1" 200 2 "-" "python-requests/2.26.0"

::1 - - [13/Jan/2022:12:33:13 +0000] "POST /api/route/transportOrders/20220113203313 HTTP/1.1" 200 2 "-" "python-requests/2.26.0"

::1 - - [13/Jan/2022:12:35:24 +0000] "GET /map HTTP/1.1" 302 64 "-" "Mozilla/5.0 (Windows NT 10.0; Win64; x64) AppleWebKit/537.36 (KHTML, like Gecko) Chrome/97.0.4692.71 Safari/537.36"

::1 - - [13/Jan/2022:12:35:24 +0000] "GET /loginPage HTTP/1.1" 304 - "-" "Mozilla/5.0 (Windows NT 10.0; Win64; x64) AppleWebKit/537.36 (KHTML, like Gecko) Chrome/97.0.4692.71 Safari/537.36"

::1 - - [13/Jan/2022:12:35:24 +0000] "GET /css/app.13f2424b.css HTTP/1.1" 304 - "http://localhost:30001/loginPage" "Mozilla/5.0 (Windows NT 10.0; Win64; x64) AppleWebKit/537.36 (KHTML, like Gecko) Chrome/97.0.4692.71 Safari/537.36"

::1 - - [13/Jan/2022:12:35:24 +0000] "GET /css/chunk-vendors.a16c4353.css HTTP/1.1" 304 - "http://localhost:30001/loginPage" "Mozilla/5.0 (Windows NT 10.0; Win64; x64) AppleWebKit/537.36 (KHTML, like Gecko) Chrome/97.0.4692.71 Safari/537.36"

::1 - - [13/Jan/2022:12:35:24 +0000] "GET /js/app.38e3ca58.js HTTP/1.1" 304 - "http://localhost:30001/loginPage" "Mozilla/5.0 (Windows NT 10.0; Win64; x64) AppleWebKit/537.36 (KHTML, like Gecko) Chrome/97.0.4692.71 Safari/537.36"

::1 - - [13/Jan/2022:12:35:24 +0000] "GET /js/chunk-vendors.14ce27f2.js HTTP/1.1" 304 - "http://localhost:30001/loginPage" "Mozilla/5.0 (Windows NT 10.0; Win64; x64) AppleWebKit/537.36 (KHTML, like Gecko) Chrome/97.0.4692.71 Safari/537.36"

::1 - - [13/Jan/2022:12:35:25 +0000] "GET /api/route/utils/wshost HTTP/1.1" 304 - "http://localhost:30001/loginPage" "Mozilla/5.0 (Windows NT 10.0; Win64; x64) AppleWebKit/537.36 (KHTML, like Gecko) Chrome/97.0.4692.71 Safari/537.36"

::1 - - [13/Jan/2022:12:35:25 +0000] "GET /fonts/element-icons.535877f5.woff HTTP/1.1" 304 - "http://localhost:30001/css/chunk-vendors.a16c4353.css" "Mozilla/5.0 (Windows NT 10.0; Win64; x64) AppleWebKit/537.36 (KHTML, like Gecko) Chrome/97.0.4692.71 Safari/537.36"

::1 - - [13/Jan/2022:12:35:25 +0000] "GET /js/app.38e3ca58.js.map HTTP/1.1" 200 170209 "-" "Mozilla/5.0 (Windows NT 10.0; Win64; x64) AppleWebKit/537.36 (KHTML, like Gecko) Chrome/97.0.4692.71 Safari/537.36"

::1 - - [13/Jan/2022:12:35:25 +0000] "GET /loginPage HTTP/1.1" 304 - "-" "Mozilla/5.0 (Windows NT 10.0; Win64; x64) AppleWebKit/537.36 (KHTML, like Gecko) Chrome/97.0.4692.71 Safari/537.36"

::1 - - [13/Jan/2022:12:35:25 +0000] "GET /js/chunk-vendors.14ce27f2.js.map HTTP/1.1" 200 4098646 "-" "Mozilla/5.0 (Windows NT 10.0; Win64; x64) AppleWebKit/537.36 (KHTML, like Gecko) Chrome/97.0.4692.71 Safari/537.36"

::1 - - [13/Jan/2022:12:35:25 +0000] "GET /css/app.13f2424b.css HTTP/1.1" 304 - "http://localhost:30001/loginPage" "Mozilla/5.0 (Windows NT 10.0; Win64; x64) AppleWebKit/537.36 (KHTML, like Gecko) Chrome/97.0.4692.71 Safari/537.36"

::1 - - [13/Jan/2022:12:35:25 +0000] "GET /css/chunk-vendors.a16c4353.css HTTP/1.1" 304 - "http://localhost:30001/loginPage" "Mozilla/5.0 (Windows NT 10.0; Win64; x64) AppleWebKit/537.36 (KHTML, like Gecko) Chrome/97.0.4692.71 Safari/537.36"

::1 - - [13/Jan/2022:12:35:25 +0000] "GET /js/app.38e3ca58.js HTTP/1.1" 304 - "http://localhost:30001/loginPage" "Mozilla/5.0 (Windows NT 10.0; Win64; x64) AppleWebKit/537.36 (KHTML, like Gecko) Chrome/97.0.4692.71 Safari/537.36"

::1 - - [13/Jan/2022:12:35:25 +0000] "GET /js/chunk-vendors.14ce27f2.js HTTP/1.1" 304 - "http://localhost:30001/loginPage" "Mozilla/5.0 (Windows NT 10.0; Win64; x64) AppleWebKit/537.36 (KHTML, like Gecko) Chrome/97.0.4692.71 Safari/537.36"

::1 - - [13/Jan/2022:12:35:25 +0000] "GET /js/chunk-vendors.14ce27f2.js.map HTTP/1.1" 200 4098646 "-" "Mozilla/5.0 (Windows NT 10.0; Win64; x64) AppleWebKit/537.36 (KHTML, like Gecko) Chrome/97.0.4692.71 Safari/537.36"

::1 - - [13/Jan/2022:12:35:25 +0000] "GET /js/app.38e3ca58.js.map HTTP/1.1" 200 170209 "-" "Mozilla/5.0 (Windows NT 10.0; Win64; x64) AppleWebKit/537.36 (KHTML, like Gecko) Chrome/97.0.4692.71 Safari/537.36"

::1 - - [13/Jan/2022:12:35:26 +0000] "GET /api/route/utils/wshost HTTP/1.1" 304 - "http://localhost:30001/loginPage" "Mozilla/5.0 (Windows NT 10.0; Win64; x64) AppleWebKit/537.36 (KHTML, like Gecko) Chrome/97.0.4692.71 Safari/537.36"

::1 - - [13/Jan/2022:12:35:28 +0000] "GET /fonts/element-icons.535877f5.woff HTTP/1.1" 304 - "http://localhost:30001/css/chunk-vendors.a16c4353.css" "Mozilla/5.0 (Windows NT 10.0; Win64; x64) AppleWebKit/537.36 (KHTML, like Gecko) Chrome/97.0.4692.71 Safari/537.36"

::1 - - [13/Jan/2022:12:35:28 +0000] "POST /api/route/users/login HTTP/1.1" 200 35 "http://localhost:30001/loginPage" "Mozilla/5.0 (Windows NT 10.0; Win64; x64) AppleWebKit/537.36 (KHTML, like Gecko) Chrome/97.0.4692.71 Safari/537.36"

::1 - - [13/Jan/2022:12:35:29 +0000] "GET /api/route/maps/current HTTP/1.1" 304 - "http://localhost:30001/map" "Mozilla/5.0 (Windows NT 10.0; Win64; x64) AppleWebKit/537.36 (KHTML, like Gecko) Chrome/97.0.4692.71 Safari/537.36"

::1 - - [13/Jan/2022:12:35:33 +0000] "POST /api/route/transportOrders/20220113203533 HTTP/1.1" 200 2 "-" "python-requests/2.26.0"

::1 - - [13/Jan/2022:12:38:54 +0000] "POST /api/route/transportOrders/20220113203854 HTTP/1.1" 200 2 "-" "python-requests/2.26.0"

::1 - - [13/Jan/2022:12:38:57 +0000] "POST /api/route/transportOrders/20220113203857 HTTP/1.1" 200 2 "-" "python-requests/2.26.0"

::1 - - [13/Jan/2022:12:41:26 +0000] "POST /api/route/transportOrders/20220113204126 HTTP/1.1" 200 2 "-" "python-requests/2.26.0"

::1 - - [13/Jan/2022:12:41:29 +0000] "POST /api/route/transportOrders/20220113204129 HTTP/1.1" 200 2 "-" "python-requests/2.26.0"

::1 - - [13/Jan/2022:12:50:34 +0000] "POST /api/route/transportOrders/20220113205034 HTTP/1.1" 200 2 "-" "python-requests/2.26.0"

::1 - - [13/Jan/2022:12:50:36 +0000] "POST /api/route/transportOrders/20220113205036 HTTP/1.1" 200 2 "-" "python-requests/2.26.0"

::1 - - [13/Jan/2022:13:17:28 +0000] "GET /api/route/maps/current HTTP/1.1" 304 - "http://localhost:30001/map" "Mozilla/5.0 (Windows NT 10.0; Win64; x64) AppleWebKit/537.36 (KHTML, like Gecko) Chrome/97.0.4692.71 Safari/537.36"

::1 - - [13/Jan/2022:15:01:54 +0000] "GET /map HTTP/1.1" 302 64 "-" "Mozilla/5.0 (Windows NT 10.0; Win64; x64) AppleWebKit/537.36 (KHTML, like Gecko) Chrome/97.0.4692.71 Safari/537.36"

::1 - - [13/Jan/2022:15:01:54 +0000] "GET /loginPage HTTP/1.1" 200 714 "-" "Mozilla/5.0 (Windows NT 10.0; Win64; x64) AppleWebKit/537.36 (KHTML, like Gecko) Chrome/97.0.4692.71 Safari/537.36"

::1 - - [13/Jan/2022:15:01:54 +0000] "GET /css/app.a184f9a4.css HTTP/1.1" 200 5093 "http://localhost:30001/loginPage" "Mozilla/5.0 (Windows NT 10.0; Win64; x64) AppleWebKit/537.36 (KHTML, like Gecko) Chrome/97.0.4692.71 Safari/537.36"

::1 - - [13/Jan/2022:15:01:54 +0000] "GET /js/app.b6e30467.js HTTP/1.1" 200 44092 "http://localhost:30001/loginPage" "Mozilla/5.0 (Windows NT 10.0; Win64; x64) AppleWebKit/537.36 (KHTML, like Gecko) Chrome/97.0.4692.71 Safari/537.36"

::1 - - [13/Jan/2022:15:01:54 +0000] "GET /css/chunk-vendors.a16c4353.css HTTP/1.1" 200 214577 "http://localhost:30001/loginPage" "Mozilla/5.0 (Windows NT 10.0; Win64; x64) AppleWebKit/537.36 (KHTML, like Gecko) Chrome/97.0.4692.71 Safari/537.36"

::1 - - [13/Jan/2022:15:01:54 +0000] "GET /js/chunk-vendors.14ce27f2.js HTTP/1.1" 200 1057081 "http://localhost:30001/loginPage" "Mozilla/5.0 (Windows NT 10.0; Win64; x64) AppleWebKit/537.36 (KHTML, like Gecko) Chrome/97.0.4692.71 Safari/537.36"

::1 - - [13/Jan/2022:15:01:54 +0000] "GET /api/route/utils/wshost HTTP/1.1" 304 - "http://localhost:30001/loginPage" "Mozilla/5.0 (Windows NT 10.0; Win64; x64) AppleWebKit/537.36 (KHTML, like Gecko) Chrome/97.0.4692.71 Safari/537.36"

::1 - - [13/Jan/2022:15:01:55 +0000] "GET /fonts/element-icons.535877f5.woff HTTP/1.1" 200 28200 "http://localhost:30001/css/chunk-vendors.a16c4353.css" "Mozilla/5.0 (Windows NT 10.0; Win64; x64) AppleWebKit/537.36 (KHTML, like Gecko) Chrome/97.0.4692.71 Safari/537.36"

::1 - - [13/Jan/2022:15:01:55 +0000] "POST /api/route/users/login HTTP/1.1" 200 35 "http://localhost:30001/loginPage" "Mozilla/5.0 (Windows NT 10.0; Win64; x64) AppleWebKit/537.36 (KHTML, like Gecko) Chrome/97.0.4692.71 Safari/537.36"

::1 - - [13/Jan/2022:15:01:56 +0000] "GET /api/route/maps/current HTTP/1.1" 304 - "http://localhost:30001/map" "Mozilla/5.0 (Windows NT 10.0; Win64; x64) AppleWebKit/537.36 (KHTML, like Gecko) Chrome/97.0.4692.71 Safari/537.36"

::1 - - [13/Jan/2022:15:06:40 +0000] "GET /map HTTP/1.1" 302 64 "-" "Mozilla/5.0 (Windows NT 10.0; Win64; x64) AppleWebKit/537.36 (KHTML, like Gecko) Chrome/97.0.4692.71 Safari/537.36"

::1 - - [13/Jan/2022:15:06:40 +0000] "GET /loginPage HTTP/1.1" 200 714 "-" "Mozilla/5.0 (Windows NT 10.0; Win64; x64) AppleWebKit/537.36 (KHTML, like Gecko) Chrome/97.0.4692.71 Safari/537.36"

::1 - - [13/Jan/2022:15:06:40 +0000] "GET /css/app.6f7a9907.css HTTP/1.1" 200 5093 "http://localhost:30001/loginPage" "Mozilla/5.0 (Windows NT 10.0; Win64; x64) AppleWebKit/537.36 (KHTML, like Gecko) Chrome/97.0.4692.71 Safari/537.36"

::1 - - [13/Jan/2022:15:06:40 +0000] "GET /js/app.d3c55540.js HTTP/1.1" 200 44219 "http://localhost:30001/loginPage" "Mozilla/5.0 (Windows NT 10.0; Win64; x64) AppleWebKit/537.36 (KHTML, like Gecko) Chrome/97.0.4692.71 Safari/537.36"

::1 - - [13/Jan/2022:15:06:40 +0000] "GET /css/chunk-vendors.a16c4353.css HTTP/1.1" 200 214577 "http://localhost:30001/loginPage" "Mozilla/5.0 (Windows NT 10.0; Win64; x64) AppleWebKit/537.36 (KHTML, like Gecko) Chrome/97.0.4692.71 Safari/537.36"

::1 - - [13/Jan/2022:15:06:40 +0000] "GET /js/chunk-vendors.14ce27f2.js HTTP/1.1" 200 1057081 "http://localhost:30001/loginPage" "Mozilla/5.0 (Windows NT 10.0; Win64; x64) AppleWebKit/537.36 (KHTML, like Gecko) Chrome/97.0.4692.71 Safari/537.36"

::1 - - [13/Jan/2022:15:06:41 +0000] "GET /api/route/utils/wshost HTTP/1.1" 304 - "http://localhost:30001/loginPage" "Mozilla/5.0 (Windows NT 10.0; Win64; x64) AppleWebKit/537.36 (KHTML, like Gecko) Chrome/97.0.4692.71 Safari/537.36"

::1 - - [13/Jan/2022:15:06:42 +0000] "GET /fonts/element-icons.535877f5.woff HTTP/1.1" 200 28200 "http://localhost:30001/css/chunk-vendors.a16c4353.css" "Mozilla/5.0 (Windows NT 10.0; Win64; x64) AppleWebKit/537.36 (KHTML, like Gecko) Chrome/97.0.4692.71 Safari/537.36"

::1 - - [13/Jan/2022:15:06:42 +0000] "POST /api/route/users/login HTTP/1.1" 200 35 "http://localhost:30001/loginPage" "Mozilla/5.0 (Windows NT 10.0; Win64; x64) AppleWebKit/537.36 (KHTML, like Gecko) Chrome/97.0.4692.71 Safari/537.36"

::1 - - [13/Jan/2022:15:06:43 +0000] "GET /api/route/maps/current HTTP/1.1" 304 - "http://localhost:30001/map" "Mozilla/5.0 (Windows NT 10.0; Win64; x64) AppleWebKit/537.36 (KHTML, like Gecko) Chrome/97.0.4692.71 Safari/537.36"

::1 - - [13/Jan/2022:15:09:46 +0000] "GET /map HTTP/1.1" 302 64 "-" "Mozilla/5.0 (Windows NT 10.0; Win64; x64) AppleWebKit/537.36 (KHTML, like Gecko) Chrome/97.0.4692.71 Safari/537.36"

::1 - - [13/Jan/2022:15:09:46 +0000] "GET /loginPage HTTP/1.1" 200 714 "-" "Mozilla/5.0 (Windows NT 10.0; Win64; x64) AppleWebKit/537.36 (KHTML, like Gecko) Chrome/97.0.4692.71 Safari/537.36"

::1 - - [13/Jan/2022:15:09:46 +0000] "GET /css/app.6c0c2c83.css HTTP/1.1" 200 5093 "http://localhost:30001/loginPage" "Mozilla/5.0 (Windows NT 10.0; Win64; x64) AppleWebKit/537.36 (KHTML, like Gecko) Chrome/97.0.4692.71 Safari/537.36"

::1 - - [13/Jan/2022:15:09:46 +0000] "GET /js/app.fa399c01.js HTTP/1.1" 200 44241 "http://localhost:30001/loginPage" "Mozilla/5.0 (Windows NT 10.0; Win64; x64) AppleWebKit/537.36 (KHTML, like Gecko) Chrome/97.0.4692.71 Safari/537.36"

::1 - - [13/Jan/2022:15:09:46 +0000] "GET /css/chunk-vendors.a16c4353.css HTTP/1.1" 200 214577 "http://localhost:30001/loginPage" "Mozilla/5.0 (Windows NT 10.0; Win64; x64) AppleWebKit/537.36 (KHTML, like Gecko) Chrome/97.0.4692.71 Safari/537.36"

::1 - - [13/Jan/2022:15:09:46 +0000] "GET /js/chunk-vendors.14ce27f2.js HTTP/1.1" 200 1057081 "http://localhost:30001/loginPage" "Mozilla/5.0 (Windows NT 10.0; Win64; x64) AppleWebKit/537.36 (KHTML, like Gecko) Chrome/97.0.4692.71 Safari/537.36"

::1 - - [13/Jan/2022:15:09:46 +0000] "GET /api/route/utils/wshost HTTP/1.1" 304 - "http://localhost:30001/loginPage" "Mozilla/5.0 (Windows NT 10.0; Win64; x64) AppleWebKit/537.36 (KHTML, like Gecko) Chrome/97.0.4692.71 Safari/537.36"

::1 - - [13/Jan/2022:15:09:46 +0000] "GET /loginPage HTTP/1.1" 304 - "-" "Mozilla/5.0 (Windows NT 10.0; Win64; x64) AppleWebKit/537.36 (KHTML, like Gecko) Chrome/97.0.4692.71 Safari/537.36"

::1 - - [13/Jan/2022:15:09:46 +0000] "GET /css/app.6c0c2c83.css HTTP/1.1" 304 - "http://localhost:30001/loginPage" "Mozilla/5.0 (Windows NT 10.0; Win64; x64) AppleWebKit/537.36 (KHTML, like Gecko) Chrome/97.0.4692.71 Safari/537.36"

::1 - - [13/Jan/2022:15:09:46 +0000] "GET /css/chunk-vendors.a16c4353.css HTTP/1.1" 304 - "http://localhost:30001/loginPage" "Mozilla/5.0 (Windows NT 10.0; Win64; x64) AppleWebKit/537.36 (KHTML, like Gecko) Chrome/97.0.4692.71 Safari/537.36"

::1 - - [13/Jan/2022:15:09:46 +0000] "GET /js/app.fa399c01.js HTTP/1.1" 304 - "http://localhost:30001/loginPage" "Mozilla/5.0 (Windows NT 10.0; Win64; x64) AppleWebKit/537.36 (KHTML, like Gecko) Chrome/97.0.4692.71 Safari/537.36"

::1 - - [13/Jan/2022:15:09:46 +0000] "GET /js/chunk-vendors.14ce27f2.js HTTP/1.1" 304 - "http://localhost:30001/loginPage" "Mozilla/5.0 (Windows NT 10.0; Win64; x64) AppleWebKit/537.36 (KHTML, like Gecko) Chrome/97.0.4692.71 Safari/537.36"

::1 - - [13/Jan/2022:15:09:46 +0000] "GET /api/route/utils/wshost HTTP/1.1" 304 - "http://localhost:30001/loginPage" "Mozilla/5.0 (Windows NT 10.0; Win64; x64) AppleWebKit/537.36 (KHTML, like Gecko) Chrome/97.0.4692.71 Safari/537.36"

::1 - - [13/Jan/2022:15:09:47 +0000] "GET /loginPage HTTP/1.1" 304 - "-" "Mozilla/5.0 (Windows NT 10.0; Win64; x64) AppleWebKit/537.36 (KHTML, like Gecko) Chrome/97.0.4692.71 Safari/537.36"

::1 - - [13/Jan/2022:15:09:47 +0000] "GET /css/app.6c0c2c83.css HTTP/1.1" 304 - "http://localhost:30001/loginPage" "Mozilla/5.0 (Windows NT 10.0; Win64; x64) AppleWebKit/537.36 (KHTML, like Gecko) Chrome/97.0.4692.71 Safari/537.36"

::1 - - [13/Jan/2022:15:09:47 +0000] "GET /css/chunk-vendors.a16c4353.css HTTP/1.1" 304 - "http://localhost:30001/loginPage" "Mozilla/5.0 (Windows NT 10.0; Win64; x64) AppleWebKit/537.36 (KHTML, like Gecko) Chrome/97.0.4692.71 Safari/537.36"

::1 - - [13/Jan/2022:15:09:47 +0000] "GET /js/app.fa399c01.js HTTP/1.1" 304 - "http://localhost:30001/loginPage" "Mozilla/5.0 (Windows NT 10.0; Win64; x64) AppleWebKit/537.36 (KHTML, like Gecko) Chrome/97.0.4692.71 Safari/537.36"

::1 - - [13/Jan/2022:15:09:47 +0000] "GET /js/chunk-vendors.14ce27f2.js HTTP/1.1" 304 - "http://localhost:30001/loginPage" "Mozilla/5.0 (Windows NT 10.0; Win64; x64) AppleWebKit/537.36 (KHTML, like Gecko) Chrome/97.0.4692.71 Safari/537.36"

::1 - - [13/Jan/2022:15:09:47 +0000] "GET /api/route/utils/wshost HTTP/1.1" 304 - "http://localhost:30001/loginPage" "Mozilla/5.0 (Windows NT 10.0; Win64; x64) AppleWebKit/537.36 (KHTML, like Gecko) Chrome/97.0.4692.71 Safari/537.36"

::1 - - [13/Jan/2022:15:09:47 +0000] "GET /fonts/element-icons.535877f5.woff HTTP/1.1" 200 28200 "http://localhost:30001/css/chunk-vendors.a16c4353.css" "Mozilla/5.0 (Windows NT 10.0; Win64; x64) AppleWebKit/537.36 (KHTML, like Gecko) Chrome/97.0.4692.71 Safari/537.36"

::1 - - [13/Jan/2022:15:09:47 +0000] "POST /api/route/users/login HTTP/1.1" 200 35 "http://localhost:30001/loginPage" "Mozilla/5.0 (Windows NT 10.0; Win64; x64) AppleWebKit/537.36 (KHTML, like Gecko) Chrome/97.0.4692.71 Safari/537.36"

::1 - - [13/Jan/2022:15:09:48 +0000] "GET /api/route/maps/current HTTP/1.1" 304 - "http://localhost:30001/map" "Mozilla/5.0 (Windows NT 10.0; Win64; x64) AppleWebKit/537.36 (KHTML, like Gecko) Chrome/97.0.4692.71 Safari/537.36"

::1 - - [13/Jan/2022:15:12:03 +0000] "GET /map HTTP/1.1" 302 64 "-" "Mozilla/5.0 (Windows NT 10.0; Win64; x64) AppleWebKit/537.36 (KHTML, like Gecko) Chrome/97.0.4692.71 Safari/537.36"

::1 - - [13/Jan/2022:15:12:03 +0000] "GET /loginPage HTTP/1.1" 200 714 "-" "Mozilla/5.0 (Windows NT 10.0; Win64; x64) AppleWebKit/537.36 (KHTML, like Gecko) Chrome/97.0.4692.71 Safari/537.36"

::1 - - [13/Jan/2022:15:12:03 +0000] "GET /css/app.e035a1a5.css HTTP/1.1" 200 5093 "http://localhost:30001/loginPage" "Mozilla/5.0 (Windows NT 10.0; Win64; x64) AppleWebKit/537.36 (KHTML, like Gecko) Chrome/97.0.4692.71 Safari/537.36"

::1 - - [13/Jan/2022:15:12:03 +0000] "GET /js/app.8fac8820.js HTTP/1.1" 200 44257 "http://localhost:30001/loginPage" "Mozilla/5.0 (Windows NT 10.0; Win64; x64) AppleWebKit/537.36 (KHTML, like Gecko) Chrome/97.0.4692.71 Safari/537.36"

::1 - - [13/Jan/2022:15:12:03 +0000] "GET /css/chunk-vendors.a16c4353.css HTTP/1.1" 200 214577 "http://localhost:30001/loginPage" "Mozilla/5.0 (Windows NT 10.0; Win64; x64) AppleWebKit/537.36 (KHTML, like Gecko) Chrome/97.0.4692.71 Safari/537.36"

::1 - - [13/Jan/2022:15:12:03 +0000] "GET /js/chunk-vendors.14ce27f2.js HTTP/1.1" 200 1057081 "http://localhost:30001/loginPage" "Mozilla/5.0 (Windows NT 10.0; Win64; x64) AppleWebKit/537.36 (KHTML, like Gecko) Chrome/97.0.4692.71 Safari/537.36"

::1 - - [13/Jan/2022:15:12:03 +0000] "GET /api/route/utils/wshost HTTP/1.1" 304 - "http://localhost:30001/loginPage" "Mozilla/5.0 (Windows NT 10.0; Win64; x64) AppleWebKit/537.36 (KHTML, like Gecko) Chrome/97.0.4692.71 Safari/537.36"

::1 - - [13/Jan/2022:15:12:03 +0000] "GET /loginPage HTTP/1.1" 304 - "-" "Mozilla/5.0 (Windows NT 10.0; Win64; x64) AppleWebKit/537.36 (KHTML, like Gecko) Chrome/97.0.4692.71 Safari/537.36"

::1 - - [13/Jan/2022:15:12:03 +0000] "GET /css/app.e035a1a5.css HTTP/1.1" 304 - "http://localhost:30001/loginPage" "Mozilla/5.0 (Windows NT 10.0; Win64; x64) AppleWebKit/537.36 (KHTML, like Gecko) Chrome/97.0.4692.71 Safari/537.36"

::1 - - [13/Jan/2022:15:12:03 +0000] "GET /css/chunk-vendors.a16c4353.css HTTP/1.1" 304 - "http://localhost:30001/loginPage" "Mozilla/5.0 (Windows NT 10.0; Win64; x64) AppleWebKit/537.36 (KHTML, like Gecko) Chrome/97.0.4692.71 Safari/537.36"

::1 - - [13/Jan/2022:15:12:03 +0000] "GET /js/app.8fac8820.js HTTP/1.1" 304 - "http://localhost:30001/loginPage" "Mozilla/5.0 (Windows NT 10.0; Win64; x64) AppleWebKit/537.36 (KHTML, like Gecko) Chrome/97.0.4692.71 Safari/537.36"

::1 - - [13/Jan/2022:15:12:03 +0000] "GET /js/chunk-vendors.14ce27f2.js HTTP/1.1" 304 - "http://localhost:30001/loginPage" "Mozilla/5.0 (Windows NT 10.0; Win64; x64) AppleWebKit/537.36 (KHTML, like Gecko) Chrome/97.0.4692.71 Safari/537.36"

::1 - - [13/Jan/2022:15:12:04 +0000] "GET /api/route/utils/wshost HTTP/1.1" 304 - "http://localhost:30001/loginPage" "Mozilla/5.0 (Windows NT 10.0; Win64; x64) AppleWebKit/537.36 (KHTML, like Gecko) Chrome/97.0.4692.71 Safari/537.36"

::1 - - [13/Jan/2022:15:12:04 +0000] "GET /fonts/element-icons.535877f5.woff HTTP/1.1" 200 28200 "http://localhost:30001/css/chunk-vendors.a16c4353.css" "Mozilla/5.0 (Windows NT 10.0; Win64; x64) AppleWebKit/537.36 (KHTML, like Gecko) Chrome/97.0.4692.71 Safari/537.36"

::1 - - [13/Jan/2022:15:12:04 +0000] "POST /api/route/users/login HTTP/1.1" 200 35 "http://localhost:30001/loginPage" "Mozilla/5.0 (Windows NT 10.0; Win64; x64) AppleWebKit/537.36 (KHTML, like Gecko) Chrome/97.0.4692.71 Safari/537.36"

::1 - - [13/Jan/2022:15:12:05 +0000] "GET /api/route/maps/current HTTP/1.1" 304 - "http://localhost:30001/map" "Mozilla/5.0 (Windows NT 10.0; Win64; x64) AppleWebKit/537.36 (KHTML, like Gecko) Chrome/97.0.4692.71 Safari/537.36"

::1 - - [13/Jan/2022:15:13:54 +0000] "GET /map HTTP/1.1" 302 64 "-" "Mozilla/5.0 (Windows NT 10.0; Win64; x64) AppleWebKit/537.36 (KHTML, like Gecko) Chrome/97.0.4692.71 Safari/537.36"

::1 - - [13/Jan/2022:15:13:54 +0000] "GET /loginPage HTTP/1.1" 200 714 "-" "Mozilla/5.0 (Windows NT 10.0; Win64; x64) AppleWebKit/537.36 (KHTML, like Gecko) Chrome/97.0.4692.71 Safari/537.36"

::1 - - [13/Jan/2022:15:13:54 +0000] "GET /css/app.01cdbc35.css HTTP/1.1" 200 5093 "http://localhost:30001/loginPage" "Mozilla/5.0 (Windows NT 10.0; Win64; x64) AppleWebKit/537.36 (KHTML, like Gecko) Chrome/97.0.4692.71 Safari/537.36"

::1 - - [13/Jan/2022:15:13:54 +0000] "GET /js/app.66fbe6f0.js HTTP/1.1" 200 44276 "http://localhost:30001/loginPage" "Mozilla/5.0 (Windows NT 10.0; Win64; x64) AppleWebKit/537.36 (KHTML, like Gecko) Chrome/97.0.4692.71 Safari/537.36"

::1 - - [13/Jan/2022:15:13:54 +0000] "GET /css/chunk-vendors.a16c4353.css HTTP/1.1" 200 214577 "http://localhost:30001/loginPage" "Mozilla/5.0 (Windows NT 10.0; Win64; x64) AppleWebKit/537.36 (KHTML, like Gecko) Chrome/97.0.4692.71 Safari/537.36"

::1 - - [13/Jan/2022:15:13:54 +0000] "GET /js/chunk-vendors.14ce27f2.js HTTP/1.1" 200 1057081 "http://localhost:30001/loginPage" "Mozilla/5.0 (Windows NT 10.0; Win64; x64) AppleWebKit/537.36 (KHTML, like Gecko) Chrome/97.0.4692.71 Safari/537.36"

::1 - - [13/Jan/2022:15:13:54 +0000] "GET /api/route/utils/wshost HTTP/1.1" 304 - "http://localhost:30001/loginPage" "Mozilla/5.0 (Windows NT 10.0; Win64; x64) AppleWebKit/537.36 (KHTML, like Gecko) Chrome/97.0.4692.71 Safari/537.36"

::1 - - [13/Jan/2022:15:13:54 +0000] "GET /loginPage HTTP/1.1" 304 - "-" "Mozilla/5.0 (Windows NT 10.0; Win64; x64) AppleWebKit/537.36 (KHTML, like Gecko) Chrome/97.0.4692.71 Safari/537.36"

::1 - - [13/Jan/2022:15:13:54 +0000] "GET /css/app.01cdbc35.css HTTP/1.1" 304 - "http://localhost:30001/loginPage" "Mozilla/5.0 (Windows NT 10.0; Win64; x64) AppleWebKit/537.36 (KHTML, like Gecko) Chrome/97.0.4692.71 Safari/537.36"

::1 - - [13/Jan/2022:15:13:54 +0000] "GET /css/chunk-vendors.a16c4353.css HTTP/1.1" 304 - "http://localhost:30001/loginPage" "Mozilla/5.0 (Windows NT 10.0; Win64; x64) AppleWebKit/537.36 (KHTML, like Gecko) Chrome/97.0.4692.71 Safari/537.36"

::1 - - [13/Jan/2022:15:13:54 +0000] "GET /js/app.66fbe6f0.js HTTP/1.1" 304 - "http://localhost:30001/loginPage" "Mozilla/5.0 (Windows NT 10.0; Win64; x64) AppleWebKit/537.36 (KHTML, like Gecko) Chrome/97.0.4692.71 Safari/537.36"

::1 - - [13/Jan/2022:15:13:54 +0000] "GET /js/chunk-vendors.14ce27f2.js HTTP/1.1" 304 - "http://localhost:30001/loginPage" "Mozilla/5.0 (Windows NT 10.0; Win64; x64) AppleWebKit/537.36 (KHTML, like Gecko) Chrome/97.0.4692.71 Safari/537.36"

::1 - - [13/Jan/2022:15:13:55 +0000] "GET /api/route/utils/wshost HTTP/1.1" 304 - "http://localhost:30001/loginPage" "Mozilla/5.0 (Windows NT 10.0; Win64; x64) AppleWebKit/537.36 (KHTML, like Gecko) Chrome/97.0.4692.71 Safari/537.36"

::1 - - [13/Jan/2022:15:13:55 +0000] "GET /fonts/element-icons.535877f5.woff HTTP/1.1" 200 28200 "http://localhost:30001/css/chunk-vendors.a16c4353.css" "Mozilla/5.0 (Windows NT 10.0; Win64; x64) AppleWebKit/537.36 (KHTML, like Gecko) Chrome/97.0.4692.71 Safari/537.36"

::1 - - [13/Jan/2022:15:13:55 +0000] "POST /api/route/users/login HTTP/1.1" 200 35 "http://localhost:30001/loginPage" "Mozilla/5.0 (Windows NT 10.0; Win64; x64) AppleWebKit/537.36 (KHTML, like Gecko) Chrome/97.0.4692.71 Safari/537.36"

::1 - - [13/Jan/2022:15:13:57 +0000] "GET /api/route/maps/current HTTP/1.1" 304 - "http://localhost:30001/map" "Mozilla/5.0 (Windows NT 10.0; Win64; x64) AppleWebKit/537.36 (KHTML, like Gecko) Chrome/97.0.4692.71 Safari/537.36"

::1 - - [13/Jan/2022:15:15:55 +0000] "GET /map HTTP/1.1" 302 64 "-" "Mozilla/5.0 (Windows NT 10.0; Win64; x64) AppleWebKit/537.36 (KHTML, like Gecko) Chrome/97.0.4692.71 Safari/537.36"

::1 - - [13/Jan/2022:15:15:55 +0000] "GET /loginPage HTTP/1.1" 200 714 "-" "Mozilla/5.0 (Windows NT 10.0; Win64; x64) AppleWebKit/537.36 (KHTML, like Gecko) Chrome/97.0.4692.71 Safari/537.36"

::1 - - [13/Jan/2022:15:15:55 +0000] "GET /css/app.c497c6b4.css HTTP/1.1" 200 5093 "http://localhost:30001/loginPage" "Mozilla/5.0 (Windows NT 10.0; Win64; x64) AppleWebKit/537.36 (KHTML, like Gecko) Chrome/97.0.4692.71 Safari/537.36"

::1 - - [13/Jan/2022:15:15:55 +0000] "GET /js/app.d388e1e5.js HTTP/1.1" 200 44280 "http://localhost:30001/loginPage" "Mozilla/5.0 (Windows NT 10.0; Win64; x64) AppleWebKit/537.36 (KHTML, like Gecko) Chrome/97.0.4692.71 Safari/537.36"

::1 - - [13/Jan/2022:15:15:55 +0000] "GET /css/chunk-vendors.a16c4353.css HTTP/1.1" 200 214577 "http://localhost:30001/loginPage" "Mozilla/5.0 (Windows NT 10.0; Win64; x64) AppleWebKit/537.36 (KHTML, like Gecko) Chrome/97.0.4692.71 Safari/537.36"

::1 - - [13/Jan/2022:15:15:55 +0000] "GET /js/chunk-vendors.14ce27f2.js HTTP/1.1" 200 1057081 "http://localhost:30001/loginPage" "Mozilla/5.0 (Windows NT 10.0; Win64; x64) AppleWebKit/537.36 (KHTML, like Gecko) Chrome/97.0.4692.71 Safari/537.36"

::1 - - [13/Jan/2022:15:15:55 +0000] "GET /api/route/utils/wshost HTTP/1.1" 304 - "http://localhost:30001/loginPage" "Mozilla/5.0 (Windows NT 10.0; Win64; x64) AppleWebKit/537.36 (KHTML, like Gecko) Chrome/97.0.4692.71 Safari/537.36"

::1 - - [13/Jan/2022:15:15:55 +0000] "GET /loginPage HTTP/1.1" 304 - "-" "Mozilla/5.0 (Windows NT 10.0; Win64; x64) AppleWebKit/537.36 (KHTML, like Gecko) Chrome/97.0.4692.71 Safari/537.36"

::1 - - [13/Jan/2022:15:15:55 +0000] "GET /css/app.c497c6b4.css HTTP/1.1" 304 - "http://localhost:30001/loginPage" "Mozilla/5.0 (Windows NT 10.0; Win64; x64) AppleWebKit/537.36 (KHTML, like Gecko) Chrome/97.0.4692.71 Safari/537.36"

::1 - - [13/Jan/2022:15:15:55 +0000] "GET /css/chunk-vendors.a16c4353.css HTTP/1.1" 304 - "http://localhost:30001/loginPage" "Mozilla/5.0 (Windows NT 10.0; Win64; x64) AppleWebKit/537.36 (KHTML, like Gecko) Chrome/97.0.4692.71 Safari/537.36"

::1 - - [13/Jan/2022:15:15:55 +0000] "GET /js/app.d388e1e5.js HTTP/1.1" 304 - "http://localhost:30001/loginPage" "Mozilla/5.0 (Windows NT 10.0; Win64; x64) AppleWebKit/537.36 (KHTML, like Gecko) Chrome/97.0.4692.71 Safari/537.36"

::1 - - [13/Jan/2022:15:15:55 +0000] "GET /js/chunk-vendors.14ce27f2.js HTTP/1.1" 304 - "http://localhost:30001/loginPage" "Mozilla/5.0 (Windows NT 10.0; Win64; x64) AppleWebKit/537.36 (KHTML, like Gecko) Chrome/97.0.4692.71 Safari/537.36"

::1 - - [13/Jan/2022:15:15:55 +0000] "GET /api/route/utils/wshost HTTP/1.1" 304 - "http://localhost:30001/loginPage" "Mozilla/5.0 (Windows NT 10.0; Win64; x64) AppleWebKit/537.36 (KHTML, like Gecko) Chrome/97.0.4692.71 Safari/537.36"

::1 - - [13/Jan/2022:15:15:56 +0000] "GET /fonts/element-icons.535877f5.woff HTTP/1.1" 200 28200 "http://localhost:30001/css/chunk-vendors.a16c4353.css" "Mozilla/5.0 (Windows NT 10.0; Win64; x64) AppleWebKit/537.36 (KHTML, like Gecko) Chrome/97.0.4692.71 Safari/537.36"

::1 - - [13/Jan/2022:15:15:56 +0000] "POST /api/route/users/login HTTP/1.1" 200 35 "http://localhost:30001/loginPage" "Mozilla/5.0 (Windows NT 10.0; Win64; x64) AppleWebKit/537.36 (KHTML, like Gecko) Chrome/97.0.4692.71 Safari/537.36"

::1 - - [13/Jan/2022:15:15:57 +0000] "GET /api/route/maps/current HTTP/1.1" 304 - "http://localhost:30001/map" "Mozilla/5.0 (Windows NT 10.0; Win64; x64) AppleWebKit/537.36 (KHTML, like Gecko) Chrome/97.0.4692.71 Safari/537.36"

::1 - - [13/Jan/2022:15:17:00 +0000] "GET /map HTTP/1.1" 302 64 "-" "Mozilla/5.0 (Windows NT 10.0; Win64; x64) AppleWebKit/537.36 (KHTML, like Gecko) Chrome/97.0.4692.71 Safari/537.36"

::1 - - [13/Jan/2022:15:17:00 +0000] "GET /loginPage HTTP/1.1" 200 714 "-" "Mozilla/5.0 (Windows NT 10.0; Win64; x64) AppleWebKit/537.36 (KHTML, like Gecko) Chrome/97.0.4692.71 Safari/537.36"

::1 - - [13/Jan/2022:15:17:00 +0000] "GET /css/app.9675e101.css HTTP/1.1" 200 5093 "http://localhost:30001/loginPage" "Mozilla/5.0 (Windows NT 10.0; Win64; x64) AppleWebKit/537.36 (KHTML, like Gecko) Chrome/97.0.4692.71 Safari/537.36"

::1 - - [13/Jan/2022:15:17:00 +0000] "GET /js/app.b60bea03.js HTTP/1.1" 200 44280 "http://localhost:30001/loginPage" "Mozilla/5.0 (Windows NT 10.0; Win64; x64) AppleWebKit/537.36 (KHTML, like Gecko) Chrome/97.0.4692.71 Safari/537.36"

::1 - - [13/Jan/2022:15:17:00 +0000] "GET /css/chunk-vendors.a16c4353.css HTTP/1.1" 200 214577 "http://localhost:30001/loginPage" "Mozilla/5.0 (Windows NT 10.0; Win64; x64) AppleWebKit/537.36 (KHTML, like Gecko) Chrome/97.0.4692.71 Safari/537.36"

::1 - - [13/Jan/2022:15:17:00 +0000] "GET /js/chunk-vendors.14ce27f2.js HTTP/1.1" 200 1057081 "http://localhost:30001/loginPage" "Mozilla/5.0 (Windows NT 10.0; Win64; x64) AppleWebKit/537.36 (KHTML, like Gecko) Chrome/97.0.4692.71 Safari/537.36"

::1 - - [13/Jan/2022:15:17:00 +0000] "GET /api/route/utils/wshost HTTP/1.1" 304 - "http://localhost:30001/loginPage" "Mozilla/5.0 (Windows NT 10.0; Win64; x64) AppleWebKit/537.36 (KHTML, like Gecko) Chrome/97.0.4692.71 Safari/537.36"

::1 - - [13/Jan/2022:15:17:00 +0000] "GET /loginPage HTTP/1.1" 304 - "-" "Mozilla/5.0 (Windows NT 10.0; Win64; x64) AppleWebKit/537.36 (KHTML, like Gecko) Chrome/97.0.4692.71 Safari/537.36"

::1 - - [13/Jan/2022:15:17:00 +0000] "GET /css/app.9675e101.css HTTP/1.1" 304 - "http://localhost:30001/loginPage" "Mozilla/5.0 (Windows NT 10.0; Win64; x64) AppleWebKit/537.36 (KHTML, like Gecko) Chrome/97.0.4692.71 Safari/537.36"

::1 - - [13/Jan/2022:15:17:00 +0000] "GET /css/chunk-vendors.a16c4353.css HTTP/1.1" 304 - "http://localhost:30001/loginPage" "Mozilla/5.0 (Windows NT 10.0; Win64; x64) AppleWebKit/537.36 (KHTML, like Gecko) Chrome/97.0.4692.71 Safari/537.36"

::1 - - [13/Jan/2022:15:17:00 +0000] "GET /js/app.b60bea03.js HTTP/1.1" 304 - "http://localhost:30001/loginPage" "Mozilla/5.0 (Windows NT 10.0; Win64; x64) AppleWebKit/537.36 (KHTML, like Gecko) Chrome/97.0.4692.71 Safari/537.36"

::1 - - [13/Jan/2022:15:17:00 +0000] "GET /js/chunk-vendors.14ce27f2.js HTTP/1.1" 304 - "http://localhost:30001/loginPage" "Mozilla/5.0 (Windows NT 10.0; Win64; x64) AppleWebKit/537.36 (KHTML, like Gecko) Chrome/97.0.4692.71 Safari/537.36"

::1 - - [13/Jan/2022:15:17:00 +0000] "GET /api/route/utils/wshost HTTP/1.1" 304 - "http://localhost:30001/loginPage" "Mozilla/5.0 (Windows NT 10.0; Win64; x64) AppleWebKit/537.36 (KHTML, like Gecko) Chrome/97.0.4692.71 Safari/537.36"

::1 - - [13/Jan/2022:15:17:01 +0000] "GET /fonts/element-icons.535877f5.woff HTTP/1.1" 200 28200 "http://localhost:30001/css/chunk-vendors.a16c4353.css" "Mozilla/5.0 (Windows NT 10.0; Win64; x64) AppleWebKit/537.36 (KHTML, like Gecko) Chrome/97.0.4692.71 Safari/537.36"

::1 - - [13/Jan/2022:15:17:01 +0000] "POST /api/route/users/login HTTP/1.1" 200 35 "http://localhost:30001/loginPage" "Mozilla/5.0 (Windows NT 10.0; Win64; x64) AppleWebKit/537.36 (KHTML, like Gecko) Chrome/97.0.4692.71 Safari/537.36"

::1 - - [13/Jan/2022:15:17:02 +0000] "GET /api/route/maps/current HTTP/1.1" 304 - "http://localhost:30001/map" "Mozilla/5.0 (Windows NT 10.0; Win64; x64) AppleWebKit/537.36 (KHTML, like Gecko) Chrome/97.0.4692.71 Safari/537.36"

