::1 - - [17/Dec/2021:02:34:03 +0000] "POST /api/route/transportOrders/20211217103403 HTTP/1.1" 200 2 "-" "python-requests/2.26.0"

::1 - - [17/Dec/2021:02:35:36 +0000] "POST /api/route/transportOrders/20211217103536 HTTP/1.1" 200 2 "-" "python-requests/2.26.0"

::1 - - [17/Dec/2021:02:55:14 +0000] "POST /api/route/transportOrders/20211217105514 HTTP/1.1" 200 2 "-" "python-requests/2.26.0"

::1 - - [17/Dec/2021:02:56:42 +0000] "POST /api/route/transportOrders/20211217105642 HTTP/1.1" 200 2 "-" "python-requests/2.26.0"

::1 - - [17/Dec/2021:02:56:59 +0000] "POST /api/route/transportOrders/20211217105659 HTTP/1.1" 200 2 "-" "python-requests/2.26.0"

::1 - - [17/Dec/2021:02:58:37 +0000] "POST /api/route/transportOrders/20211217105837 HTTP/1.1" 200 2 "-" "python-requests/2.26.0"

::1 - - [17/Dec/2021:03:00:30 +0000] "POST /api/route/transportOrders/20211217110030 HTTP/1.1" 200 2 "-" "python-requests/2.26.0"

::1 - - [17/Dec/2021:03:01:29 +0000] "POST /api/route/transportOrders/20211217110128 HTTP/1.1" 200 2 "-" "python-requests/2.26.0"

::1 - - [17/Dec/2021:03:05:10 +0000] "POST /api/route/transportOrders/20211217110510 HTTP/1.1" 200 2 "-" "python-requests/2.26.0"

::1 - - [17/Dec/2021:03:09:11 +0000] "POST /api/route/transportOrders/20211217110911 HTTP/1.1" 200 2 "-" "python-requests/2.26.0"

::1 - - [17/Dec/2021:03:11:23 +0000] "POST /api/route/transportOrders/20211217111123 HTTP/1.1" 200 2 "-" "python-requests/2.26.0"

::1 - - [17/Dec/2021:04:01:16 +0000] "POST /api/route/transportOrders/20211217120115 HTTP/1.1" 200 2 "-" "python-requests/2.26.0"

::1 - - [17/Dec/2021:04:04:48 +0000] "POST /api/route/transportOrders/20211217120448 HTTP/1.1" 200 2 "-" "python-requests/2.26.0"

::1 - - [17/Dec/2021:04:18:24 +0000] "POST /api/route/transportOrders/20211217121824 HTTP/1.1" 200 2 "-" "python-requests/2.26.0"

::1 - - [17/Dec/2021:04:19:56 +0000] "POST /api/route/transportOrders/20211217121956 HTTP/1.1" 200 2 "-" "python-requests/2.26.0"

::1 - - [17/Dec/2021:04:23:37 +0000] "POST /api/route/transportOrders/20211217122337 HTTP/1.1" 200 2 "-" "python-requests/2.26.0"

::1 - - [17/Dec/2021:04:26:49 +0000] "POST /api/route/transportOrders/20211217122649 HTTP/1.1" 200 2 "-" "python-requests/2.26.0"

::1 - - [17/Dec/2021:04:31:44 +0000] "POST /api/route/transportOrders/20211217123144 HTTP/1.1" 200 2 "-" "python-requests/2.26.0"

::1 - - [17/Dec/2021:04:34:47 +0000] "POST /api/route/transportOrders/20211217123447 HTTP/1.1" 200 2 "-" "python-requests/2.26.0"

::1 - - [17/Dec/2021:04:36:38 +0000] "POST /api/route/transportOrders/20211217123638 HTTP/1.1" 200 2 "-" "python-requests/2.26.0"

::1 - - [17/Dec/2021:04:39:01 +0000] "POST /api/route/transportOrders/20211217123901 HTTP/1.1" 200 2 "-" "python-requests/2.26.0"

::1 - - [17/Dec/2021:04:41:34 +0000] "POST /api/route/transportOrders/20211217124134 HTTP/1.1" 200 2 "-" "python-requests/2.26.0"

::1 - - [17/Dec/2021:04:43:40 +0000] "POST /api/route/transportOrders/20211217124340 HTTP/1.1" 200 2 "-" "python-requests/2.26.0"

::1 - - [17/Dec/2021:04:46:24 +0000] "POST /api/route/transportOrders/20211217124624 HTTP/1.1" 200 2 "-" "python-requests/2.26.0"

::1 - - [17/Dec/2021:04:48:21 +0000] "POST /api/route/transportOrders/20211217124821 HTTP/1.1" 200 2 "-" "python-requests/2.26.0"

::1 - - [17/Dec/2021:04:51:20 +0000] "POST /api/route/transportOrders/20211217125120 HTTP/1.1" 200 2 "-" "python-requests/2.26.0"

::1 - - [17/Dec/2021:04:52:03 +0000] "GET / HTTP/1.1" 302 64 "-" "Mozilla/5.0 (Windows NT 10.0; Win64; x64) AppleWebKit/537.36 (KHTML, like Gecko) Chrome/96.0.4664.110 Safari/537.36"

::1 - - [17/Dec/2021:04:52:03 +0000] "GET /loginPage HTTP/1.1" 200 714 "-" "Mozilla/5.0 (Windows NT 10.0; Win64; x64) AppleWebKit/537.36 (KHTML, like Gecko) Chrome/96.0.4664.110 Safari/537.36"

::1 - - [17/Dec/2021:04:52:03 +0000] "GET /css/app.b2b4e189.css HTTP/1.1" 200 1683 "http://localhost:30001/loginPage" "Mozilla/5.0 (Windows NT 10.0; Win64; x64) AppleWebKit/537.36 (KHTML, like Gecko) Chrome/96.0.4664.110 Safari/537.36"

::1 - - [17/Dec/2021:04:52:03 +0000] "GET /js/app.8bedbecc.js HTTP/1.1" 200 9820 "http://localhost:30001/loginPage" "Mozilla/5.0 (Windows NT 10.0; Win64; x64) AppleWebKit/537.36 (KHTML, like Gecko) Chrome/96.0.4664.110 Safari/537.36"

::1 - - [17/Dec/2021:04:52:03 +0000] "GET /css/chunk-vendors.37b3d8f8.css HTTP/1.1" 200 211426 "http://localhost:30001/loginPage" "Mozilla/5.0 (Windows NT 10.0; Win64; x64) AppleWebKit/537.36 (KHTML, like Gecko) Chrome/96.0.4664.110 Safari/537.36"

::1 - - [17/Dec/2021:04:52:03 +0000] "GET /js/chunk-vendors.8580b29f.js HTTP/1.1" 200 875532 "http://localhost:30001/loginPage" "Mozilla/5.0 (Windows NT 10.0; Win64; x64) AppleWebKit/537.36 (KHTML, like Gecko) Chrome/96.0.4664.110 Safari/537.36"

::1 - - [17/Dec/2021:04:52:03 +0000] "GET /favicon.ico HTTP/1.1" 302 32 "http://localhost:30001/loginPage" "Mozilla/5.0 (Windows NT 10.0; Win64; x64) AppleWebKit/537.36 (KHTML, like Gecko) Chrome/96.0.4664.110 Safari/537.36"

::1 - - [17/Dec/2021:04:52:03 +0000] "GET /loginPage HTTP/1.1" 404 34 "http://localhost:30001/loginPage" "Mozilla/5.0 (Windows NT 10.0; Win64; x64) AppleWebKit/537.36 (KHTML, like Gecko) Chrome/96.0.4664.110 Safari/537.36"

::1 - - [17/Dec/2021:04:52:05 +0000] "GET /fonts/element-icons.535877f5.woff HTTP/1.1" 200 28200 "http://localhost:30001/css/chunk-vendors.37b3d8f8.css" "Mozilla/5.0 (Windows NT 10.0; Win64; x64) AppleWebKit/537.36 (KHTML, like Gecko) Chrome/96.0.4664.110 Safari/537.36"

::1 - - [17/Dec/2021:04:52:05 +0000] "POST /api/route/users/login HTTP/1.1" 200 35 "http://localhost:30001/loginPage" "Mozilla/5.0 (Windows NT 10.0; Win64; x64) AppleWebKit/537.36 (KHTML, like Gecko) Chrome/96.0.4664.110 Safari/537.36"

::1 - - [17/Dec/2021:04:54:10 +0000] "POST /api/route/transportOrders/20211217125410 HTTP/1.1" 200 2 "-" "python-requests/2.26.0"

::1 - - [17/Dec/2021:04:56:37 +0000] "POST /api/route/transportOrders/20211217125637 HTTP/1.1" 200 2 "-" "python-requests/2.26.0"

::1 - - [17/Dec/2021:04:59:30 +0000] "POST /api/route/transportOrders/20211217125930 HTTP/1.1" 200 2 "-" "python-requests/2.26.0"

