::1 - - [04/Jan/2022:12:24:13 +0000] "GET / HTTP/1.1" 302 64 "-" "Mozilla/5.0 (Windows NT 10.0; Win64; x64) AppleWebKit/537.36 (KHTML, like Gecko) Chrome/96.0.4664.110 Safari/537.36"

::1 - - [04/Jan/2022:12:24:13 +0000] "GET /loginPage HTTP/1.1" 200 714 "-" "Mozilla/5.0 (Windows NT 10.0; Win64; x64) AppleWebKit/537.36 (KHTML, like Gecko) Chrome/96.0.4664.110 Safari/537.36"

::1 - - [04/Jan/2022:12:24:13 +0000] "GET /css/app.b2b4e189.css HTTP/1.1" 200 1683 "http://localhost:30001/loginPage" "Mozilla/5.0 (Windows NT 10.0; Win64; x64) AppleWebKit/537.36 (KHTML, like Gecko) Chrome/96.0.4664.110 Safari/537.36"

::1 - - [04/Jan/2022:12:24:13 +0000] "GET /js/app.8bedbecc.js HTTP/1.1" 200 9820 "http://localhost:30001/loginPage" "Mozilla/5.0 (Windows NT 10.0; Win64; x64) AppleWebKit/537.36 (KHTML, like Gecko) Chrome/96.0.4664.110 Safari/537.36"

::1 - - [04/Jan/2022:12:24:13 +0000] "GET /css/chunk-vendors.37b3d8f8.css HTTP/1.1" 200 211426 "http://localhost:30001/loginPage" "Mozilla/5.0 (Windows NT 10.0; Win64; x64) AppleWebKit/537.36 (KHTML, like Gecko) Chrome/96.0.4664.110 Safari/537.36"

::1 - - [04/Jan/2022:12:24:13 +0000] "GET /js/chunk-vendors.8580b29f.js HTTP/1.1" 200 875532 "http://localhost:30001/loginPage" "Mozilla/5.0 (Windows NT 10.0; Win64; x64) AppleWebKit/537.36 (KHTML, like Gecko) Chrome/96.0.4664.110 Safari/537.36"

::1 - - [04/Jan/2022:12:24:13 +0000] "GET /favicon.ico HTTP/1.1" 302 32 "http://localhost:30001/loginPage" "Mozilla/5.0 (Windows NT 10.0; Win64; x64) AppleWebKit/537.36 (KHTML, like Gecko) Chrome/96.0.4664.110 Safari/537.36"

::1 - - [04/Jan/2022:12:24:13 +0000] "GET /loginPage HTTP/1.1" 404 34 "http://localhost:30001/loginPage" "Mozilla/5.0 (Windows NT 10.0; Win64; x64) AppleWebKit/537.36 (KHTML, like Gecko) Chrome/96.0.4664.110 Safari/537.36"

::1 - - [04/Jan/2022:12:24:15 +0000] "GET /fonts/element-icons.535877f5.woff HTTP/1.1" 200 28200 "http://localhost:30001/css/chunk-vendors.37b3d8f8.css" "Mozilla/5.0 (Windows NT 10.0; Win64; x64) AppleWebKit/537.36 (KHTML, like Gecko) Chrome/96.0.4664.110 Safari/537.36"

::1 - - [04/Jan/2022:12:24:15 +0000] "POST /api/route/users/login HTTP/1.1" 200 35 "http://localhost:30001/loginPage" "Mozilla/5.0 (Windows NT 10.0; Win64; x64) AppleWebKit/537.36 (KHTML, like Gecko) Chrome/96.0.4664.110 Safari/537.36"

::1 - - [04/Jan/2022:12:24:24 +0000] "GET /test.html HTTP/1.1" 200 2710 "-" "Mozilla/5.0 (Windows NT 10.0; Win64; x64) AppleWebKit/537.36 (KHTML, like Gecko) Chrome/96.0.4664.110 Safari/537.36"

::1 - - [04/Jan/2022:12:35:37 +0000] "GET / HTTP/1.1" 302 64 "-" "Mozilla/5.0 (Windows NT 10.0; Win64; x64) AppleWebKit/537.36 (KHTML, like Gecko) Chrome/96.0.4664.110 Safari/537.36"

::1 - - [04/Jan/2022:12:35:37 +0000] "GET /loginPage HTTP/1.1" 200 714 "-" "Mozilla/5.0 (Windows NT 10.0; Win64; x64) AppleWebKit/537.36 (KHTML, like Gecko) Chrome/96.0.4664.110 Safari/537.36"

::1 - - [04/Jan/2022:12:35:37 +0000] "GET /css/app.b2b4e189.css HTTP/1.1" 304 - "http://localhost:30001/loginPage" "Mozilla/5.0 (Windows NT 10.0; Win64; x64) AppleWebKit/537.36 (KHTML, like Gecko) Chrome/96.0.4664.110 Safari/537.36"

::1 - - [04/Jan/2022:12:35:37 +0000] "GET /css/chunk-vendors.37b3d8f8.css HTTP/1.1" 304 - "http://localhost:30001/loginPage" "Mozilla/5.0 (Windows NT 10.0; Win64; x64) AppleWebKit/537.36 (KHTML, like Gecko) Chrome/96.0.4664.110 Safari/537.36"

::1 - - [04/Jan/2022:12:35:37 +0000] "GET /js/app.8bedbecc.js HTTP/1.1" 304 - "http://localhost:30001/loginPage" "Mozilla/5.0 (Windows NT 10.0; Win64; x64) AppleWebKit/537.36 (KHTML, like Gecko) Chrome/96.0.4664.110 Safari/537.36"

::1 - - [04/Jan/2022:12:35:37 +0000] "GET /js/chunk-vendors.8580b29f.js HTTP/1.1" 304 - "http://localhost:30001/loginPage" "Mozilla/5.0 (Windows NT 10.0; Win64; x64) AppleWebKit/537.36 (KHTML, like Gecko) Chrome/96.0.4664.110 Safari/537.36"

::1 - - [04/Jan/2022:12:35:38 +0000] "GET /fonts/element-icons.535877f5.woff HTTP/1.1" 304 - "http://localhost:30001/css/chunk-vendors.37b3d8f8.css" "Mozilla/5.0 (Windows NT 10.0; Win64; x64) AppleWebKit/537.36 (KHTML, like Gecko) Chrome/96.0.4664.110 Safari/537.36"

::1 - - [04/Jan/2022:12:35:39 +0000] "POST /api/route/users/login HTTP/1.1" 200 35 "http://localhost:30001/loginPage" "Mozilla/5.0 (Windows NT 10.0; Win64; x64) AppleWebKit/537.36 (KHTML, like Gecko) Chrome/96.0.4664.110 Safari/537.36"

::1 - - [04/Jan/2022:12:35:45 +0000] "GET /test.html HTTP/1.1" 304 - "-" "Mozilla/5.0 (Windows NT 10.0; Win64; x64) AppleWebKit/537.36 (KHTML, like Gecko) Chrome/96.0.4664.110 Safari/537.36"

::1 - - [04/Jan/2022:12:36:16 +0000] "GET /test.html HTTP/1.1" 200 2710 "-" "Mozilla/5.0 (Windows NT 10.0; Win64; x64) AppleWebKit/537.36 (KHTML, like Gecko) Chrome/96.0.4664.110 Safari/537.36"

::1 - - [04/Jan/2022:12:37:30 +0000] "GET / HTTP/1.1" 302 64 "-" "Mozilla/5.0 (Windows NT 10.0; Win64; x64) AppleWebKit/537.36 (KHTML, like Gecko) Chrome/96.0.4664.110 Safari/537.36"

::1 - - [04/Jan/2022:12:37:30 +0000] "GET /loginPage HTTP/1.1" 304 - "-" "Mozilla/5.0 (Windows NT 10.0; Win64; x64) AppleWebKit/537.36 (KHTML, like Gecko) Chrome/96.0.4664.110 Safari/537.36"

::1 - - [04/Jan/2022:12:37:30 +0000] "GET /css/app.b2b4e189.css HTTP/1.1" 304 - "http://localhost:30001/loginPage" "Mozilla/5.0 (Windows NT 10.0; Win64; x64) AppleWebKit/537.36 (KHTML, like Gecko) Chrome/96.0.4664.110 Safari/537.36"

::1 - - [04/Jan/2022:12:37:30 +0000] "GET /css/chunk-vendors.37b3d8f8.css HTTP/1.1" 304 - "http://localhost:30001/loginPage" "Mozilla/5.0 (Windows NT 10.0; Win64; x64) AppleWebKit/537.36 (KHTML, like Gecko) Chrome/96.0.4664.110 Safari/537.36"

::1 - - [04/Jan/2022:12:37:30 +0000] "GET /js/app.8bedbecc.js HTTP/1.1" 304 - "http://localhost:30001/loginPage" "Mozilla/5.0 (Windows NT 10.0; Win64; x64) AppleWebKit/537.36 (KHTML, like Gecko) Chrome/96.0.4664.110 Safari/537.36"

::1 - - [04/Jan/2022:12:37:30 +0000] "GET /js/chunk-vendors.8580b29f.js HTTP/1.1" 304 - "http://localhost:30001/loginPage" "Mozilla/5.0 (Windows NT 10.0; Win64; x64) AppleWebKit/537.36 (KHTML, like Gecko) Chrome/96.0.4664.110 Safari/537.36"

::1 - - [04/Jan/2022:12:37:30 +0000] "GET /js/app.8bedbecc.js.map HTTP/1.1" 200 46933 "-" "Mozilla/5.0 (Windows NT 10.0; Win64; x64) AppleWebKit/537.36 (KHTML, like Gecko) Chrome/96.0.4664.110 Safari/537.36"

::1 - - [04/Jan/2022:12:37:30 +0000] "GET /js/chunk-vendors.8580b29f.js.map HTTP/1.1" 200 3503721 "-" "Mozilla/5.0 (Windows NT 10.0; Win64; x64) AppleWebKit/537.36 (KHTML, like Gecko) Chrome/96.0.4664.110 Safari/537.36"

::1 - - [04/Jan/2022:12:37:33 +0000] "GET /fonts/element-icons.535877f5.woff HTTP/1.1" 304 - "http://localhost:30001/css/chunk-vendors.37b3d8f8.css" "Mozilla/5.0 (Windows NT 10.0; Win64; x64) AppleWebKit/537.36 (KHTML, like Gecko) Chrome/96.0.4664.110 Safari/537.36"

::1 - - [04/Jan/2022:12:37:33 +0000] "POST /api/route/users/login HTTP/1.1" 200 35 "http://localhost:30001/loginPage" "Mozilla/5.0 (Windows NT 10.0; Win64; x64) AppleWebKit/537.36 (KHTML, like Gecko) Chrome/96.0.4664.110 Safari/537.36"

::1 - - [04/Jan/2022:12:37:40 +0000] "GET /api/route/users/logout HTTP/1.1" 302 64 "http://localhost:30001/vehicles" "Mozilla/5.0 (Windows NT 10.0; Win64; x64) AppleWebKit/537.36 (KHTML, like Gecko) Chrome/96.0.4664.110 Safari/537.36"

::1 - - [04/Jan/2022:12:37:40 +0000] "GET /loginPage HTTP/1.1" 304 - "http://localhost:30001/vehicles" "Mozilla/5.0 (Windows NT 10.0; Win64; x64) AppleWebKit/537.36 (KHTML, like Gecko) Chrome/96.0.4664.110 Safari/537.36"

::1 - - [04/Jan/2022:12:37:40 +0000] "GET /css/app.b2b4e189.css HTTP/1.1" 304 - "http://localhost:30001/loginPage" "Mozilla/5.0 (Windows NT 10.0; Win64; x64) AppleWebKit/537.36 (KHTML, like Gecko) Chrome/96.0.4664.110 Safari/537.36"

::1 - - [04/Jan/2022:12:37:40 +0000] "GET /css/chunk-vendors.37b3d8f8.css HTTP/1.1" 304 - "http://localhost:30001/loginPage" "Mozilla/5.0 (Windows NT 10.0; Win64; x64) AppleWebKit/537.36 (KHTML, like Gecko) Chrome/96.0.4664.110 Safari/537.36"

::1 - - [04/Jan/2022:12:37:40 +0000] "GET /js/app.8bedbecc.js HTTP/1.1" 304 - "http://localhost:30001/loginPage" "Mozilla/5.0 (Windows NT 10.0; Win64; x64) AppleWebKit/537.36 (KHTML, like Gecko) Chrome/96.0.4664.110 Safari/537.36"

::1 - - [04/Jan/2022:12:37:40 +0000] "GET /js/chunk-vendors.8580b29f.js HTTP/1.1" 304 - "http://localhost:30001/loginPage" "Mozilla/5.0 (Windows NT 10.0; Win64; x64) AppleWebKit/537.36 (KHTML, like Gecko) Chrome/96.0.4664.110 Safari/537.36"

::1 - - [04/Jan/2022:12:37:40 +0000] "GET /js/app.8bedbecc.js.map HTTP/1.1" 200 46933 "-" "Mozilla/5.0 (Windows NT 10.0; Win64; x64) AppleWebKit/537.36 (KHTML, like Gecko) Chrome/96.0.4664.110 Safari/537.36"

::1 - - [04/Jan/2022:12:37:40 +0000] "GET /js/chunk-vendors.8580b29f.js.map HTTP/1.1" 200 3503721 "-" "Mozilla/5.0 (Windows NT 10.0; Win64; x64) AppleWebKit/537.36 (KHTML, like Gecko) Chrome/96.0.4664.110 Safari/537.36"

::1 - - [04/Jan/2022:12:37:42 +0000] "GET /fonts/element-icons.535877f5.woff HTTP/1.1" 304 - "http://localhost:30001/css/chunk-vendors.37b3d8f8.css" "Mozilla/5.0 (Windows NT 10.0; Win64; x64) AppleWebKit/537.36 (KHTML, like Gecko) Chrome/96.0.4664.110 Safari/537.36"

::1 - - [04/Jan/2022:12:37:42 +0000] "POST /api/route/users/login HTTP/1.1" 200 35 "http://localhost:30001/loginPage" "Mozilla/5.0 (Windows NT 10.0; Win64; x64) AppleWebKit/537.36 (KHTML, like Gecko) Chrome/96.0.4664.110 Safari/537.36"

::1 - - [04/Jan/2022:12:37:49 +0000] "GET /test.html HTTP/1.1" 304 - "-" "Mozilla/5.0 (Windows NT 10.0; Win64; x64) AppleWebKit/537.36 (KHTML, like Gecko) Chrome/96.0.4664.110 Safari/537.36"

::1 - - [04/Jan/2022:12:39:31 +0000] "GET /test.html HTTP/1.1" 302 64 "-" "Mozilla/5.0 (Windows NT 10.0; Win64; x64) AppleWebKit/537.36 (KHTML, like Gecko) Chrome/96.0.4664.110 Safari/537.36"

::1 - - [04/Jan/2022:12:39:31 +0000] "GET /loginPage HTTP/1.1" 304 - "-" "Mozilla/5.0 (Windows NT 10.0; Win64; x64) AppleWebKit/537.36 (KHTML, like Gecko) Chrome/96.0.4664.110 Safari/537.36"

::1 - - [04/Jan/2022:12:39:31 +0000] "GET /css/app.b2b4e189.css HTTP/1.1" 304 - "http://localhost:30001/loginPage" "Mozilla/5.0 (Windows NT 10.0; Win64; x64) AppleWebKit/537.36 (KHTML, like Gecko) Chrome/96.0.4664.110 Safari/537.36"

::1 - - [04/Jan/2022:12:39:31 +0000] "GET /css/chunk-vendors.37b3d8f8.css HTTP/1.1" 304 - "http://localhost:30001/loginPage" "Mozilla/5.0 (Windows NT 10.0; Win64; x64) AppleWebKit/537.36 (KHTML, like Gecko) Chrome/96.0.4664.110 Safari/537.36"

::1 - - [04/Jan/2022:12:39:31 +0000] "GET /js/app.8bedbecc.js HTTP/1.1" 304 - "http://localhost:30001/loginPage" "Mozilla/5.0 (Windows NT 10.0; Win64; x64) AppleWebKit/537.36 (KHTML, like Gecko) Chrome/96.0.4664.110 Safari/537.36"

::1 - - [04/Jan/2022:12:39:31 +0000] "GET /js/chunk-vendors.8580b29f.js HTTP/1.1" 304 - "http://localhost:30001/loginPage" "Mozilla/5.0 (Windows NT 10.0; Win64; x64) AppleWebKit/537.36 (KHTML, like Gecko) Chrome/96.0.4664.110 Safari/537.36"

::1 - - [04/Jan/2022:12:39:31 +0000] "GET /js/app.8bedbecc.js.map HTTP/1.1" 200 46933 "-" "Mozilla/5.0 (Windows NT 10.0; Win64; x64) AppleWebKit/537.36 (KHTML, like Gecko) Chrome/96.0.4664.110 Safari/537.36"

::1 - - [04/Jan/2022:12:39:31 +0000] "GET /js/chunk-vendors.8580b29f.js.map HTTP/1.1" 200 3503721 "-" "Mozilla/5.0 (Windows NT 10.0; Win64; x64) AppleWebKit/537.36 (KHTML, like Gecko) Chrome/96.0.4664.110 Safari/537.36"

::1 - - [04/Jan/2022:12:39:32 +0000] "GET /fonts/element-icons.535877f5.woff HTTP/1.1" 304 - "http://localhost:30001/css/chunk-vendors.37b3d8f8.css" "Mozilla/5.0 (Windows NT 10.0; Win64; x64) AppleWebKit/537.36 (KHTML, like Gecko) Chrome/96.0.4664.110 Safari/537.36"

::1 - - [04/Jan/2022:12:39:32 +0000] "POST /api/route/users/login HTTP/1.1" 200 35 "http://localhost:30001/loginPage" "Mozilla/5.0 (Windows NT 10.0; Win64; x64) AppleWebKit/537.36 (KHTML, like Gecko) Chrome/96.0.4664.110 Safari/537.36"

::1 - - [04/Jan/2022:12:39:37 +0000] "GET /test.html HTTP/1.1" 200 2708 "-" "Mozilla/5.0 (Windows NT 10.0; Win64; x64) AppleWebKit/537.36 (KHTML, like Gecko) Chrome/96.0.4664.110 Safari/537.36"

::1 - - [04/Jan/2022:12:42:30 +0000] "GET /test.html HTTP/1.1" 302 64 "-" "Mozilla/5.0 (Windows NT 10.0; Win64; x64) AppleWebKit/537.36 (KHTML, like Gecko) Chrome/96.0.4664.110 Safari/537.36"

::1 - - [04/Jan/2022:12:42:30 +0000] "GET /loginPage HTTP/1.1" 304 - "-" "Mozilla/5.0 (Windows NT 10.0; Win64; x64) AppleWebKit/537.36 (KHTML, like Gecko) Chrome/96.0.4664.110 Safari/537.36"

::1 - - [04/Jan/2022:12:42:30 +0000] "GET /css/app.b2b4e189.css HTTP/1.1" 304 - "http://localhost:30001/loginPage" "Mozilla/5.0 (Windows NT 10.0; Win64; x64) AppleWebKit/537.36 (KHTML, like Gecko) Chrome/96.0.4664.110 Safari/537.36"

::1 - - [04/Jan/2022:12:42:30 +0000] "GET /css/chunk-vendors.37b3d8f8.css HTTP/1.1" 304 - "http://localhost:30001/loginPage" "Mozilla/5.0 (Windows NT 10.0; Win64; x64) AppleWebKit/537.36 (KHTML, like Gecko) Chrome/96.0.4664.110 Safari/537.36"

::1 - - [04/Jan/2022:12:42:30 +0000] "GET /js/app.8bedbecc.js HTTP/1.1" 304 - "http://localhost:30001/loginPage" "Mozilla/5.0 (Windows NT 10.0; Win64; x64) AppleWebKit/537.36 (KHTML, like Gecko) Chrome/96.0.4664.110 Safari/537.36"

::1 - - [04/Jan/2022:12:42:30 +0000] "GET /js/chunk-vendors.8580b29f.js HTTP/1.1" 304 - "http://localhost:30001/loginPage" "Mozilla/5.0 (Windows NT 10.0; Win64; x64) AppleWebKit/537.36 (KHTML, like Gecko) Chrome/96.0.4664.110 Safari/537.36"

::1 - - [04/Jan/2022:12:42:31 +0000] "GET /js/app.8bedbecc.js.map HTTP/1.1" 200 46933 "-" "Mozilla/5.0 (Windows NT 10.0; Win64; x64) AppleWebKit/537.36 (KHTML, like Gecko) Chrome/96.0.4664.110 Safari/537.36"

::1 - - [04/Jan/2022:12:42:31 +0000] "GET /js/chunk-vendors.8580b29f.js.map HTTP/1.1" 200 3503721 "-" "Mozilla/5.0 (Windows NT 10.0; Win64; x64) AppleWebKit/537.36 (KHTML, like Gecko) Chrome/96.0.4664.110 Safari/537.36"

::1 - - [04/Jan/2022:12:42:32 +0000] "GET /fonts/element-icons.535877f5.woff HTTP/1.1" 304 - "http://localhost:30001/css/chunk-vendors.37b3d8f8.css" "Mozilla/5.0 (Windows NT 10.0; Win64; x64) AppleWebKit/537.36 (KHTML, like Gecko) Chrome/96.0.4664.110 Safari/537.36"

::1 - - [04/Jan/2022:12:42:32 +0000] "POST /api/route/users/login HTTP/1.1" 200 35 "http://localhost:30001/loginPage" "Mozilla/5.0 (Windows NT 10.0; Win64; x64) AppleWebKit/537.36 (KHTML, like Gecko) Chrome/96.0.4664.110 Safari/537.36"

::1 - - [04/Jan/2022:12:42:36 +0000] "GET /test.html HTTP/1.1" 200 2708 "-" "Mozilla/5.0 (Windows NT 10.0; Win64; x64) AppleWebKit/537.36 (KHTML, like Gecko) Chrome/96.0.4664.110 Safari/537.36"

::ffff:127.0.0.1 - - [04/Jan/2022:12:48:05 +0000] "GET /test.html HTTP/1.1" 302 64 "-" "Mozilla/5.0 (Windows NT 10.0; Win64; x64) AppleWebKit/537.36 (KHTML, like Gecko) Chrome/96.0.4664.110 Safari/537.36"

::ffff:127.0.0.1 - - [04/Jan/2022:12:48:05 +0000] "GET /loginPage HTTP/1.1" 304 - "-" "Mozilla/5.0 (Windows NT 10.0; Win64; x64) AppleWebKit/537.36 (KHTML, like Gecko) Chrome/96.0.4664.110 Safari/537.36"

::ffff:127.0.0.1 - - [04/Jan/2022:12:48:05 +0000] "GET /css/app.b2b4e189.css HTTP/1.1" 304 - "http://localhost:30001/loginPage" "Mozilla/5.0 (Windows NT 10.0; Win64; x64) AppleWebKit/537.36 (KHTML, like Gecko) Chrome/96.0.4664.110 Safari/537.36"

::1 - - [04/Jan/2022:12:48:05 +0000] "GET /css/chunk-vendors.37b3d8f8.css HTTP/1.1" 304 - "http://localhost:30001/loginPage" "Mozilla/5.0 (Windows NT 10.0; Win64; x64) AppleWebKit/537.36 (KHTML, like Gecko) Chrome/96.0.4664.110 Safari/537.36"

::1 - - [04/Jan/2022:12:48:05 +0000] "GET /js/app.8bedbecc.js HTTP/1.1" 304 - "http://localhost:30001/loginPage" "Mozilla/5.0 (Windows NT 10.0; Win64; x64) AppleWebKit/537.36 (KHTML, like Gecko) Chrome/96.0.4664.110 Safari/537.36"

::1 - - [04/Jan/2022:12:48:05 +0000] "GET /js/chunk-vendors.8580b29f.js HTTP/1.1" 304 - "http://localhost:30001/loginPage" "Mozilla/5.0 (Windows NT 10.0; Win64; x64) AppleWebKit/537.36 (KHTML, like Gecko) Chrome/96.0.4664.110 Safari/537.36"

::1 - - [04/Jan/2022:12:48:05 +0000] "GET /js/app.8bedbecc.js.map HTTP/1.1" 200 46933 "-" "Mozilla/5.0 (Windows NT 10.0; Win64; x64) AppleWebKit/537.36 (KHTML, like Gecko) Chrome/96.0.4664.110 Safari/537.36"

::1 - - [04/Jan/2022:12:48:05 +0000] "GET /js/chunk-vendors.8580b29f.js.map HTTP/1.1" 200 3503721 "-" "Mozilla/5.0 (Windows NT 10.0; Win64; x64) AppleWebKit/537.36 (KHTML, like Gecko) Chrome/96.0.4664.110 Safari/537.36"

::1 - - [04/Jan/2022:12:48:06 +0000] "GET /fonts/element-icons.535877f5.woff HTTP/1.1" 304 - "http://localhost:30001/css/chunk-vendors.37b3d8f8.css" "Mozilla/5.0 (Windows NT 10.0; Win64; x64) AppleWebKit/537.36 (KHTML, like Gecko) Chrome/96.0.4664.110 Safari/537.36"

::1 - - [04/Jan/2022:12:48:06 +0000] "POST /api/route/users/login HTTP/1.1" 200 35 "http://localhost:30001/loginPage" "Mozilla/5.0 (Windows NT 10.0; Win64; x64) AppleWebKit/537.36 (KHTML, like Gecko) Chrome/96.0.4664.110 Safari/537.36"

::1 - - [04/Jan/2022:12:48:10 +0000] "GET /test.html HTTP/1.1" 200 2708 "-" "Mozilla/5.0 (Windows NT 10.0; Win64; x64) AppleWebKit/537.36 (KHTML, like Gecko) Chrome/96.0.4664.110 Safari/537.36"

::1 - - [04/Jan/2022:12:49:51 +0000] "GET /test.html HTTP/1.1" 302 64 "-" "Mozilla/5.0 (Windows NT 10.0; Win64; x64) AppleWebKit/537.36 (KHTML, like Gecko) Chrome/96.0.4664.110 Safari/537.36"

::1 - - [04/Jan/2022:12:49:51 +0000] "GET /loginPage HTTP/1.1" 304 - "-" "Mozilla/5.0 (Windows NT 10.0; Win64; x64) AppleWebKit/537.36 (KHTML, like Gecko) Chrome/96.0.4664.110 Safari/537.36"

::1 - - [04/Jan/2022:12:49:51 +0000] "GET /css/app.b2b4e189.css HTTP/1.1" 304 - "http://localhost:30001/loginPage" "Mozilla/5.0 (Windows NT 10.0; Win64; x64) AppleWebKit/537.36 (KHTML, like Gecko) Chrome/96.0.4664.110 Safari/537.36"

::1 - - [04/Jan/2022:12:49:51 +0000] "GET /css/chunk-vendors.37b3d8f8.css HTTP/1.1" 304 - "http://localhost:30001/loginPage" "Mozilla/5.0 (Windows NT 10.0; Win64; x64) AppleWebKit/537.36 (KHTML, like Gecko) Chrome/96.0.4664.110 Safari/537.36"

::1 - - [04/Jan/2022:12:49:51 +0000] "GET /js/app.8bedbecc.js HTTP/1.1" 304 - "http://localhost:30001/loginPage" "Mozilla/5.0 (Windows NT 10.0; Win64; x64) AppleWebKit/537.36 (KHTML, like Gecko) Chrome/96.0.4664.110 Safari/537.36"

::1 - - [04/Jan/2022:12:49:51 +0000] "GET /js/chunk-vendors.8580b29f.js HTTP/1.1" 304 - "http://localhost:30001/loginPage" "Mozilla/5.0 (Windows NT 10.0; Win64; x64) AppleWebKit/537.36 (KHTML, like Gecko) Chrome/96.0.4664.110 Safari/537.36"

::1 - - [04/Jan/2022:12:49:51 +0000] "GET /js/app.8bedbecc.js.map HTTP/1.1" 200 46933 "-" "Mozilla/5.0 (Windows NT 10.0; Win64; x64) AppleWebKit/537.36 (KHTML, like Gecko) Chrome/96.0.4664.110 Safari/537.36"

::1 - - [04/Jan/2022:12:49:51 +0000] "GET /js/chunk-vendors.8580b29f.js.map HTTP/1.1" 200 3503721 "-" "Mozilla/5.0 (Windows NT 10.0; Win64; x64) AppleWebKit/537.36 (KHTML, like Gecko) Chrome/96.0.4664.110 Safari/537.36"

::1 - - [04/Jan/2022:12:49:52 +0000] "GET /fonts/element-icons.535877f5.woff HTTP/1.1" 304 - "http://localhost:30001/css/chunk-vendors.37b3d8f8.css" "Mozilla/5.0 (Windows NT 10.0; Win64; x64) AppleWebKit/537.36 (KHTML, like Gecko) Chrome/96.0.4664.110 Safari/537.36"

::1 - - [04/Jan/2022:12:49:52 +0000] "POST /api/route/users/login HTTP/1.1" 200 35 "http://localhost:30001/loginPage" "Mozilla/5.0 (Windows NT 10.0; Win64; x64) AppleWebKit/537.36 (KHTML, like Gecko) Chrome/96.0.4664.110 Safari/537.36"

::1 - - [04/Jan/2022:12:49:59 +0000] "GET /test.html HTTP/1.1" 200 2637 "-" "Mozilla/5.0 (Windows NT 10.0; Win64; x64) AppleWebKit/537.36 (KHTML, like Gecko) Chrome/96.0.4664.110 Safari/537.36"

::1 - - [04/Jan/2022:12:52:31 +0000] "GET / HTTP/1.1" 302 64 "-" "Mozilla/5.0 (Windows NT 10.0; Win64; x64) AppleWebKit/537.36 (KHTML, like Gecko) Chrome/96.0.4664.110 Safari/537.36"

::1 - - [04/Jan/2022:12:52:31 +0000] "GET /loginPage HTTP/1.1" 304 - "-" "Mozilla/5.0 (Windows NT 10.0; Win64; x64) AppleWebKit/537.36 (KHTML, like Gecko) Chrome/96.0.4664.110 Safari/537.36"

::1 - - [04/Jan/2022:12:52:31 +0000] "GET /css/app.b2b4e189.css HTTP/1.1" 304 - "http://localhost:30001/loginPage" "Mozilla/5.0 (Windows NT 10.0; Win64; x64) AppleWebKit/537.36 (KHTML, like Gecko) Chrome/96.0.4664.110 Safari/537.36"

::1 - - [04/Jan/2022:12:52:31 +0000] "GET /css/chunk-vendors.37b3d8f8.css HTTP/1.1" 304 - "http://localhost:30001/loginPage" "Mozilla/5.0 (Windows NT 10.0; Win64; x64) AppleWebKit/537.36 (KHTML, like Gecko) Chrome/96.0.4664.110 Safari/537.36"

::1 - - [04/Jan/2022:12:52:31 +0000] "GET /js/app.8bedbecc.js HTTP/1.1" 304 - "http://localhost:30001/loginPage" "Mozilla/5.0 (Windows NT 10.0; Win64; x64) AppleWebKit/537.36 (KHTML, like Gecko) Chrome/96.0.4664.110 Safari/537.36"

::1 - - [04/Jan/2022:12:52:31 +0000] "GET /js/chunk-vendors.8580b29f.js HTTP/1.1" 304 - "http://localhost:30001/loginPage" "Mozilla/5.0 (Windows NT 10.0; Win64; x64) AppleWebKit/537.36 (KHTML, like Gecko) Chrome/96.0.4664.110 Safari/537.36"

::1 - - [04/Jan/2022:12:52:33 +0000] "GET /fonts/element-icons.535877f5.woff HTTP/1.1" 304 - "http://localhost:30001/css/chunk-vendors.37b3d8f8.css" "Mozilla/5.0 (Windows NT 10.0; Win64; x64) AppleWebKit/537.36 (KHTML, like Gecko) Chrome/96.0.4664.110 Safari/537.36"

::1 - - [04/Jan/2022:12:52:33 +0000] "POST /api/route/users/login HTTP/1.1" 200 35 "http://localhost:30001/loginPage" "Mozilla/5.0 (Windows NT 10.0; Win64; x64) AppleWebKit/537.36 (KHTML, like Gecko) Chrome/96.0.4664.110 Safari/537.36"

::1 - - [04/Jan/2022:12:52:37 +0000] "GET /test.html HTTP/1.1" 304 - "-" "Mozilla/5.0 (Windows NT 10.0; Win64; x64) AppleWebKit/537.36 (KHTML, like Gecko) Chrome/96.0.4664.110 Safari/537.36"

::ffff:127.0.0.1 - - [04/Jan/2022:13:07:47 +0000] "GET /test.html HTTP/1.1" 302 64 "-" "Mozilla/5.0 (Windows NT 10.0; Win64; x64) AppleWebKit/537.36 (KHTML, like Gecko) Chrome/96.0.4664.110 Safari/537.36"

::ffff:127.0.0.1 - - [04/Jan/2022:13:07:47 +0000] "GET /loginPage HTTP/1.1" 304 - "-" "Mozilla/5.0 (Windows NT 10.0; Win64; x64) AppleWebKit/537.36 (KHTML, like Gecko) Chrome/96.0.4664.110 Safari/537.36"

::ffff:127.0.0.1 - - [04/Jan/2022:13:07:47 +0000] "GET /css/app.b2b4e189.css HTTP/1.1" 304 - "http://localhost:30001/loginPage" "Mozilla/5.0 (Windows NT 10.0; Win64; x64) AppleWebKit/537.36 (KHTML, like Gecko) Chrome/96.0.4664.110 Safari/537.36"

::1 - - [04/Jan/2022:13:07:47 +0000] "GET /css/chunk-vendors.37b3d8f8.css HTTP/1.1" 304 - "http://localhost:30001/loginPage" "Mozilla/5.0 (Windows NT 10.0; Win64; x64) AppleWebKit/537.36 (KHTML, like Gecko) Chrome/96.0.4664.110 Safari/537.36"

::1 - - [04/Jan/2022:13:07:47 +0000] "GET /js/app.8bedbecc.js HTTP/1.1" 304 - "http://localhost:30001/loginPage" "Mozilla/5.0 (Windows NT 10.0; Win64; x64) AppleWebKit/537.36 (KHTML, like Gecko) Chrome/96.0.4664.110 Safari/537.36"

::1 - - [04/Jan/2022:13:07:47 +0000] "GET /js/chunk-vendors.8580b29f.js HTTP/1.1" 304 - "http://localhost:30001/loginPage" "Mozilla/5.0 (Windows NT 10.0; Win64; x64) AppleWebKit/537.36 (KHTML, like Gecko) Chrome/96.0.4664.110 Safari/537.36"

::1 - - [04/Jan/2022:13:07:47 +0000] "GET /js/app.8bedbecc.js.map HTTP/1.1" 200 46933 "-" "Mozilla/5.0 (Windows NT 10.0; Win64; x64) AppleWebKit/537.36 (KHTML, like Gecko) Chrome/96.0.4664.110 Safari/537.36"

::1 - - [04/Jan/2022:13:07:47 +0000] "GET /js/chunk-vendors.8580b29f.js.map HTTP/1.1" 200 3503721 "-" "Mozilla/5.0 (Windows NT 10.0; Win64; x64) AppleWebKit/537.36 (KHTML, like Gecko) Chrome/96.0.4664.110 Safari/537.36"

::1 - - [04/Jan/2022:13:07:49 +0000] "GET /fonts/element-icons.535877f5.woff HTTP/1.1" 304 - "http://localhost:30001/css/chunk-vendors.37b3d8f8.css" "Mozilla/5.0 (Windows NT 10.0; Win64; x64) AppleWebKit/537.36 (KHTML, like Gecko) Chrome/96.0.4664.110 Safari/537.36"

::1 - - [04/Jan/2022:13:07:49 +0000] "POST /api/route/users/login HTTP/1.1" 200 35 "http://localhost:30001/loginPage" "Mozilla/5.0 (Windows NT 10.0; Win64; x64) AppleWebKit/537.36 (KHTML, like Gecko) Chrome/96.0.4664.110 Safari/537.36"

::1 - - [04/Jan/2022:13:07:52 +0000] "GET /test.html HTTP/1.1" 200 2660 "-" "Mozilla/5.0 (Windows NT 10.0; Win64; x64) AppleWebKit/537.36 (KHTML, like Gecko) Chrome/96.0.4664.110 Safari/537.36"

::1 - - [04/Jan/2022:13:08:16 +0000] "GET /test.html HTTP/1.1" 302 64 "-" "Mozilla/5.0 (Windows NT 10.0; Win64; x64) AppleWebKit/537.36 (KHTML, like Gecko) Chrome/96.0.4664.110 Safari/537.36"

::1 - - [04/Jan/2022:13:08:16 +0000] "GET /loginPage HTTP/1.1" 304 - "-" "Mozilla/5.0 (Windows NT 10.0; Win64; x64) AppleWebKit/537.36 (KHTML, like Gecko) Chrome/96.0.4664.110 Safari/537.36"

::1 - - [04/Jan/2022:13:08:16 +0000] "GET /css/app.b2b4e189.css HTTP/1.1" 304 - "http://localhost:30001/loginPage" "Mozilla/5.0 (Windows NT 10.0; Win64; x64) AppleWebKit/537.36 (KHTML, like Gecko) Chrome/96.0.4664.110 Safari/537.36"

::1 - - [04/Jan/2022:13:08:16 +0000] "GET /css/chunk-vendors.37b3d8f8.css HTTP/1.1" 304 - "http://localhost:30001/loginPage" "Mozilla/5.0 (Windows NT 10.0; Win64; x64) AppleWebKit/537.36 (KHTML, like Gecko) Chrome/96.0.4664.110 Safari/537.36"

::ffff:127.0.0.1 - - [04/Jan/2022:13:08:16 +0000] "GET /js/app.8bedbecc.js HTTP/1.1" 304 - "http://localhost:30001/loginPage" "Mozilla/5.0 (Windows NT 10.0; Win64; x64) AppleWebKit/537.36 (KHTML, like Gecko) Chrome/96.0.4664.110 Safari/537.36"

::1 - - [04/Jan/2022:13:08:16 +0000] "GET /js/chunk-vendors.8580b29f.js HTTP/1.1" 304 - "http://localhost:30001/loginPage" "Mozilla/5.0 (Windows NT 10.0; Win64; x64) AppleWebKit/537.36 (KHTML, like Gecko) Chrome/96.0.4664.110 Safari/537.36"

::ffff:127.0.0.1 - - [04/Jan/2022:13:08:17 +0000] "GET /js/app.8bedbecc.js.map HTTP/1.1" 200 46933 "-" "Mozilla/5.0 (Windows NT 10.0; Win64; x64) AppleWebKit/537.36 (KHTML, like Gecko) Chrome/96.0.4664.110 Safari/537.36"

::1 - - [04/Jan/2022:13:08:17 +0000] "GET /js/chunk-vendors.8580b29f.js.map HTTP/1.1" 200 3503721 "-" "Mozilla/5.0 (Windows NT 10.0; Win64; x64) AppleWebKit/537.36 (KHTML, like Gecko) Chrome/96.0.4664.110 Safari/537.36"

::1 - - [04/Jan/2022:13:08:17 +0000] "GET /fonts/element-icons.535877f5.woff HTTP/1.1" 304 - "http://localhost:30001/css/chunk-vendors.37b3d8f8.css" "Mozilla/5.0 (Windows NT 10.0; Win64; x64) AppleWebKit/537.36 (KHTML, like Gecko) Chrome/96.0.4664.110 Safari/537.36"

::1 - - [04/Jan/2022:13:08:17 +0000] "POST /api/route/users/login HTTP/1.1" 200 35 "http://localhost:30001/loginPage" "Mozilla/5.0 (Windows NT 10.0; Win64; x64) AppleWebKit/537.36 (KHTML, like Gecko) Chrome/96.0.4664.110 Safari/537.36"

::1 - - [04/Jan/2022:13:08:22 +0000] "GET /test.html HTTP/1.1" 200 2660 "-" "Mozilla/5.0 (Windows NT 10.0; Win64; x64) AppleWebKit/537.36 (KHTML, like Gecko) Chrome/96.0.4664.110 Safari/537.36"

::1 - - [04/Jan/2022:13:12:11 +0000] "GET /test.html HTTP/1.1" 302 64 "-" "Mozilla/5.0 (Windows NT 10.0; Win64; x64) AppleWebKit/537.36 (KHTML, like Gecko) Chrome/96.0.4664.110 Safari/537.36"

::1 - - [04/Jan/2022:13:12:11 +0000] "GET /loginPage HTTP/1.1" 304 - "-" "Mozilla/5.0 (Windows NT 10.0; Win64; x64) AppleWebKit/537.36 (KHTML, like Gecko) Chrome/96.0.4664.110 Safari/537.36"

::1 - - [04/Jan/2022:13:12:11 +0000] "GET /css/app.b2b4e189.css HTTP/1.1" 304 - "http://localhost:30001/loginPage" "Mozilla/5.0 (Windows NT 10.0; Win64; x64) AppleWebKit/537.36 (KHTML, like Gecko) Chrome/96.0.4664.110 Safari/537.36"

::1 - - [04/Jan/2022:13:12:11 +0000] "GET /css/chunk-vendors.37b3d8f8.css HTTP/1.1" 304 - "http://localhost:30001/loginPage" "Mozilla/5.0 (Windows NT 10.0; Win64; x64) AppleWebKit/537.36 (KHTML, like Gecko) Chrome/96.0.4664.110 Safari/537.36"

::ffff:127.0.0.1 - - [04/Jan/2022:13:12:11 +0000] "GET /js/app.8bedbecc.js HTTP/1.1" 304 - "http://localhost:30001/loginPage" "Mozilla/5.0 (Windows NT 10.0; Win64; x64) AppleWebKit/537.36 (KHTML, like Gecko) Chrome/96.0.4664.110 Safari/537.36"

::1 - - [04/Jan/2022:13:12:11 +0000] "GET /js/chunk-vendors.8580b29f.js HTTP/1.1" 304 - "http://localhost:30001/loginPage" "Mozilla/5.0 (Windows NT 10.0; Win64; x64) AppleWebKit/537.36 (KHTML, like Gecko) Chrome/96.0.4664.110 Safari/537.36"

::ffff:127.0.0.1 - - [04/Jan/2022:13:12:11 +0000] "GET /js/app.8bedbecc.js.map HTTP/1.1" 200 46933 "-" "Mozilla/5.0 (Windows NT 10.0; Win64; x64) AppleWebKit/537.36 (KHTML, like Gecko) Chrome/96.0.4664.110 Safari/537.36"

::1 - - [04/Jan/2022:13:12:11 +0000] "GET /js/chunk-vendors.8580b29f.js.map HTTP/1.1" 200 3503721 "-" "Mozilla/5.0 (Windows NT 10.0; Win64; x64) AppleWebKit/537.36 (KHTML, like Gecko) Chrome/96.0.4664.110 Safari/537.36"

::1 - - [04/Jan/2022:13:12:13 +0000] "GET /fonts/element-icons.535877f5.woff HTTP/1.1" 304 - "http://localhost:30001/css/chunk-vendors.37b3d8f8.css" "Mozilla/5.0 (Windows NT 10.0; Win64; x64) AppleWebKit/537.36 (KHTML, like Gecko) Chrome/96.0.4664.110 Safari/537.36"

::1 - - [04/Jan/2022:13:12:13 +0000] "POST /api/route/users/login HTTP/1.1" 200 35 "http://localhost:30001/loginPage" "Mozilla/5.0 (Windows NT 10.0; Win64; x64) AppleWebKit/537.36 (KHTML, like Gecko) Chrome/96.0.4664.110 Safari/537.36"

::1 - - [04/Jan/2022:13:12:17 +0000] "GET /test.html HTTP/1.1" 200 2660 "-" "Mozilla/5.0 (Windows NT 10.0; Win64; x64) AppleWebKit/537.36 (KHTML, like Gecko) Chrome/96.0.4664.110 Safari/537.36"

::1 - - [04/Jan/2022:13:12:52 +0000] "GET / HTTP/1.1" 200 714 "-" "Mozilla/5.0 (Windows NT 10.0; Win64; x64) AppleWebKit/537.36 (KHTML, like Gecko) Chrome/96.0.4664.110 Safari/537.36"

::1 - - [04/Jan/2022:13:12:52 +0000] "GET /css/app.b2b4e189.css HTTP/1.1" 304 - "http://localhost:30001/" "Mozilla/5.0 (Windows NT 10.0; Win64; x64) AppleWebKit/537.36 (KHTML, like Gecko) Chrome/96.0.4664.110 Safari/537.36"

::1 - - [04/Jan/2022:13:12:52 +0000] "GET /css/chunk-vendors.37b3d8f8.css HTTP/1.1" 304 - "http://localhost:30001/" "Mozilla/5.0 (Windows NT 10.0; Win64; x64) AppleWebKit/537.36 (KHTML, like Gecko) Chrome/96.0.4664.110 Safari/537.36"

::1 - - [04/Jan/2022:13:12:52 +0000] "GET /js/app.8bedbecc.js HTTP/1.1" 304 - "http://localhost:30001/" "Mozilla/5.0 (Windows NT 10.0; Win64; x64) AppleWebKit/537.36 (KHTML, like Gecko) Chrome/96.0.4664.110 Safari/537.36"

::1 - - [04/Jan/2022:13:12:52 +0000] "GET /js/chunk-vendors.8580b29f.js HTTP/1.1" 304 - "http://localhost:30001/" "Mozilla/5.0 (Windows NT 10.0; Win64; x64) AppleWebKit/537.36 (KHTML, like Gecko) Chrome/96.0.4664.110 Safari/537.36"

::1 - - [04/Jan/2022:13:12:53 +0000] "GET /fonts/element-icons.535877f5.woff HTTP/1.1" 304 - "http://localhost:30001/css/chunk-vendors.37b3d8f8.css" "Mozilla/5.0 (Windows NT 10.0; Win64; x64) AppleWebKit/537.36 (KHTML, like Gecko) Chrome/96.0.4664.110 Safari/537.36"

::1 - - [04/Jan/2022:13:12:59 +0000] "GET /loginPage HTTP/1.1" 304 - "-" "Mozilla/5.0 (Windows NT 10.0; Win64; x64) AppleWebKit/537.36 (KHTML, like Gecko) Chrome/96.0.4664.110 Safari/537.36"

::1 - - [04/Jan/2022:13:12:59 +0000] "GET /css/app.b2b4e189.css HTTP/1.1" 304 - "http://localhost:30001/loginPage" "Mozilla/5.0 (Windows NT 10.0; Win64; x64) AppleWebKit/537.36 (KHTML, like Gecko) Chrome/96.0.4664.110 Safari/537.36"

::1 - - [04/Jan/2022:13:12:59 +0000] "GET /css/chunk-vendors.37b3d8f8.css HTTP/1.1" 304 - "http://localhost:30001/loginPage" "Mozilla/5.0 (Windows NT 10.0; Win64; x64) AppleWebKit/537.36 (KHTML, like Gecko) Chrome/96.0.4664.110 Safari/537.36"

::1 - - [04/Jan/2022:13:12:59 +0000] "GET /js/app.8bedbecc.js HTTP/1.1" 304 - "http://localhost:30001/loginPage" "Mozilla/5.0 (Windows NT 10.0; Win64; x64) AppleWebKit/537.36 (KHTML, like Gecko) Chrome/96.0.4664.110 Safari/537.36"

::1 - - [04/Jan/2022:13:12:59 +0000] "GET /js/chunk-vendors.8580b29f.js HTTP/1.1" 304 - "http://localhost:30001/loginPage" "Mozilla/5.0 (Windows NT 10.0; Win64; x64) AppleWebKit/537.36 (KHTML, like Gecko) Chrome/96.0.4664.110 Safari/537.36"

::1 - - [04/Jan/2022:13:13:00 +0000] "POST /api/route/users/login HTTP/1.1" 200 35 "http://localhost:30001/loginPage" "Mozilla/5.0 (Windows NT 10.0; Win64; x64) AppleWebKit/537.36 (KHTML, like Gecko) Chrome/96.0.4664.110 Safari/537.36"

::1 - - [04/Jan/2022:13:13:03 +0000] "GET /test.html HTTP/1.1" 304 - "-" "Mozilla/5.0 (Windows NT 10.0; Win64; x64) AppleWebKit/537.36 (KHTML, like Gecko) Chrome/96.0.4664.110 Safari/537.36"

::1 - - [04/Jan/2022:13:20:03 +0000] "GET /test.html HTTP/1.1" 302 64 "-" "Mozilla/5.0 (Windows NT 10.0; Win64; x64) AppleWebKit/537.36 (KHTML, like Gecko) Chrome/96.0.4664.110 Safari/537.36"

::1 - - [04/Jan/2022:13:20:03 +0000] "GET /loginPage HTTP/1.1" 304 - "-" "Mozilla/5.0 (Windows NT 10.0; Win64; x64) AppleWebKit/537.36 (KHTML, like Gecko) Chrome/96.0.4664.110 Safari/537.36"

::1 - - [04/Jan/2022:13:20:03 +0000] "GET /css/app.b2b4e189.css HTTP/1.1" 304 - "http://localhost:30001/loginPage" "Mozilla/5.0 (Windows NT 10.0; Win64; x64) AppleWebKit/537.36 (KHTML, like Gecko) Chrome/96.0.4664.110 Safari/537.36"

::1 - - [04/Jan/2022:13:20:03 +0000] "GET /css/chunk-vendors.37b3d8f8.css HTTP/1.1" 304 - "http://localhost:30001/loginPage" "Mozilla/5.0 (Windows NT 10.0; Win64; x64) AppleWebKit/537.36 (KHTML, like Gecko) Chrome/96.0.4664.110 Safari/537.36"

::ffff:127.0.0.1 - - [04/Jan/2022:13:20:03 +0000] "GET /js/app.8bedbecc.js HTTP/1.1" 304 - "http://localhost:30001/loginPage" "Mozilla/5.0 (Windows NT 10.0; Win64; x64) AppleWebKit/537.36 (KHTML, like Gecko) Chrome/96.0.4664.110 Safari/537.36"

::1 - - [04/Jan/2022:13:20:03 +0000] "GET /js/chunk-vendors.8580b29f.js HTTP/1.1" 304 - "http://localhost:30001/loginPage" "Mozilla/5.0 (Windows NT 10.0; Win64; x64) AppleWebKit/537.36 (KHTML, like Gecko) Chrome/96.0.4664.110 Safari/537.36"

::ffff:127.0.0.1 - - [04/Jan/2022:13:20:03 +0000] "GET /js/app.8bedbecc.js.map HTTP/1.1" 200 46933 "-" "Mozilla/5.0 (Windows NT 10.0; Win64; x64) AppleWebKit/537.36 (KHTML, like Gecko) Chrome/96.0.4664.110 Safari/537.36"

::1 - - [04/Jan/2022:13:20:03 +0000] "GET /js/chunk-vendors.8580b29f.js.map HTTP/1.1" 200 3503721 "-" "Mozilla/5.0 (Windows NT 10.0; Win64; x64) AppleWebKit/537.36 (KHTML, like Gecko) Chrome/96.0.4664.110 Safari/537.36"

::1 - - [04/Jan/2022:13:20:04 +0000] "GET /fonts/element-icons.535877f5.woff HTTP/1.1" 304 - "http://localhost:30001/css/chunk-vendors.37b3d8f8.css" "Mozilla/5.0 (Windows NT 10.0; Win64; x64) AppleWebKit/537.36 (KHTML, like Gecko) Chrome/96.0.4664.110 Safari/537.36"

::1 - - [04/Jan/2022:13:20:04 +0000] "POST /api/route/users/login HTTP/1.1" 200 35 "http://localhost:30001/loginPage" "Mozilla/5.0 (Windows NT 10.0; Win64; x64) AppleWebKit/537.36 (KHTML, like Gecko) Chrome/96.0.4664.110 Safari/537.36"

::1 - - [04/Jan/2022:13:20:12 +0000] "GET /test.html HTTP/1.1" 200 2656 "-" "Mozilla/5.0 (Windows NT 10.0; Win64; x64) AppleWebKit/537.36 (KHTML, like Gecko) Chrome/96.0.4664.110 Safari/537.36"

::1 - - [04/Jan/2022:13:21:49 +0000] "GET /test.html HTTP/1.1" 302 64 "-" "Mozilla/5.0 (Windows NT 10.0; Win64; x64) AppleWebKit/537.36 (KHTML, like Gecko) Chrome/96.0.4664.110 Safari/537.36"

::1 - - [04/Jan/2022:13:21:49 +0000] "GET /loginPage HTTP/1.1" 304 - "-" "Mozilla/5.0 (Windows NT 10.0; Win64; x64) AppleWebKit/537.36 (KHTML, like Gecko) Chrome/96.0.4664.110 Safari/537.36"

::1 - - [04/Jan/2022:13:21:49 +0000] "GET /css/app.b2b4e189.css HTTP/1.1" 304 - "http://localhost:30001/loginPage" "Mozilla/5.0 (Windows NT 10.0; Win64; x64) AppleWebKit/537.36 (KHTML, like Gecko) Chrome/96.0.4664.110 Safari/537.36"

::1 - - [04/Jan/2022:13:21:49 +0000] "GET /css/chunk-vendors.37b3d8f8.css HTTP/1.1" 304 - "http://localhost:30001/loginPage" "Mozilla/5.0 (Windows NT 10.0; Win64; x64) AppleWebKit/537.36 (KHTML, like Gecko) Chrome/96.0.4664.110 Safari/537.36"

::1 - - [04/Jan/2022:13:21:49 +0000] "GET /js/app.8bedbecc.js HTTP/1.1" 304 - "http://localhost:30001/loginPage" "Mozilla/5.0 (Windows NT 10.0; Win64; x64) AppleWebKit/537.36 (KHTML, like Gecko) Chrome/96.0.4664.110 Safari/537.36"

::1 - - [04/Jan/2022:13:21:49 +0000] "GET /js/chunk-vendors.8580b29f.js HTTP/1.1" 304 - "http://localhost:30001/loginPage" "Mozilla/5.0 (Windows NT 10.0; Win64; x64) AppleWebKit/537.36 (KHTML, like Gecko) Chrome/96.0.4664.110 Safari/537.36"

::1 - - [04/Jan/2022:13:21:49 +0000] "GET /js/app.8bedbecc.js.map HTTP/1.1" 200 46933 "-" "Mozilla/5.0 (Windows NT 10.0; Win64; x64) AppleWebKit/537.36 (KHTML, like Gecko) Chrome/96.0.4664.110 Safari/537.36"

::1 - - [04/Jan/2022:13:21:49 +0000] "GET /js/chunk-vendors.8580b29f.js.map HTTP/1.1" 200 3503721 "-" "Mozilla/5.0 (Windows NT 10.0; Win64; x64) AppleWebKit/537.36 (KHTML, like Gecko) Chrome/96.0.4664.110 Safari/537.36"

::1 - - [04/Jan/2022:13:21:50 +0000] "GET /fonts/element-icons.535877f5.woff HTTP/1.1" 304 - "http://localhost:30001/css/chunk-vendors.37b3d8f8.css" "Mozilla/5.0 (Windows NT 10.0; Win64; x64) AppleWebKit/537.36 (KHTML, like Gecko) Chrome/96.0.4664.110 Safari/537.36"

::1 - - [04/Jan/2022:13:21:50 +0000] "POST /api/route/users/login HTTP/1.1" 200 35 "http://localhost:30001/loginPage" "Mozilla/5.0 (Windows NT 10.0; Win64; x64) AppleWebKit/537.36 (KHTML, like Gecko) Chrome/96.0.4664.110 Safari/537.36"

::1 - - [04/Jan/2022:13:21:54 +0000] "GET /test.html HTTP/1.1" 200 2843 "-" "Mozilla/5.0 (Windows NT 10.0; Win64; x64) AppleWebKit/537.36 (KHTML, like Gecko) Chrome/96.0.4664.110 Safari/537.36"

::1 - - [04/Jan/2022:13:22:40 +0000] "GET /test.html HTTP/1.1" 302 64 "-" "Mozilla/5.0 (Windows NT 10.0; Win64; x64) AppleWebKit/537.36 (KHTML, like Gecko) Chrome/96.0.4664.110 Safari/537.36"

::1 - - [04/Jan/2022:13:22:40 +0000] "GET /loginPage HTTP/1.1" 304 - "-" "Mozilla/5.0 (Windows NT 10.0; Win64; x64) AppleWebKit/537.36 (KHTML, like Gecko) Chrome/96.0.4664.110 Safari/537.36"

::1 - - [04/Jan/2022:13:22:40 +0000] "GET /css/app.b2b4e189.css HTTP/1.1" 304 - "http://localhost:30001/loginPage" "Mozilla/5.0 (Windows NT 10.0; Win64; x64) AppleWebKit/537.36 (KHTML, like Gecko) Chrome/96.0.4664.110 Safari/537.36"

::1 - - [04/Jan/2022:13:22:40 +0000] "GET /css/chunk-vendors.37b3d8f8.css HTTP/1.1" 304 - "http://localhost:30001/loginPage" "Mozilla/5.0 (Windows NT 10.0; Win64; x64) AppleWebKit/537.36 (KHTML, like Gecko) Chrome/96.0.4664.110 Safari/537.36"

::ffff:127.0.0.1 - - [04/Jan/2022:13:22:40 +0000] "GET /js/app.8bedbecc.js HTTP/1.1" 304 - "http://localhost:30001/loginPage" "Mozilla/5.0 (Windows NT 10.0; Win64; x64) AppleWebKit/537.36 (KHTML, like Gecko) Chrome/96.0.4664.110 Safari/537.36"

::1 - - [04/Jan/2022:13:22:40 +0000] "GET /js/chunk-vendors.8580b29f.js HTTP/1.1" 304 - "http://localhost:30001/loginPage" "Mozilla/5.0 (Windows NT 10.0; Win64; x64) AppleWebKit/537.36 (KHTML, like Gecko) Chrome/96.0.4664.110 Safari/537.36"

::ffff:127.0.0.1 - - [04/Jan/2022:13:22:40 +0000] "GET /js/app.8bedbecc.js.map HTTP/1.1" 200 46933 "-" "Mozilla/5.0 (Windows NT 10.0; Win64; x64) AppleWebKit/537.36 (KHTML, like Gecko) Chrome/96.0.4664.110 Safari/537.36"

::1 - - [04/Jan/2022:13:22:40 +0000] "GET /js/chunk-vendors.8580b29f.js.map HTTP/1.1" 200 3503721 "-" "Mozilla/5.0 (Windows NT 10.0; Win64; x64) AppleWebKit/537.36 (KHTML, like Gecko) Chrome/96.0.4664.110 Safari/537.36"

::1 - - [04/Jan/2022:13:22:41 +0000] "GET /fonts/element-icons.535877f5.woff HTTP/1.1" 304 - "http://localhost:30001/css/chunk-vendors.37b3d8f8.css" "Mozilla/5.0 (Windows NT 10.0; Win64; x64) AppleWebKit/537.36 (KHTML, like Gecko) Chrome/96.0.4664.110 Safari/537.36"

::1 - - [04/Jan/2022:13:22:42 +0000] "POST /api/route/users/login HTTP/1.1" 200 35 "http://localhost:30001/loginPage" "Mozilla/5.0 (Windows NT 10.0; Win64; x64) AppleWebKit/537.36 (KHTML, like Gecko) Chrome/96.0.4664.110 Safari/537.36"

::1 - - [04/Jan/2022:13:22:45 +0000] "GET /test.html HTTP/1.1" 200 2843 "-" "Mozilla/5.0 (Windows NT 10.0; Win64; x64) AppleWebKit/537.36 (KHTML, like Gecko) Chrome/96.0.4664.110 Safari/537.36"

